
 -----------------------------------------------
      Restrained ESP Fit 2.3  Amber 4.1
 -----------------------------------------------
 Resp charges for organic molecule                                               
 -----------------------------------------------


 inopt       =     0   ioutopt     =     1
 nmol        =     1   iqopt       =     2
 ihfree      =     1   irstrnt     =     1
 iunits      =     0   qwt         =   0.00100000
 wtmol(1) =     1.000000
 subtitle:

Resp charges for organic molecule                                               
ich =   0  iuniq =  30
    1    6    0
    2    7  -99
    3    6    1
    4    6  -99
    5    8  -99
    6    6    0
    7    6    0
    8    7  -99
    9    6  -99
   10    6  -99
   11    6  -99
   12    6  -99
   13    6  -99
   14    6  -99
   15   35  -99
   16    1    0
   17    1   16
   18    1   16
   19    1   16
   20    1   16
   21    1   16
   22    1    0
   23    1   22
   24    1    0
   25    1   24
   26    1  -99
   27    1  -99
   28    1  -99
   29    1  -99
   30    1  -99
 new q0 values to be read  30

  ----------------------------------------------------------------------------
     ATOM                       COORDINATES                         CHARGE
                       X             Y                Z
  ----------------------------------------------------------------------------
  ----------------------------------------------------------------------------


 Charge on the molecule(ich) =    0
 Total number of atoms (iuniq)     =   30
 Weight factor on initial charge restraints(qwt)=     0.10000D-02


  there are  1 charge constraints:


     1       1
     2       1
     3       1
     4       1
     5       1
     6       1
     7       1
     8       1
     9       1
    10       1
    11       1
    12       1
    13       1
    14       1
    15       1
    16       1
    17       1
    18       1
    19       1
    20       1
    21       1
    22       1
    23       1
    24       1
    25       1
    26       1
    27       1
    28       1
    29       1
    30       1

 Reading esp"s for molecule   1
 total number of atoms      =    30
 total number of esp points =  4220


 center     X       Y       Z 
    1  -0.1264718E+02  -0.1926031E+01  -0.1733805E+00
    2  -0.1060768E+02  -0.8769085E-01   0.1375532E-01
    3  -0.1140324E+02   0.2527117E+01   0.2594650E+00
    4  -0.8149593E+01  -0.9206197E+00  -0.7646965E-01
    5  -0.7619460E+01  -0.3171055E+01  -0.2801953E+00
    6  -0.6051475E+01   0.1067079E+01   0.9184257E-01
    7  -0.3443684E+01  -0.1584667E+00  -0.1019942E+00
    8  -0.1491277E+01   0.1758384E+01   0.2082289E+00
    9   0.1066743E+01   0.1147942E+01   0.9439370E-01
   10   0.1951858E+01  -0.1348038E+01   0.3301087E+00
   11   0.4536202E+01  -0.1867690E+01   0.3024620E+00
   12   0.6268960E+01   0.8827099E-01   0.2128965E-01
   13   0.5437259E+01   0.2576634E+01  -0.2323324E+00
   14   0.2863417E+01   0.3093718E+01  -0.1935042E+00
   15   0.9815617E+01  -0.6336591E+00  -0.3090080E-01
   16  -0.1384230E+02  -0.1858825E+01   0.1521475E+01
   17  -0.1383619E+02  -0.1523815E+01  -0.1825842E+01
   18  -0.1181940E+02  -0.3800623E+01  -0.3588703E+00
   19  -0.1247573E+02   0.3131348E+01  -0.1413672E+01
   20  -0.1263305E+02   0.2753013E+01   0.1916469E+01
   21  -0.9793012E+01   0.3787718E+01   0.4848130E+00
   22  -0.6182796E+01   0.2105433E+01   0.1882902E+01
   23  -0.6288974E+01   0.2470395E+01  -0.1422176E+01
   24  -0.3275834E+01  -0.1186912E+01  -0.1901805E+01
   25  -0.3260286E+01  -0.1568338E+01   0.1397976E+01
   26  -0.1903517E+01   0.3429240E+01  -0.6302935E+00
   27   0.6331206E+00  -0.2902874E+01   0.5332712E+00
   28   0.5189807E+01  -0.3802002E+01   0.4871222E+00
   29   0.6791295E+01   0.4099148E+01  -0.4581017E+00
   30   0.2223021E+01   0.5039226E+01  -0.3753827E+00
 Initial ssvpot =     0.984


 Number of unique UNfrozen centers=    6

 Non-linear optimization requested.
 qchnge =    0.4847805114E-01
 qchnge =    0.1877095163E-02
 qchnge =    0.2006539038E-03
 qchnge =    0.2242167965E-04
 qchnge =    0.2520379119E-05
 qchnge =    0.2837954556E-06

 Convergence in    5 iterations


Resp charges for organic molecule                                               

          Point Charges Before & After Optimization

    no.  At.no.    q(init)       q(opt)     ivary    d(rstr)/dq
    1   6      -0.216839      -0.244834      0       0.003781
    2   7      -0.087435      -0.087435    -99       0.007528
    3   6      -0.288458      -0.244834      1       0.003781
    4   6       0.471076       0.471076    -99       0.002077
    5   8      -0.587849      -0.587849    -99       0.001677
    6   6      -0.084182       0.056400      0       0.008710
    7   6       0.254054       0.263361      0       0.003550
    8   7      -0.782071      -0.782071    -99       0.001268
    9   6       0.437513       0.437513    -99       0.002228
   10   6      -0.301947      -0.301947    -99       0.003144
   11   6      -0.019606      -0.019606    -99       0.009813
   12   6      -0.152807      -0.152807    -99       0.005476
   13   6      -0.019606      -0.019606    -99       0.009813
   14   6      -0.301947      -0.301947    -99       0.003144
   15  35      -0.102654      -0.102654    -99       0.006978
   16   1       0.086869       0.104832      0       0.000000
   17   1       0.087164       0.104832     16       0.000000
   18   1       0.139534       0.104832     16       0.000000
   19   1       0.112601       0.104832     16       0.000000
   20   1       0.120942       0.104832     16       0.000000
   21   1       0.101468       0.104832     16       0.000000
   22   1       0.052925      -0.004909      0       0.000000
   23   1       0.059910      -0.004909     22       0.000000
   24   1       0.010957       0.028811      0       0.000000
   25   1       0.069943       0.028811     24       0.000000
   26   1       0.353134       0.353134    -99       0.000000
   27   1       0.148808       0.148808    -99       0.000000
   28   1       0.144846       0.144846    -99       0.000000
   29   1       0.144846       0.144846    -99       0.000000
   30   1       0.148808       0.148808    -99       0.000000

 Sum over the calculated charges:     -0.000

        Statistics of the fitting:
  The initial sum of squares (ssvpot)                      0.984
  The residual sum of squares (chipot)                     0.016
  The std err of estimate (sqrt(chipot/N))               0.00193
  ESP relative RMS (SQRT(chipot/ssvpot))                 0.12625

 Center of Mass (Angst.):

 X  =   0.00000      Y  =   0.00000      Z  =   0.00000

 Dipole (Debye):

 X  =  -5.62434      Y  =   4.26502      Z  =  -0.65369

 Dipole Moment (Debye)=   7.08878

 Quadrupole (Debye*Angst.):

 Qxx =  18.61897     QYY =  -0.63514     QZZ = -17.98382
 Qxy = -64.64527     QXZ = -25.61765     QYZ = -32.13076
