
 -----------------------------------------------
      Restrained ESP Fit 2.3  Amber 4.1
 -----------------------------------------------
 Resp charges for organic molecule                                               
 -----------------------------------------------


 inopt       =     0   ioutopt     =     1
 nmol        =     1   iqopt       =     0
 ihfree      =     1   irstrnt     =     1
 iunits      =     0   qwt         =   0.00050000
 wtmol(1) =     1.000000
 subtitle:

Resp charges for organic molecule                                               
ich =   0  iuniq =  25
    1    6    0
    2    6    0
    3    6    0
    4    7    0
    5    6    0
    6    6    0
    7    6    0
    8    8    0
    9    7    0
   10    7    0
   11    6    0
   12    6    0
   13    6    0
   14    6    0
   15    6    0
   16    8    0
   17   53    0
   18    1    0
   19    1    0
   20    1    0
   21    1    0
   22    1    0
   23    1    0
   24    1    0
   25    1    0

  ----------------------------------------------------------------------------
     ATOM                       COORDINATES                         CHARGE
                       X             Y                Z
  ----------------------------------------------------------------------------
  ----------------------------------------------------------------------------


 Charge on the molecule(ich) =    0
 Total number of atoms (iuniq)     =   25
 Weight factor on initial charge restraints(qwt)=     0.50000D-03


  there are  1 charge constraints:


     1       1
     2       1
     3       1
     4       1
     5       1
     6       1
     7       1
     8       1
     9       1
    10       1
    11       1
    12       1
    13       1
    14       1
    15       1
    16       1
    17       1
    18       1
    19       1
    20       1
    21       1
    22       1
    23       1
    24       1
    25       1

 Reading esp"s for molecule   1
 total number of atoms      =    25
 total number of esp points =  4856


 center     X       Y       Z 
    1  -0.1303532E+02  -0.2202237E+01   0.9410835E-03
    2  -0.1376147E+02   0.3325729E+00   0.1177299E-02
    3  -0.1187913E+02   0.2183140E+01   0.6538452E-03
    4  -0.9411799E+01   0.1645347E+01  -0.2645616E-04
    5  -0.8731350E+01  -0.8010851E+00  -0.2607822E-03
    6  -0.1046883E+02  -0.2788654E+01   0.2022007E-03
    7  -0.5943963E+01  -0.1419436E+01  -0.1107379E-02
    8  -0.5164032E+01  -0.3587732E+01  -0.9297452E-03
    9  -0.4457750E+01   0.7177217E+00  -0.1031790E-02
   10  -0.1905452E+01   0.5777289E+00  -0.1222653E-02
   11  -0.7124985E+00   0.2698822E+01  -0.9580911E-03
   12   0.2004755E+01   0.2852305E+01  -0.3817247E-03
   13   0.3591553E+01   0.4908155E+01   0.7294342E-03
   14   0.6111654E+01   0.3951052E+01  -0.1606267E-03
   15   0.5865787E+01   0.1381904E+01   0.2059801E-03
   16   0.3407769E+01   0.6717844E+00  -0.1247219E-03
   17   0.8580310E+01  -0.1496238E+01   0.2759000E-03
   18  -0.1444538E+02  -0.3694526E+01   0.1328477E-02
   19  -0.1574011E+02   0.8751604E+00   0.1747997E-02
   20  -0.1237369E+02   0.4179439E+01   0.8258103E-03
   21  -0.9771172E+01  -0.4714613E+01  -0.2834589E-04
   22  -0.5382898E+01   0.2411540E+01  -0.8050233E-03
   23  -0.1692550E+01   0.4527544E+01  -0.4384164E-03
   24   0.3020392E+01   0.6870543E+01   0.1226432E-02
   25   0.7856897E+01   0.5008277E+01  -0.3193637E-03
 Initial ssvpot =     1.616


 Number of unique UNfrozen centers=   25

 Non-linear optimization requested.
 qchnge =    0.5683090394E-01
 qchnge =    0.7167819091E-02
 qchnge =    0.1470587484E-02
 qchnge =    0.3679435480E-03
 qchnge =    0.9553237554E-04
 qchnge =    0.2506278078E-04
 qchnge =    0.6602122821E-05
 qchnge =    0.1743418720E-05
 qchnge =    0.4613065544E-06

 Convergence in    8 iterations


Resp charges for organic molecule                                               

          Point Charges Before & After Optimization

    no.  At.no.    q(init)       q(opt)     ivary    d(rstr)/dq
    1   6       0.000000      -0.036740      0       0.004693
    2   6       0.000000      -0.235650      0       0.001953
    3   6       0.000000       0.181143      0       0.002416
    4   7       0.000000      -0.474421      0       0.001031
    5   6       0.000000       0.251894      0       0.001845
    6   6       0.000000      -0.201575      0       0.002222
    7   6       0.000000       0.479390      0       0.001021
    8   8       0.000000      -0.537285      0       0.000915
    9   7       0.000000      -0.039687      0       0.004647
   10   7       0.000000      -0.314164      0       0.001517
   11   6       0.000000       0.012123      0       0.004964
   12   6       0.000000       0.338447      0       0.001417
   13   6       0.000000      -0.442940      0       0.001101
   14   6       0.000000       0.121413      0       0.003179
   15   6       0.000000      -0.243098      0       0.001902
   16   8       0.000000      -0.117247      0       0.003245
   17  53       0.000000       0.078522      0       0.003933
   18   1       0.000000       0.147779      0       0.000000
   19   1       0.000000       0.151591      0       0.000000
   20   1       0.000000       0.099967      0       0.000000
   21   1       0.000000       0.161238      0       0.000000
   22   1       0.000000       0.166721      0       0.000000
   23   1       0.000000       0.128370      0       0.000000
   24   1       0.000000       0.207359      0       0.000000
   25   1       0.000000       0.116849      0       0.000000

 Sum over the calculated charges:     -0.000

        Statistics of the fitting:
  The initial sum of squares (ssvpot)                      1.616
  The residual sum of squares (chipot)                     0.014
  The std err of estimate (sqrt(chipot/N))               0.00170
  ESP relative RMS (SQRT(chipot/ssvpot))                 0.09307

 Center of Mass (Angst.):

 X  =   0.00000      Y  =   0.00000      Z  =   0.00000

 Dipole (Debye):

 X  =  -4.03545      Y  =   5.14444      Z  =   0.00044

 Dipole Moment (Debye)=   6.53836

 Quadrupole (Debye*Angst.):

 Qxx =  95.22200     QYY = -28.64101     QZZ = -66.58099
 Qxy = -63.71058     QXZ = -66.60066     QYZ = -66.58768
