
 -----------------------------------------------
      Restrained ESP Fit 2.3  Amber 4.1
 -----------------------------------------------
 Resp charges for organic molecule                                               
 -----------------------------------------------


 inopt       =     0   ioutopt     =     1
 nmol        =     1   iqopt       =     2
 ihfree      =     1   irstrnt     =     1
 iunits      =     0   qwt         =   0.00100000
 wtmol(1) =     1.000000
 subtitle:

Resp charges for organic molecule                                               
ich =   0  iuniq =  23
    1    6  -99
    2    6  -99
    3    6  -99
    4   16  -99
    5    6  -99
    6    6  -99
    7    8  -99
    8    7  -99
    9    7  -99
   10    6  -99
   11    6  -99
   12    6  -99
   13    6  -99
   14    6  -99
   15    8  -99
   16   53  -99
   17    1  -99
   18    1  -99
   19    1  -99
   20    1  -99
   21    1  -99
   22    1  -99
   23    1  -99
 new q0 values to be read  23

  ----------------------------------------------------------------------------
     ATOM                       COORDINATES                         CHARGE
                       X             Y                Z
  ----------------------------------------------------------------------------
  ----------------------------------------------------------------------------


 Charge on the molecule(ich) =    0
 Total number of atoms (iuniq)     =   23
 Weight factor on initial charge restraints(qwt)=     0.10000D-02


  there are  1 charge constraints:


     1       1
     2       1
     3       1
     4       1
     5       1
     6       1
     7       1
     8       1
     9       1
    10       1
    11       1
    12       1
    13       1
    14       1
    15       1
    16       1
    17       1
    18       1
    19       1
    20       1
    21       1
    22       1
    23       1

 Reading esp"s for molecule   1
 total number of atoms      =    23
 total number of esp points =  4871


 center     X       Y       Z 
    1   0.1292649E+02  -0.2136615E+01   0.3439301E-03
    2   0.1037645E+02  -0.2984875E+01   0.1031790E-02
    3   0.8644115E+01  -0.1049697E+01   0.6803014E-04
    4   0.1018594E+02   0.1882515E+01  -0.7426623E-03
    5   0.1312522E+02   0.4444031E+00  -0.1116828E-02
    6   0.5867286E+01  -0.1467899E+01   0.1360603E-03
    7   0.4966840E+01  -0.3585591E+01   0.3760555E-03
    8   0.4410227E+01   0.7213783E+00   0.2777897E-03
    9   0.1857155E+01   0.5973934E+00   0.4062911E-03
   10   0.6589909E+00   0.2713461E+01   0.6009329E-03
   11  -0.2058904E+01   0.2860869E+01   0.4346370E-03
   12  -0.3651085E+01   0.4912199E+01   0.2588925E-03
   13  -0.6168060E+01   0.3946895E+01   0.6368377E-03
   14  -0.5914661E+01   0.1378319E+01   0.7936849E-04
   15  -0.3454015E+01   0.6762895E+00   0.4346370E-04
   16  -0.8619380E+01  -0.1507723E+01  -0.2664514E-03
   17   0.1454898E+02  -0.3388163E+01   0.7199856E-03
   18   0.9782849E+01  -0.4944064E+01   0.1970984E-02
   19   0.1481842E+02   0.1590562E+01  -0.2037125E-02
   20   0.5262721E+01   0.2448958E+01   0.5593589E-03
   21   0.1632926E+01   0.4547121E+01   0.6066020E-03
   22  -0.3086618E+01   0.6876545E+01   0.2872384E-03
   23  -0.7916436E+01   0.4998836E+01   0.9316349E-03
 Initial ssvpot =     1.630


 Number of unique UNfrozen centers=    0
 ALL charges are frozen!!!

 Non-linear optimization requested.
 qchnge =    0.5856377734E-01
 qchnge =     0.000000000    
 qchnge =     0.000000000    

 Convergence in    2 iterations


Resp charges for organic molecule                                               

          Point Charges Before & After Optimization

    no.  At.no.    q(init)       q(opt)     ivary    d(rstr)/dq
    1   6      -0.300179      -0.300179    -99       0.003161
    2   6       0.144553       0.144553    -99       0.005689
    3   6      -0.329396      -0.329396    -99       0.002905
    4  16      -0.041194      -0.041194    -99       0.009246
    5   6      -0.108004      -0.108004    -99       0.006794
    6   6       0.679174       0.679174    -99       0.001457
    7   8      -0.559752      -0.559752    -99       0.001759
    8   7      -0.149500      -0.149500    -99       0.005560
    9   7      -0.302895      -0.302895    -99       0.003135
   10   6       0.004835       0.004835    -99       0.009988
   11   6       0.370786       0.370786    -99       0.002604
   12   6      -0.466878      -0.466878    -99       0.002094
   13   6       0.135641       0.135641    -99       0.005934
   14   6      -0.264865      -0.264865    -99       0.003532
   15   8      -0.112898      -0.112898    -99       0.006631
   16  53       0.085148       0.085148    -99       0.007614
   17   1       0.183981       0.183981    -99       0.000000
   18   1       0.123524       0.123524    -99       0.000000
   19   1       0.209436       0.209436    -99       0.000000
   20   1       0.249492       0.249492    -99       0.000000
   21   1       0.117733       0.117733    -99       0.000000
   22   1       0.214545       0.214545    -99       0.000000
   23   1       0.116712       0.116712    -99       0.000000

 Sum over the calculated charges:     -0.000

        Statistics of the fitting:
  The initial sum of squares (ssvpot)                      1.630
  The residual sum of squares (chipot)                     0.017
  The std err of estimate (sqrt(chipot/N))               0.00188
  ESP relative RMS (SQRT(chipot/ssvpot))                 0.10274

 Center of Mass (Angst.):

 X  =   0.00000      Y  =   0.00000      Z  =   0.00000

 Dipole (Debye):

 X  =   2.93865      Y  =   5.59596      Z  =   0.00077

 Dipole Moment (Debye)=   6.32063

 Quadrupole (Debye*Angst.):

 Qxx =  76.00636     QYY = -18.47656     QZZ = -57.52980
 Qxy = -57.83141     QXZ = -57.53505     QYZ = -57.53003
