
 -----------------------------------------------
      Restrained ESP Fit 2.3  Amber 4.1
 -----------------------------------------------
 Resp charges for organic molecule                                               
 -----------------------------------------------


 inopt       =     0   ioutopt     =     1
 nmol        =     1   iqopt       =     2
 ihfree      =     1   irstrnt     =     1
 iunits      =     0   qwt         =   0.00100000
 wtmol(1) =     1.000000
 subtitle:

Resp charges for organic molecule                                               
ich =   0  iuniq =  26
    1    6  -99
    2    6  -99
    3    6  -99
    4    6  -99
    5    6  -99
    6    6  -99
    7    6  -99
    8    8  -99
    9    7  -99
   10    6  -99
   11    6  -99
   12    6  -99
   13    6  -99
   14    6  -99
   15    6  -99
   16    9  -99
   17   53  -99
   18    1  -99
   19    1  -99
   20    1  -99
   21    1  -99
   22    1  -99
   23    1  -99
   24    1  -99
   25    1  -99
   26    1  -99
 new q0 values to be read  26

  ----------------------------------------------------------------------------
     ATOM                       COORDINATES                         CHARGE
                       X             Y                Z
  ----------------------------------------------------------------------------
  ----------------------------------------------------------------------------


 Charge on the molecule(ich) =    0
 Total number of atoms (iuniq)     =   26
 Weight factor on initial charge restraints(qwt)=     0.10000D-02


  there are  1 charge constraints:


     1       1
     2       1
     3       1
     4       1
     5       1
     6       1
     7       1
     8       1
     9       1
    10       1
    11       1
    12       1
    13       1
    14       1
    15       1
    16       1
    17       1
    18       1
    19       1
    20       1
    21       1
    22       1
    23       1
    24       1
    25       1
    26       1

 Reading esp"s for molecule   1
 total number of atoms      =    26
 total number of esp points =  4451


 center     X       Y       Z 
    1   0.4348993E+01   0.6193609E+01  -0.8541750E+00
    2   0.6590627E+01   0.4921525E+01  -0.3107579E+00
    3   0.6572027E+01   0.2309411E+01   0.5909740E-01
    4   0.4313953E+01   0.9609502E+00  -0.1359658E+00
    5   0.2038317E+01   0.2205424E+01  -0.6746530E+00
    6   0.2097794E+01   0.4838420E+01  -0.1020376E+01
    7  -0.4537119E+00   0.8554204E+00  -0.1044013E+01
    8  -0.7310669E+00  -0.8457601E+00  -0.2575919E+01
    9  -0.2355834E+01   0.1815469E+01   0.4612046E+00
   10  -0.4924735E+01   0.1117147E+01   0.5563845E+00
   11  -0.6458777E+01   0.2352560E+01   0.2338799E+01
   12  -0.9016338E+01   0.1763757E+01   0.2518187E+01
   13  -0.1009733E+02  -0.5226982E-01   0.9398798E+00
   14  -0.8533823E+01  -0.1243644E+01  -0.8023342E+00
   15  -0.5973161E+01  -0.7154125E+00  -0.1044404E+01
   16  -0.9541648E+01  -0.3006614E+01  -0.2343221E+01
   17   0.4497508E+01  -0.3030597E+01   0.5615774E+00
   18   0.4348985E+01   0.8223876E+01  -0.1154059E+01
   19   0.8362933E+01   0.5948137E+01  -0.1699676E+00
   20   0.8314827E+01   0.1327030E+01   0.5015541E+00
   21   0.3495067E+00   0.5814536E+01  -0.1478034E+01
   22  -0.1817935E+01   0.3123583E+01   0.1746133E+01
   23  -0.5642053E+01   0.3772783E+01   0.3579627E+01
   24  -0.1018152E+02   0.2731569E+01   0.3903265E+01
   25  -0.1208355E+02  -0.5457718E+00   0.1040504E+01
   26  -0.4827949E+01  -0.1698172E+01  -0.2418766E+01
 Initial ssvpot =     1.024


 Number of unique UNfrozen centers=    0
 ALL charges are frozen!!!

 Non-linear optimization requested.
 qchnge =    0.4592174963E-01
 qchnge =     0.000000000    
 qchnge =     0.000000000    

 Convergence in    2 iterations


Resp charges for organic molecule                                               

          Point Charges Before & After Optimization

    no.  At.no.    q(init)       q(opt)     ivary    d(rstr)/dq
    1   6      -0.206607      -0.206607    -99       0.004357
    2   6      -0.097202      -0.097202    -99       0.007171
    3   6       0.001021       0.001021    -99       0.009999
    4   6      -0.280136      -0.280136    -99       0.003362
    5   6       0.132854       0.132854    -99       0.006014
    6   6      -0.088185      -0.088185    -99       0.007500
    7   6       0.507500       0.507500    -99       0.001933
    8   8      -0.496684      -0.496684    -99       0.001974
    9   7      -0.376485      -0.376485    -99       0.002567
   10   6       0.180393       0.180393    -99       0.004848
   11   6      -0.292216      -0.292216    -99       0.003238
   12   6      -0.127479      -0.127479    -99       0.006172
   13   6      -0.244518      -0.244518    -99       0.003785
   14   6       0.285203       0.285203    -99       0.003309
   15   6      -0.207136      -0.207136    -99       0.004348
   16   9      -0.202845      -0.202845    -99       0.004422
   17  53       0.014747       0.014747    -99       0.009893
   18   1       0.167583       0.167583    -99       0.000000
   19   1       0.139144       0.139144    -99       0.000000
   20   1       0.124885       0.124885    -99       0.000000
   21   1       0.112775       0.112775    -99       0.000000
   22   1       0.261223       0.261223    -99       0.000000
   23   1       0.174142       0.174142    -99       0.000000
   24   1       0.165283       0.165283    -99       0.000000
   25   1       0.169738       0.169738    -99       0.000000
   26   1       0.183001       0.183001    -99       0.000000

 Sum over the calculated charges:     -0.000

        Statistics of the fitting:
  The initial sum of squares (ssvpot)                      1.024
  The residual sum of squares (chipot)                     0.008
  The std err of estimate (sqrt(chipot/N))               0.00133
  ESP relative RMS (SQRT(chipot/ssvpot))                 0.08791

 Center of Mass (Angst.):

 X  =   0.00000      Y  =   0.00000      Z  =   0.00000

 Dipole (Debye):

 X  =   1.73518      Y  =   5.64570      Z  =   3.29373

 Dipole Moment (Debye)=   6.76265

 Quadrupole (Debye*Angst.):

 Qxx =  13.91222     QYY =  13.68780     QZZ = -27.60002
 Qxy = -30.83100     QXZ = -51.43613     QYZ = -30.42287
