
 -----------------------------------------------
      Restrained ESP Fit 2.3  Amber 4.1
 -----------------------------------------------
 Resp charges for organic molecule                                               
 -----------------------------------------------


 inopt       =     0   ioutopt     =     1
 nmol        =     1   iqopt       =     0
 ihfree      =     1   irstrnt     =     1
 iunits      =     0   qwt         =   0.00050000
 wtmol(1) =     1.000000
 subtitle:

Resp charges for organic molecule                                               
ich =   0  iuniq =  26
    1    6    0
    2    6    0
    3    6    0
    4    6    0
    5    6    0
    6    6    0
    7    8    0
    8    6    0
    9    6    0
   10    6    0
   11    6    0
   12    6    0
   13   53    0
   14    1    0
   15    1    0
   16    1    0
   17    1    0
   18    1    0
   19    1    0
   20    1    0
   21    1    0
   22    1    0
   23    1    0
   24    1    0
   25    1    0
   26    1    0

  ----------------------------------------------------------------------------
     ATOM                       COORDINATES                         CHARGE
                       X             Y                Z
  ----------------------------------------------------------------------------
  ----------------------------------------------------------------------------


 Charge on the molecule(ich) =    0
 Total number of atoms (iuniq)     =   26
 Weight factor on initial charge restraints(qwt)=     0.50000D-03


  there are  1 charge constraints:


     1       1
     2       1
     3       1
     4       1
     5       1
     6       1
     7       1
     8       1
     9       1
    10       1
    11       1
    12       1
    13       1
    14       1
    15       1
    16       1
    17       1
    18       1
    19       1
    20       1
    21       1
    22       1
    23       1
    24       1
    25       1
    26       1

 Reading esp"s for molecule   1
 total number of atoms      =    26
 total number of esp points =  4003


 center     X       Y       Z 
    1  -0.1222730E+01   0.6421000E+01   0.7663973E-01
    2  -0.3707797E+01   0.5662983E+01  -0.3397330E+00
    3  -0.4282953E+01   0.3085316E+01  -0.3850827E+00
    4  -0.2386875E+01   0.1303531E+01  -0.1378366E-01
    5   0.1331085E+00   0.2040413E+01   0.4171381E+00
    6   0.6838011E+00   0.4636823E+01   0.4475910E+00
    7   0.1857859E+01   0.1855522E+00   0.7914891E+00
    8   0.4463009E+01   0.8082188E+00   0.1286208E+01
    9   0.5866768E+01   0.1584728E+01  -0.1172399E+01
   10   0.7398941E+01  -0.7764450E+00  -0.2021164E+01
   11   0.6398620E+01  -0.2970929E+01  -0.3845763E+00
   12   0.5719783E+01  -0.1666614E+01   0.2118513E+01
   13  -0.3336710E+01  -0.2626511E+01  -0.9087692E-01
   14  -0.7415871E+00   0.8416885E+01   0.1105244E+00
   15  -0.5194260E+01   0.7046801E+01  -0.6325329E+00
   16  -0.6209721E+01   0.2463653E+01  -0.7082372E+00
   17   0.2607261E+01   0.5270121E+01   0.7510451E+00
   18   0.4525472E+01   0.2260194E+01   0.2762129E+01
   19   0.4493018E+01   0.2166490E+01  -0.2602956E+01
   20   0.7105859E+01   0.3208390E+01  -0.8301642E+00
   21   0.9415395E+01  -0.4827248E+00  -0.1640670E+01
   22   0.7214543E+01  -0.1144713E+01  -0.4048029E+01
   23   0.7774367E+01  -0.4500003E+01  -0.1580945E+00
   24   0.4686458E+01  -0.3779783E+01  -0.1224063E+01
   25   0.7444780E+01  -0.1210711E+01   0.3178555E+01
   26   0.4479112E+01  -0.2768118E+01   0.3350923E+01
 Initial ssvpot =     0.264


 Number of unique UNfrozen centers=   26

 Non-linear optimization requested.
 qchnge =    0.4111157884E-01
 qchnge =    0.8935896282E-02
 qchnge =    0.2705474655E-02
 qchnge =    0.9937190486E-03
 qchnge =    0.3932119714E-03
 qchnge =    0.1598220530E-03
 qchnge =    0.6557844395E-04
 qchnge =    0.2700062689E-04
 qchnge =    0.1113108657E-04
 qchnge =    0.4591011960E-05
 qchnge =    0.1893903033E-05
 qchnge =    0.7813340201E-06

 Convergence in   11 iterations


Resp charges for organic molecule                                               

          Point Charges Before & After Optimization

    no.  At.no.    q(init)       q(opt)     ivary    d(rstr)/dq
    1   6       0.000000      -0.121900      0       0.003171
    2   6       0.000000      -0.202018      0       0.002218
    3   6       0.000000       0.011513      0       0.004967
    4   6       0.000000      -0.288948      0       0.001635
    5   6       0.000000       0.414880      0       0.001172
    6   6       0.000000      -0.273692      0       0.001716
    7   8       0.000000      -0.285814      0       0.001651
    8   6       0.000000       0.180530      0       0.002423
    9   6       0.000000       0.016058      0       0.004937
   10   6       0.000000      -0.117748      0       0.003237
   11   6       0.000000       0.045615      0       0.004549
   12   6       0.000000      -0.076471      0       0.003972
   13  53       0.000000      -0.042740      0       0.004598
   14   1       0.000000       0.156417      0       0.000000
   15   1       0.000000       0.144568      0       0.000000
   16   1       0.000000       0.129843      0       0.000000
   17   1       0.000000       0.142520      0       0.000000
   18   1       0.000000       0.014355      0       0.000000
   19   1       0.000000       0.019560      0       0.000000
   20   1       0.000000       0.002271      0       0.000000
   21   1       0.000000       0.032271      0       0.000000
   22   1       0.000000       0.037856      0       0.000000
   23   1       0.000000       0.006412      0       0.000000
   24   1       0.000000       0.002372      0       0.000000
   25   1       0.000000       0.037571      0       0.000000
   26   1       0.000000       0.014719      0       0.000000

 Sum over the calculated charges:     -0.000

        Statistics of the fitting:
  The initial sum of squares (ssvpot)                      0.264
  The residual sum of squares (chipot)                     0.007
  The std err of estimate (sqrt(chipot/N))               0.00133
  ESP relative RMS (SQRT(chipot/ssvpot))                 0.16403

 Center of Mass (Angst.):

 X  =   0.00000      Y  =   0.00000      Z  =   0.00000

 Dipole (Debye):

 X  =   1.91205      Y  =   2.36113      Z  =   0.11512

 Dipole Moment (Debye)=   3.04042

 Quadrupole (Debye*Angst.):

 Qxx =  14.08647     QYY =   6.05101     QZZ = -20.13749
 Qxy = -28.69601     QXZ = -17.59218     QYZ = -23.88157
