
 -----------------------------------------------
      Restrained ESP Fit 2.3  Amber 4.1
 -----------------------------------------------
 Resp charges for organic molecule                                               
 -----------------------------------------------


 inopt       =     0   ioutopt     =     1
 nmol        =     1   iqopt       =     0
 ihfree      =     1   irstrnt     =     1
 iunits      =     0   qwt         =   0.00050000
 wtmol(1) =     1.000000
 subtitle:

Resp charges for organic molecule                                               
ich =   0  iuniq =  22
    1    7    0
    2    6    0
    3    7    0
    4    6    0
    5    6    0
    6    6    0
    7    6    0
    8    7    0
    9    6    0
   10    7    0
   11    6    0
   12    6    0
   13   35    0
   14    1    0
   15    1    0
   16    1    0
   17    1    0
   18    1    0
   19    1    0
   20    1    0
   21    1    0
   22    1    0

  ----------------------------------------------------------------------------
     ATOM                       COORDINATES                         CHARGE
                       X             Y                Z
  ----------------------------------------------------------------------------
  ----------------------------------------------------------------------------


 Charge on the molecule(ich) =    0
 Total number of atoms (iuniq)     =   22
 Weight factor on initial charge restraints(qwt)=     0.50000D-03


  there are  1 charge constraints:


     1       1
     2       1
     3       1
     4       1
     5       1
     6       1
     7       1
     8       1
     9       1
    10       1
    11       1
    12       1
    13       1
    14       1
    15       1
    16       1
    17       1
    18       1
    19       1
    20       1
    21       1
    22       1

 Reading esp"s for molecule   1
 total number of atoms      =    22
 total number of esp points =  3638


 center     X       Y       Z 
    1   0.4640640E+01   0.3427821E+01  -0.3779452E-04
    2   0.2488004E+01   0.2131968E+01  -0.1039349E-03
    3   0.3889056E+00   0.3697491E+01  -0.1776342E-03
    4   0.1299992E+01   0.6129683E+01   0.1266116E-03
    5   0.3906642E+01   0.5896100E+01   0.1927520E-03
    6  -0.2042025E+01   0.2706745E+01  -0.9826575E-04
    7  -0.2204369E+01   0.1347016E+00  -0.4346370E-04
    8  -0.2596181E+00  -0.1505206E+01   0.3212534E-04
    9   0.2060210E+01  -0.5465447E+00   0.1889726E-04
   10   0.4098218E+01  -0.2080696E+01  -0.3590479E-04
   11   0.3937720E+01  -0.4828411E+01   0.1322808E-04
   12   0.6574876E+01  -0.5991216E+01  -0.5669178E-05
   13  -0.5519417E+01  -0.1334655E+01   0.3401507E-04
   14   0.7647105E+01  -0.5423999E+01   0.1679496E+01
   15   0.6441280E+01  -0.8054704E+01   0.4346370E-04
   16   0.7647056E+01  -0.5424075E+01  -0.1679566E+01
   17   0.2861314E+01  -0.5449754E+01   0.1660139E+01
   18   0.2861261E+01  -0.5449824E+01  -0.1660052E+01
   19   0.5804426E+01  -0.1219187E+01  -0.8125822E-04
   20   0.5276627E+01   0.7414300E+01   0.5688075E-03
   21   0.5884796E-01   0.7747922E+01  -0.6217199E-03
   22  -0.3621613E+01   0.3998218E+01  -0.1511781E-03
 Initial ssvpot =     0.402


 Number of unique UNfrozen centers=   22

 Non-linear optimization requested.
 qchnge =    0.7279894880E-01
 qchnge =    0.7390335630E-02
 qchnge =    0.2014190655E-02
 qchnge =    0.6428179202E-03
 qchnge =    0.2126096103E-03
 qchnge =    0.7132966994E-04
 qchnge =    0.2411369724E-04
 qchnge =    0.8188846054E-05
 qchnge =    0.2788693987E-05
 qchnge =    0.9513733518E-06

 Convergence in    9 iterations


Resp charges for organic molecule                                               

          Point Charges Before & After Optimization

    no.  At.no.    q(init)       q(opt)     ivary    d(rstr)/dq
    1   7       0.000000      -0.557552      0       0.000883
    2   6       0.000000       0.178396      0       0.002445
    3   7       0.000000       0.378775      0       0.001276
    4   6       0.000000      -0.521390      0       0.000942
    5   6       0.000000       0.144859      0       0.002841
    6   6       0.000000      -0.346706      0       0.001386
    7   6       0.000000       0.111634      0       0.003336
    8   7       0.000000      -0.475379      0       0.001029
    9   6       0.000000       0.537504      0       0.000915
   10   7       0.000000      -0.546602      0       0.000900
   11   6       0.000000       0.229908      0       0.001994
   12   6       0.000000      -0.187045      0       0.002357
   13  35       0.000000      -0.074241      0       0.004015
   14   1       0.000000       0.059224      0       0.000000
   15   1       0.000000       0.054160      0       0.000000
   16   1       0.000000       0.059225      0       0.000000
   17   1       0.000000       0.013630      0       0.000000
   18   1       0.000000       0.013611      0       0.000000
   19   1       0.000000       0.308877      0       0.000000
   20   1       0.000000       0.144431      0       0.000000
   21   1       0.000000       0.267890      0       0.000000
   22   1       0.000000       0.206792      0       0.000000

 Sum over the calculated charges:     -0.000

        Statistics of the fitting:
  The initial sum of squares (ssvpot)                      0.402
  The residual sum of squares (chipot)                     0.010
  The std err of estimate (sqrt(chipot/N))               0.00166
  ESP relative RMS (SQRT(chipot/ssvpot))                 0.15819

 Center of Mass (Angst.):

 X  =   0.00000      Y  =   0.00000      Z  =   0.00000

 Dipole (Debye):

 X  =   1.48477      Y  =   1.63336      Z  =  -0.00042

 Dipole Moment (Debye)=   2.20735

 Quadrupole (Debye*Angst.):

 Qxx = -11.79509     QYY =  31.64375     QZZ = -19.84866
 Qxy = -51.95912     QXZ = -21.49741     QYZ = -21.50527
