
 -----------------------------------------------
      Restrained ESP Fit 2.3  Amber 4.1
 -----------------------------------------------
 Resp charges for organic molecule                                               
 -----------------------------------------------


 inopt       =     0   ioutopt     =     1
 nmol        =     1   iqopt       =     0
 ihfree      =     1   irstrnt     =     1
 iunits      =     0   qwt         =   0.00050000
 wtmol(1) =     1.000000
 subtitle:

Resp charges for organic molecule                                               
ich =   0  iuniq =  25
    1    6    0
    2    6    0
    3    6    0
    4    6    0
    5    6    0
    6    6    0
    7    6    0
    8   35    0
    9    6    0
   10    6    0
   11    6    0
   12    8    0
   13    1    0
   14    1    0
   15    1    0
   16    1    0
   17    1    0
   18    1    0
   19    1    0
   20    1    0
   21    1    0
   22    1    0
   23    1    0
   24    1    0
   25    1    0

  ----------------------------------------------------------------------------
     ATOM                       COORDINATES                         CHARGE
                       X             Y                Z
  ----------------------------------------------------------------------------
  ----------------------------------------------------------------------------


 Charge on the molecule(ich) =    0
 Total number of atoms (iuniq)     =   25
 Weight factor on initial charge restraints(qwt)=     0.50000D-03


  there are  1 charge constraints:


     1       1
     2       1
     3       1
     4       1
     5       1
     6       1
     7       1
     8       1
     9       1
    10       1
    11       1
    12       1
    13       1
    14       1
    15       1
    16       1
    17       1
    18       1
    19       1
    20       1
    21       1
    22       1
    23       1
    24       1
    25       1

 Reading esp"s for molecule   1
 total number of atoms      =    25
 total number of esp points =  3521


 center     X       Y       Z 
    1  -0.4320307E+01   0.4116921E+01   0.4794235E-02
    2  -0.1849029E+01   0.2702747E+01  -0.1927331E-01
    3   0.4554466E+00   0.3997421E+01  -0.5180117E-01
    4   0.2775087E+01   0.2734649E+01  -0.7557959E-01
    5   0.2886124E+01   0.8095586E-01  -0.7683437E-01
    6   0.5843241E+00  -0.1214363E+01  -0.3762256E-01
    7  -0.1715161E+01   0.6207561E-01  -0.9975863E-02
    8  -0.4768861E+01  -0.1896198E+01   0.3792680E-01
    9   0.5401846E+01  -0.1319630E+01  -0.8177033E-01
   10   0.5595069E+01  -0.3216094E+01  -0.2279913E+01
   11   0.5883233E+01  -0.2626702E+01   0.2476140E+01
   12   0.5015098E+01   0.4039660E+01  -0.9561258E-01
   13  -0.5440081E+01   0.3639901E+01   0.1681085E+01
   14  -0.4005165E+01   0.6160133E+01  -0.7213084E-02
   15  -0.5479854E+01   0.3626569E+01  -0.1640335E+01
   16   0.4337677E+00   0.6056079E+01  -0.5730405E-01
   17   0.5758732E+00  -0.3264666E+01  -0.3025640E-01
   18   0.6885398E+01   0.9620595E-01  -0.3469783E+00
   19   0.5301709E+01  -0.2283670E+01  -0.4104564E+01
   20   0.4192367E+01  -0.4731689E+01  -0.2110304E+01
   21   0.7467730E+01  -0.4102372E+01  -0.2303243E+01
   22   0.7738519E+01  -0.3550139E+01   0.2484992E+01
   23   0.5835548E+01  -0.1263465E+01   0.4032972E+01
   24   0.4452442E+01  -0.4076385E+01   0.2859847E+01
   25   0.4651281E+01   0.5835262E+01  -0.1102069E+00
 Initial ssvpot =     0.323


 Number of unique UNfrozen centers=   25

 Non-linear optimization requested.
 qchnge =    0.5995097143E-01
 qchnge =    0.8306515828E-02
 qchnge =    0.2987752499E-02
 qchnge =    0.1263392508E-02
 qchnge =    0.5415138687E-03
 qchnge =    0.2329880799E-03
 qchnge =    0.1005763442E-03
 qchnge =    0.4350370062E-04
 qchnge =    0.1883594223E-04
 qchnge =    0.8159175934E-05
 qchnge =    0.3535040084E-05
 qchnge =    0.1531732887E-05
 qchnge =    0.6637291343E-06

 Convergence in   12 iterations


Resp charges for organic molecule                                               

          Point Charges Before & After Optimization

    no.  At.no.    q(init)       q(opt)     ivary    d(rstr)/dq
    1   6       0.000000      -0.227641      0       0.002011
    2   6       0.000000       0.276304      0       0.001702
    3   6       0.000000      -0.453632      0       0.001076
    4   6       0.000000       0.313545      0       0.001519
    5   6       0.000000      -0.046944      0       0.004526
    6   6       0.000000      -0.168677      0       0.002550
    7   6       0.000000      -0.161106      0       0.002637
    8  35       0.000000      -0.089378      0       0.003728
    9   6       0.000000       0.365654      0       0.001319
   10   6       0.000000      -0.391406      0       0.001238
   11   6       0.000000      -0.360123      0       0.001338
   12   8       0.000000      -0.629430      0       0.000785
   13   1       0.000000       0.078106      0       0.000000
   14   1       0.000000       0.075593      0       0.000000
   15   1       0.000000       0.077734      0       0.000000
   16   1       0.000000       0.186003      0       0.000000
   17   1       0.000000       0.166154      0       0.000000
   18   1       0.000000       0.015123      0       0.000000
   19   1       0.000000       0.084135      0       0.000000
   20   1       0.000000       0.092936      0       0.000000
   21   1       0.000000       0.091902      0       0.000000
   22   1       0.000000       0.080502      0       0.000000
   23   1       0.000000       0.082929      0       0.000000
   24   1       0.000000       0.084081      0       0.000000
   25   1       0.000000       0.457636      0       0.000000

 Sum over the calculated charges:     -0.000

        Statistics of the fitting:
  The initial sum of squares (ssvpot)                      0.323
  The residual sum of squares (chipot)                     0.004
  The std err of estimate (sqrt(chipot/N))               0.00108
  ESP relative RMS (SQRT(chipot/ssvpot))                 0.11237

 Center of Mass (Angst.):

 X  =   0.00000      Y  =   0.00000      Z  =   0.00000

 Dipole (Debye):

 X  =   0.94863      Y  =   2.38739      Z  =  -0.03508

 Dipole Moment (Debye)=   2.56919

 Quadrupole (Debye*Angst.):

 Qxx = -14.66946     QYY =  29.89925     QZZ = -15.22979
 Qxy = -25.84847     QXZ = -19.77200     QYZ = -19.82663
