
 -----------------------------------------------
      Restrained ESP Fit 2.3  Amber 4.1
 -----------------------------------------------
 Resp charges for organic molecule                                               
 -----------------------------------------------


 inopt       =     0   ioutopt     =     1
 nmol        =     1   iqopt       =     2
 ihfree      =     1   irstrnt     =     1
 iunits      =     0   qwt         =   0.00100000
 wtmol(1) =     1.000000
 subtitle:

Resp charges for organic molecule                                               
ich =   0  iuniq =  25
    1    6    0
    2    6  -99
    3    6  -99
    4    6  -99
    5    6  -99
    6    6  -99
    7    6  -99
    8   35  -99
    9    6  -99
   10    6    0
   11    6   10
   12    8  -99
   13    1    0
   14    1   13
   15    1   13
   16    1  -99
   17    1  -99
   18    1  -99
   19    1    0
   20    1   19
   21    1   19
   22    1   19
   23    1   19
   24    1   19
   25    1  -99
 new q0 values to be read  25

  ----------------------------------------------------------------------------
     ATOM                       COORDINATES                         CHARGE
                       X             Y                Z
  ----------------------------------------------------------------------------
  ----------------------------------------------------------------------------


 Charge on the molecule(ich) =    0
 Total number of atoms (iuniq)     =   25
 Weight factor on initial charge restraints(qwt)=     0.10000D-02


  there are  1 charge constraints:


     1       1
     2       1
     3       1
     4       1
     5       1
     6       1
     7       1
     8       1
     9       1
    10       1
    11       1
    12       1
    13       1
    14       1
    15       1
    16       1
    17       1
    18       1
    19       1
    20       1
    21       1
    22       1
    23       1
    24       1
    25       1

 Reading esp"s for molecule   1
 total number of atoms      =    25
 total number of esp points =  3521


 center     X       Y       Z 
    1  -0.4320307E+01   0.4116921E+01   0.4794235E-02
    2  -0.1849029E+01   0.2702747E+01  -0.1927331E-01
    3   0.4554466E+00   0.3997421E+01  -0.5180117E-01
    4   0.2775087E+01   0.2734649E+01  -0.7557959E-01
    5   0.2886124E+01   0.8095586E-01  -0.7683437E-01
    6   0.5843241E+00  -0.1214363E+01  -0.3762256E-01
    7  -0.1715161E+01   0.6207561E-01  -0.9975863E-02
    8  -0.4768861E+01  -0.1896198E+01   0.3792680E-01
    9   0.5401846E+01  -0.1319630E+01  -0.8177033E-01
   10   0.5595069E+01  -0.3216094E+01  -0.2279913E+01
   11   0.5883233E+01  -0.2626702E+01   0.2476140E+01
   12   0.5015098E+01   0.4039660E+01  -0.9561258E-01
   13  -0.5440081E+01   0.3639901E+01   0.1681085E+01
   14  -0.4005165E+01   0.6160133E+01  -0.7213084E-02
   15  -0.5479854E+01   0.3626569E+01  -0.1640335E+01
   16   0.4337677E+00   0.6056079E+01  -0.5730405E-01
   17   0.5758732E+00  -0.3264666E+01  -0.3025640E-01
   18   0.6885398E+01   0.9620595E-01  -0.3469783E+00
   19   0.5301709E+01  -0.2283670E+01  -0.4104564E+01
   20   0.4192367E+01  -0.4731689E+01  -0.2110304E+01
   21   0.7467730E+01  -0.4102372E+01  -0.2303243E+01
   22   0.7738519E+01  -0.3550139E+01   0.2484992E+01
   23   0.5835548E+01  -0.1263465E+01   0.4032972E+01
   24   0.4452442E+01  -0.4076385E+01   0.2859847E+01
   25   0.4651281E+01   0.5835262E+01  -0.1102069E+00
 Initial ssvpot =     0.323


 Number of unique UNfrozen centers=    4

 Non-linear optimization requested.
 qchnge =    0.5175942373E-01
 qchnge =    0.6203137575E-03
 qchnge =    0.1392613362E-04
 qchnge =    0.3889514819E-06

 Convergence in    3 iterations


Resp charges for organic molecule                                               

          Point Charges Before & After Optimization

    no.  At.no.    q(init)       q(opt)     ivary    d(rstr)/dq
    1   6      -0.227641      -0.224908      0       0.004063
    2   6       0.276304       0.276304    -99       0.003403
    3   6      -0.453632      -0.453632    -99       0.002153
    4   6       0.313545       0.313545    -99       0.003039
    5   6      -0.046944      -0.046944    -99       0.009052
    6   6      -0.168677      -0.168677    -99       0.005100
    7   6      -0.161106      -0.161106    -99       0.005274
    8  35      -0.089378      -0.089378    -99       0.007456
    9   6       0.365654       0.365654    -99       0.002638
   10   6      -0.391406      -0.382464      0       0.002530
   11   6      -0.360123      -0.382464     10       0.002530
   12   8      -0.629430      -0.629430    -99       0.001569
   13   1       0.078106       0.076258      0       0.000000
   14   1       0.075593       0.076258     13       0.000000
   15   1       0.077734       0.076258     13       0.000000
   16   1       0.186003       0.186003    -99       0.000000
   17   1       0.166154       0.166154    -99       0.000000
   18   1       0.015123       0.015123    -99       0.000000
   19   1       0.084135       0.088302      0       0.000000
   20   1       0.092936       0.088302     19       0.000000
   21   1       0.091902       0.088302     19       0.000000
   22   1       0.080502       0.088302     19       0.000000
   23   1       0.082929       0.088302     19       0.000000
   24   1       0.084081       0.088302     19       0.000000
   25   1       0.457636       0.457636    -99       0.000000

 Sum over the calculated charges:     -0.000

        Statistics of the fitting:
  The initial sum of squares (ssvpot)                      0.323
  The residual sum of squares (chipot)                     0.004
  The std err of estimate (sqrt(chipot/N))               0.00110
  ESP relative RMS (SQRT(chipot/ssvpot))                 0.11499

 Center of Mass (Angst.):

 X  =   0.00000      Y  =   0.00000      Z  =   0.00000

 Dipole (Debye):

 X  =   0.97033      Y  =   2.40949      Z  =  -0.09175

 Dipole Moment (Debye)=   2.59916

 Quadrupole (Debye*Angst.):

 Qxx = -14.70366     QYY =  29.71370     QZZ = -15.01003
 Qxy = -26.00940     QXZ = -20.33644     QYZ = -19.92604
