
 -----------------------------------------------
      Restrained ESP Fit 2.3  Amber 4.1
 -----------------------------------------------
 Resp charges for organic molecule                                               
 -----------------------------------------------


 inopt       =     0   ioutopt     =     1
 nmol        =     1   iqopt       =     0
 ihfree      =     1   irstrnt     =     1
 iunits      =     0   qwt         =   0.00050000
 wtmol(1) =     1.000000
 subtitle:

Resp charges for organic molecule                                               
ich =   0  iuniq =  25
    1    6    0
    2    6    0
    3    6    0
    4    6    0
    5    6    0
    6    6    0
    7    8    0
    8    7    0
    9    6    0
   10    8    0
   11    7    0
   12   35    0
   13    1    0
   14    1    0
   15    1    0
   16    1    0
   17    1    0
   18    1    0
   19    1    0
   20    1    0
   21    1    0
   22    1    0
   23    1    0
   24    1    0
   25    1   24

  ----------------------------------------------------------------------------
     ATOM                       COORDINATES                         CHARGE
                       X             Y                Z
  ----------------------------------------------------------------------------
  ----------------------------------------------------------------------------


 Charge on the molecule(ich) =    0
 Total number of atoms (iuniq)     =   25
 Weight factor on initial charge restraints(qwt)=     0.50000D-03


  there are  1 charge constraints:


     1       1
     2       1
     3       1
     4       1
     5       1
     6       1
     7       1
     8       1
     9       1
    10       1
    11       1
    12       1
    13       1
    14       1
    15       1
    16       1
    17       1
    18       1
    19       1
    20       1
    21       1
    22       1
    23       1
    24       1
    25       1

 Reading esp"s for molecule   1
 total number of atoms      =    25
 total number of esp points =  3278


 center     X       Y       Z 
    1  -0.1828159E+01   0.4664824E+01   0.2697926E+01
    2  -0.1983043E+01   0.1768171E+01   0.2570405E+01
    3  -0.1535699E+01   0.6684981E+00  -0.9632878E-01
    4  -0.3396149E+01   0.1555980E+01  -0.2137197E+01
    5  -0.6202141E+01   0.1261950E+01  -0.1504634E+01
    6   0.1216636E+01   0.1242907E+01  -0.9357659E+00
    7   0.1632606E+01   0.3109395E+01  -0.2203982E+01
    8   0.3065517E+01  -0.3608734E+00  -0.1498364E-01
    9   0.5703673E+01   0.7666618E-01  -0.9687869E-01
   10   0.6675519E+01   0.2120305E+01  -0.4287656E+00
   11   0.7042432E+01  -0.2116705E+01   0.4132131E+00
   12  -0.2007762E+01  -0.3148187E+01   0.2759227E+00
   13  -0.2060049E+01   0.5274747E+01   0.4662011E+01
   14  -0.1159725E-01   0.5373840E+01   0.2013405E+01
   15  -0.3320436E+01   0.5562947E+01   0.1581062E+01
   16  -0.3836261E+01   0.1129347E+01   0.3230254E+01
   17  -0.5886307E+00   0.9422533E+00   0.3858828E+01
   18  -0.2947254E+01   0.3541568E+01  -0.2506929E+01
   19  -0.2959010E+01   0.5426443E+00  -0.3888557E+01
   20  -0.7346293E+01   0.1887831E+01  -0.3111220E+01
   21  -0.6683003E+01  -0.7103688E+00  -0.1108636E+01
   22  -0.6757091E+01   0.2401517E+01   0.1319010E+00
   23   0.2451169E+01  -0.1982258E+01   0.7985869E+00
   24   0.6331423E+01  -0.3787523E+01  -0.1890784E+00
   25   0.8927317E+01  -0.1918505E+01   0.1602639E+00
 Initial ssvpot =     1.116


 Number of unique UNfrozen centers=   24

 Non-linear optimization requested.
 qchnge =    0.7568196527E-01
 qchnge =    0.7334066961E-02
 qchnge =    0.1817578921E-02
 qchnge =    0.5214177567E-03
 qchnge =    0.1555188988E-03
 qchnge =    0.4699443671E-04
 qchnge =    0.1430039635E-04
 qchnge =    0.4371580847E-05
 qchnge =    0.1340703858E-05
 qchnge =    0.4121643394E-06

 Convergence in    9 iterations


Resp charges for organic molecule                                               

          Point Charges Before & After Optimization

    no.  At.no.    q(init)       q(opt)     ivary    d(rstr)/dq
    1   6       0.000000      -0.199217      0       0.002243
    2   6       0.000000       0.141748      0       0.002882
    3   6       0.000000      -0.090263      0       0.003712
    4   6       0.000000       0.041238      0       0.004622
    5   6       0.000000      -0.225621      0       0.002026
    6   6       0.000000       0.557343      0       0.000883
    7   8       0.000000      -0.494641      0       0.000991
    8   7       0.000000      -0.442161      0       0.001103
    9   6       0.000000       0.812305      0       0.000611
   10   8       0.000000      -0.544377      0       0.000903
   11   7       0.000000      -0.931920      0       0.000533
   12  35       0.000000      -0.182827      0       0.002399
   13   1       0.000000       0.051774      0       0.000000
   14   1       0.000000       0.086519      0       0.000000
   15   1       0.000000       0.058712      0       0.000000
   16   1       0.000000       0.013597      0       0.000000
   17   1       0.000000       0.002768      0       0.000000
   18   1       0.000000       0.059739      0       0.000000
   19   1       0.000000       0.045232      0       0.000000
   20   1       0.000000       0.070203      0       0.000000
   21   1       0.000000       0.063132      0       0.000000
   22   1       0.000000       0.071323      0       0.000000
   23   1       0.000000       0.241959      0       0.000000
   24   1       0.000000       0.396717      0       0.000000
   25   1       0.000000       0.396717     24       0.000000

 Sum over the calculated charges:     -0.000

        Statistics of the fitting:
  The initial sum of squares (ssvpot)                      1.116
  The residual sum of squares (chipot)                     0.007
  The std err of estimate (sqrt(chipot/N))               0.00146
  ESP relative RMS (SQRT(chipot/ssvpot))                 0.07928

 Center of Mass (Angst.):

 X  =   0.00000      Y  =   0.00000      Z  =   0.00000

 Dipole (Debye):

 X  =  -1.62703      Y  =  -3.44339      Z  =   1.32555

 Dipole Moment (Debye)=   4.03252

 Quadrupole (Debye*Angst.):

 Qxx =   8.34026     QYY =  -8.31058     QZZ =  -0.02968
 Qxy = -62.41073     QXZ =  -0.53730     QYZ =  13.88922
