
 -----------------------------------------------
      Restrained ESP Fit 2.3  Amber 4.1
 -----------------------------------------------
 Resp charges for organic molecule                                               
 -----------------------------------------------


 inopt       =     0   ioutopt     =     1
 nmol        =     1   iqopt       =     2
 ihfree      =     1   irstrnt     =     1
 iunits      =     0   qwt         =   0.00100000
 wtmol(1) =     1.000000
 subtitle:

Resp charges for organic molecule                                               
ich =   0  iuniq =  25
    1    6    0
    2    6    0
    3    6  -99
    4    6    2
    5    6    1
    6    6  -99
    7    8  -99
    8    7  -99
    9    6  -99
   10    8  -99
   11    7  -99
   12   35  -99
   13    1    0
   14    1   13
   15    1   13
   16    1    0
   17    1   16
   18    1   16
   19    1   16
   20    1   13
   21    1   13
   22    1   13
   23    1  -99
   24    1  -99
   25    1  -99
 new q0 values to be read  25

  ----------------------------------------------------------------------------
     ATOM                       COORDINATES                         CHARGE
                       X             Y                Z
  ----------------------------------------------------------------------------
  ----------------------------------------------------------------------------


 Charge on the molecule(ich) =    0
 Total number of atoms (iuniq)     =   25
 Weight factor on initial charge restraints(qwt)=     0.10000D-02


  there are  1 charge constraints:


     1       1
     2       1
     3       1
     4       1
     5       1
     6       1
     7       1
     8       1
     9       1
    10       1
    11       1
    12       1
    13       1
    14       1
    15       1
    16       1
    17       1
    18       1
    19       1
    20       1
    21       1
    22       1
    23       1
    24       1
    25       1

 Reading esp"s for molecule   1
 total number of atoms      =    25
 total number of esp points =  3278


 center     X       Y       Z 
    1  -0.1828159E+01   0.4664824E+01   0.2697926E+01
    2  -0.1983043E+01   0.1768171E+01   0.2570405E+01
    3  -0.1535699E+01   0.6684981E+00  -0.9632878E-01
    4  -0.3396149E+01   0.1555980E+01  -0.2137197E+01
    5  -0.6202141E+01   0.1261950E+01  -0.1504634E+01
    6   0.1216636E+01   0.1242907E+01  -0.9357659E+00
    7   0.1632606E+01   0.3109395E+01  -0.2203982E+01
    8   0.3065517E+01  -0.3608734E+00  -0.1498364E-01
    9   0.5703673E+01   0.7666618E-01  -0.9687869E-01
   10   0.6675519E+01   0.2120305E+01  -0.4287656E+00
   11   0.7042432E+01  -0.2116705E+01   0.4132131E+00
   12  -0.2007762E+01  -0.3148187E+01   0.2759227E+00
   13  -0.2060049E+01   0.5274747E+01   0.4662011E+01
   14  -0.1159725E-01   0.5373840E+01   0.2013405E+01
   15  -0.3320436E+01   0.5562947E+01   0.1581062E+01
   16  -0.3836261E+01   0.1129347E+01   0.3230254E+01
   17  -0.5886307E+00   0.9422533E+00   0.3858828E+01
   18  -0.2947254E+01   0.3541568E+01  -0.2506929E+01
   19  -0.2959010E+01   0.5426443E+00  -0.3888557E+01
   20  -0.7346293E+01   0.1887831E+01  -0.3111220E+01
   21  -0.6683003E+01  -0.7103688E+00  -0.1108636E+01
   22  -0.6757091E+01   0.2401517E+01   0.1319010E+00
   23   0.2451169E+01  -0.1982258E+01   0.7985869E+00
   24   0.6331423E+01  -0.3787523E+01  -0.1890784E+00
   25   0.8927317E+01  -0.1918505E+01   0.1602639E+00
 Initial ssvpot =     1.116


 Number of unique UNfrozen centers=    4

 Non-linear optimization requested.
 qchnge =    0.7165711180E-01
 qchnge =    0.6228876708E-02
 qchnge =    0.1525798400E-02
 qchnge =    0.4563352186E-03
 qchnge =    0.1423001442E-03
 qchnge =    0.4486070686E-04
 qchnge =    0.1418824532E-04
 qchnge =    0.4491864105E-05
 qchnge =    0.1422531376E-05
 qchnge =    0.4505474988E-06

 Convergence in    9 iterations


Resp charges for organic molecule                                               

          Point Charges Before & After Optimization

    no.  At.no.    q(init)       q(opt)     ivary    d(rstr)/dq
    1   6      -0.199217      -0.134114      0       0.005977
    2   6       0.141748       0.107913      0       0.006797
    3   6      -0.090263      -0.090263    -99       0.007423
    4   6       0.041238       0.107913      2       0.006797
    5   6      -0.225621      -0.134114      1       0.005977
    6   6       0.557343       0.557343    -99       0.001766
    7   8      -0.494641      -0.494641    -99       0.001982
    8   7      -0.442161      -0.442161    -99       0.002206
    9   6       0.812305       0.812305    -99       0.001222
   10   8      -0.544377      -0.544377    -99       0.001807
   11   7      -0.931920      -0.931920    -99       0.001067
   12  35      -0.182827      -0.182827    -99       0.004799
   13   1       0.051774       0.044577      0       0.000000
   14   1       0.086519       0.044577     13       0.000000
   15   1       0.058712       0.044577     13       0.000000
   16   1       0.013597       0.016521      0       0.000000
   17   1       0.002768       0.016521     16       0.000000
   18   1       0.059739       0.016521     16       0.000000
   19   1       0.045232       0.016521     16       0.000000
   20   1       0.070203       0.044577     13       0.000000
   21   1       0.063132       0.044577     13       0.000000
   22   1       0.071323       0.044577     13       0.000000
   23   1       0.241959       0.241959    -99       0.000000
   24   1       0.396717       0.396717    -99       0.000000
   25   1       0.396717       0.396717    -99       0.000000

 Sum over the calculated charges:     -0.000

        Statistics of the fitting:
  The initial sum of squares (ssvpot)                      1.116
  The residual sum of squares (chipot)                     0.013
  The std err of estimate (sqrt(chipot/N))               0.00202
  ESP relative RMS (SQRT(chipot/ssvpot))                 0.10961

 Center of Mass (Angst.):

 X  =   0.00000      Y  =   0.00000      Z  =   0.00000

 Dipole (Debye):

 X  =  -1.87524      Y  =  -3.77558      Z  =   1.44609

 Dipole Moment (Debye)=   4.45676

 Quadrupole (Debye*Angst.):

 Qxx =  10.64352     QYY = -10.83176     QZZ =   0.18824
 Qxy = -60.75441     QXZ =   0.72386     QYZ =  16.07984
