
 -----------------------------------------------
      Restrained ESP Fit 2.3  Amber 4.1
 -----------------------------------------------
 Resp charges for organic molecule                                               
 -----------------------------------------------


 inopt       =     0   ioutopt     =     1
 nmol        =     1   iqopt       =     2
 ihfree      =     1   irstrnt     =     1
 iunits      =     0   qwt         =   0.00100000
 wtmol(1) =     1.000000
 subtitle:

Resp charges for organic molecule                                               
ich =   0  iuniq =  28
    1    6    0
    2    6    0
    3    8  -99
    4    6  -99
    5    8  -99
    6    6  -99
    7    6  -99
    8    6  -99
    9    6  -99
   10    6  -99
   11    6  -99
   12    7  -99
   13    6  -99
   14    8  -99
   15    6    0
   16   35  -99
   17    1    0
   18    1   17
   19    1   17
   20    1    0
   21    1   20
   22    1  -99
   23    1  -99
   24    1  -99
   25    1  -99
   26    1  -99
   27    1    0
   28    1   27
 new q0 values to be read  28

  ----------------------------------------------------------------------------
     ATOM                       COORDINATES                         CHARGE
                       X             Y                Z
  ----------------------------------------------------------------------------
  ----------------------------------------------------------------------------


 Charge on the molecule(ich) =    0
 Total number of atoms (iuniq)     =   28
 Weight factor on initial charge restraints(qwt)=     0.10000D-02


  there are  1 charge constraints:


     1       1
     2       1
     3       1
     4       1
     5       1
     6       1
     7       1
     8       1
     9       1
    10       1
    11       1
    12       1
    13       1
    14       1
    15       1
    16       1
    17       1
    18       1
    19       1
    20       1
    21       1
    22       1
    23       1
    24       1
    25       1
    26       1
    27       1
    28       1

 Reading esp"s for molecule   1
 total number of atoms      =    28
 total number of esp points =  4276


 center     X       Y       Z 
    1  -0.1298831E+02   0.1885115E+00   0.1608157E-02
    2  -0.1068757E+02  -0.1521881E+01  -0.1834924E-02
    3  -0.8475155E+01   0.7904157E-01  -0.1997440E-02
    4  -0.6225954E+01  -0.1135907E+01  -0.3533788E-03
    5  -0.6032427E+01  -0.3423235E+01   0.6462863E-03
    6  -0.4040595E+01   0.6538150E+00   0.1889726E-05
    7  -0.4379425E+01   0.3277800E+01  -0.1001555E-03
    8  -0.2264154E+01   0.4846951E+01   0.3269226E-03
    9   0.1554092E+00   0.3816479E+01   0.7124267E-03
   10   0.4955391E+00   0.1184771E+01   0.7105370E-03
   11  -0.1616267E+01  -0.4064234E+00   0.4535342E-03
   12   0.3009011E+01   0.2896307E+00   0.1035570E-02
   13   0.3844043E+01  -0.2144077E+01   0.4440856E-03
   14   0.2529156E+01  -0.4043700E+01  -0.3155842E-03
   15   0.6707441E+01  -0.2573111E+01   0.1763114E-02
   16   0.8923139E+01   0.4484377E+00  -0.7464418E-03
   17  -0.1471310E+02  -0.9562240E+00   0.1362492E-02
   18  -0.1301033E+02   0.1396829E+01   0.1680894E+01
   19  -0.1301246E+02   0.1400710E+01  -0.1674849E+01
   20  -0.1062578E+02  -0.2741696E+01  -0.1671616E+01
   21  -0.1062311E+02  -0.2745322E+01   0.1665107E+01
   22  -0.6269706E+01   0.4063895E+01  -0.4988877E-03
   23  -0.2494323E+01   0.6886643E+01   0.3514890E-03
   24   0.1796889E+01   0.5054802E+01   0.1045018E-02
   25  -0.1399138E+01  -0.2437478E+01   0.5329027E-03
   26   0.4373752E+01   0.1633812E+01   0.1313360E-02
   27   0.7214887E+01  -0.3646735E+01   0.1683215E+01
   28   0.7215919E+01  -0.3650382E+01  -0.1677032E+01
 Initial ssvpot =     0.907


 Number of unique UNfrozen centers=    6

 Non-linear optimization requested.
 qchnge =    0.6750591111E-01
 qchnge =    0.3614354694E-02
 qchnge =    0.7405014379E-03
 qchnge =    0.1867754948E-03
 qchnge =    0.4935814408E-04
 qchnge =    0.1320049267E-04
 qchnge =    0.3541598179E-05
 qchnge =    0.9509930706E-06

 Convergence in    7 iterations


Resp charges for organic molecule                                               

          Point Charges Before & After Optimization

    no.  At.no.    q(init)       q(opt)     ivary    d(rstr)/dq
    1   6      -0.249845      -0.200949      0       0.004455
    2   6       0.208955       0.213665      0       0.004239
    3   8      -0.418628      -0.418628    -99       0.002323
    4   6       0.794851       0.794851    -99       0.001248
    5   8      -0.589630      -0.589630    -99       0.001672
    6   6      -0.146972      -0.146972    -99       0.005625
    7   6      -0.125977      -0.125977    -99       0.006217
    8   6      -0.134591      -0.134591    -99       0.005964
    9   6      -0.219385      -0.219385    -99       0.004148
   10   6       0.176728       0.176728    -99       0.004925
   11   6      -0.140514      -0.140514    -99       0.005798
   12   7      -0.425608      -0.425608    -99       0.002287
   13   6       0.826016       0.826016    -99       0.001202
   14   8      -0.574491      -0.574491    -99       0.001715
   15   6      -0.722463      -0.720144      0       0.001375
   16  35      -0.068222      -0.068222    -99       0.008261
   17   1       0.068380       0.061779      0       0.000000
   18   1       0.079254       0.061779     17       0.000000
   19   1       0.079268       0.061779     17       0.000000
   20   1       0.045458       0.039353      0       0.000000
   21   1       0.045556       0.039353     20       0.000000
   22   1       0.135229       0.135229    -99       0.000000
   23   1       0.150897       0.150897    -99       0.000000
   24   1       0.172262       0.172262    -99       0.000000
   25   1       0.178575       0.178575    -99       0.000000
   26   1       0.255133       0.255133    -99       0.000000
   27   1       0.299886       0.298855      0       0.000000
   28   1       0.299876       0.298855     27       0.000000

 Sum over the calculated charges:     -0.000

        Statistics of the fitting:
  The initial sum of squares (ssvpot)                      0.907
  The residual sum of squares (chipot)                     0.006
  The std err of estimate (sqrt(chipot/N))               0.00121
  ESP relative RMS (SQRT(chipot/ssvpot))                 0.08303

 Center of Mass (Angst.):

 X  =   0.00000      Y  =   0.00000      Z  =   0.00000

 Dipole (Debye):

 X  =   0.32327      Y  =   3.54963      Z  =   0.00220

 Dipole Moment (Debye)=   3.56432

 Quadrupole (Debye*Angst.):

 Qxx =  41.69889     QYY = -23.34170     QZZ = -18.35719
 Qxy = -46.66419     QXZ = -27.41347     QYZ = -27.45225
