
 -----------------------------------------------
      Restrained ESP Fit 2.3  Amber 4.1
 -----------------------------------------------
 Resp charges for organic molecule                                               
 -----------------------------------------------


 inopt       =     0   ioutopt     =     1
 nmol        =     1   iqopt       =     0
 ihfree      =     1   irstrnt     =     1
 iunits      =     0   qwt         =   0.00050000
 wtmol(1) =     1.000000
 subtitle:

Resp charges for organic molecule                                               
ich =   0  iuniq =  28
    1    6    0
    2    6    0
    3    8    0
    4    6    0
    5    8    0
    6    6    0
    7    6    0
    8    6    0
    9    6    0
   10    6    0
   11    6    0
   12    7    0
   13    6    0
   14    8    0
   15    6    0
   16   35    0
   17    1    0
   18    1    0
   19    1    0
   20    1    0
   21    1    0
   22    1    0
   23    1    0
   24    1    0
   25    1    0
   26    1    0
   27    1    0
   28    1    0

  ----------------------------------------------------------------------------
     ATOM                       COORDINATES                         CHARGE
                       X             Y                Z
  ----------------------------------------------------------------------------
  ----------------------------------------------------------------------------


 Charge on the molecule(ich) =    0
 Total number of atoms (iuniq)     =   28
 Weight factor on initial charge restraints(qwt)=     0.50000D-03


  there are  1 charge constraints:


     1       1
     2       1
     3       1
     4       1
     5       1
     6       1
     7       1
     8       1
     9       1
    10       1
    11       1
    12       1
    13       1
    14       1
    15       1
    16       1
    17       1
    18       1
    19       1
    20       1
    21       1
    22       1
    23       1
    24       1
    25       1
    26       1
    27       1
    28       1

 Reading esp"s for molecule   1
 total number of atoms      =    28
 total number of esp points =  4276


 center     X       Y       Z 
    1  -0.1298831E+02   0.1885115E+00   0.1608157E-02
    2  -0.1068757E+02  -0.1521881E+01  -0.1834924E-02
    3  -0.8475155E+01   0.7904157E-01  -0.1997440E-02
    4  -0.6225954E+01  -0.1135907E+01  -0.3533788E-03
    5  -0.6032427E+01  -0.3423235E+01   0.6462863E-03
    6  -0.4040595E+01   0.6538150E+00   0.1889726E-05
    7  -0.4379425E+01   0.3277800E+01  -0.1001555E-03
    8  -0.2264154E+01   0.4846951E+01   0.3269226E-03
    9   0.1554092E+00   0.3816479E+01   0.7124267E-03
   10   0.4955391E+00   0.1184771E+01   0.7105370E-03
   11  -0.1616267E+01  -0.4064234E+00   0.4535342E-03
   12   0.3009011E+01   0.2896307E+00   0.1035570E-02
   13   0.3844043E+01  -0.2144077E+01   0.4440856E-03
   14   0.2529156E+01  -0.4043700E+01  -0.3155842E-03
   15   0.6707441E+01  -0.2573111E+01   0.1763114E-02
   16   0.8923139E+01   0.4484377E+00  -0.7464418E-03
   17  -0.1471310E+02  -0.9562240E+00   0.1362492E-02
   18  -0.1301033E+02   0.1396829E+01   0.1680894E+01
   19  -0.1301246E+02   0.1400710E+01  -0.1674849E+01
   20  -0.1062578E+02  -0.2741696E+01  -0.1671616E+01
   21  -0.1062311E+02  -0.2745322E+01   0.1665107E+01
   22  -0.6269706E+01   0.4063895E+01  -0.4988877E-03
   23  -0.2494323E+01   0.6886643E+01   0.3514890E-03
   24   0.1796889E+01   0.5054802E+01   0.1045018E-02
   25  -0.1399138E+01  -0.2437478E+01   0.5329027E-03
   26   0.4373752E+01   0.1633812E+01   0.1313360E-02
   27   0.7214887E+01  -0.3646735E+01   0.1683215E+01
   28   0.7215919E+01  -0.3650382E+01  -0.1677032E+01
 Initial ssvpot =     0.907


 Number of unique UNfrozen centers=   28

 Non-linear optimization requested.
 qchnge =    0.7158283262E-01
 qchnge =    0.6161619210E-02
 qchnge =    0.1878715231E-02
 qchnge =    0.7488955334E-03
 qchnge =    0.3232760650E-03
 qchnge =    0.1429975208E-03
 qchnge =    0.6376557811E-04
 qchnge =    0.2851644258E-04
 qchnge =    0.1276675747E-04
 qchnge =    0.5718151261E-05
 qchnge =    0.2561584573E-05
 qchnge =    0.1147610461E-05
 qchnge =    0.5141552083E-06

 Convergence in   12 iterations


Resp charges for organic molecule                                               

          Point Charges Before & After Optimization

    no.  At.no.    q(init)       q(opt)     ivary    d(rstr)/dq
    1   6       0.000000      -0.249845      0       0.001858
    2   6       0.000000       0.208955      0       0.002158
    3   8       0.000000      -0.418628      0       0.001162
    4   6       0.000000       0.794851      0       0.000624
    5   8       0.000000      -0.589630      0       0.000836
    6   6       0.000000      -0.146972      0       0.002813
    7   6       0.000000      -0.125977      0       0.003109
    8   6       0.000000      -0.134591      0       0.002982
    9   6       0.000000      -0.219385      0       0.002074
   10   6       0.000000       0.176728      0       0.002462
   11   6       0.000000      -0.140514      0       0.002899
   12   7       0.000000      -0.425608      0       0.001144
   13   6       0.000000       0.826016      0       0.000601
   14   8       0.000000      -0.574491      0       0.000857
   15   6       0.000000      -0.722463      0       0.000686
   16  35       0.000000      -0.068222      0       0.004130
   17   1       0.000000       0.068380      0       0.000000
   18   1       0.000000       0.079254      0       0.000000
   19   1       0.000000       0.079268      0       0.000000
   20   1       0.000000       0.045458      0       0.000000
   21   1       0.000000       0.045556      0       0.000000
   22   1       0.000000       0.135229      0       0.000000
   23   1       0.000000       0.150897      0       0.000000
   24   1       0.000000       0.172262      0       0.000000
   25   1       0.000000       0.178575      0       0.000000
   26   1       0.000000       0.255133      0       0.000000
   27   1       0.000000       0.299886      0       0.000000
   28   1       0.000000       0.299876      0       0.000000

 Sum over the calculated charges:     -0.000

        Statistics of the fitting:
  The initial sum of squares (ssvpot)                      0.907
  The residual sum of squares (chipot)                     0.006
  The std err of estimate (sqrt(chipot/N))               0.00119
  ESP relative RMS (SQRT(chipot/ssvpot))                 0.08182

 Center of Mass (Angst.):

 X  =   0.00000      Y  =   0.00000      Z  =   0.00000

 Dipole (Debye):

 X  =   0.32800      Y  =   3.56301      Z  =   0.00262

 Dipole Moment (Debye)=   3.57808

 Quadrupole (Debye*Angst.):

 Qxx =  41.16334     QYY = -23.01754     QZZ = -18.14580
 Qxy = -47.63958     QXZ = -27.76626     QYZ = -27.80156
