
 -----------------------------------------------
      Restrained ESP Fit 2.3  Amber 4.1
 -----------------------------------------------
 Resp charges for organic molecule                                               
 -----------------------------------------------


 inopt       =     0   ioutopt     =     1
 nmol        =     1   iqopt       =     0
 ihfree      =     1   irstrnt     =     1
 iunits      =     0   qwt         =   0.00050000
 wtmol(1) =     1.000000
 subtitle:

Resp charges for organic molecule                                               
ich =   0  iuniq =  23
    1    6    0
    2    6    0
    3    6    0
    4    6    0
    5    6    0
    6    6    0
    7    6    0
    8    6    0
    9    6    0
   10    8    0
   11    7    0
   12    6    0
   13   16    0
   14    7    0
   15   35    0
   16    8    0
   17    1    0
   18    1    0
   19    1    0
   20    1    0
   21    1    0
   22    1    0
   23    1    0

  ----------------------------------------------------------------------------
     ATOM                       COORDINATES                         CHARGE
                       X             Y                Z
  ----------------------------------------------------------------------------
  ----------------------------------------------------------------------------


 Charge on the molecule(ich) =    0
 Total number of atoms (iuniq)     =   23
 Weight factor on initial charge restraints(qwt)=     0.50000D-03


  there are  1 charge constraints:


     1       1
     2       1
     3       1
     4       1
     5       1
     6       1
     7       1
     8       1
     9       1
    10       1
    11       1
    12       1
    13       1
    14       1
    15       1
    16       1
    17       1
    18       1
    19       1
    20       1
    21       1
    22       1
    23       1

 Reading esp"s for molecule   1
 total number of atoms      =    23
 total number of esp points =  3963


 center     X       Y       Z 
    1   0.1973414E+01   0.4759575E+01   0.6500657E-03
    2   0.4589566E+01   0.4772501E+01   0.1965315E-03
    3   0.5934635E+01   0.2490757E+01  -0.2721205E-03
    4   0.4543888E+01   0.2268049E+00  -0.1114938E-03
    5   0.1929314E+01   0.1897474E+00   0.4119603E-03
    6   0.5690343E+00   0.2484727E+01   0.7180959E-03
    7  -0.2165140E+01   0.2704283E+01   0.7785671E-03
    8  -0.4084544E+01   0.9951146E+00   0.9543116E-03
    9  -0.4164183E+01  -0.1824517E+01   0.1799019E-02
   10  -0.2473154E+01  -0.3390783E+01   0.2246884E-02
   11  -0.6736854E+01  -0.2387491E+01   0.2065470E-02
   12  -0.8277064E+01  -0.2757318E+00  -0.1266116E-03
   13  -0.1140632E+02  -0.2002278E+00  -0.2313025E-02
   14  -0.6642020E+01   0.1716803E+01   0.5536897E-03
   15   0.6394782E+01  -0.2890052E+01  -0.6292787E-03
   16   0.8482719E+01   0.2585508E+01  -0.8163616E-03
   17   0.9724813E+00   0.6553284E+01   0.1054467E-02
   18   0.5650485E+01   0.6527168E+01   0.2267671E-03
   19   0.9282863E+00  -0.1595460E+01   0.6954192E-03
   20  -0.2806496E+01   0.4663360E+01   0.5158952E-03
   21  -0.7427853E+01  -0.4168365E+01  -0.4176294E-03
   22  -0.7284690E+01   0.3513853E+01  -0.1672408E-02
   23   0.9133694E+01   0.8590619E+00  -0.1137615E-02
 Initial ssvpot =     0.894


 Number of unique UNfrozen centers=   23

 Non-linear optimization requested.
 qchnge =    0.7012002308E-01
 qchnge =    0.5340653433E-02
 qchnge =    0.1020679870E-02
 qchnge =    0.2408393450E-03
 qchnge =    0.6174573722E-04
 qchnge =    0.1693696483E-04
 qchnge =    0.4916644914E-05
 qchnge =    0.1485228700E-05
 qchnge =    0.4594748555E-06

 Convergence in    8 iterations


Resp charges for organic molecule                                               

          Point Charges Before & After Optimization

    no.  At.no.    q(init)       q(opt)     ivary    d(rstr)/dq
    1   6       0.000000      -0.138812      0       0.002923
    2   6       0.000000      -0.324897      0       0.001471
    3   6       0.000000       0.536050      0       0.000917
    4   6       0.000000      -0.354254      0       0.001358
    5   6       0.000000      -0.011068      0       0.004970
    6   6       0.000000       0.114892      0       0.003283
    7   6       0.000000      -0.354387      0       0.001358
    8   6       0.000000       0.069503      0       0.004106
    9   6       0.000000       0.596033      0       0.000827
   10   8       0.000000      -0.561972      0       0.000876
   11   7       0.000000      -0.200049      0       0.002236
   12   6       0.000000       0.007725      0       0.004985
   13  16       0.000000      -0.344092      0       0.001395
   14   7       0.000000      -0.198288      0       0.002251
   15  35       0.000000      -0.025741      0       0.004842
   16   8       0.000000      -0.576424      0       0.000855
   17   1       0.000000       0.155930      0       0.000000
   18   1       0.000000       0.201012      0       0.000000
   19   1       0.000000       0.216371      0       0.000000
   20   1       0.000000       0.215719      0       0.000000
   21   1       0.000000       0.287823      0       0.000000
   22   1       0.000000       0.287073      0       0.000000
   23   1       0.000000       0.401852      0       0.000000

 Sum over the calculated charges:     -0.000

        Statistics of the fitting:
  The initial sum of squares (ssvpot)                      0.894
  The residual sum of squares (chipot)                     0.019
  The std err of estimate (sqrt(chipot/N))               0.00217
  ESP relative RMS (SQRT(chipot/ssvpot))                 0.14479

 Center of Mass (Angst.):

 X  =   0.00000      Y  =   0.00000      Z  =   0.00000

 Dipole (Debye):

 X  =   2.63657      Y  =   3.03143      Z  =  -0.00104

 Dipole Moment (Debye)=   4.01759

 Quadrupole (Debye*Angst.):

 Qxx = -69.77484     QYY =  55.08301     QZZ =  14.69183
 Qxy =   2.56172     QXZ =  14.67918     QYZ =  14.70251
