
 -----------------------------------------------
      Restrained ESP Fit 2.3  Amber 4.1
 -----------------------------------------------
 Resp charges for organic molecule                                               
 -----------------------------------------------


 inopt       =     0   ioutopt     =     1
 nmol        =     1   iqopt       =     0
 ihfree      =     1   irstrnt     =     1
 iunits      =     0   qwt         =   0.00050000
 wtmol(1) =     1.000000
 subtitle:

Resp charges for organic molecule                                               
ich =   0  iuniq =  18
    1    6    0
    2    6    0
    3    6    0
    4    6    0
    5    6    0
    6   17    0
    7    6    0
    8    6    0
    9    8    0
   10    1    0
   11    1    0
   12    1    0
   13    1    0
   14    1    0
   15    1    0
   16    1    0
   17    1    0
   18    1    0

  ----------------------------------------------------------------------------
     ATOM                       COORDINATES                         CHARGE
                       X             Y                Z
  ----------------------------------------------------------------------------
  ----------------------------------------------------------------------------


 Charge on the molecule(ich) =    0
 Total number of atoms (iuniq)     =   18
 Weight factor on initial charge restraints(qwt)=     0.50000D-03


  there are  1 charge constraints:


     1       1
     2       1
     3       1
     4       1
     5       1
     6       1
     7       1
     8       1
     9       1
    10       1
    11       1
    12       1
    13       1
    14       1
    15       1
    16       1
    17       1
    18       1

 Reading esp"s for molecule   1
 total number of atoms      =    18
 total number of esp points =  2637


 center     X       Y       Z 
    1  -0.1919397E+01   0.4668621E+01  -0.5679345E+00
    2  -0.3172287E+01   0.2124309E+01  -0.1131833E+01
    3  -0.1911097E+01  -0.1524045E+00   0.2210960E+00
    4   0.7874431E+00  -0.5557155E+00  -0.7119618E+00
    5   0.2801496E+01  -0.1187995E+00   0.7234306E+00
    6   0.5903368E+01  -0.5743293E+00  -0.3336047E+00
    7  -0.3368045E+01  -0.2476807E+01  -0.3081482E+00
    8  -0.4527944E+01  -0.4399256E+01  -0.7185872E+00
    9  -0.1983965E+01   0.4075119E+00   0.2866575E+01
   10   0.4956184E-01   0.4707710E+01  -0.1201323E+01
   11  -0.2934325E+01   0.6184776E+01  -0.1545983E+01
   12  -0.1952590E+01   0.5073228E+01   0.1458147E+01
   13  -0.5153491E+01   0.2153464E+01  -0.5305443E+00
   14  -0.3162513E+01   0.1740067E+01  -0.3167793E+01
   15   0.9933685E+00  -0.1227496E+01  -0.2642120E+01
   16   0.2693891E+01   0.5689115E+00   0.2647226E+01
   17  -0.5564275E+01  -0.6090498E+01  -0.1078482E+01
   18  -0.1596182E+01  -0.1146329E+01   0.3763198E+01
 Initial ssvpot =     0.260


 Number of unique UNfrozen centers=   18

 Non-linear optimization requested.
 qchnge =    0.7210542792E-01
 qchnge =    0.5495855514E-02
 qchnge =    0.1404017514E-02
 qchnge =    0.4109162567E-03
 qchnge =    0.1238141524E-03
 qchnge =    0.3758279239E-04
 qchnge =    0.1142831624E-04
 qchnge =    0.3476303401E-05
 qchnge =    0.1057416441E-05
 qchnge =    0.3216207026E-06

 Convergence in    9 iterations


Resp charges for organic molecule                                               

          Point Charges Before & After Optimization

    no.  At.no.    q(init)       q(opt)     ivary    d(rstr)/dq
    1   6       0.000000      -0.208227      0       0.002165
    2   6       0.000000       0.006119      0       0.004991
    3   6       0.000000       0.594090      0       0.000830
    4   6       0.000000      -0.170818      0       0.002526
    5   6       0.000000      -0.192644      0       0.002304
    6  17       0.000000      -0.109442      0       0.003373
    7   6       0.000000      -0.253118      0       0.001837
    8   6       0.000000      -0.322042      0       0.001483
    9   8       0.000000      -0.684199      0       0.000723
   10   1       0.000000       0.051642      0       0.000000
   11   1       0.000000       0.056478      0       0.000000
   12   1       0.000000       0.072727      0       0.000000
   13   1       0.000000       0.049229      0       0.000000
   14   1       0.000000       0.013625      0       0.000000
   15   1       0.000000       0.159183      0       0.000000
   16   1       0.000000       0.203947      0       0.000000
   17   1       0.000000       0.297917      0       0.000000
   18   1       0.000000       0.435534      0       0.000000

 Sum over the calculated charges:     -0.000

        Statistics of the fitting:
  The initial sum of squares (ssvpot)                      0.260
  The residual sum of squares (chipot)                     0.006
  The std err of estimate (sqrt(chipot/N))               0.00156
  ESP relative RMS (SQRT(chipot/ssvpot))                 0.15756

 Center of Mass (Angst.):

 X  =   0.00000      Y  =   0.00000      Z  =   0.00000

 Dipole (Debye):

 X  =  -1.66374      Y  =  -1.03237      Z  =  -0.16779

 Dipole Moment (Debye)=   1.96519

 Quadrupole (Debye*Angst.):

 Qxx = -16.58169     QYY =  11.03585     QZZ =   5.54584
 Qxy =   4.19055     QXZ =   1.68728     QYZ = -13.08125
