
 -----------------------------------------------
      Restrained ESP Fit 2.3  Amber 4.1
 -----------------------------------------------
 Resp charges for organic molecule                                               
 -----------------------------------------------


 inopt       =     0   ioutopt     =     1
 nmol        =     1   iqopt       =     2
 ihfree      =     1   irstrnt     =     1
 iunits      =     0   qwt         =   0.00100000
 wtmol(1) =     1.000000
 subtitle:

Resp charges for organic molecule                                               
ich =   0  iuniq =  17
    1    6  -99
    2    6  -99
    3    6  -99
    4    6  -99
    5    6  -99
    6    6  -99
    7    7  -99
    8    1  -99
    9    6  -99
   10    8  -99
   11   35  -99
   12    7  -99
   13    6  -99
   14    1  -99
   15    1  -99
   16    1  -99
   17    1  -99
 new q0 values to be read  17

  ----------------------------------------------------------------------------
     ATOM                       COORDINATES                         CHARGE
                       X             Y                Z
  ----------------------------------------------------------------------------
  ----------------------------------------------------------------------------


 Charge on the molecule(ich) =    0
 Total number of atoms (iuniq)     =   17
 Weight factor on initial charge restraints(qwt)=     0.10000D-02


  there are  1 charge constraints:


     1       1
     2       1
     3       1
     4       1
     5       1
     6       1
     7       1
     8       1
     9       1
    10       1
    11       1
    12       1
    13       1
    14       1
    15       1
    16       1
    17       1

 Reading esp"s for molecule   1
 total number of atoms      =    17
 total number of esp points =  3165


 center     X       Y       Z 
    1   0.4553920E+01   0.4234126E+01   0.3174740E-03
    2   0.5094697E+01   0.1674057E+01   0.3968425E-04
    3   0.3093408E+01  -0.5950180E-01  -0.5423514E-03
    4   0.5816406E+00   0.8818784E+00  -0.6349479E-03
    5  -0.1467608E+01  -0.9286548E+00  -0.5007774E-03
    6  -0.9502827E+00  -0.3436780E+01   0.1398397E-03
    7   0.1500694E+01  -0.4306190E+01   0.1133836E-04
    8   0.1842848E+01  -0.6189558E+01   0.8239205E-03
    9   0.3655991E+01  -0.2786735E+01  -0.1536347E-02
   10   0.5773806E+01  -0.3722138E+01   0.1060136E-02
   11  -0.4873082E+01   0.1841519E+00   0.1341705E-03
   12   0.6658638E-01   0.3378021E+01  -0.1814137E-03
   13   0.2004791E+01   0.4973971E+01   0.2381055E-03
   14   0.6042350E+01   0.5645197E+01   0.6103815E-03
   15   0.7014270E+01   0.9509196E+00  -0.2078699E-04
   16  -0.2416432E+01  -0.4864476E+01   0.9543116E-03
   17   0.1514096E+01   0.6972766E+01   0.5291233E-03
 Initial ssvpot =     0.637


 Number of unique UNfrozen centers=    0
 ALL charges are frozen!!!

 Non-linear optimization requested.
 qchnge =    0.8516027743E-01
 qchnge =     0.000000000    
 qchnge =     0.000000000    

 Convergence in    2 iterations


Resp charges for organic molecule                                               

          Point Charges Before & After Optimization

    no.  At.no.    q(init)       q(opt)     ivary    d(rstr)/dq
    1   6      -0.314315      -0.314315    -99       0.003032
    2   6      -0.041594      -0.041594    -99       0.009233
    3   6      -0.188294      -0.188294    -99       0.004690
    4   6       0.623811       0.623811    -99       0.001583
    5   6      -0.372228      -0.372228    -99       0.002595
    6   6       0.083401       0.083401    -99       0.007680
    7   7      -0.410636      -0.410636    -99       0.002366
    8   1       0.338667       0.338667    -99       0.000000
    9   6       0.581883       0.581883    -99       0.001694
   10   8      -0.586072      -0.586072    -99       0.001682
   11  35      -0.039626      -0.039626    -99       0.009297
   12   7      -0.544839      -0.544839    -99       0.001805
   13   6       0.245572       0.245572    -99       0.003771
   14   1       0.167564       0.167564    -99       0.000000
   15   1       0.182640       0.182640    -99       0.000000
   16   1       0.170023       0.170023    -99       0.000000
   17   1       0.104043       0.104043    -99       0.000000

 Sum over the calculated charges:     -0.000

        Statistics of the fitting:
  The initial sum of squares (ssvpot)                      0.637
  The residual sum of squares (chipot)                     0.006
  The std err of estimate (sqrt(chipot/N))               0.00141
  ESP relative RMS (SQRT(chipot/ssvpot))                 0.09928

 Center of Mass (Angst.):

 X  =   0.00000      Y  =   0.00000      Z  =   0.00000

 Dipole (Debye):

 X  =   0.11406      Y  =  -0.39766      Z  =  -0.00247

 Dipole Moment (Debye)=   0.41370

 Quadrupole (Debye*Angst.):

 Qxx = -29.24532     QYY =  38.02677     QZZ =  -8.78145
 Qxy =  37.84258     QXZ =  -8.80800     QYZ =  -8.76978
