
 -----------------------------------------------
      Restrained ESP Fit 2.3  Amber 4.1
 -----------------------------------------------
 Resp charges for organic molecule                                               
 -----------------------------------------------


 inopt       =     0   ioutopt     =     1
 nmol        =     1   iqopt       =     0
 ihfree      =     1   irstrnt     =     1
 iunits      =     0   qwt         =   0.00050000
 wtmol(1) =     1.000000
 subtitle:

Resp charges for organic molecule                                               
ich =   0  iuniq =  26
    1    6    0
    2    6    0
    3    1    0
    4    6    0
    5    6    0
    6    1    0
    7    7    0
    8    8    0
    9    6    0
   10    8    0
   11    6    0
   12    6    0
   13    6    0
   14    6    0
   15    6    0
   16    6    0
   17    8    0
   18   17    0
   19    1    0
   20    1    0
   21    1    0
   22    1    0
   23    1    0
   24    1    0
   25    1    0
   26    1    0

  ----------------------------------------------------------------------------
     ATOM                       COORDINATES                         CHARGE
                       X             Y                Z
  ----------------------------------------------------------------------------
  ----------------------------------------------------------------------------


 Charge on the molecule(ich) =    0
 Total number of atoms (iuniq)     =   26
 Weight factor on initial charge restraints(qwt)=     0.50000D-03


  there are  1 charge constraints:


     1       1
     2       1
     3       1
     4       1
     5       1
     6       1
     7       1
     8       1
     9       1
    10       1
    11       1
    12       1
    13       1
    14       1
    15       1
    16       1
    17       1
    18       1
    19       1
    20       1
    21       1
    22       1
    23       1
    24       1
    25       1
    26       1

 Reading esp"s for molecule   1
 total number of atoms      =    26
 total number of esp points =  3286


 center     X       Y       Z 
    1   0.8233415E+01  -0.5540336E+00   0.2472262E+01
    2   0.7297685E+01  -0.2367146E+00  -0.2303633E+00
    3   0.8821600E+01  -0.5860021E+00  -0.1580418E+01
    4   0.5962924E+01   0.2335168E+01  -0.7361711E+00
    5   0.3226448E+01   0.1570844E+01  -0.1275278E+01
    6   0.2800759E+01   0.1527964E+01  -0.3313019E+01
    7   0.3121793E+01  -0.9661583E+00  -0.1957340E+00
    8   0.5418173E+01  -0.2151166E+01  -0.8430672E+00
    9   0.9007095E+00  -0.2331414E+01  -0.2947368E+00
   10   0.7356836E+00  -0.4626132E+01  -0.3131219E+00
   11  -0.1300530E+01  -0.5479733E+00  -0.1718158E+00
   12  -0.3748634E+01  -0.1540010E+01  -0.9409513E-01
   13  -0.5795480E+01   0.8304779E-01   0.1601505E+00
   14  -0.5441527E+01   0.2694390E+01   0.3625345E+00
   15  -0.3009714E+01   0.3694637E+01   0.2793903E+00
   16  -0.9444983E+00   0.2080424E+01  -0.3212534E-04
   17   0.1432242E+01   0.3132266E+01  -0.5200904E-01
   18  -0.8877175E+01  -0.1153079E+01   0.2506514E+00
   19   0.6669115E+01  -0.3288029E+00   0.3807866E+01
   20   0.9056973E+01  -0.2432232E+01   0.2734269E+01
   21   0.9678919E+01   0.8647216E+00   0.2909220E+01
   22   0.6791403E+01   0.3363629E+01  -0.2322691E+01
   23   0.6005827E+01   0.3549735E+01   0.9352027E+00
   24  -0.3986664E+01  -0.3572045E+01  -0.2084878E+00
   25  -0.7062006E+01   0.3933168E+01   0.5663547E+00
   26  -0.2690084E+01   0.5715367E+01   0.4152975E+00
 Initial ssvpot =     0.994


 Number of unique UNfrozen centers=   26

 Non-linear optimization requested.
 qchnge =    0.5802474887E-01
 qchnge =    0.1040608991E-01
 qchnge =    0.2734385515E-02
 qchnge =    0.8691583614E-03
 qchnge =    0.2931481756E-03
 qchnge =    0.1008732067E-03
 qchnge =    0.3497539790E-04
 qchnge =    0.1216693136E-04
 qchnge =    0.4239746931E-05
 qchnge =    0.1478965730E-05
 qchnge =    0.5163016215E-06

 Convergence in   10 iterations


Resp charges for organic molecule                                               

          Point Charges Before & After Optimization

    no.  At.no.    q(init)       q(opt)     ivary    d(rstr)/dq
    1   6       0.000000      -0.271621      0       0.001727
    2   6       0.000000       0.283738      0       0.001662
    3   1       0.000000       0.063390      0       0.000000
    4   6       0.000000      -0.204764      0       0.002194
    5   6       0.000000       0.278525      0       0.001690
    6   1       0.000000       0.076817      0       0.000000
    7   7       0.000000      -0.124643      0       0.003129
    8   8       0.000000      -0.336572      0       0.001424
    9   6       0.000000       0.611629      0       0.000807
   10   8       0.000000      -0.523384      0       0.000938
   11   6       0.000000      -0.212218      0       0.002131
   12   6       0.000000      -0.005041      0       0.004994
   13   6       0.000000      -0.063072      0       0.004229
   14   6       0.000000      -0.043924      0       0.004578
   15   6       0.000000      -0.237965      0       0.001937
   16   6       0.000000       0.274076      0       0.001714
   17   8       0.000000      -0.374815      0       0.001289
   18  17       0.000000      -0.104860      0       0.003451
   19   1       0.000000       0.084937      0       0.000000
   20   1       0.000000       0.099604      0       0.000000
   21   1       0.000000       0.062769      0       0.000000
   22   1       0.000000       0.075278      0       0.000000
   23   1       0.000000       0.111083      0       0.000000
   24   1       0.000000       0.152971      0       0.000000
   25   1       0.000000       0.154520      0       0.000000
   26   1       0.000000       0.173542      0       0.000000

 Sum over the calculated charges:     -0.000

        Statistics of the fitting:
  The initial sum of squares (ssvpot)                      0.994
  The residual sum of squares (chipot)                     0.009
  The std err of estimate (sqrt(chipot/N))               0.00164
  ESP relative RMS (SQRT(chipot/ssvpot))                 0.09443

 Center of Mass (Angst.):

 X  =   0.00000      Y  =   0.00000      Z  =   0.00000

 Dipole (Debye):

 X  =   2.73697      Y  =   5.30162      Z  =  -0.58845

 Dipole Moment (Debye)=   5.99537

 Quadrupole (Debye*Angst.):

 Qxx =  24.82320     QYY = -23.96258     QZZ =  -0.86061
 Qxy =  -5.33708     QXZ = -13.33298     QYZ = -16.24467
