
 -----------------------------------------------
      Restrained ESP Fit 2.3  Amber 4.1
 -----------------------------------------------
 Resp charges for organic molecule                                               
 -----------------------------------------------


 inopt       =     0   ioutopt     =     1
 nmol        =     1   iqopt       =     2
 ihfree      =     1   irstrnt     =     1
 iunits      =     0   qwt         =   0.00100000
 wtmol(1) =     1.000000
 subtitle:

Resp charges for organic molecule                                               
ich =   0  iuniq =  29
    1    6    0
    2    6  -99
    3    6  -99
    4    6  -99
    5    8  -99
    6    7  -99
    7    1  -99
    8    6  -99
    9    8  -99
   10    7  -99
   11    1  -99
   12    7  -99
   13    6    0
   14    6    0
   15    9  -99
   16    6    0
   17    6    0
   18   17  -99
   19    1    0
   20    1   19
   21    1   19
   22    1    0
   23    1   22
   24    1    0
   25    1   24
   26    1    0
   27    1   26
   28    1    0
   29    1   28
 new q0 values to be read  29

  ----------------------------------------------------------------------------
     ATOM                       COORDINATES                         CHARGE
                       X             Y                Z
  ----------------------------------------------------------------------------
  ----------------------------------------------------------------------------


 Charge on the molecule(ich) =    0
 Total number of atoms (iuniq)     =   29
 Weight factor on initial charge restraints(qwt)=     0.10000D-02


  there are  1 charge constraints:


     1       1
     2       1
     3       1
     4       1
     5       1
     6       1
     7       1
     8       1
     9       1
    10       1
    11       1
    12       1
    13       1
    14       1
    15       1
    16       1
    17       1
    18       1
    19       1
    20       1
    21       1
    22       1
    23       1
    24       1
    25       1
    26       1
    27       1
    28       1
    29       1

 Reading esp"s for molecule   1
 total number of atoms      =    29
 total number of esp points =  3443


 center     X       Y       Z 
    1  -0.1594708E+01   0.2806470E+00   0.4811885E+01
    2  -0.2584283E+01  -0.2781696E+00   0.2215239E+01
    3  -0.1202317E+01  -0.9984745E-01   0.4443313E-01
    4  -0.2388661E+01  -0.7614330E+00  -0.2385781E+01
    5  -0.1314724E+01  -0.7367418E+00  -0.4432509E+01
    6  -0.4943323E+01  -0.1465486E+01  -0.2223106E+01
    7  -0.5804448E+01  -0.1927061E+01  -0.3872064E+01
    8  -0.6411139E+01  -0.1661141E+01  -0.6759928E-01
    9  -0.8616419E+01  -0.2309480E+01  -0.4746236E-01
   10  -0.5084465E+01  -0.1032907E+01   0.2115554E+01
   11  -0.6109273E+01  -0.1167023E+01   0.3723677E+01
   12   0.1383342E+01   0.6644201E+00   0.6652780E-01
   13   0.1853525E+01   0.3112165E+01  -0.1176268E+01
   14   0.1134637E+01   0.5315954E+01   0.5309771E+00
   15   0.1611829E+01   0.7561973E+01  -0.7460015E+00
   16   0.3178035E+01  -0.1333234E+01  -0.6853961E+00
   17   0.5528985E+01  -0.1190575E+01   0.9850386E+00
   18   0.7806651E+01  -0.3596542E+01   0.8944262E-01
   19  -0.2687619E+01   0.1801062E+01   0.5702783E+01
   20  -0.1749072E+01  -0.1393631E+01   0.6025450E+01
   21   0.3809990E+00   0.8476801E+00   0.4700385E+01
   22   0.3875554E+01   0.3256705E+01  -0.1588154E+01
   23   0.8521549E+00   0.3268752E+01  -0.2986427E+01
   24  -0.8773015E+00   0.5264221E+01   0.1028175E+01
   25   0.2253417E+01   0.5290664E+01   0.2276077E+01
   26   0.3697721E+01  -0.1198139E+01  -0.2687633E+01
   27   0.2274166E+01  -0.3170713E+01  -0.4141278E+00
   28   0.6495039E+01   0.6245110E+00   0.8111346E+00
   29   0.5054992E+01  -0.1512200E+01   0.2966017E+01
 Initial ssvpot =     1.403


 Number of unique UNfrozen centers=   10

 Non-linear optimization requested.
 qchnge =    0.5340710635E-01
 qchnge =    0.1950763810E-02
 qchnge =    0.3512790164E-03
 qchnge =    0.7321689697E-04
 qchnge =    0.1555202791E-04
 qchnge =    0.3315776643E-05
 qchnge =    0.7075127694E-06

 Convergence in    6 iterations


Resp charges for organic molecule                                               

          Point Charges Before & After Optimization

    no.  At.no.    q(init)       q(opt)     ivary    d(rstr)/dq
    1   6      -0.170492      -0.088851      0       0.007476
    2   6       0.131809       0.131809    -99       0.006044
    3   6       0.006323       0.006323    -99       0.009980
    4   6       0.524051       0.524051    -99       0.001874
    5   8      -0.544539      -0.544539    -99       0.001806
    6   7      -0.471993      -0.471993    -99       0.002073
    7   1       0.351317       0.351317    -99       0.000000
    8   6       0.640709       0.640709    -99       0.001542
    9   8      -0.569028      -0.569028    -99       0.001731
   10   7      -0.436804      -0.436804    -99       0.002232
   11   1       0.343691       0.343691    -99       0.000000
   12   7      -0.202102      -0.202102    -99       0.004435
   13   6      -0.123919      -0.158467      0       0.005336
   14   6       0.155684       0.173843      0       0.004986
   15   9      -0.274208      -0.274208    -99       0.003426
   16   6       0.039990      -0.050613      0       0.008923
   17   6      -0.262909      -0.211110      0       0.004281
   18  17      -0.184641      -0.184641    -99       0.004762
   19   1       0.085133       0.057133      0       0.000000
   20   1       0.096490       0.057133     19       0.000000
   21   1       0.047389       0.057133     19       0.000000
   22   1       0.118452       0.130955      0       0.000000
   23   1       0.112531       0.130955     22       0.000000
   24   1       0.055884       0.040547      0       0.000000
   25   1       0.042029       0.040547     24       0.000000
   26   1       0.079211       0.104357      0       0.000000
   27   1       0.082611       0.104357     26       0.000000
   28   1       0.168849       0.148746      0       0.000000
   29   1       0.158484       0.148746     28       0.000000

 Sum over the calculated charges:     -0.000

        Statistics of the fitting:
  The initial sum of squares (ssvpot)                      1.403
  The residual sum of squares (chipot)                     0.010
  The std err of estimate (sqrt(chipot/N))               0.00171
  ESP relative RMS (SQRT(chipot/ssvpot))                 0.08486

 Center of Mass (Angst.):

 X  =   0.00000      Y  =   0.00000      Z  =   0.00000

 Dipole (Debye):

 X  =  -0.85140      Y  =   0.57655      Z  =   5.20613

 Dipole Moment (Debye)=   5.30671

 Quadrupole (Debye*Angst.):

 Qxx = -37.87896     QYY =  -9.99465     QZZ =  47.87362
 Qxy =  29.22428     QXZ =  20.88259     QYZ =  32.43301
