
 -----------------------------------------------
      Restrained ESP Fit 2.3  Amber 4.1
 -----------------------------------------------
 Resp charges for organic molecule                                               
 -----------------------------------------------


 inopt       =     0   ioutopt     =     1
 nmol        =     1   iqopt       =     2
 ihfree      =     1   irstrnt     =     1
 iunits      =     0   qwt         =   0.00100000
 wtmol(1) =     1.000000
 subtitle:

Resp charges for organic molecule                                               
ich =   0  iuniq =  16
    1    6    0
    2    6  -99
    3    6  -99
    4    6  -99
    5    6  -99
    6    6  -99
    7    6  -99
    8   17  -99
    9    8  -99
   10    1    0
   11    1   10
   12    1   10
   13    1  -99
   14    1  -99
   15    1  -99
   16    1  -99
 new q0 values to be read  16

  ----------------------------------------------------------------------------
     ATOM                       COORDINATES                         CHARGE
                       X             Y                Z
  ----------------------------------------------------------------------------
  ----------------------------------------------------------------------------


 Charge on the molecule(ich) =    0
 Total number of atoms (iuniq)     =   16
 Weight factor on initial charge restraints(qwt)=     0.10000D-02


  there are  1 charge constraints:


     1       1
     2       1
     3       1
     4       1
     5       1
     6       1
     7       1
     8       1
     9       1
    10       1
    11       1
    12       1
    13       1
    14       1
    15       1
    16       1

 Reading esp"s for molecule   1
 total number of atoms      =    16
 total number of esp points =  2334


 center     X       Y       Z 
    1   0.2141575E+01   0.4061851E+01   0.3779452E-05
    2   0.4940575E+00   0.1737637E+01  -0.4724315E-04
    3  -0.2143798E+01   0.1957989E+01   0.1133836E-04
    4  -0.3712482E+01  -0.1663223E+00  -0.3779452E-05
    5  -0.2653665E+01  -0.2585769E+01   0.5669178E-05
    6  -0.3841246E-01  -0.2846016E+01   0.1133836E-04
    7   0.1505679E+01  -0.7100041E+00  -0.5291233E-04
    8   0.4814083E+01  -0.1142680E+01   0.1133836E-04
    9  -0.6290117E+01   0.7077024E-02  -0.1889726E-05
   10   0.3376914E+01   0.4107508E+01  -0.1661921E+01
   11   0.9926050E+00   0.5780245E+01   0.1455089E-03
   12   0.3376897E+01   0.4107304E+01   0.1661955E+01
   13  -0.2980516E+01   0.3838204E+01  -0.5858151E-04
   14  -0.3884579E+01  -0.4225344E+01   0.9448630E-05
   15   0.8137330E+00  -0.4710603E+01   0.7558904E-05
   16  -0.6771253E+01   0.1775428E+01   0.1114938E-03
 Initial ssvpot =     0.378


 Number of unique UNfrozen centers=    2

 Non-linear optimization requested.
 qchnge =    0.7782478916E-01
 qchnge =    0.4440311790E-03
 qchnge =    0.8820171269E-05
 qchnge =    0.1784865244E-06

 Convergence in    3 iterations


Resp charges for organic molecule                                               

          Point Charges Before & After Optimization

    no.  At.no.    q(init)       q(opt)     ivary    d(rstr)/dq
    1   6      -0.269474      -0.266458      0       0.003514
    2   6       0.325778       0.325778    -99       0.002934
    3   6      -0.543352      -0.543352    -99       0.001810
    4   6       0.472620       0.472620    -99       0.002070
    5   6      -0.302989      -0.302989    -99       0.003134
    6   6      -0.102577      -0.102577    -99       0.006981
    7   6      -0.105030      -0.105030    -99       0.006896
    8  17      -0.123739      -0.123739    -99       0.006286
    9   8      -0.626619      -0.626619    -99       0.001576
   10   1       0.087547       0.086293      0       0.000000
   11   1       0.086801       0.086293     10       0.000000
   12   1       0.087548       0.086293     10       0.000000
   13   1       0.202638       0.202638    -99       0.000000
   14   1       0.198893       0.198893    -99       0.000000
   15   1       0.166733       0.166733    -99       0.000000
   16   1       0.445222       0.445222    -99       0.000000

 Sum over the calculated charges:     -0.000

        Statistics of the fitting:
  The initial sum of squares (ssvpot)                      0.378
  The residual sum of squares (chipot)                     0.006
  The std err of estimate (sqrt(chipot/N))               0.00159
  ESP relative RMS (SQRT(chipot/ssvpot))                 0.12508

 Center of Mass (Angst.):

 X  =   0.00000      Y  =   0.00000      Z  =   0.00000

 Dipole (Debye):

 X  =  -1.50205      Y  =   1.97829      Z  =   0.00009

 Dipole Moment (Debye)=   2.48391

 Quadrupole (Debye*Angst.):

 Qxx = -11.99297     QYY =  22.95154     QZZ = -10.95857
 Qxy = -24.54829     QXZ = -12.88320     QYZ = -12.88189
