
 -----------------------------------------------
      Restrained ESP Fit 2.3  Amber 4.1
 -----------------------------------------------
 Resp charges for organic molecule                                               
 -----------------------------------------------


 inopt       =     0   ioutopt     =     1
 nmol        =     1   iqopt       =     2
 ihfree      =     1   irstrnt     =     1
 iunits      =     0   qwt         =   0.00100000
 wtmol(1) =     1.000000
 subtitle:

Resp charges for organic molecule                                               
ich =   0  iuniq =  22
    1    6  -99
    2    6  -99
    3    6  -99
    4    6  -99
    5    6  -99
    6    6  -99
    7    6  -99
    8    6  -99
    9    7  -99
   10    6  -99
   11    6  -99
   12   16  -99
   13    6  -99
   14    7  -99
   15   35  -99
   16    1  -99
   17    1  -99
   18    1  -99
   19    1  -99
   20    1  -99
   21    1  -99
   22    1  -99
 new q0 values to be read  22

  ----------------------------------------------------------------------------
     ATOM                       COORDINATES                         CHARGE
                       X             Y                Z
  ----------------------------------------------------------------------------
  ----------------------------------------------------------------------------


 Charge on the molecule(ich) =    0
 Total number of atoms (iuniq)     =   22
 Weight factor on initial charge restraints(qwt)=     0.10000D-02


  there are  1 charge constraints:


     1       1
     2       1
     3       1
     4       1
     5       1
     6       1
     7       1
     8       1
     9       1
    10       1
    11       1
    12       1
    13       1
    14       1
    15       1
    16       1
    17       1
    18       1
    19       1
    20       1
    21       1
    22       1

 Reading esp"s for molecule   1
 total number of atoms      =    22
 total number of esp points =  3931


 center     X       Y       Z 
    1   0.1793817E+01   0.2501991E+01  -0.2961201E-02
    2   0.4420685E+01   0.2357734E+01  -0.2745772E-02
    3   0.5577379E+01  -0.8955411E-02  -0.2456644E-04
    4   0.4142391E+01  -0.2216669E+01   0.2381055E-02
    5   0.1516428E+01  -0.2047163E+01   0.2220428E-02
    6   0.2966624E+00   0.3099094E+00  -0.3288123E-03
    7  -0.2474451E+01   0.4308764E+00  -0.2135390E-03
    8  -0.4012053E+01   0.2550739E+01   0.1517450E-02
    9  -0.6457201E+01   0.1628755E+01   0.1235881E-02
   10  -0.8923702E+01   0.2531454E+01   0.2723095E-02
   11  -0.1064196E+02   0.6427449E+00   0.1402177E-02
   12  -0.9248733E+01  -0.2388355E+01  -0.1761225E-02
   13  -0.6248466E+01  -0.9752838E+00  -0.1103600E-02
   14  -0.3908830E+01  -0.1769235E+01  -0.2086257E-02
   15   0.9186497E+01  -0.2233883E+00   0.2494438E-03
   16   0.9103453E+00   0.4355550E+01  -0.5518000E-02
   17   0.5558873E+01   0.4062325E+01  -0.4830140E-02
   18   0.5066641E+01  -0.4046332E+01   0.4408731E-02
   19   0.3730414E+00  -0.3748086E+01   0.4070470E-02
   20  -0.3615343E+01   0.4549410E+01   0.3522449E-02
   21  -0.9285361E+01   0.4542484E+01   0.4565578E-02
   22  -0.1267402E+02   0.8359883E+00   0.1976653E-02
 Initial ssvpot =     0.820


 Number of unique UNfrozen centers=    0
 ALL charges are frozen!!!

 Non-linear optimization requested.
 qchnge =    0.5193473796E-01
 qchnge =     0.000000000    
 qchnge =     0.000000000    

 Convergence in    2 iterations


Resp charges for organic molecule                                               

          Point Charges Before & After Optimization

    no.  At.no.    q(init)       q(opt)     ivary    d(rstr)/dq
    1   6      -0.135984      -0.135984    -99       0.005924
    2   6      -0.050559      -0.050559    -99       0.008924
    3   6      -0.127499      -0.127499    -99       0.006171
    4   6      -0.050559      -0.050559    -99       0.008924
    5   6      -0.135984      -0.135984    -99       0.005924
    6   6       0.077500       0.077500    -99       0.007904
    7   6       0.185985       0.185985    -99       0.004736
    8   6      -0.569006      -0.569006    -99       0.001731
    9   7       0.473909       0.473909    -99       0.002065
   10   6      -0.352824      -0.352824    -99       0.002727
   11   6      -0.295899      -0.295899    -99       0.003202
   12  16       0.021993       0.021993    -99       0.009767
   13   6       0.128478       0.128478    -99       0.006142
   14   7      -0.383936      -0.383936    -99       0.002521
   15  35      -0.086963      -0.086963    -99       0.007546
   16   1       0.118533       0.118533    -99       0.000000
   17   1       0.136845       0.136845    -99       0.000000
   18   1       0.136845       0.136845    -99       0.000000
   19   1       0.118533       0.118533    -99       0.000000
   20   1       0.262940       0.262940    -99       0.000000
   21   1       0.252680       0.252680    -99       0.000000
   22   1       0.274970       0.274970    -99       0.000000

 Sum over the calculated charges:     -0.000

        Statistics of the fitting:
  The initial sum of squares (ssvpot)                      0.820
  The residual sum of squares (chipot)                     0.016
  The std err of estimate (sqrt(chipot/N))               0.00202
  ESP relative RMS (SQRT(chipot/ssvpot))                 0.13972

 Center of Mass (Angst.):

 X  =   0.00000      Y  =   0.00000      Z  =   0.00000

 Dipole (Debye):

 X  =  -5.06116      Y  =   3.66628      Z  =   0.00355

 Dipole Moment (Debye)=   6.24956

 Quadrupole (Debye*Angst.):

 Qxx =  23.46864     QYY =  11.59981     QZZ = -35.06845
 Qxy = -67.82329     QXZ = -35.11252     QYZ = -35.07984
