
 -----------------------------------------------
      Restrained ESP Fit 2.3  Amber 4.1
 -----------------------------------------------
 Resp charges for organic molecule                                               
 -----------------------------------------------


 inopt       =     0   ioutopt     =     1
 nmol        =     1   iqopt       =     2
 ihfree      =     1   irstrnt     =     1
 iunits      =     0   qwt         =   0.00100000
 wtmol(1) =     1.000000
 subtitle:

Resp charges for organic molecule                                               
ich =   0  iuniq =  20
    1    6  -99
    2    6  -99
    3    6  -99
    4    6  -99
    5    6  -99
    6    6  -99
    7   35  -99
    8    7  -99
    9    6  -99
   10    7  -99
   11    8  -99
   12    6  -99
   13    8  -99
   14    6    0
   15    8  -99
   16    1  -99
   17    1  -99
   18    1  -99
   19    1    0
   20    1   19
 new q0 values to be read  20

  ----------------------------------------------------------------------------
     ATOM                       COORDINATES                         CHARGE
                       X             Y                Z
  ----------------------------------------------------------------------------
  ----------------------------------------------------------------------------


 Charge on the molecule(ich) =    0
 Total number of atoms (iuniq)     =   20
 Weight factor on initial charge restraints(qwt)=     0.10000D-02


  there are  1 charge constraints:


     1       1
     2       1
     3       1
     4       1
     5       1
     6       1
     7       1
     8       1
     9       1
    10       1
    11       1
    12       1
    13       1
    14       1
    15       1
    16       1
    17       1
    18       1
    19       1
    20       1

 Reading esp"s for molecule   1
 total number of atoms      =    20
 total number of esp points =  3471


 center     X       Y       Z 
    1  -0.3397274E+01   0.3225522E+01  -0.3249894E+00
    2  -0.1072777E+01   0.4462089E+01  -0.4460566E+00
    3   0.1161386E+01   0.3084944E+01  -0.2845814E+00
    4   0.1054779E+01   0.4447262E+00   0.3826695E-02
    5  -0.1255069E+01  -0.8156322E+00   0.1448305E+00
    6  -0.3462980E+01   0.6081422E+00  -0.2598940E-01
    7  -0.6646907E+01  -0.1073493E+01   0.1576391E+00
    8   0.3406029E+01  -0.8145569E+00   0.1049214E+00
    9   0.5640902E+01   0.4782273E+00   0.3333684E+00
   10   0.7607950E+01  -0.9562561E+00   0.1874381E+00
   11   0.6598294E+01  -0.3433778E+01  -0.1668987E+00
   12   0.4004964E+01  -0.3366908E+01  -0.2304370E+00
   13   0.2630421E+01  -0.5158043E+01  -0.5066280E+00
   14   0.5517629E+01   0.3261467E+01   0.8136045E+00
   15   0.3431616E+01   0.4330980E+01  -0.5350891E+00
   16  -0.5141425E+01   0.4291706E+01  -0.4523135E+00
   17  -0.9651190E+00   0.6496101E+01  -0.6801124E+00
   18  -0.1300920E+01  -0.2850824E+01   0.3409085E+00
   19   0.5297127E+01   0.3615857E+01   0.2849752E+01
   20   0.7222247E+01   0.4206390E+01   0.1453596E+00
 Initial ssvpot =     0.911


 Number of unique UNfrozen centers=    2

 Non-linear optimization requested.
 qchnge =    0.6366753686E-01
 qchnge =    0.1863224002E-04
 qchnge =    0.6735494022E-08

 Convergence in    2 iterations


Resp charges for organic molecule                                               

          Point Charges Before & After Optimization

    no.  At.no.    q(init)       q(opt)     ivary    d(rstr)/dq
    1   6      -0.008302      -0.008302    -99       0.009966
    2   6      -0.287283      -0.287283    -99       0.003287
    3   6       0.354031       0.354031    -99       0.002718
    4   6      -0.112422      -0.112422    -99       0.006646
    5   6      -0.047385      -0.047385    -99       0.009037
    6   6      -0.157745      -0.157745    -99       0.005354
    7  35      -0.045626      -0.045626    -99       0.009098
    8   7      -0.039593      -0.039593    -99       0.009298
    9   6       0.399823       0.399823    -99       0.002426
   10   7      -0.379903      -0.379903    -99       0.002546
   11   8      -0.214814      -0.214814    -99       0.004220
   12   6       0.695549       0.695549    -99       0.001423
   13   8      -0.538482      -0.538482    -99       0.001826
   14   6      -0.018283      -0.012716      0       0.009920
   15   8      -0.359249      -0.359249    -99       0.002682
   16   1       0.145548       0.145548    -99       0.000000
   17   1       0.183954       0.183954    -99       0.000000
   18   1       0.173760       0.173760    -99       0.000000
   19   1       0.099254       0.125428      0       0.000000
   20   1       0.157168       0.125428     19       0.000000

 Sum over the calculated charges:     -0.000

        Statistics of the fitting:
  The initial sum of squares (ssvpot)                      0.911
  The residual sum of squares (chipot)                     0.015
  The std err of estimate (sqrt(chipot/N))               0.00205
  ESP relative RMS (SQRT(chipot/ssvpot))                 0.12673

 Center of Mass (Angst.):

 X  =   0.00000      Y  =   0.00000      Z  =   0.00000

 Dipole (Debye):

 X  =  -0.41832      Y  =   5.57475      Z  =   1.65688

 Dipole Moment (Debye)=   5.83079

 Quadrupole (Debye*Angst.):

 Qxx = -13.19982     QYY =  -1.37799     QZZ =  14.57781
 Qxy =  36.26168     QXZ =  24.09797     QYZ =  12.14411
