
 -----------------------------------------------
      Restrained ESP Fit 2.3  Amber 4.1
 -----------------------------------------------
 Resp charges for organic molecule                                               
 -----------------------------------------------


 inopt       =     0   ioutopt     =     1
 nmol        =     1   iqopt       =     0
 ihfree      =     1   irstrnt     =     1
 iunits      =     0   qwt         =   0.00050000
 wtmol(1) =     1.000000
 subtitle:

Resp charges for organic molecule                                               
ich =   0  iuniq =  23
    1    6    0
    2    6    0
    3    7    0
    4    6    0
    5    7    3
    6    6    2
    7    7    0
    8    6    0
    9    7    0
   10    6    0
   11    6    0
   12    1    0
   13   16    0
   14    6    0
   15   53    0
   16    1    0
   17    1    0
   18    1   17
   19    1    0
   20    1    0
   21    1    0
   22    1    0
   23    1    0

  ----------------------------------------------------------------------------
     ATOM                       COORDINATES                         CHARGE
                       X             Y                Z
  ----------------------------------------------------------------------------
  ----------------------------------------------------------------------------


 Charge on the molecule(ich) =    0
 Total number of atoms (iuniq)     =   23
 Weight factor on initial charge restraints(qwt)=     0.50000D-03


  there are  1 charge constraints:


     1       1
     2       1
     3       1
     4       1
     5       1
     6       1
     7       1
     8       1
     9       1
    10       1
    11       1
    12       1
    13       1
    14       1
    15       1
    16       1
    17       1
    18       1
    19       1
    20       1
    21       1
    22       1
    23       1

 Reading esp"s for molecule   1
 total number of atoms      =    23
 total number of esp points =  4413


 center     X       Y       Z 
    1  -0.1156477E+02  -0.5144779E+00  -0.1082994E+01
    2  -0.1040124E+02  -0.2795368E+01  -0.4523758E+00
    3  -0.7958940E+01  -0.2957108E+01   0.1407506E+00
    4  -0.6663780E+01  -0.7652086E+00   0.9857567E-01
    5  -0.7562568E+01   0.1526543E+01  -0.4524760E+00
    6  -0.1001670E+02   0.1614831E+01  -0.1041082E+01
    7  -0.4137130E+01  -0.1062145E+01   0.7581940E+00
    8  -0.2187078E+01   0.6685132E+00   0.7621473E+00
    9  -0.2155518E+01   0.2845646E+01  -0.2499370E+00
   10   0.1663696E+00   0.4186497E+01   0.3208528E+00
   11   0.2338184E+01   0.2301930E+01   0.1024322E+01
   12   0.3566251E+01   0.3116678E+01   0.2468481E+01
   13   0.6317222E+00  -0.3811029E+00   0.2432191E+01
   14   0.3870348E+01   0.1589802E+01  -0.1304950E+01
   15   0.7117534E+01  -0.8966466E+00  -0.4942767E+00
   16  -0.1355194E+02  -0.4065519E+00  -0.1569028E+01
   17  -0.1145834E+02  -0.4560670E+01  -0.4198631E+00
   18  -0.1076162E+02   0.3479505E+01  -0.1492254E+01
   19  -0.3706206E+01  -0.2867599E+01   0.1216163E+01
   20  -0.1631816E+00   0.5474041E+01   0.1917539E+01
   21   0.7208133E+00   0.5354830E+01  -0.1298565E+01
   22   0.2746745E+01   0.5778196E+00  -0.2702730E+01
   23   0.4721679E+01   0.3262245E+01  -0.2160843E+01
 Initial ssvpot =     0.567


 Number of unique UNfrozen centers=   20

 Non-linear optimization requested.
 qchnge =    0.1087539387    
 qchnge =    0.3037960605E-02
 qchnge =    0.4711512510E-03
 qchnge =    0.8720887725E-04
 qchnge =    0.1755306389E-04
 qchnge =    0.3673317215E-05
 qchnge =    0.7815761030E-06

 Convergence in    6 iterations


Resp charges for organic molecule                                               

          Point Charges Before & After Optimization

    no.  At.no.    q(init)       q(opt)     ivary    d(rstr)/dq
    1   6       0.000000      -0.663923      0       0.000745
    2   6       0.000000       0.477690      0       0.001024
    3   7       0.000000      -0.823945      0       0.000602
    4   6       0.000000       1.250649      0       0.000399
    5   7       0.000000      -0.823945      3       0.000602
    6   6       0.000000       0.477690      2       0.001024
    7   7       0.000000      -0.891194      0       0.000558
    8   6       0.000000       0.692913      0       0.000714
    9   7       0.000000      -0.496704      0       0.000987
   10   6       0.000000      -0.015336      0       0.004942
   11   6       0.000000      -0.030522      0       0.004782
   12   1       0.000000       0.171448      0       0.000000
   13  16       0.000000      -0.221278      0       0.002059
   14   6       0.000000      -0.456145      0       0.001071
   15  53       0.000000      -0.098589      0       0.003561
   16   1       0.000000       0.215225      0       0.000000
   17   1       0.000000       0.090296      0       0.000000
   18   1       0.000000       0.090296     17       0.000000
   19   1       0.000000       0.410293      0       0.000000
   20   1       0.000000       0.079190      0       0.000000
   21   1       0.000000       0.118460      0       0.000000
   22   1       0.000000       0.230605      0       0.000000
   23   1       0.000000       0.216825      0       0.000000

 Sum over the calculated charges:     -0.000

        Statistics of the fitting:
  The initial sum of squares (ssvpot)                      0.567
  The residual sum of squares (chipot)                     0.014
  The std err of estimate (sqrt(chipot/N))               0.00178
  ESP relative RMS (SQRT(chipot/ssvpot))                 0.15740

 Center of Mass (Angst.):

 X  =   0.00000      Y  =   0.00000      Z  =   0.00000

 Dipole (Debye):

 X  =  -2.95308      Y  =   0.99092      Z  =  -0.63551

 Dipole Moment (Debye)=   3.17907

 Quadrupole (Debye*Angst.):

 Qxx =  33.39653     QYY = -10.17813     QZZ = -23.21840
 Qxy =  -5.28762     QXZ = -27.65502     QYZ = -33.02184
