
 -----------------------------------------------
      Restrained ESP Fit 2.3  Amber 4.1
 -----------------------------------------------
 Resp charges for organic molecule                                               
 -----------------------------------------------


 inopt       =     0   ioutopt     =     1
 nmol        =     1   iqopt       =     2
 ihfree      =     1   irstrnt     =     1
 iunits      =     0   qwt         =   0.00100000
 wtmol(1) =     1.000000
 subtitle:

Resp charges for organic molecule                                               
ich =   0  iuniq =  14
    1    6  -99
    2    6  -99
    3    6  -99
    4    6  -99
    5    6  -99
    6    6  -99
    7   53  -99
    8    7  -99
    9    1  -99
   10    1  -99
   11    1  -99
   12    1  -99
   13    1  -99
   14    1  -99
 new q0 values to be read  14

  ----------------------------------------------------------------------------
     ATOM                       COORDINATES                         CHARGE
                       X             Y                Z
  ----------------------------------------------------------------------------
  ----------------------------------------------------------------------------


 Charge on the molecule(ich) =    0
 Total number of atoms (iuniq)     =   14
 Weight factor on initial charge restraints(qwt)=     0.10000D-02


  there are  1 charge constraints:


     1       1
     2       1
     3       1
     4       1
     5       1
     6       1
     7       1
     8       1
     9       1
    10       1
    11       1
    12       1
    13       1
    14       1

 Reading esp"s for molecule   1
 total number of atoms      =    14
 total number of esp points =  3431


 center     X       Y       Z 
    1   0.3937367E+01   0.3441599E+01   0.2456644E-04
    2   0.5663386E+01   0.1460416E+01  -0.2456644E-04
    3   0.4811312E+01  -0.1060754E+01  -0.1360603E-03
    4   0.2187133E+01  -0.1524839E+01   0.6991986E-04
    5   0.5163884E+00   0.5012687E+00   0.4346370E-04
    6   0.1331306E+01   0.3004899E+01   0.3212534E-04
    7  -0.3476270E+01  -0.2715612E+00   0.0000000E+00
    8   0.6497195E+01  -0.3041780E+01  -0.2815692E-03
    9   0.4629360E+01   0.5375906E+01  -0.3212534E-04
   10   0.7681311E+01   0.1847381E+01  -0.9637602E-04
   11   0.1496797E+01  -0.3456190E+01   0.2683411E-03
   12   0.1698864E-02   0.4560806E+01  -0.1209425E-03
   13   0.8373520E+01  -0.2731548E+01   0.1880277E-02
   14   0.5897908E+01  -0.4846677E+01   0.4913288E-04
 Initial ssvpot =     0.401


 Number of unique UNfrozen centers=    0
 ALL charges are frozen!!!

 Non-linear optimization requested.
 qchnge =    0.1071926456    
 qchnge =     0.000000000    
 qchnge =     0.000000000    

 Convergence in    2 iterations


Resp charges for organic molecule                                               

          Point Charges Before & After Optimization

    no.  At.no.    q(init)       q(opt)     ivary    d(rstr)/dq
    1   6      -0.173805      -0.173805    -99       0.004987
    2   6      -0.282244      -0.282244    -99       0.003340
    3   6       0.502039       0.502039    -99       0.001954
    4   6      -0.070901      -0.070901    -99       0.008158
    5   6      -0.303358      -0.303358    -99       0.003131
    6   6       0.001616       0.001616    -99       0.009999
    7  53      -0.030430      -0.030430    -99       0.009567
    8   7      -1.133268      -1.133268    -99       0.000879
    9   1       0.158747       0.158747    -99       0.000000
   10   1       0.163123       0.163123    -99       0.000000
   11   1       0.125355       0.125355    -99       0.000000
   12   1       0.120152       0.120152    -99       0.000000
   13   1       0.461487       0.461487    -99       0.000000
   14   1       0.461487       0.461487    -99       0.000000

 Sum over the calculated charges:      0.000

        Statistics of the fitting:
  The initial sum of squares (ssvpot)                      0.401
  The residual sum of squares (chipot)                     0.005
  The std err of estimate (sqrt(chipot/N))               0.00117
  ESP relative RMS (SQRT(chipot/ssvpot))                 0.10814

 Center of Mass (Angst.):

 X  =   0.00000      Y  =   0.00000      Z  =   0.00000

 Dipole (Debye):

 X  =   3.37454      Y  =  -0.90063      Z  =   0.00286

 Dipole Moment (Debye)=   3.49266

 Quadrupole (Debye*Angst.):

 Qxx =  20.60834     QYY =  11.11241     QZZ = -31.72075
 Qxy = -43.21506     QXZ = -31.68422     QYZ = -31.73536
