
 -----------------------------------------------
      Restrained ESP Fit 2.3  Amber 4.1
 -----------------------------------------------
 Resp charges for organic molecule                                               
 -----------------------------------------------


 inopt       =     0   ioutopt     =     1
 nmol        =     1   iqopt       =     2
 ihfree      =     1   irstrnt     =     1
 iunits      =     0   qwt         =   0.00100000
 wtmol(1) =     1.000000
 subtitle:

Resp charges for organic molecule                                               
ich =   0  iuniq =  27
    1    6    0
    2    6  -99
    3    6    0
    4    6    0
    5    6  -99
    6    1  -99
    7    6  -99
    8    6    0
    9    6    8
   10    6  -99
   11    1  -99
   12    6  -99
   13    8  -99
   14   35  -99
   15    1    0
   16    1   15
   17    1   15
   18    1    0
   19    1   18
   20    1    0
   21    1   20
   22    1    0
   23    1   22
   24    1   22
   25    1   22
   26    1   22
   27    1   22
 new q0 values to be read  27

  ----------------------------------------------------------------------------
     ATOM                       COORDINATES                         CHARGE
                       X             Y                Z
  ----------------------------------------------------------------------------
  ----------------------------------------------------------------------------


 Charge on the molecule(ich) =    0
 Total number of atoms (iuniq)     =   27
 Weight factor on initial charge restraints(qwt)=     0.10000D-02


  there are  1 charge constraints:


     1       1
     2       1
     3       1
     4       1
     5       1
     6       1
     7       1
     8       1
     9       1
    10       1
    11       1
    12       1
    13       1
    14       1
    15       1
    16       1
    17       1
    18       1
    19       1
    20       1
    21       1
    22       1
    23       1
    24       1
    25       1
    26       1
    27       1

 Reading esp"s for molecule   1
 total number of atoms      =    27
 total number of esp points =  3221


 center     X       Y       Z 
    1   0.4522148E+01   0.2818798E+01  -0.1943419E+01
    2   0.2880145E+01   0.1246197E+01  -0.1914803E+00
    3   0.3953392E+01   0.8770370E+00   0.2539546E+01
    4   0.2414344E+01  -0.1387854E+01   0.3627921E+01
    5   0.5149031E+00  -0.1982101E+01   0.1471369E+01
    6  -0.4030332E+00  -0.3825446E+01   0.1615332E+01
    7   0.2155361E+01  -0.1533454E+01  -0.9594725E+00
    8   0.4415099E+01  -0.3351954E+01  -0.1160233E+01
    9   0.7140726E+00  -0.1684602E+01  -0.3483723E+01
   10  -0.1334377E+01   0.2610392E+00   0.1513215E+01
   11  -0.1873966E+01   0.8310051E+00   0.3419686E+01
   12   0.2339764E+00   0.2370344E+01   0.2288401E+00
   13  -0.4781158E+00   0.4477286E+01  -0.2804788E+00
   14  -0.4639884E+01  -0.3054156E+00  -0.1373642E+00
   15   0.3669016E+01   0.2999116E+01  -0.3819586E+01
   16   0.4753328E+01   0.4733233E+01  -0.1192224E+01
   17   0.6401621E+01   0.1976410E+01  -0.2157362E+01
   18   0.5976417E+01   0.4571663E+00   0.2435655E+01
   19   0.3760353E+01   0.2599256E+01   0.3671341E+01
   20   0.3621803E+01  -0.3017265E+01   0.4023431E+01
   21   0.1448176E+01  -0.9181706E+00   0.5396313E+01
   22   0.5660763E+01  -0.3342850E+01   0.4863248E+00
   23   0.3735111E+01  -0.5293402E+01  -0.1416841E+01
   24   0.5569924E+01  -0.2884098E+01  -0.2814469E+01
   25   0.2009931E+01  -0.1317292E+01  -0.5057513E+01
   26  -0.7386750E-01  -0.3580649E+01  -0.3755853E+01
   27  -0.8490879E+00  -0.3464661E+00  -0.3637987E+01
 Initial ssvpot =     0.584


 Number of unique UNfrozen centers=    8

 Non-linear optimization requested.
 qchnge =    0.4971239044E-01
 qchnge =    0.3556060644E-02
 qchnge =    0.7610508782E-03
 qchnge =    0.1956600216E-03
 qchnge =    0.5432500078E-04
 qchnge =    0.1599950866E-04
 qchnge =    0.4908664704E-05
 qchnge =    0.1543835930E-05
 qchnge =    0.4923238879E-06

 Convergence in    8 iterations


Resp charges for organic molecule                                               

          Point Charges Before & After Optimization

    no.  At.no.    q(init)       q(opt)     ivary    d(rstr)/dq
    1   6      -0.395638      -0.322515      0       0.002962
    2   6       0.077452       0.077452    -99       0.007906
    3   6      -0.106113      -0.093394      0       0.007308
    4   6      -0.152822      -0.161496      0       0.005265
    5   6       0.054048       0.054048    -99       0.008797
    6   1       0.060924       0.060924    -99       0.000000
    7   6       0.327688       0.327688    -99       0.002919
    8   6      -0.455806      -0.367650      0       0.002625
    9   6      -0.255417      -0.367650      8       0.002625
   10   6      -0.498482      -0.498482    -99       0.001967
   11   1       0.242717       0.242717    -99       0.000000
   12   6       0.669207       0.669207    -99       0.001478
   13   8      -0.525005      -0.525005    -99       0.001871
   14  35      -0.098249      -0.098249    -99       0.007133
   15   1       0.105478       0.083702      0       0.000000
   16   1       0.100613       0.083702     15       0.000000
   17   1       0.104524       0.083702     15       0.000000
   18   1       0.053828       0.047801      0       0.000000
   19   1       0.052750       0.047801     18       0.000000
   20   1       0.049853       0.060636      0       0.000000
   21   1       0.065364       0.060636     20       0.000000
   22   1       0.127042       0.089071      0       0.000000
   23   1       0.100862       0.089071     22       0.000000
   24   1       0.108894       0.089071     22       0.000000
   25   1       0.064471       0.089071     22       0.000000
   26   1       0.060351       0.089071     22       0.000000
   27   1       0.061465       0.089071     22       0.000000

 Sum over the calculated charges:     -0.000

        Statistics of the fitting:
  The initial sum of squares (ssvpot)                      0.584
  The residual sum of squares (chipot)                     0.005
  The std err of estimate (sqrt(chipot/N))               0.00121
  ESP relative RMS (SQRT(chipot/ssvpot))                 0.08961

 Center of Mass (Angst.):

 X  =   0.00000      Y  =   0.00000      Z  =   0.00000

 Dipole (Debye):

 X  =   3.42263      Y  =  -2.78899      Z  =   1.44819

 Dipole Moment (Debye)=   4.64651

 Quadrupole (Debye*Angst.):

 Qxx =   0.31017     QYY = -15.74033     QZZ =  15.43015
 Qxy =   1.86567     QXZ =  -3.91306     QYZ =   1.98969
