
 -----------------------------------------------
      Restrained ESP Fit 2.3  Amber 4.1
 -----------------------------------------------
 Resp charges for organic molecule                                               
 -----------------------------------------------


 inopt       =     0   ioutopt     =     1
 nmol        =     1   iqopt       =     2
 ihfree      =     1   irstrnt     =     1
 iunits      =     0   qwt         =   0.00100000
 wtmol(1) =     1.000000
 subtitle:

Resp charges for organic molecule                                               
ich =   0  iuniq =  19
    1    6    0
    2    6  -99
    3    6  -99
    4    6  -99
    5    6  -99
    6    6  -99
    7    6  -99
    8   17  -99
    9    6    1
   10    8  -99
   11    1    0
   12    1   11
   13    1   11
   14    1  -99
   15    1  -99
   16    1   11
   17    1   11
   18    1   11
   19    1  -99
 new q0 values to be read  19

  ----------------------------------------------------------------------------
     ATOM                       COORDINATES                         CHARGE
                       X             Y                Z
  ----------------------------------------------------------------------------
  ----------------------------------------------------------------------------


 Charge on the molecule(ich) =    0
 Total number of atoms (iuniq)     =   19
 Weight factor on initial charge restraints(qwt)=     0.10000D-02


  there are  1 charge constraints:


     1       1
     2       1
     3       1
     4       1
     5       1
     6       1
     7       1
     8       1
     9       1
    10       1
    11       1
    12       1
    13       1
    14       1
    15       1
    16       1
    17       1
    18       1
    19       1

 Reading esp"s for molecule   1
 total number of atoms      =    19
 total number of esp points =  2556


 center     X       Y       Z 
    1  -0.1513119E+01   0.4814519E+01  -0.1191472E-01
    2  -0.1149331E+00   0.2330833E+01  -0.9350364E-02
    3   0.2529425E+01   0.2282056E+01  -0.2542248E-01
    4   0.3842159E+01  -0.2248774E-03  -0.2568138E-01
    5   0.2529222E+01  -0.2282360E+01  -0.2524674E-01
    6  -0.1151505E+00  -0.2330879E+01  -0.9323908E-02
    7  -0.1379309E+01   0.3212534E-04   0.4603373E-02
    8  -0.4723230E+01   0.1870829E-03   0.2772795E-01
    9  -0.1513565E+01  -0.4814432E+01  -0.1184102E-01
   10   0.6463666E+01  -0.6047123E-03  -0.1445470E+00
   11  -0.2726644E+01   0.5001613E+01   0.1656341E+01
   12  -0.1850533E+00   0.6398049E+01  -0.2858588E-01
   13  -0.2745999E+01   0.4984874E+01  -0.1667521E+01
   14   0.3589092E+01   0.4039709E+01  -0.5548991E-01
   15   0.3588796E+01  -0.4040062E+01  -0.5498914E-01
   16  -0.2727874E+01  -0.5000984E+01   0.1655891E+01
   17  -0.2745698E+01  -0.4985097E+01  -0.1667984E+01
   18  -0.1856372E+00  -0.6398087E+01  -0.2752764E-01
   19   0.7136238E+01   0.4374716E-02   0.1559924E+01
 Initial ssvpot =     0.335


 Number of unique UNfrozen centers=    2

 Non-linear optimization requested.
 qchnge =    0.6543548464E-01
 qchnge =    0.4647741116E-03
 qchnge =    0.1091031295E-04
 qchnge =    0.2610670018E-06

 Convergence in    3 iterations


Resp charges for organic molecule                                               

          Point Charges Before & After Optimization

    no.  At.no.    q(init)       q(opt)     ivary    d(rstr)/dq
    1   6      -0.168539      -0.161224      0       0.005271
    2   6       0.211075       0.211075    -99       0.004281
    3   6      -0.478439      -0.478439    -99       0.002046
    4   6       0.527165       0.527165    -99       0.001864
    5   6      -0.478439      -0.478439    -99       0.002046
    6   6       0.211075       0.211075    -99       0.004281
    7   6      -0.131377      -0.131377    -99       0.006057
    8  17      -0.111158      -0.111158    -99       0.006688
    9   6      -0.168062      -0.161224      1       0.005271
   10   8      -0.608187      -0.608187    -99       0.001622
   11   1       0.055113       0.063021      0       0.000000
   12   1       0.070792       0.063021     11       0.000000
   13   1       0.070419       0.063021     11       0.000000
   14   1       0.201941       0.201941    -99       0.000000
   15   1       0.201941       0.201941    -99       0.000000
   16   1       0.054951       0.063021     11       0.000000
   17   1       0.070289       0.063021     11       0.000000
   18   1       0.070717       0.063021     11       0.000000
   19   1       0.398725       0.398725    -99       0.000000

 Sum over the calculated charges:     -0.000

        Statistics of the fitting:
  The initial sum of squares (ssvpot)                      0.335
  The residual sum of squares (chipot)                     0.010
  The std err of estimate (sqrt(chipot/N))               0.00195
  ESP relative RMS (SQRT(chipot/ssvpot))                 0.17005

 Center of Mass (Angst.):

 X  =   0.00000      Y  =   0.00000      Z  =   0.00000

 Dipole (Debye):

 X  =   1.02033      Y  =   0.00519      Z  =   1.75251

 Dipole Moment (Debye)=   2.02790

 Quadrupole (Debye*Angst.):

 Qxx = -12.30708     QYY =  18.69637     QZZ =  -6.38929
 Qxy = -13.00660     QXZ =   6.92625     QYZ = -13.05664
