
 -----------------------------------------------
      Restrained ESP Fit 2.3  Amber 4.1
 -----------------------------------------------
 Resp charges for organic molecule                                               
 -----------------------------------------------


 inopt       =     0   ioutopt     =     1
 nmol        =     1   iqopt       =     2
 ihfree      =     1   irstrnt     =     1
 iunits      =     0   qwt         =   0.00100000
 wtmol(1) =     1.000000
 subtitle:

Resp charges for organic molecule                                               
ich =   0  iuniq =  25
    1    6  -99
    2    6  -99
    3    6  -99
    4    8  -99
    5    7  -99
    6    1  -99
    7    6  -99
    8    8  -99
    9    7  -99
   10    6  -99
   11    1  -99
   12    6    0
   13    8  -99
   14    6  -99
   15    1  -99
   16    8  -99
   17    6    0
   18    8  -99
   19   35  -99
   20    1  -99
   21    1    0
   22    1   21
   23    1    0
   24    1   23
   25    1  -99
 new q0 values to be read  25

  ----------------------------------------------------------------------------
     ATOM                       COORDINATES                         CHARGE
                       X             Y                Z
  ----------------------------------------------------------------------------
  ----------------------------------------------------------------------------


 Charge on the molecule(ich) =    0
 Total number of atoms (iuniq)     =   25
 Weight factor on initial charge restraints(qwt)=     0.10000D-02


  there are  1 charge constraints:


     1       1
     2       1
     3       1
     4       1
     5       1
     6       1
     7       1
     8       1
     9       1
    10       1
    11       1
    12       1
    13       1
    14       1
    15       1
    16       1
    17       1
    18       1
    19       1
    20       1
    21       1
    22       1
    23       1
    24       1
    25       1

 Reading esp"s for molecule   1
 total number of atoms      =    25
 total number of esp points =  3602


 center     X       Y       Z 
    1  -0.3392946E+00   0.5235675E-01   0.3409387E+00
    2  -0.2880598E+01  -0.6284662E-01   0.1220064E+00
    3  -0.4364071E+01   0.2215057E+01  -0.3972960E+00
    4  -0.6643439E+01   0.2366228E+01  -0.6365183E+00
    5  -0.2823625E+01   0.4376201E+01  -0.6206257E+00
    6  -0.3745694E+01   0.6016381E+01  -0.9866902E+00
    7  -0.2275948E+00   0.4592839E+01  -0.4099609E+00
    8   0.8849020E+00   0.6598334E+01  -0.6344320E+00
    9   0.9894435E+00   0.2292973E+01   0.1088463E+00
   10   0.3753213E+01   0.2320026E+01   0.3216219E+00
   11   0.4302398E+01   0.4270926E+01  -0.3722571E-01
   12   0.4760369E+01   0.1282156E+01   0.2852097E+01
   13   0.5300515E+01  -0.1288954E+01   0.2287496E+01
   14   0.6262246E+01  -0.1238281E+01  -0.1898551E+00
   15   0.8275267E+01  -0.6903623E+00  -0.1700168E+00
   16   0.4854595E+01   0.6785231E+00  -0.1498188E+01
   17   0.5912352E+01  -0.3774631E+01  -0.1505756E+01
   18   0.3346784E+01  -0.4375925E+01  -0.1933632E+01
   19  -0.4636647E+01  -0.3152121E+01   0.4436680E+00
   20   0.8016520E+00  -0.1618291E+01   0.6680011E+00
   21   0.6488000E+01   0.2300736E+01   0.3399587E+01
   22   0.3392740E+01   0.1359928E+01   0.4392880E+01
   23   0.7006669E+01  -0.3749239E+01  -0.3273417E+01
   24   0.6690479E+01  -0.5254941E+01  -0.2912427E+00
   25   0.2703846E+01  -0.3140789E+01  -0.3128396E+01
 Initial ssvpot =     1.102


 Number of unique UNfrozen centers=    4

 Non-linear optimization requested.
 qchnge =    0.7073847615E-01
 qchnge =    0.4786322847E-03
 qchnge =    0.1403695349E-04
 qchnge =    0.4176607487E-06

 Convergence in    3 iterations


Resp charges for organic molecule                                               

          Point Charges Before & After Optimization

    no.  At.no.    q(init)       q(opt)     ivary    d(rstr)/dq
    1   6       0.056881       0.056881    -99       0.008692
    2   6      -0.327059      -0.327059    -99       0.002924
    3   6       0.758221       0.758221    -99       0.001308
    4   8      -0.559707      -0.559707    -99       0.001759
    5   7      -0.566508      -0.566508    -99       0.001738
    6   1       0.362045       0.362045    -99       0.000000
    7   6       0.620564       0.620564    -99       0.001591
    8   8      -0.571861      -0.571861    -99       0.001723
    9   7      -0.047996      -0.047996    -99       0.009015
   10   6       0.083784       0.083784    -99       0.007665
   11   1       0.160455       0.160455    -99       0.000000
   12   6      -0.047571      -0.038589      0       0.009329
   13   8      -0.333243      -0.333243    -99       0.002874
   14   6       0.178284       0.178284    -99       0.004892
   15   1       0.096435       0.096435    -99       0.000000
   16   8      -0.365740      -0.365740    -99       0.002637
   17   6       0.136429       0.117241      0       0.006489
   18   8      -0.612675      -0.612675    -99       0.001611
   19  35      -0.019371      -0.019371    -99       0.009818
   20   1       0.197998       0.197998    -99       0.000000
   21   1       0.118655       0.118150      0       0.000000
   22   1       0.121238       0.118150     21       0.000000
   23   1       0.044610       0.081350      0       0.000000
   24   1       0.104292       0.081350     23       0.000000
   25   1       0.411840       0.411840    -99       0.000000

 Sum over the calculated charges:     -0.000

        Statistics of the fitting:
  The initial sum of squares (ssvpot)                      1.102
  The residual sum of squares (chipot)                     0.015
  The std err of estimate (sqrt(chipot/N))               0.00205
  ESP relative RMS (SQRT(chipot/ssvpot))                 0.11717

 Center of Mass (Angst.):

 X  =   0.00000      Y  =   0.00000      Z  =   0.00000

 Dipole (Debye):

 X  =   6.00152      Y  =   0.39223      Z  =   0.64178

 Dipole Moment (Debye)=   6.04847

 Quadrupole (Debye*Angst.):

 Qxx =   5.35513     QYY = -25.68284     QZZ =  20.32771
 Qxy =  -1.02285     QXZ =   3.65565     QYZ =  22.44249
