
 -----------------------------------------------
      Restrained ESP Fit 2.3  Amber 4.1
 -----------------------------------------------
 Resp charges for organic molecule                                               
 -----------------------------------------------


 inopt       =     0   ioutopt     =     1
 nmol        =     1   iqopt       =     2
 ihfree      =     1   irstrnt     =     1
 iunits      =     0   qwt         =   0.00100000
 wtmol(1) =     1.000000
 subtitle:

Resp charges for organic molecule                                               
ich =   0  iuniq =  27
    1    6    0
    2    6  -99
    3    6  -99
    4    6  -99
    5    7  -99
    6    7  -99
    7    6  -99
    8    8  -99
    9    6  -99
   10    6  -99
   11    6  -99
   12    7  -99
   13    7  -99
   14    6    0
   15   53  -99
   16    6    0
   17    1    0
   18    1   17
   19    1   17
   20    1  -99
   21    1  -99
   22    1    0
   23    1   22
   24    1   22
   25    1    0
   26    1   25
   27    1   25
 new q0 values to be read  27

  ----------------------------------------------------------------------------
     ATOM                       COORDINATES                         CHARGE
                       X             Y                Z
  ----------------------------------------------------------------------------
  ----------------------------------------------------------------------------


 Charge on the molecule(ich) =    0
 Total number of atoms (iuniq)     =   27
 Weight factor on initial charge restraints(qwt)=     0.10000D-02


  there are  1 charge constraints:


     1       1
     2       1
     3       1
     4       1
     5       1
     6       1
     7       1
     8       1
     9       1
    10       1
    11       1
    12       1
    13       1
    14       1
    15       1
    16       1
    17       1
    18       1
    19       1
    20       1
    21       1
    22       1
    23       1
    24       1
    25       1
    26       1
    27       1

 Reading esp"s for molecule   1
 total number of atoms      =    27
 total number of esp points =  4563


 center     X       Y       Z 
    1  -0.8611704E+01   0.2249806E+01   0.3397678E+01
    2  -0.7123532E+01   0.5650640E+00   0.1677094E+01
    3  -0.7977199E+01  -0.1617154E+01   0.3352412E+00
    4  -0.5921976E+01  -0.2533306E+01  -0.9482154E+00
    5  -0.3955106E+01  -0.8831238E+00  -0.3741431E+00
    6  -0.4706378E+01   0.1003856E+01   0.1250124E+01
    7  -0.1419303E+01  -0.1102313E+01  -0.1153347E+01
    8  -0.6324422E+00  -0.3060188E+01  -0.2071578E+01
    9   0.2247791E+00   0.1152393E+01  -0.8452933E+00
   10   0.2834615E+01   0.1185075E+01  -0.2343771E+00
   11   0.3542070E+01   0.3686893E+01  -0.4270327E+00
   12   0.1442534E+01   0.4978810E+01  -0.1159753E+01
   13  -0.5849741E+00   0.3483608E+01  -0.1405779E+01
   14   0.1175294E+01   0.7685861E+01  -0.1538745E+01
   15   0.5260239E+01  -0.1771690E+01   0.8548610E+00
   16  -0.5710189E+01  -0.4770557E+01  -0.2661377E+01
   17  -0.9421314E+01   0.1182623E+01   0.4979245E+01
   18  -0.7392126E+01   0.3732264E+01   0.4159905E+01
   19  -0.1018596E+02   0.3147014E+01   0.2390706E+01
   20  -0.9861170E+01  -0.2409667E+01   0.3193202E+00
   21   0.5335464E+01   0.4606339E+01  -0.1085874E+00
   22   0.3328374E+00   0.8574998E+01   0.1282009E+00
   23   0.3036234E+01   0.8504687E+01  -0.1892597E+01
   24  -0.4582208E-01   0.8005662E+01  -0.3169703E+01
   25  -0.4455392E+01  -0.6215139E+01  -0.1879667E+01
   26  -0.7589644E+01  -0.5587391E+01  -0.2936171E+01
   27  -0.4935964E+01  -0.4252946E+01  -0.4508586E+01
 Initial ssvpot =     0.780


 Number of unique UNfrozen centers=    6

 Non-linear optimization requested.
 qchnge =    0.6202310984E-01
 qchnge =    0.4957245219E-03
 qchnge =    0.1070793869E-04
 qchnge =    0.3257020398E-06

 Convergence in    3 iterations


Resp charges for organic molecule                                               

          Point Charges Before & After Optimization

    no.  At.no.    q(init)       q(opt)     ivary    d(rstr)/dq
    1   6      -0.304261      -0.272432      0       0.003446
    2   6       0.495744       0.495744    -99       0.001977
    3   6      -0.558760      -0.558760    -99       0.001762
    4   6       0.251912       0.251912    -99       0.003690
    5   7       0.033094       0.033094    -99       0.009494
    6   7      -0.530482      -0.530482    -99       0.001852
    7   6       0.557908       0.557908    -99       0.001764
    8   8      -0.528557      -0.528557    -99       0.001859
    9   6       0.416050       0.416050    -99       0.002337
   10   6      -0.442520      -0.442520    -99       0.002204
   11   6      -0.116890      -0.116890    -99       0.006501
   12   7       0.374340       0.374340    -99       0.002581
   13   7      -0.534045      -0.534045    -99       0.001841
   14   6      -0.311867      -0.289262      0       0.003267
   15  53       0.055884       0.055884    -99       0.008729
   16   6      -0.325689      -0.341698      0       0.002809
   17   1       0.087945       0.085348      0       0.000000
   18   1       0.107982       0.085348     17       0.000000
   19   1       0.088531       0.085348     17       0.000000
   20   1       0.230203       0.230203    -99       0.000000
   21   1       0.200729       0.200729    -99       0.000000
   22   1       0.141237       0.126027      0       0.000000
   23   1       0.109683       0.126027     22       0.000000
   24   1       0.148135       0.126027     22       0.000000
   25   1       0.126730       0.121552      0       0.000000
   26   1       0.105493       0.121552     25       0.000000
   27   1       0.121469       0.121552     25       0.000000

 Sum over the calculated charges:     -0.000

        Statistics of the fitting:
  The initial sum of squares (ssvpot)                      0.780
  The residual sum of squares (chipot)                     0.010
  The std err of estimate (sqrt(chipot/N))               0.00147
  ESP relative RMS (SQRT(chipot/ssvpot))                 0.11248

 Center of Mass (Angst.):

 X  =   0.00000      Y  =   0.00000      Z  =   0.00000

 Dipole (Debye):

 X  =  -0.70571      Y  =   3.75294      Z  =   0.14454

 Dipole Moment (Debye)=   3.82145

 Quadrupole (Debye*Angst.):

 Qxx =  19.55259     QYY =  16.51503     QZZ = -36.06762
 Qxy =  -6.67323     QXZ = -48.30477     QYZ = -53.30039
