
 -----------------------------------------------
      Restrained ESP Fit 2.3  Amber 4.1
 -----------------------------------------------
 Resp charges for organic molecule                                               
 -----------------------------------------------


 inopt       =     0   ioutopt     =     1
 nmol        =     1   iqopt       =     0
 ihfree      =     1   irstrnt     =     1
 iunits      =     0   qwt         =   0.00050000
 wtmol(1) =     1.000000
 subtitle:

Resp charges for organic molecule                                               
ich =   0  iuniq =  25
    1    6    0
    2    6    0
    3    6    0
    4    6    0
    5    6    0
    6    6    0
    7    7    0
    8    8    0
    9    6    0
   10    6    0
   11    6    0
   12    6    0
   13    6    0
   14    6    0
   15   35    0
   16    1    0
   17    1    0
   18    1    0
   19    1    0
   20    1    0
   21    1   20
   22    1    0
   23    1    0
   24    1    0
   25    1    0

  ----------------------------------------------------------------------------
     ATOM                       COORDINATES                         CHARGE
                       X             Y                Z
  ----------------------------------------------------------------------------
  ----------------------------------------------------------------------------


 Charge on the molecule(ich) =    0
 Total number of atoms (iuniq)     =   25
 Weight factor on initial charge restraints(qwt)=     0.50000D-03


  there are  1 charge constraints:


     1       1
     2       1
     3       1
     4       1
     5       1
     6       1
     7       1
     8       1
     9       1
    10       1
    11       1
    12       1
    13       1
    14       1
    15       1
    16       1
    17       1
    18       1
    19       1
    20       1
    21       1
    22       1
    23       1
    24       1
    25       1

 Reading esp"s for molecule   1
 total number of atoms      =    25
 total number of esp points =  3509


 center     X       Y       Z 
    1  -0.6978420E+01  -0.1689493E+01  -0.2019633E+01
    2  -0.4936448E+01  -0.3238185E+01  -0.2629864E+01
    3  -0.2692960E+01  -0.3035535E+01  -0.1249549E+01
    4  -0.2515902E+01  -0.1290781E+01   0.7030159E+00
    5  -0.4546119E+01   0.3101513E+00   0.1334715E+01
    6  -0.6784611E+01   0.6282772E-01  -0.5963975E-01
    7  -0.4308290E+01   0.1988441E+01   0.3354192E+01
    8  -0.3783742E+00  -0.1053433E+01   0.2242054E+01
    9   0.1971908E+01  -0.1419889E+01   0.1192908E+01
   10   0.3262461E+01  -0.3672422E+01   0.1665357E+01
   11   0.5701415E+01  -0.4028896E+01   0.7318153E+00
   12   0.6865505E+01  -0.2130005E+01  -0.6804053E+00
   13   0.5600655E+01   0.1377932E+00  -0.1142589E+01
   14   0.3168112E+01   0.4874548E+00  -0.1988710E+00
   15   0.1470468E+01   0.3616456E+01  -0.7419839E+00
   16  -0.8734433E+01  -0.1831522E+01  -0.3074248E+01
   17  -0.5073755E+01  -0.4600052E+01  -0.4158501E+01
   18  -0.1082201E+01  -0.4227230E+01  -0.1688841E+01
   19  -0.8377739E+01   0.1277141E+01   0.4022697E+00
   20  -0.2494877E+01   0.2514611E+01   0.3677957E+01
   21  -0.5477237E+01   0.3500413E+01   0.3249985E+01
   22   0.2319954E+01  -0.5113943E+01   0.2779645E+01
   23   0.6687302E+01  -0.5788941E+01   0.1109161E+01
   24   0.8763591E+01  -0.2396180E+01  -0.1414018E+01
   25   0.6494452E+01   0.1640001E+01  -0.2213313E+01
 Initial ssvpot =     0.495


 Number of unique UNfrozen centers=   24

 Non-linear optimization requested.
 qchnge =    0.6350437910E-01
 qchnge =    0.6297069127E-02
 qchnge =    0.2085592132E-02
 qchnge =    0.8490729038E-03
 qchnge =    0.3630856601E-03
 qchnge =    0.1578290367E-03
 qchnge =    0.6908211467E-04
 qchnge =    0.3034355215E-04
 qchnge =    0.1335598733E-04
 qchnge =    0.5887201530E-05
 qchnge =    0.2597851198E-05
 qchnge =    0.1147361207E-05
 qchnge =    0.5071104763E-06

 Convergence in   12 iterations


Resp charges for organic molecule                                               

          Point Charges Before & After Optimization

    no.  At.no.    q(init)       q(opt)     ivary    d(rstr)/dq
    1   6       0.000000      -0.138711      0       0.002924
    2   6       0.000000      -0.258085      0       0.001806
    3   6       0.000000      -0.160607      0       0.002643
    4   6       0.000000       0.129227      0       0.003060
    5   6       0.000000       0.447530      0       0.001090
    6   6       0.000000      -0.340931      0       0.001407
    7   7       0.000000      -0.968517      0       0.000514
    8   8       0.000000      -0.339447      0       0.001413
    9   6       0.000000       0.342373      0       0.001402
   10   6       0.000000      -0.190953      0       0.002320
   11   6       0.000000      -0.154644      0       0.002715
   12   6       0.000000      -0.175774      0       0.002472
   13   6       0.000000      -0.057328      0       0.004338
   14   6       0.000000      -0.129877      0       0.003050
   15  35       0.000000      -0.082912      0       0.003849
   16   1       0.000000       0.161120      0       0.000000
   17   1       0.000000       0.171074      0       0.000000
   18   1       0.000000       0.153922      0       0.000000
   19   1       0.000000       0.183285      0       0.000000
   20   1       0.000000       0.396185      0       0.000000
   21   1       0.000000       0.396185     20       0.000000
   22   1       0.000000       0.158638      0       0.000000
   23   1       0.000000       0.161432      0       0.000000
   24   1       0.000000       0.154066      0       0.000000
   25   1       0.000000       0.142749      0       0.000000

 Sum over the calculated charges:     -0.000

        Statistics of the fitting:
  The initial sum of squares (ssvpot)                      0.495
  The residual sum of squares (chipot)                     0.006
  The std err of estimate (sqrt(chipot/N))               0.00133
  ESP relative RMS (SQRT(chipot/ssvpot))                 0.11236

 Center of Mass (Angst.):

 X  =   0.00000      Y  =   0.00000      Z  =   0.00000

 Dipole (Debye):

 X  =   1.59444      Y  =  -0.54638      Z  =  -1.15366

 Dipole Moment (Debye)=   2.04248

 Quadrupole (Debye*Angst.):

 Qxx =  22.75944     QYY =   5.38134     QZZ = -28.14079
 Qxy = -64.76068     QXZ = -33.14112     QYZ = -27.44805
