
 -----------------------------------------------
      Restrained ESP Fit 2.3  Amber 4.1
 -----------------------------------------------
 Resp charges for organic molecule                                               
 -----------------------------------------------


 inopt       =     0   ioutopt     =     1
 nmol        =     1   iqopt       =     0
 ihfree      =     1   irstrnt     =     1
 iunits      =     0   qwt         =   0.00050000
 wtmol(1) =     1.000000
 subtitle:

Resp charges for organic molecule                                               
ich =   0  iuniq =  23
    1    6    0
    2    6    0
    3    6    0
    4    8    0
    5    6    0
    6    6    0
    7    8    0
    8    7    0
    9    6    0
   10    6    0
   11    6    0
   12    6    0
   13    6   11
   14    6   10
   15   53    0
   16    1    0
   17    1    0
   18    1    0
   19    1    0
   20    1    0
   21    1    0
   22    1   21
   23    1   20

  ----------------------------------------------------------------------------
     ATOM                       COORDINATES                         CHARGE
                       X             Y                Z
  ----------------------------------------------------------------------------
  ----------------------------------------------------------------------------


 Charge on the molecule(ich) =    0
 Total number of atoms (iuniq)     =   23
 Weight factor on initial charge restraints(qwt)=     0.50000D-03


  there are  1 charge constraints:


     1       1
     2       1
     3       1
     4       1
     5       1
     6       1
     7       1
     8       1
     9       1
    10       1
    11       1
    12       1
    13       1
    14       1
    15       1
    16       1
    17       1
    18       1
    19       1
    20       1
    21       1
    22       1
    23       1

 Reading esp"s for molecule   1
 total number of atoms      =    23
 total number of esp points =  4478


 center     X       Y       Z 
    1  -0.1259555E+02  -0.1399342E+00  -0.5669178E-05
    2  -0.1064093E+02   0.1721949E+01   0.2324363E-03
    3  -0.8403046E+01   0.4330345E+00  -0.1719651E-03
    4  -0.8856770E+01  -0.2124848E+01  -0.1124387E-02
    5  -0.1141107E+02  -0.2429394E+01  -0.1587370E-03
    6  -0.5774337E+01   0.1359076E+01   0.1681856E-03
    7  -0.5319580E+01   0.3632256E+01   0.8768329E-03
    8  -0.3984225E+01  -0.5339988E+00  -0.8125822E-04
    9  -0.1336792E+01  -0.3093973E+00   0.1190527E-03
   10   0.8068752E-01  -0.2552647E+01   0.7369931E-03
   11   0.2711099E+01  -0.2490211E+01   0.8919507E-03
   12   0.3945464E+01  -0.1626185E+00   0.2343260E-03
   13   0.2565668E+01   0.2079634E+01  -0.4346370E-03
   14  -0.7019009E-01   0.2021742E+01  -0.4289678E-03
   15   0.7996232E+01  -0.3391491E-01  -0.1209425E-03
   16  -0.1461278E+02   0.1804102E+00   0.2135390E-03
   17  -0.1083192E+02   0.3753865E+01   0.6311685E-03
   18  -0.1207287E+02  -0.4358978E+01  -0.4346370E-03
   19  -0.4669564E+01  -0.2319848E+01   0.7558904E-03
   20  -0.8809940E+00  -0.4370212E+01   0.1018562E-02
   21   0.3768981E+01  -0.4245572E+01   0.1487214E-02
   22   0.3521506E+01   0.3892497E+01  -0.8787226E-03
   23  -0.1148256E+01   0.3756705E+01  -0.9259657E-03
 Initial ssvpot =     0.716


 Number of unique UNfrozen centers=   19

 Non-linear optimization requested.
 qchnge =    0.5547477467E-01
 qchnge =    0.1051786860E-01
 qchnge =    0.2577814673E-02
 qchnge =    0.8580640624E-03
 qchnge =    0.3089782397E-03
 qchnge =    0.1140643594E-03
 qchnge =    0.4247040219E-04
 qchnge =    0.1586078868E-04
 qchnge =    0.5929526173E-05
 qchnge =    0.2217553486E-05
 qchnge =    0.8294353529E-06

 Convergence in   10 iterations


Resp charges for organic molecule                                               

          Point Charges Before & After Optimization

    no.  At.no.    q(init)       q(opt)     ivary    d(rstr)/dq
    1   6       0.000000      -0.165822      0       0.002582
    2   6       0.000000      -0.106719      0       0.003419
    3   6       0.000000      -0.074967      0       0.004001
    4   8       0.000000      -0.072038      0       0.004057
    5   6       0.000000      -0.128614      0       0.003069
    6   6       0.000000       0.605250      0       0.000815
    7   8       0.000000      -0.534464      0       0.000920
    8   7       0.000000      -0.307297      0       0.001547
    9   6       0.000000       0.171138      0       0.002522
   10   6       0.000000      -0.198880      0       0.002246
   11   6       0.000000      -0.032065      0       0.004761
   12   6       0.000000      -0.192818      0       0.002302
   13   6       0.000000      -0.032065     11       0.004761
   14   6       0.000000      -0.198880     10       0.002246
   15  53       0.000000      -0.053731      0       0.004404
   16   1       0.000000       0.170160      0       0.000000
   17   1       0.000000       0.169198      0       0.000000
   18   1       0.000000       0.203880      0       0.000000
   19   1       0.000000       0.164563      0       0.000000
   20   1       0.000000       0.166954      0       0.000000
   21   1       0.000000       0.140131      0       0.000000
   22   1       0.000000       0.140131     21       0.000000
   23   1       0.000000       0.166954     20       0.000000

 Sum over the calculated charges:     -0.000

        Statistics of the fitting:
  The initial sum of squares (ssvpot)                      0.716
  The residual sum of squares (chipot)                     0.012
  The std err of estimate (sqrt(chipot/N))               0.00163
  ESP relative RMS (SQRT(chipot/ssvpot))                 0.12934

 Center of Mass (Angst.):

 X  =   0.00000      Y  =   0.00000      Z  =   0.00000

 Dipole (Debye):

 X  =  -4.89132      Y  =  -3.40516      Z  =  -0.00017

 Dipole Moment (Debye)=   5.95988

 Quadrupole (Debye*Angst.):

 Qxx =  46.67513     QYY =  -8.26845     QZZ = -38.40668
 Qxy =  -9.97353     QXZ = -38.40681     QYZ = -38.42028
