
 -----------------------------------------------
      Restrained ESP Fit 2.3  Amber 4.1
 -----------------------------------------------
 Resp charges for organic molecule                                               
 -----------------------------------------------


 inopt       =     0   ioutopt     =     1
 nmol        =     1   iqopt       =     2
 ihfree      =     1   irstrnt     =     1
 iunits      =     0   qwt         =   0.00100000
 wtmol(1) =     1.000000
 subtitle:

Resp charges for organic molecule                                               
ich =   0  iuniq =  16
    1    6  -99
    2    6  -99
    3    6  -99
    4    8  -99
    5    6  -99
    6    6  -99
    7    8  -99
    8    6    0
    9   17  -99
   10    7  -99
   11    8  -99
   12    8  -99
   13    1  -99
   14    1  -99
   15    1    0
   16    1   15
 new q0 values to be read  16

  ----------------------------------------------------------------------------
     ATOM                       COORDINATES                         CHARGE
                       X             Y                Z
  ----------------------------------------------------------------------------
  ----------------------------------------------------------------------------


 Charge on the molecule(ich) =    0
 Total number of atoms (iuniq)     =   16
 Weight factor on initial charge restraints(qwt)=     0.10000D-02


  there are  1 charge constraints:


     1       1
     2       1
     3       1
     4       1
     5       1
     6       1
     7       1
     8       1
     9       1
    10       1
    11       1
    12       1
    13       1
    14       1
    15       1
    16       1

 Reading esp"s for molecule   1
 total number of atoms      =    16
 total number of esp points =  2773


 center     X       Y       Z 
    1   0.1197754E+01   0.3723758E+01  -0.2324363E-03
    2   0.3754536E+01   0.2918519E+01  -0.4894390E-03
    3   0.3647422E+01   0.3333004E+00  -0.1455089E-03
    4   0.1252331E+01  -0.5304669E+00   0.1984212E-03
    5  -0.2587677E+00   0.1571028E+01   0.7558904E-04
    6  -0.3029898E+01   0.1240189E+01   0.5121157E-03
    7  -0.4393547E+01   0.3085392E+01   0.5064466E-03
    8  -0.3963235E+01  -0.1492336E+01   0.2732544E-02
    9  -0.7330321E+01  -0.1716166E+01  -0.1490994E-02
   10   0.5637946E+01  -0.1508549E+01  -0.2059801E-03
   11   0.7802654E+01  -0.6480796E+00  -0.4478651E-03
   12   0.5039693E+01  -0.3751066E+01   0.8314794E-04
   13   0.4776245E+00   0.5633978E+01  -0.3136945E-03
   14   0.5453326E+01   0.4046935E+01  -0.8560459E-03
   15  -0.3236110E+01  -0.2482072E+01  -0.1660417E+01
   16  -0.3240939E+01  -0.2477147E+01   0.1670962E+01
 Initial ssvpot =     0.939


 Number of unique UNfrozen centers=    2

 Non-linear optimization requested.
 qchnge =    0.9026277488E-01
 qchnge =    0.1499560071E-03
 qchnge =    0.8448199411E-06

 Convergence in    2 iterations


Resp charges for organic molecule                                               

          Point Charges Before & After Optimization

    no.  At.no.    q(init)       q(opt)     ivary    d(rstr)/dq
    1   6      -0.121918      -0.121918    -99       0.006342
    2   6      -0.183187      -0.183187    -99       0.004791
    3   6       0.136616       0.136616    -99       0.005907
    4   8      -0.177173      -0.177173    -99       0.004915
    5   6      -0.043419      -0.043419    -99       0.009173
    6   6       0.730935       0.730935    -99       0.001355
    7   8      -0.523430      -0.523430    -99       0.001877
    8   6      -0.315161      -0.314177      0       0.003033
    9  17      -0.119508      -0.119508    -99       0.006417
   10   7       0.741583       0.741583    -99       0.001336
   11   8      -0.432826      -0.432826    -99       0.002251
   12   8      -0.432826      -0.432826    -99       0.002251
   13   1       0.195885       0.195885    -99       0.000000
   14   1       0.203973       0.203973    -99       0.000000
   15   1       0.170204       0.169736      0       0.000000
   16   1       0.170253       0.169736     15       0.000000

 Sum over the calculated charges:      0.000

        Statistics of the fitting:
  The initial sum of squares (ssvpot)                      0.939
  The residual sum of squares (chipot)                     0.013
  The std err of estimate (sqrt(chipot/N))               0.00217
  ESP relative RMS (SQRT(chipot/ssvpot))                 0.11797

 Center of Mass (Angst.):

 X  =   0.00000      Y  =   0.00000      Z  =   0.00000

 Dipole (Debye):

 X  =   0.98898      Y  =   2.34049      Z  =   0.00266

 Dipole Moment (Debye)=   2.54086

 Quadrupole (Debye*Angst.):

 Qxx = -53.59098     QYY =  22.38993     QZZ =  31.20105
 Qxy =  69.99547     QXZ =  27.37909     QYZ =  27.38889
