
 -----------------------------------------------
      Restrained ESP Fit 2.3  Amber 4.1
 -----------------------------------------------
 Resp charges for organic molecule                                               
 -----------------------------------------------


 inopt       =     0   ioutopt     =     1
 nmol        =     1   iqopt       =     0
 ihfree      =     1   irstrnt     =     1
 iunits      =     0   qwt         =   0.00050000
 wtmol(1) =     1.000000
 subtitle:

Resp charges for organic molecule                                               
ich =   0  iuniq =  25
    1    6    0
    2    6    0
    3    6    0
    4    6    2
    5    6    1
    6    6    0
    7    6    0
    8    1    0
    9    6    0
   10    8    0
   11    6    0
   12    8    0
   13    7    0
   14    6   11
   15    8   12
   16    7   13
   17   35    0
   18    1    0
   19    1    0
   20    1   19
   21    1   18
   22    1    0
   23    1   22
   24    1   22
   25    1   22

  ----------------------------------------------------------------------------
     ATOM                       COORDINATES                         CHARGE
                       X             Y                Z
  ----------------------------------------------------------------------------
  ----------------------------------------------------------------------------


 Charge on the molecule(ich) =    0
 Total number of atoms (iuniq)     =   25
 Weight factor on initial charge restraints(qwt)=     0.50000D-03


  there are  1 charge constraints:


     1       1
     2       1
     3       1
     4       1
     5       1
     6       1
     7       1
     8       1
     9       1
    10       1
    11       1
    12       1
    13       1
    14       1
    15       1
    16       1
    17       1
    18       1
    19       1
    20       1
    21       1
    22       1
    23       1
    24       1
    25       1

 Reading esp"s for molecule   1
 total number of atoms      =    25
 total number of esp points =  3903


 center     X       Y       Z 
    1   0.1111331E+01  -0.1221676E+01   0.2372995E+01
    2   0.3694439E+01  -0.7173929E+00   0.2222870E+01
    3   0.4804560E+01  -0.4087553E+00  -0.1442296E+00
    4   0.3382078E+01  -0.6077359E+00  -0.2353743E+01
    5   0.8053955E+00  -0.1121505E+01  -0.2177274E+01
    6  -0.3550531E+00  -0.1417680E+01   0.1829463E+00
    7  -0.3103529E+01  -0.2050483E+01   0.3265541E+00
    8  -0.3669005E+01  -0.3848614E+01  -0.5113183E+00
    9  -0.5185410E+01  -0.1351645E+00   0.3961773E+00
   10  -0.4431810E+01  -0.1513298E+01   0.2607098E+01
   11  -0.4560368E+01   0.2666870E+01   0.4119848E+00
   12  -0.5030014E+01   0.4031211E+01  -0.1414337E+01
   13  -0.3493563E+01   0.3506200E+01   0.2571441E+01
   14  -0.7698823E+01  -0.1048701E+01  -0.7428607E+00
   15  -0.8411548E+01  -0.3208840E+01  -0.3501265E+00
   16  -0.8933190E+01   0.6641385E+00  -0.2187382E+01
   17   0.8339909E+01   0.2922046E+00  -0.3681621E+00
   18   0.2289611E+00  -0.1492693E+01   0.4205878E+01
   19   0.4832434E+01  -0.5746732E+00   0.3921497E+01
   20   0.4275386E+01  -0.3614025E+00  -0.4181569E+01
   21  -0.3102174E+00  -0.1276939E+01  -0.3895086E+01
   22  -0.3118728E+01   0.2293508E+01   0.3994599E+01
   23  -0.2942224E+01   0.5330133E+01   0.2680856E+01
   24  -0.8088035E+01   0.2332315E+01  -0.2620725E+01
   25  -0.1049884E+02   0.7961227E-01  -0.3110495E+01
 Initial ssvpot =     0.917


 Number of unique UNfrozen centers=   15

 Non-linear optimization requested.
 qchnge =    0.8977417012E-01
 qchnge =    0.6479456558E-02
 qchnge =    0.1558941032E-02
 qchnge =    0.5008041693E-03
 qchnge =    0.1699637554E-03
 qchnge =    0.5854724444E-04
 qchnge =    0.2025956599E-04
 qchnge =    0.7020859204E-05
 qchnge =    0.2434221537E-05
 qchnge =    0.8441109556E-06

 Convergence in    9 iterations


Resp charges for organic molecule                                               

          Point Charges Before & After Optimization

    no.  At.no.    q(init)       q(opt)     ivary    d(rstr)/dq
    1   6       0.000000      -0.154809      0       0.002713
    2   6       0.000000      -0.053660      0       0.004406
    3   6       0.000000      -0.125311      0       0.003119
    4   6       0.000000      -0.053660      2       0.004406
    5   6       0.000000      -0.154809      1       0.002713
    6   6       0.000000       0.121965      0       0.003170
    7   6       0.000000      -0.034403      0       0.004728
    8   1       0.000000       0.170406      0       0.000000
    9   6       0.000000      -0.129004      0       0.003063
   10   8       0.000000      -0.263958      0       0.001771
   11   6       0.000000       0.807143      0       0.000615
   12   8       0.000000      -0.622056      0       0.000794
   13   7       0.000000      -0.926825      0       0.000536
   14   6       0.000000       0.807143     11       0.000615
   15   8       0.000000      -0.622056     12       0.000794
   16   7       0.000000      -0.926825     13       0.000536
   17  35       0.000000      -0.061688      0       0.004255
   18   1       0.000000       0.134590      0       0.000000
   19   1       0.000000       0.144172      0       0.000000
   20   1       0.000000       0.144172     19       0.000000
   21   1       0.000000       0.134590     18       0.000000
   22   1       0.000000       0.416220      0       0.000000
   23   1       0.000000       0.416220     22       0.000000
   24   1       0.000000       0.416220     22       0.000000
   25   1       0.000000       0.416220     22       0.000000

 Sum over the calculated charges:     -0.000

        Statistics of the fitting:
  The initial sum of squares (ssvpot)                      0.917
  The residual sum of squares (chipot)                     0.012
  The std err of estimate (sqrt(chipot/N))               0.00175
  ESP relative RMS (SQRT(chipot/ssvpot))                 0.11445

 Center of Mass (Angst.):

 X  =   0.00000      Y  =   0.00000      Z  =   0.00000

 Dipole (Debye):

 X  =   1.29922      Y  =   1.84121      Z  =   0.18835

 Dipole Moment (Debye)=   2.26131

 Quadrupole (Debye*Angst.):

 Qxx = -34.10842     QYY = -10.65319     QZZ =  44.76161
 Qxy = -29.03344     QXZ =  23.81458     QYZ =  25.42775
