
 -----------------------------------------------
      Restrained ESP Fit 2.3  Amber 4.1
 -----------------------------------------------
 Resp charges for organic molecule                                               
 -----------------------------------------------


 inopt       =     0   ioutopt     =     1
 nmol        =     1   iqopt       =     2
 ihfree      =     1   irstrnt     =     1
 iunits      =     0   qwt         =   0.00100000
 wtmol(1) =     1.000000
 subtitle:

Resp charges for organic molecule                                               
ich =   0  iuniq =  33
    1    6  -99
    2    6  -99
    3    6  -99
    4    6  -99
    5    6  -99
    6    6  -99
    7    7  -99
    8    6  -99
    9    8  -99
   10    6    0
   11    6  -99
   12    6    0
   13    6    0
   14    8  -99
   15    6   13
   16    6   12
   17   53  -99
   18    1  -99
   19    1  -99
   20    1  -99
   21    1  -99
   22    1  -99
   23    1    0
   24    1   23
   25    1  -99
   26    1    0
   27    1   26
   28    1    0
   29    1   28
   30    1   28
   31    1   28
   32    1   26
   33    1   26
 new q0 values to be read  33

  ----------------------------------------------------------------------------
     ATOM                       COORDINATES                         CHARGE
                       X             Y                Z
  ----------------------------------------------------------------------------
  ----------------------------------------------------------------------------


 Charge on the molecule(ich) =    0
 Total number of atoms (iuniq)     =   33
 Weight factor on initial charge restraints(qwt)=     0.10000D-02


  there are  1 charge constraints:


     1       1
     2       1
     3       1
     4       1
     5       1
     6       1
     7       1
     8       1
     9       1
    10       1
    11       1
    12       1
    13       1
    14       1
    15       1
    16       1
    17       1
    18       1
    19       1
    20       1
    21       1
    22       1
    23       1
    24       1
    25       1
    26       1
    27       1
    28       1
    29       1
    30       1
    31       1
    32       1
    33       1

 Reading esp"s for molecule   1
 total number of atoms      =    33
 total number of esp points =  4981


 center     X       Y       Z 
    1   0.2258519E+01   0.2677674E+01  -0.1619779E+01
    2   0.4833764E+01   0.2139380E+01  -0.1652078E+01
    3   0.5771928E+01   0.2330391E+00  -0.9479999E-01
    4   0.4153850E+01  -0.1120844E+01   0.1479929E+01
    5   0.1571685E+01  -0.5844148E+00   0.1514088E+01
    6   0.6032950E+00   0.1329700E+01  -0.4527784E-01
    7  -0.1976941E+01   0.1989381E+01  -0.1280875E+00
    8  -0.3973640E+01   0.9827331E+00   0.1212546E+01
    9  -0.3762577E+01  -0.7611476E+00   0.2716861E+01
   10  -0.6510628E+01   0.2272726E+01   0.7081465E+00
   11  -0.8728297E+01   0.4003744E+00   0.7022543E+00
   12  -0.8595086E+01  -0.1476193E+01  -0.1518074E+01
   13  -0.1093886E+02  -0.3172950E+01  -0.1559109E+01
   14  -0.1320767E+02  -0.1739115E+01  -0.1663193E+01
   15  -0.1346651E+02  -0.1269839E+00   0.4661652E+00
   16  -0.1129056E+02   0.1775165E+01   0.6452394E+00
   17   0.9735350E+01  -0.6123676E+00  -0.1313473E+00
   18   0.1530767E+01   0.4166336E+01  -0.2837975E+01
   19   0.6078901E+01   0.3203881E+01  -0.2883140E+01
   20   0.4879841E+01  -0.2603298E+01   0.2694864E+01
   21   0.3069558E+00  -0.1629860E+01   0.2730223E+01
   22  -0.2405852E+01   0.3412851E+01  -0.1327844E+01
   23  -0.6792180E+01   0.3664167E+01   0.2226262E+01
   24  -0.6470603E+01   0.3340707E+01  -0.1072408E+01
   25  -0.8601783E+01  -0.6901544E+00   0.2464074E+01
   26  -0.8498772E+01  -0.4313413E+00  -0.3311603E+01
   27  -0.6890304E+01  -0.2647476E+01  -0.1378419E+01
   28  -0.1095227E+02  -0.4400584E+01   0.1287811E+00
   29  -0.1095317E+02  -0.4389773E+01  -0.3231120E+01
   30  -0.1355345E+02  -0.1265861E+01   0.2213652E+01
   31  -0.1528374E+02   0.8347524E+00   0.2419095E+00
   32  -0.1152949E+02   0.2953447E+01   0.2337990E+01
   33  -0.1137470E+02   0.3037661E+01  -0.1002065E+01
 Initial ssvpot =     0.803


 Number of unique UNfrozen centers=    6

 Non-linear optimization requested.
 qchnge =    0.5366715284E-01
 qchnge =    0.6776652492E-03
 qchnge =    0.5524327233E-04
 qchnge =    0.4622921334E-05
 qchnge =    0.3870765092E-06

 Convergence in    4 iterations


Resp charges for organic molecule                                               

          Point Charges Before & After Optimization

    no.  At.no.    q(init)       q(opt)     ivary    d(rstr)/dq
    1   6      -0.173657      -0.173657    -99       0.004990
    2   6      -0.025911      -0.025911    -99       0.009680
    3   6      -0.232694      -0.232694    -99       0.003948
    4   6      -0.025911      -0.025911    -99       0.009680
    5   6      -0.173657      -0.173657    -99       0.004990
    6   6       0.211385       0.211385    -99       0.004276
    7   7      -0.588258      -0.588258    -99       0.001676
    8   6       0.899061       0.899061    -99       0.001105
    9   8      -0.544363      -0.544363    -99       0.001807
   10   6      -0.885933      -0.924874      0       0.001075
   11   6       0.352816       0.352816    -99       0.002727
   12   6      -0.090920      -0.117413      0       0.006484
   13   6       0.060562       0.118995      0       0.006434
   14   8      -0.416838      -0.416838    -99       0.002333
   15   6       0.035771       0.118995     13       0.006434
   16   6      -0.018843      -0.117413     12       0.006484
   17  53      -0.043883      -0.043883    -99       0.009157
   18   1       0.139037       0.139037    -99       0.000000
   19   1       0.145819       0.145819    -99       0.000000
   20   1       0.145819       0.145819    -99       0.000000
   21   1       0.139037       0.139037    -99       0.000000
   22   1       0.312220       0.312220    -99       0.000000
   23   1       0.229759       0.240536      0       0.000000
   24   1       0.216548       0.240536     23       0.000000
   25   1      -0.018627      -0.018627    -99       0.000000
   26   1       0.044731       0.047149      0       0.000000
   27   1       0.023149       0.047149     26       0.000000
   28   1       0.045871       0.037662      0       0.000000
   29   1       0.077234       0.037662     28       0.000000
   30   1       0.048936       0.037662     28       0.000000
   31   1       0.073871       0.037662     28       0.000000
   32   1       0.004054       0.047149     26       0.000000
   33   1       0.033817       0.047149     26       0.000000

 Sum over the calculated charges:     -0.000

        Statistics of the fitting:
  The initial sum of squares (ssvpot)                      0.803
  The residual sum of squares (chipot)                     0.013
  The std err of estimate (sqrt(chipot/N))               0.00163
  ESP relative RMS (SQRT(chipot/ssvpot))                 0.12830

 Center of Mass (Angst.):

 X  =   0.00000      Y  =   0.00000      Z  =   0.00000

 Dipole (Debye):

 X  =  -1.69824      Y  =   3.35882      Z  =  -1.07194

 Dipole Moment (Debye)=   3.91341

 Quadrupole (Debye*Angst.):

 Qxx = -41.10478     QYY =  33.77595     QZZ =   7.32883
 Qxy = -28.00160     QXZ = -25.98823     QYZ = -16.08257
