
 -----------------------------------------------
      Restrained ESP Fit 2.3  Amber 4.1
 -----------------------------------------------
 Resp charges for organic molecule                                               
 -----------------------------------------------


 inopt       =     0   ioutopt     =     1
 nmol        =     1   iqopt       =     2
 ihfree      =     1   irstrnt     =     1
 iunits      =     0   qwt         =   0.00100000
 wtmol(1) =     1.000000
 subtitle:

Resp charges for organic molecule                                               
ich =   0  iuniq =  17
    1    6    0
    2    6  -99
    3    6  -99
    4   16  -99
    5    6  -99
    6    7  -99
    7    6    0
    8    6    0
    9   17  -99
   10    1    0
   11    1   10
   12    1   10
   13    1  -99
   14    1    0
   15    1   14
   16    1    0
   17    1   16
 new q0 values to be read  17

  ----------------------------------------------------------------------------
     ATOM                       COORDINATES                         CHARGE
                       X             Y                Z
  ----------------------------------------------------------------------------
  ----------------------------------------------------------------------------


 Charge on the molecule(ich) =    0
 Total number of atoms (iuniq)     =   17
 Weight factor on initial charge restraints(qwt)=     0.10000D-02


  there are  1 charge constraints:


     1       1
     2       1
     3       1
     4       1
     5       1
     6       1
     7       1
     8       1
     9       1
    10       1
    11       1
    12       1
    13       1
    14       1
    15       1
    16       1
    17       1

 Reading esp"s for molecule   1
 total number of atoms      =    17
 total number of esp points =  2695


 center     X       Y       Z 
    1   0.2106047E+01   0.4629621E+01   0.1230287E+00
    2   0.2669404E+01   0.1847732E+01   0.6377258E-01
    3   0.1017151E+01  -0.8502444E-01   0.5985594E+00
    4   0.2578628E+01  -0.2982551E+01   0.2509065E+00
    5   0.5311321E+01  -0.1333508E+01  -0.5726267E+00
    6   0.5092753E+01   0.1108424E+01  -0.5878276E+00
    7  -0.1735859E+01   0.3205542E-01   0.1299285E+01
    8  -0.3436062E+01  -0.2891715E+00  -0.1022971E+01
    9  -0.6757749E+01  -0.1239811E+00  -0.1615810E+00
   10   0.2300108E+01   0.5452375E+01  -0.1768682E+01
   11   0.1968036E+00   0.5027219E+01   0.8037118E+00
   12   0.3455115E+01   0.5607715E+01   0.1351738E+01
   13   0.7042447E+01  -0.2334123E+01  -0.1019235E+01
   14  -0.2206062E+01  -0.1426932E+01   0.2690395E+01
   15  -0.2146971E+01   0.1852591E+01   0.2191211E+01
   16  -0.3107721E+01   0.1201756E+01  -0.2409442E+01
   17  -0.3151281E+01  -0.2121303E+01  -0.1926836E+01
 Initial ssvpot =     0.304


 Number of unique UNfrozen centers=    6

 Non-linear optimization requested.
 qchnge =    0.7747736141E-01
 qchnge =    0.3900797741E-02
 qchnge =    0.4219866377E-03
 qchnge =    0.5223754114E-04
 qchnge =    0.6577773299E-05
 qchnge =    0.8300799478E-06

 Convergence in    5 iterations


Resp charges for organic molecule                                               

          Point Charges Before & After Optimization

    no.  At.no.    q(init)       q(opt)     ivary    d(rstr)/dq
    1   6      -0.631562      -0.675534      0       0.001464
    2   6       0.661634       0.661634    -99       0.001494
    3   6      -0.384551      -0.384551    -99       0.002517
    4  16      -0.027708      -0.027708    -99       0.009637
    5   6       0.089005       0.089005    -99       0.007470
    6   7      -0.562904      -0.562904    -99       0.001749
    7   6       0.081347       0.192962      0       0.004601
    8   6      -0.097638      -0.112628      0       0.006639
    9  17      -0.224923      -0.224923    -99       0.004063
   10   1       0.169411       0.179242      0       0.000000
   11   1       0.190479       0.179242     10       0.000000
   12   1       0.166063       0.179242     10       0.000000
   13   1       0.188650       0.188650    -99       0.000000
   14   1       0.109166       0.038009      0       0.000000
   15   1       0.024603       0.038009     14       0.000000
   16   1       0.114029       0.121127      0       0.000000
   17   1       0.134900       0.121127     16       0.000000

 Sum over the calculated charges:     -0.000

        Statistics of the fitting:
  The initial sum of squares (ssvpot)                      0.304
  The residual sum of squares (chipot)                     0.018
  The std err of estimate (sqrt(chipot/N))               0.00261
  ESP relative RMS (SQRT(chipot/ssvpot))                 0.24578

 Center of Mass (Angst.):

 X  =   0.00000      Y  =   0.00000      Z  =   0.00000

 Dipole (Debye):

 X  =   1.34895      Y  =  -0.29892      Z  =  -0.14869

 Dipole Moment (Debye)=   1.38965

 Quadrupole (Debye*Angst.):

 Qxx = -27.85851     QYY =  17.43023     QZZ =  10.42828
 Qxy = -16.90214     QXZ =  -0.29133     QYZ =   3.94883
