
 -----------------------------------------------
      Restrained ESP Fit 2.3  Amber 4.1
 -----------------------------------------------
 Resp charges for organic molecule                                               
 -----------------------------------------------


 inopt       =     0   ioutopt     =     1
 nmol        =     1   iqopt       =     0
 ihfree      =     1   irstrnt     =     1
 iunits      =     0   qwt         =   0.00050000
 wtmol(1) =     1.000000
 subtitle:

Resp charges for organic molecule                                               
ich =   0  iuniq =  17
    1    6    0
    2    6    0
    3    6    0
    4   16    0
    5    6    0
    6    7    0
    7    6    0
    8    6    0
    9   17    0
   10    1    0
   11    1    0
   12    1    0
   13    1    0
   14    1    0
   15    1    0
   16    1    0
   17    1    0

  ----------------------------------------------------------------------------
     ATOM                       COORDINATES                         CHARGE
                       X             Y                Z
  ----------------------------------------------------------------------------
  ----------------------------------------------------------------------------


 Charge on the molecule(ich) =    0
 Total number of atoms (iuniq)     =   17
 Weight factor on initial charge restraints(qwt)=     0.50000D-03


  there are  1 charge constraints:


     1       1
     2       1
     3       1
     4       1
     5       1
     6       1
     7       1
     8       1
     9       1
    10       1
    11       1
    12       1
    13       1
    14       1
    15       1
    16       1
    17       1

 Reading esp"s for molecule   1
 total number of atoms      =    17
 total number of esp points =  2695


 center     X       Y       Z 
    1   0.2106047E+01   0.4629621E+01   0.1230287E+00
    2   0.2669404E+01   0.1847732E+01   0.6377258E-01
    3   0.1017151E+01  -0.8502444E-01   0.5985594E+00
    4   0.2578628E+01  -0.2982551E+01   0.2509065E+00
    5   0.5311321E+01  -0.1333508E+01  -0.5726267E+00
    6   0.5092753E+01   0.1108424E+01  -0.5878276E+00
    7  -0.1735859E+01   0.3205542E-01   0.1299285E+01
    8  -0.3436062E+01  -0.2891715E+00  -0.1022971E+01
    9  -0.6757749E+01  -0.1239811E+00  -0.1615810E+00
   10   0.2300108E+01   0.5452375E+01  -0.1768682E+01
   11   0.1968036E+00   0.5027219E+01   0.8037118E+00
   12   0.3455115E+01   0.5607715E+01   0.1351738E+01
   13   0.7042447E+01  -0.2334123E+01  -0.1019235E+01
   14  -0.2206062E+01  -0.1426932E+01   0.2690395E+01
   15  -0.2146971E+01   0.1852591E+01   0.2191211E+01
   16  -0.3107721E+01   0.1201756E+01  -0.2409442E+01
   17  -0.3151281E+01  -0.2121303E+01  -0.1926836E+01
 Initial ssvpot =     0.304


 Number of unique UNfrozen centers=   17

 Non-linear optimization requested.
 qchnge =    0.7897422830E-01
 qchnge =    0.7315192614E-02
 qchnge =    0.1614931303E-02
 qchnge =    0.3823313325E-03
 qchnge =    0.9012400022E-04
 qchnge =    0.2117274036E-04
 qchnge =    0.4968773050E-05
 qchnge =    0.1165670524E-05
 qchnge =    0.2734332967E-06

 Convergence in    8 iterations


Resp charges for organic molecule                                               

          Point Charges Before & After Optimization

    no.  At.no.    q(init)       q(opt)     ivary    d(rstr)/dq
    1   6       0.000000      -0.631562      0       0.000782
    2   6       0.000000       0.661634      0       0.000747
    3   6       0.000000      -0.384551      0       0.001258
    4  16       0.000000      -0.027708      0       0.004818
    5   6       0.000000       0.089005      0       0.003735
    6   7       0.000000      -0.562904      0       0.000875
    7   6       0.000000       0.081347      0       0.003879
    8   6       0.000000      -0.097638      0       0.003578
    9  17       0.000000      -0.224923      0       0.002031
   10   1       0.000000       0.169411      0       0.000000
   11   1       0.000000       0.190479      0       0.000000
   12   1       0.000000       0.166063      0       0.000000
   13   1       0.000000       0.188650      0       0.000000
   14   1       0.000000       0.109166      0       0.000000
   15   1       0.000000       0.024603      0       0.000000
   16   1       0.000000       0.114029      0       0.000000
   17   1       0.000000       0.134900      0       0.000000

 Sum over the calculated charges:     -0.000

        Statistics of the fitting:
  The initial sum of squares (ssvpot)                      0.304
  The residual sum of squares (chipot)                     0.014
  The std err of estimate (sqrt(chipot/N))               0.00231
  ESP relative RMS (SQRT(chipot/ssvpot))                 0.21790

 Center of Mass (Angst.):

 X  =   0.00000      Y  =   0.00000      Z  =   0.00000

 Dipole (Debye):

 X  =   1.39818      Y  =  -0.39927      Z  =  -0.13271

 Dipole Moment (Debye)=   1.46011

 Quadrupole (Debye*Angst.):

 Qxx = -28.60281     QYY =  18.67095     QZZ =   9.93186
 Qxy = -16.44135     QXZ =  -1.89224     QYZ =   1.73108
