
 -----------------------------------------------
      Restrained ESP Fit 2.3  Amber 4.1
 -----------------------------------------------
 Resp charges for organic molecule                                               
 -----------------------------------------------


 inopt       =     0   ioutopt     =     1
 nmol        =     1   iqopt       =     0
 ihfree      =     1   irstrnt     =     1
 iunits      =     0   qwt         =   0.00050000
 wtmol(1) =     1.000000
 subtitle:

Resp charges for organic molecule                                               
ich =   0  iuniq =  24
    1    6    0
    2    6    0
    3    6    0
    4    6    2
    5    6    1
    6    6    0
    7    8    0
    8    6    0
    9    6    0
   10    1    0
   11    6    0
   12    8    0
   13    8    0
   14   17    0
   15    1    0
   16    1    0
   17    1   16
   18    1   15
   19    1    0
   20    1    0
   21    1    0
   22    1    0
   23    1    0
   24    1    0

  ----------------------------------------------------------------------------
     ATOM                       COORDINATES                         CHARGE
                       X             Y                Z
  ----------------------------------------------------------------------------
  ----------------------------------------------------------------------------


 Charge on the molecule(ich) =    0
 Total number of atoms (iuniq)     =   24
 Weight factor on initial charge restraints(qwt)=     0.50000D-03


  there are  1 charge constraints:


     1       1
     2       1
     3       1
     4       1
     5       1
     6       1
     7       1
     8       1
     9       1
    10       1
    11       1
    12       1
    13       1
    14       1
    15       1
    16       1
    17       1
    18       1
    19       1
    20       1
    21       1
    22       1
    23       1
    24       1

 Reading esp"s for molecule   1
 total number of atoms      =    24
 total number of esp points =  3173


 center     X       Y       Z 
    1   0.1876659E+01  -0.1800612E+01   0.2175963E+00
    2   0.4489987E+01  -0.2169177E+01   0.3414584E+00
    3   0.6116737E+01  -0.1343368E+00   0.5754216E-02
    4   0.5166233E+01   0.2285900E+01  -0.4534624E+00
    5   0.2570447E+01   0.2653778E+01  -0.5758090E+00
    6   0.9056172E+00   0.6165307E+00  -0.2433325E+00
    7  -0.1600398E+01   0.1187610E+01  -0.4127880E+00
    8  -0.3395787E+01  -0.7815642E+00  -0.7143542E-01
    9  -0.6021344E+01   0.3669224E+00  -0.2517965E+00
   10  -0.6082488E+01   0.1599292E+01  -0.1930410E+01
   11  -0.8044344E+01  -0.1674943E+01  -0.5574767E+00
   12  -0.1040761E+02  -0.3759213E+00  -0.4961683E+00
   13  -0.6485526E+01   0.1773162E+01   0.1977107E+01
   14   0.9408880E+01  -0.6070083E+00   0.1600107E+00
   15   0.6354109E+00  -0.3407344E+01   0.4856936E+00
   16   0.5245456E+01  -0.4041190E+01   0.6993290E+00
   17   0.6450102E+01   0.3863358E+01  -0.7102724E+00
   18   0.1784051E+01   0.4515239E+01  -0.9255519E+00
   19  -0.3162394E+01  -0.1662541E+01   0.1793248E+01
   20  -0.3144432E+01  -0.2234937E+01  -0.1538156E+01
   21  -0.7900362E+01  -0.3035493E+01   0.1008983E+01
   22  -0.7792079E+01  -0.2696652E+01  -0.2351206E+01
   23  -0.1173871E+02  -0.1595431E+01  -0.1995777E+00
   24  -0.8282491E+01   0.2161049E+01   0.1933564E+01
 Initial ssvpot =     0.904


 Number of unique UNfrozen centers=   20

 Non-linear optimization requested.
 qchnge =    0.6618181228E-01
 qchnge =    0.6154484771E-02
 qchnge =    0.1115092647E-02
 qchnge =    0.2465863467E-03
 qchnge =    0.5720120912E-04
 qchnge =    0.1344311545E-04
 qchnge =    0.3170793594E-05
 qchnge =    0.7487069741E-06

 Convergence in    7 iterations


Resp charges for organic molecule                                               

          Point Charges Before & After Optimization

    no.  At.no.    q(init)       q(opt)     ivary    d(rstr)/dq
    1   6       0.000000      -0.344659      0       0.001393
    2   6       0.000000      -0.030700      0       0.004780
    3   6       0.000000      -0.070668      0       0.004083
    4   6       0.000000      -0.030700      2       0.004780
    5   6       0.000000      -0.344659      1       0.001393
    6   6       0.000000       0.469217      0       0.001042
    7   8       0.000000      -0.352346      0       0.001365
    8   6       0.000000      -0.053682      0       0.004405
    9   6       0.000000       0.399242      0       0.001215
   10   1       0.000000       0.026504      0       0.000000
   11   6       0.000000       0.096262      0       0.003602
   12   8       0.000000      -0.689249      0       0.000718
   13   8       0.000000      -0.672338      0       0.000736
   14  17       0.000000      -0.126484      0       0.003101
   15   1       0.000000       0.175853      0       0.000000
   16   1       0.000000       0.148696      0       0.000000
   17   1       0.000000       0.148696     16       0.000000
   18   1       0.000000       0.175853     15       0.000000
   19   1       0.000000       0.101272      0       0.000000
   20   1       0.000000       0.032695      0       0.000000
   21   1       0.000000       0.027782      0       0.000000
   22   1       0.000000       0.039761      0       0.000000
   23   1       0.000000       0.447911      0       0.000000
   24   1       0.000000       0.425742      0       0.000000

 Sum over the calculated charges:     -0.000

        Statistics of the fitting:
  The initial sum of squares (ssvpot)                      0.904
  The residual sum of squares (chipot)                     0.010
  The std err of estimate (sqrt(chipot/N))               0.00181
  ESP relative RMS (SQRT(chipot/ssvpot))                 0.10713

 Center of Mass (Angst.):

 X  =   0.00000      Y  =   0.00000      Z  =   0.00000

 Dipole (Debye):

 X  =  -4.21417      Y  =  -3.21064      Z  =  -0.84032

 Dipole Moment (Debye)=   5.36410

 Quadrupole (Debye*Angst.):

 Qxx =   5.66863     QYY =  14.40035     QZZ = -20.06898
 Qxy =  21.70653     QXZ = -18.32613     QYZ = -25.80707
