
 -----------------------------------------------
      Restrained ESP Fit 2.3  Amber 4.1
 -----------------------------------------------
 Resp charges for organic molecule                                               
 -----------------------------------------------


 inopt       =     0   ioutopt     =     1
 nmol        =     1   iqopt       =     2
 ihfree      =     1   irstrnt     =     1
 iunits      =     0   qwt         =   0.00100000
 wtmol(1) =     1.000000
 subtitle:

Resp charges for organic molecule                                               
ich =   0  iuniq =  24
    1    6  -99
    2    6  -99
    3    6  -99
    4    6  -99
    5    6  -99
    6    6  -99
    7    8  -99
    8    6    0
    9    6  -99
   10    1  -99
   11    6    0
   12    8  -99
   13    8  -99
   14   17  -99
   15    1  -99
   16    1  -99
   17    1  -99
   18    1  -99
   19    1    0
   20    1   19
   21    1    0
   22    1   21
   23    1  -99
   24    1  -99
 new q0 values to be read  24

  ----------------------------------------------------------------------------
     ATOM                       COORDINATES                         CHARGE
                       X             Y                Z
  ----------------------------------------------------------------------------
  ----------------------------------------------------------------------------


 Charge on the molecule(ich) =    0
 Total number of atoms (iuniq)     =   24
 Weight factor on initial charge restraints(qwt)=     0.10000D-02


  there are  1 charge constraints:


     1       1
     2       1
     3       1
     4       1
     5       1
     6       1
     7       1
     8       1
     9       1
    10       1
    11       1
    12       1
    13       1
    14       1
    15       1
    16       1
    17       1
    18       1
    19       1
    20       1
    21       1
    22       1
    23       1
    24       1

 Reading esp"s for molecule   1
 total number of atoms      =    24
 total number of esp points =  3173


 center     X       Y       Z 
    1   0.1876659E+01  -0.1800612E+01   0.2175963E+00
    2   0.4489987E+01  -0.2169177E+01   0.3414584E+00
    3   0.6116737E+01  -0.1343368E+00   0.5754216E-02
    4   0.5166233E+01   0.2285900E+01  -0.4534624E+00
    5   0.2570447E+01   0.2653778E+01  -0.5758090E+00
    6   0.9056172E+00   0.6165307E+00  -0.2433325E+00
    7  -0.1600398E+01   0.1187610E+01  -0.4127880E+00
    8  -0.3395787E+01  -0.7815642E+00  -0.7143542E-01
    9  -0.6021344E+01   0.3669224E+00  -0.2517965E+00
   10  -0.6082488E+01   0.1599292E+01  -0.1930410E+01
   11  -0.8044344E+01  -0.1674943E+01  -0.5574767E+00
   12  -0.1040761E+02  -0.3759213E+00  -0.4961683E+00
   13  -0.6485526E+01   0.1773162E+01   0.1977107E+01
   14   0.9408880E+01  -0.6070083E+00   0.1600107E+00
   15   0.6354109E+00  -0.3407344E+01   0.4856936E+00
   16   0.5245456E+01  -0.4041190E+01   0.6993290E+00
   17   0.6450102E+01   0.3863358E+01  -0.7102724E+00
   18   0.1784051E+01   0.4515239E+01  -0.9255519E+00
   19  -0.3162394E+01  -0.1662541E+01   0.1793248E+01
   20  -0.3144432E+01  -0.2234937E+01  -0.1538156E+01
   21  -0.7900362E+01  -0.3035493E+01   0.1008983E+01
   22  -0.7792079E+01  -0.2696652E+01  -0.2351206E+01
   23  -0.1173871E+02  -0.1595431E+01  -0.1995777E+00
   24  -0.8282491E+01   0.2161049E+01   0.1933564E+01
 Initial ssvpot =     0.904


 Number of unique UNfrozen centers=    4

 Non-linear optimization requested.
 qchnge =    0.6197506392E-01
 qchnge =    0.3190127302E-03
 qchnge =    0.7052269902E-05
 qchnge =    0.1574321599E-06

 Convergence in    3 iterations


Resp charges for organic molecule                                               

          Point Charges Before & After Optimization

    no.  At.no.    q(init)       q(opt)     ivary    d(rstr)/dq
    1   6      -0.344659      -0.344659    -99       0.002787
    2   6      -0.030700      -0.030700    -99       0.009560
    3   6      -0.070668      -0.070668    -99       0.008167
    4   6      -0.030700      -0.030700    -99       0.009560
    5   6      -0.344659      -0.344659    -99       0.002787
    6   6       0.469217       0.469217    -99       0.002084
    7   8      -0.352346      -0.352346    -99       0.002730
    8   6      -0.053682      -0.065902      0       0.008350
    9   6       0.399242       0.399242    -99       0.002430
   10   1       0.026504       0.026504    -99       0.000000
   11   6       0.096262       0.118315      0       0.006455
   12   8      -0.689249      -0.689249    -99       0.001436
   13   8      -0.672338      -0.672338    -99       0.001471
   14  17      -0.126484      -0.126484    -99       0.006202
   15   1       0.175853       0.175853    -99       0.000000
   16   1       0.148696       0.148696    -99       0.000000
   17   1       0.148696       0.148696    -99       0.000000
   18   1       0.175853       0.175853    -99       0.000000
   19   1       0.101272       0.073933      0       0.000000
   20   1       0.032695       0.073933     19       0.000000
   21   1       0.027782       0.021906      0       0.000000
   22   1       0.039761       0.021906     21       0.000000
   23   1       0.447911       0.447911    -99       0.000000
   24   1       0.425742       0.425742    -99       0.000000

 Sum over the calculated charges:     -0.000

        Statistics of the fitting:
  The initial sum of squares (ssvpot)                      0.904
  The residual sum of squares (chipot)                     0.014
  The std err of estimate (sqrt(chipot/N))               0.00212
  ESP relative RMS (SQRT(chipot/ssvpot))                 0.12561

 Center of Mass (Angst.):

 X  =   0.00000      Y  =   0.00000      Z  =   0.00000

 Dipole (Debye):

 X  =  -4.19780      Y  =  -3.23127      Z  =  -1.06356

 Dipole Moment (Debye)=   5.40313

 Quadrupole (Debye*Angst.):

 Qxx =   5.70449     QYY =  14.56215     QZZ = -20.26665
 Qxy =  21.43995     QXZ = -17.48107     QYZ = -25.05158
