
 -----------------------------------------------
      Restrained ESP Fit 2.3  Amber 4.1
 -----------------------------------------------
 Resp charges for organic molecule                                               
 -----------------------------------------------


 inopt       =     0   ioutopt     =     1
 nmol        =     1   iqopt       =     2
 ihfree      =     1   irstrnt     =     1
 iunits      =     0   qwt         =   0.00100000
 wtmol(1) =     1.000000
 subtitle:

Resp charges for organic molecule                                               
ich =   0  iuniq =  24
    1   16  -99
    2    6  -99
    3    7  -99
    4    6    0
    5    6  -99
    6    7  -99
    7    6  -99
    8    7  -99
    9    6  -99
   10    6  -99
   11    6  -99
   12    6  -99
   13    6    0
   14   35  -99
   15    1  -99
   16    1  -99
   17    1  -99
   18    1  -99
   19    1  -99
   20    1    0
   21    1   20
   22    1    0
   23    1   22
   24    1  -99
 new q0 values to be read  24

  ----------------------------------------------------------------------------
     ATOM                       COORDINATES                         CHARGE
                       X             Y                Z
  ----------------------------------------------------------------------------
  ----------------------------------------------------------------------------


 Charge on the molecule(ich) =    0
 Total number of atoms (iuniq)     =   24
 Weight factor on initial charge restraints(qwt)=     0.10000D-02


  there are  1 charge constraints:


     1       1
     2       1
     3       1
     4       1
     5       1
     6       1
     7       1
     8       1
     9       1
    10       1
    11       1
    12       1
    13       1
    14       1
    15       1
    16       1
    17       1
    18       1
    19       1
    20       1
    21       1
    22       1
    23       1
    24       1

 Reading esp"s for molecule   1
 total number of atoms      =    24
 total number of esp points =  3886


 center     X       Y       Z 
    1  -0.1659743E+01  -0.1569812E+01   0.1900346E+00
    2   0.1316266E+01   0.1025328E+00  -0.8901554E-01
    3   0.1261545E+01   0.2510988E+01  -0.2716141E+00
    4  -0.1288117E+01   0.3496347E+01  -0.3499017E-01
    5  -0.3272535E+01   0.1408573E+01  -0.6503568E+00
    6   0.3428072E+01  -0.1390152E+01  -0.6728936E-01
    7   0.5987013E+01  -0.7034448E+00  -0.2936445E-01
    8   0.7524573E+01  -0.2717022E+01  -0.1573386E-01
    9   0.1001359E+02  -0.2294129E+01   0.3462356E-01
   10   0.1108653E+02   0.1104299E+00   0.7708192E-01
   11   0.9452253E+01   0.2181940E+01   0.5762530E-01
   12   0.6851139E+01   0.1804477E+01  -0.1392728E-02
   13  -0.5720010E+01   0.1795117E+01   0.7860542E+00
   14  -0.8282939E+01  -0.7880006E+00  -0.7378813E-01
   15  -0.3659687E+01   0.1357275E+01  -0.2680873E+01
   16   0.1019618E+02   0.4096168E+01   0.8316495E-01
   17   0.1312322E+02   0.3462431E+00   0.1188222E+00
   18   0.1120115E+02  -0.3974194E+01   0.4182909E-01
   19   0.5512554E+01   0.3348071E+01  -0.3621471E-01
   20  -0.1573894E+01   0.4196206E+01   0.1905123E+01
   21  -0.1550781E+01   0.5108328E+01  -0.1308390E+01
   22  -0.5452126E+01   0.1663945E+01   0.2823840E+01
   23  -0.6582014E+01   0.3604520E+01   0.2976923E+00
   24   0.3188041E+01  -0.3287301E+01  -0.1220650E+00
 Initial ssvpot =     0.434


 Number of unique UNfrozen centers=    4

 Non-linear optimization requested.
 qchnge =    0.7488928826E-01
 qchnge =    0.6088006589E-03
 qchnge =    0.1557635266E-04
 qchnge =    0.4161510563E-06

 Convergence in    3 iterations


Resp charges for organic molecule                                               

          Point Charges Before & After Optimization

    no.  At.no.    q(init)       q(opt)     ivary    d(rstr)/dq
    1  16      -0.226570      -0.226570    -99       0.004038
    2   6       0.528429       0.528429    -99       0.001859
    3   7      -0.559460      -0.559460    -99       0.001760
    4   6       0.151357       0.159992      0       0.005300
    5   6       0.060441       0.060441    -99       0.008558
    6   7      -0.650067      -0.650067    -99       0.001520
    7   6       0.759120       0.759120    -99       0.001306
    8   7      -0.682363      -0.682363    -99       0.001450
    9   6       0.317201       0.317201    -99       0.003007
   10   6      -0.413208      -0.413208    -99       0.002352
   11   6       0.045488       0.045488    -99       0.009103
   12   6      -0.399511      -0.399511    -99       0.002428
   13   6      -0.509038      -0.517217      0       0.001898
   14  35      -0.079850      -0.079850    -99       0.007814
   15   1       0.120205       0.120205    -99       0.000000
   16   1       0.147457       0.147457    -99       0.000000
   17   1       0.172264       0.172264    -99       0.000000
   18   1       0.085880       0.085880    -99       0.000000
   19   1       0.160602       0.160602    -99       0.000000
   20   1       0.059585       0.052666      0       0.000000
   21   1       0.054184       0.052666     20       0.000000
   22   1       0.243413       0.237810      0       0.000000
   23   1       0.224224       0.237810     22       0.000000
   24   1       0.390215       0.390215    -99       0.000000

 Sum over the calculated charges:     -0.000

        Statistics of the fitting:
  The initial sum of squares (ssvpot)                      0.434
  The residual sum of squares (chipot)                     0.013
  The std err of estimate (sqrt(chipot/N))               0.00181
  ESP relative RMS (SQRT(chipot/ssvpot))                 0.17130

 Center of Mass (Angst.):

 X  =   0.00000      Y  =   0.00000      Z  =   0.00000

 Dipole (Debye):

 X  =   1.12088      Y  =   2.78607      Z  =   0.16564

 Dipole Moment (Debye)=   3.00766

 Quadrupole (Debye*Angst.):

 Qxx =  11.11485     QYY =   3.22417     QZZ = -14.33902
 Qxy = -39.92163     QXZ = -26.36693     QYZ = -22.43085
