
 -----------------------------------------------
      Restrained ESP Fit 2.3  Amber 4.1
 -----------------------------------------------
 Resp charges for organic molecule                                               
 -----------------------------------------------


 inopt       =     0   ioutopt     =     1
 nmol        =     1   iqopt       =     0
 ihfree      =     1   irstrnt     =     1
 iunits      =     0   qwt         =   0.00050000
 wtmol(1) =     1.000000
 subtitle:

Resp charges for organic molecule                                               
ich =   0  iuniq =  24
    1   16    0
    2    6    0
    3    7    0
    4    6    0
    5    6    0
    6    7    0
    7    6    0
    8    7    0
    9    6    0
   10    6    0
   11    6    0
   12    6    0
   13    6    0
   14   35    0
   15    1    0
   16    1    0
   17    1    0
   18    1    0
   19    1    0
   20    1    0
   21    1    0
   22    1    0
   23    1    0
   24    1    0

  ----------------------------------------------------------------------------
     ATOM                       COORDINATES                         CHARGE
                       X             Y                Z
  ----------------------------------------------------------------------------
  ----------------------------------------------------------------------------


 Charge on the molecule(ich) =    0
 Total number of atoms (iuniq)     =   24
 Weight factor on initial charge restraints(qwt)=     0.50000D-03


  there are  1 charge constraints:


     1       1
     2       1
     3       1
     4       1
     5       1
     6       1
     7       1
     8       1
     9       1
    10       1
    11       1
    12       1
    13       1
    14       1
    15       1
    16       1
    17       1
    18       1
    19       1
    20       1
    21       1
    22       1
    23       1
    24       1

 Reading esp"s for molecule   1
 total number of atoms      =    24
 total number of esp points =  3886


 center     X       Y       Z 
    1  -0.1659743E+01  -0.1569812E+01   0.1900346E+00
    2   0.1316266E+01   0.1025328E+00  -0.8901554E-01
    3   0.1261545E+01   0.2510988E+01  -0.2716141E+00
    4  -0.1288117E+01   0.3496347E+01  -0.3499017E-01
    5  -0.3272535E+01   0.1408573E+01  -0.6503568E+00
    6   0.3428072E+01  -0.1390152E+01  -0.6728936E-01
    7   0.5987013E+01  -0.7034448E+00  -0.2936445E-01
    8   0.7524573E+01  -0.2717022E+01  -0.1573386E-01
    9   0.1001359E+02  -0.2294129E+01   0.3462356E-01
   10   0.1108653E+02   0.1104299E+00   0.7708192E-01
   11   0.9452253E+01   0.2181940E+01   0.5762530E-01
   12   0.6851139E+01   0.1804477E+01  -0.1392728E-02
   13  -0.5720010E+01   0.1795117E+01   0.7860542E+00
   14  -0.8282939E+01  -0.7880006E+00  -0.7378813E-01
   15  -0.3659687E+01   0.1357275E+01  -0.2680873E+01
   16   0.1019618E+02   0.4096168E+01   0.8316495E-01
   17   0.1312322E+02   0.3462431E+00   0.1188222E+00
   18   0.1120115E+02  -0.3974194E+01   0.4182909E-01
   19   0.5512554E+01   0.3348071E+01  -0.3621471E-01
   20  -0.1573894E+01   0.4196206E+01   0.1905123E+01
   21  -0.1550781E+01   0.5108328E+01  -0.1308390E+01
   22  -0.5452126E+01   0.1663945E+01   0.2823840E+01
   23  -0.6582014E+01   0.3604520E+01   0.2976923E+00
   24   0.3188041E+01  -0.3287301E+01  -0.1220650E+00
 Initial ssvpot =     0.434


 Number of unique UNfrozen centers=   24

 Non-linear optimization requested.
 qchnge =    0.8138653420E-01
 qchnge =    0.6516011937E-02
 qchnge =    0.1340178790E-02
 qchnge =    0.2992169582E-03
 qchnge =    0.6874185302E-04
 qchnge =    0.1601261813E-04
 qchnge =    0.3754512014E-05
 qchnge =    0.8830375536E-06

 Convergence in    7 iterations


Resp charges for organic molecule                                               

          Point Charges Before & After Optimization

    no.  At.no.    q(init)       q(opt)     ivary    d(rstr)/dq
    1  16       0.000000      -0.226570      0       0.002019
    2   6       0.000000       0.528429      0       0.000930
    3   7       0.000000      -0.559460      0       0.000880
    4   6       0.000000       0.151357      0       0.002756
    5   6       0.000000       0.060441      0       0.004279
    6   7       0.000000      -0.650067      0       0.000760
    7   6       0.000000       0.759120      0       0.000653
    8   7       0.000000      -0.682363      0       0.000725
    9   6       0.000000       0.317201      0       0.001503
   10   6       0.000000      -0.413208      0       0.001176
   11   6       0.000000       0.045488      0       0.004551
   12   6       0.000000      -0.399511      0       0.001214
   13   6       0.000000      -0.509038      0       0.000964
   14  35       0.000000      -0.079850      0       0.003907
   15   1       0.000000       0.120205      0       0.000000
   16   1       0.000000       0.147457      0       0.000000
   17   1       0.000000       0.172264      0       0.000000
   18   1       0.000000       0.085880      0       0.000000
   19   1       0.000000       0.160602      0       0.000000
   20   1       0.000000       0.059585      0       0.000000
   21   1       0.000000       0.054184      0       0.000000
   22   1       0.000000       0.243413      0       0.000000
   23   1       0.000000       0.224224      0       0.000000
   24   1       0.000000       0.390215      0       0.000000

 Sum over the calculated charges:     -0.000

        Statistics of the fitting:
  The initial sum of squares (ssvpot)                      0.434
  The residual sum of squares (chipot)                     0.012
  The std err of estimate (sqrt(chipot/N))               0.00178
  ESP relative RMS (SQRT(chipot/ssvpot))                 0.16841

 Center of Mass (Angst.):

 X  =   0.00000      Y  =   0.00000      Z  =   0.00000

 Dipole (Debye):

 X  =   1.14627      Y  =   2.73938      Z  =   0.24114

 Dipole Moment (Debye)=   2.97931

 Quadrupole (Debye*Angst.):

 Qxx =  10.72078     QYY =   3.10854     QZZ = -13.82932
 Qxy = -39.03885     QXZ = -26.62670     QYZ = -21.94823
