
 -----------------------------------------------
      Restrained ESP Fit 2.3  Amber 4.1
 -----------------------------------------------
 Resp charges for organic molecule                                               
 -----------------------------------------------


 inopt       =     0   ioutopt     =     1
 nmol        =     1   iqopt       =     0
 ihfree      =     1   irstrnt     =     1
 iunits      =     0   qwt         =   0.00050000
 wtmol(1) =     1.000000
 subtitle:

Resp charges for organic molecule                                               
ich =   0  iuniq =  19
    1    6    0
    2    6    0
    3    6    0
    4    8    0
    5    8    0
    6    6    0
    7    6    0
    8    6    0
    9    6    0
   10    6    0
   11    6    0
   12    7    0
   13   53    0
   14    1    0
   15    1    0
   16    1    0
   17    1    0
   18    1    0
   19    1   18

  ----------------------------------------------------------------------------
     ATOM                       COORDINATES                         CHARGE
                       X             Y                Z
  ----------------------------------------------------------------------------
  ----------------------------------------------------------------------------


 Charge on the molecule(ich) =    0
 Total number of atoms (iuniq)     =   19
 Weight factor on initial charge restraints(qwt)=     0.50000D-03


  there are  1 charge constraints:


     1       1
     2       1
     3       1
     4       1
     5       1
     6       1
     7       1
     8       1
     9       1
    10       1
    11       1
    12       1
    13       1
    14       1
    15       1
    16       1
    17       1
    18       1
    19       1

 Reading esp"s for molecule   1
 total number of atoms      =    19
 total number of esp points =  3767


 center     X       Y       Z 
    1  -0.2268739E+01  -0.2639031E+01   0.5291233E-04
    2  -0.4723786E+01  -0.3347901E+01   0.1511781E-04
    3  -0.6781166E+01  -0.1515218E+01   0.1156512E-02
    4  -0.9016875E+01  -0.1986610E+01  -0.8957301E-03
    5  -0.6038652E+01   0.1006179E+01   0.3080253E-03
    6  -0.3563806E+01   0.1748722E+01   0.7369931E-04
    7  -0.1558602E+01  -0.2660734E-02   0.1908623E-03
    8   0.9375290E+00   0.9462217E+00   0.8692739E-04
    9   0.1459687E+01   0.3545625E+01  -0.3779452E-04
   10  -0.6395589E+00   0.5213692E+01  -0.1228322E-03
   11  -0.3099925E+01   0.4345259E+01  -0.1114938E-03
   12   0.3853096E+01   0.4543361E+01  -0.2513336E-03
   13   0.4083942E+01  -0.1643207E+01  -0.2078699E-04
   14  -0.7924698E+00  -0.4061261E+01  -0.2796795E-03
   15  -0.5288137E+01  -0.5316820E+01  -0.7086473E-03
   16  -0.2776026E+00   0.7235836E+01  -0.2513336E-03
   17  -0.4688034E+01   0.5640911E+01  -0.1700753E-03
   18   0.5398711E+01   0.3434919E+01   0.6084918E-03
   19   0.4101325E+01   0.6428058E+01   0.5045568E-03
 Initial ssvpot =     0.932


 Number of unique UNfrozen centers=   18

 Non-linear optimization requested.
 qchnge =    0.1082633295    
 qchnge =    0.5203118851E-02
 qchnge =    0.1337101945E-02
 qchnge =    0.4975942197E-03
 qchnge =    0.1980881394E-03
 qchnge =    0.7956110623E-04
 qchnge =    0.3198880115E-04
 qchnge =    0.1286205216E-04
 qchnge =    0.5171248764E-05
 qchnge =    0.2079032562E-05
 qchnge =    0.8358279815E-06

 Convergence in   10 iterations


Resp charges for organic molecule                                               

          Point Charges Before & After Optimization

    no.  At.no.    q(init)       q(opt)     ivary    d(rstr)/dq
    1   6       0.000000      -0.003917      0       0.004996
    2   6       0.000000      -0.440817      0       0.001106
    3   6       0.000000       0.880720      0       0.000564
    4   8       0.000000      -0.587639      0       0.000839
    5   8       0.000000      -0.459189      0       0.001064
    6   6       0.000000       0.376638      0       0.001283
    7   6       0.000000       0.068500      0       0.004125
    8   6       0.000000      -0.440736      0       0.001106
    9   6       0.000000       0.571671      0       0.000862
   10   6       0.000000      -0.258241      0       0.001805
   11   6       0.000000      -0.290225      0       0.001629
   12   7       0.000000      -1.013141      0       0.000491
   13  53       0.000000       0.003802      0       0.004996
   14   1       0.000000       0.154375      0       0.000000
   15   1       0.000000       0.192489      0       0.000000
   16   1       0.000000       0.178443      0       0.000000
   17   1       0.000000       0.213221      0       0.000000
   18   1       0.000000       0.427023      0       0.000000
   19   1       0.000000       0.427023     18       0.000000

 Sum over the calculated charges:     -0.000

        Statistics of the fitting:
  The initial sum of squares (ssvpot)                      0.932
  The residual sum of squares (chipot)                     0.005
  The std err of estimate (sqrt(chipot/N))               0.00114
  ESP relative RMS (SQRT(chipot/ssvpot))                 0.07278

 Center of Mass (Angst.):

 X  =   0.00000      Y  =   0.00000      Z  =   0.00000

 Dipole (Debye):

 X  =   5.60886      Y  =   2.44993      Z  =   0.00486

 Dipole Moment (Debye)=   6.12057

 Quadrupole (Debye*Angst.):

 Qxx = -64.47377     QYY =  63.72921     QZZ =   0.74456
 Qxy =   3.31179     QXZ =   0.71684     QYZ =   0.74996
