
 -----------------------------------------------
      Restrained ESP Fit 2.3  Amber 4.1
 -----------------------------------------------
 Resp charges for organic molecule                                               
 -----------------------------------------------


 inopt       =     0   ioutopt     =     1
 nmol        =     1   iqopt       =     0
 ihfree      =     1   irstrnt     =     1
 iunits      =     0   qwt         =   0.00050000
 wtmol(1) =     1.000000
 subtitle:

Resp charges for organic molecule                                               
ich =   0  iuniq =  24
    1    6    0
    2    6    0
    3    6    0
    4    6    0
    5    6    0
    6    6    0
    7    8    0
    8   53    0
    9    6    0
   10    6    0
   11    7    0
   12    6    0
   13    8    0
   14    8    0
   15    1    0
   16    1    0
   17    1    0
   18    1    0
   19    1    0
   20    1    0
   21    1    0
   22    1   21
   23    1    0
   24    1    0

  ----------------------------------------------------------------------------
     ATOM                       COORDINATES                         CHARGE
                       X             Y                Z
  ----------------------------------------------------------------------------
  ----------------------------------------------------------------------------


 Charge on the molecule(ich) =    0
 Total number of atoms (iuniq)     =   24
 Weight factor on initial charge restraints(qwt)=     0.50000D-03


  there are  1 charge constraints:


     1       1
     2       1
     3       1
     4       1
     5       1
     6       1
     7       1
     8       1
     9       1
    10       1
    11       1
    12       1
    13       1
    14       1
    15       1
    16       1
    17       1
    18       1
    19       1
    20       1
    21       1
    22       1
    23       1
    24       1

 Reading esp"s for molecule   1
 total number of atoms      =    24
 total number of esp points =  4202


 center     X       Y       Z 
    1   0.2042125E+01   0.1460006E+01  -0.1151257E+01
    2   0.1572316E+01   0.4055707E+01  -0.9636185E+00
    3  -0.8458886E+00   0.4967362E+01  -0.4489403E+00
    4  -0.2872981E+01   0.3303712E+01  -0.1067393E+00
    5  -0.2415353E+01   0.6982292E+00  -0.2993553E+00
    6  -0.1473986E-03  -0.1998310E+00  -0.8149405E+00
    7  -0.5256239E+01   0.4115657E+01   0.3967102E+00
    8  -0.5454996E+01  -0.1907310E+01   0.1847339E+00
    9   0.4669880E+01   0.4466292E+00  -0.1652915E+01
   10   0.5944868E+01  -0.7020313E+00   0.7177973E+00
   11   0.6334913E+01   0.1235709E+01   0.2674376E+01
   12   0.8527765E+01  -0.1793779E+01  -0.8090484E-01
   13   0.8729071E+01  -0.3711042E+01  -0.1305814E+01
   14   0.1050054E+02  -0.3704638E+00   0.6360005E+00
   15   0.4791281E+01  -0.2297939E+01   0.1370151E+01
   16   0.3105768E+01   0.5393087E+01  -0.1252131E+01
   17  -0.1174516E+01   0.6994156E+01  -0.3223665E+00
   18   0.3055592E+00  -0.2222488E+01  -0.9730974E+00
   19   0.4629593E+01  -0.1037450E+01  -0.3093963E+01
   20   0.5881574E+01   0.1965192E+01  -0.2377130E+01
   21   0.4908272E+01   0.2527439E+01   0.2642453E+01
   22   0.6329443E+01   0.4434185E+00   0.4427811E+01
   23   0.9740031E+01   0.1034289E+01   0.1614875E+01
   24  -0.5269136E+01   0.5948481E+01   0.4419238E+00
 Initial ssvpot =     1.408


 Number of unique UNfrozen centers=   23

 Non-linear optimization requested.
 qchnge =    0.8690130044E-01
 qchnge =    0.5647938455E-02
 qchnge =    0.1397148152E-02
 qchnge =    0.4216168114E-03
 qchnge =    0.1343959251E-03
 qchnge =    0.4369973089E-04
 qchnge =    0.1434983784E-04
 qchnge =    0.4740227932E-05
 qchnge =    0.1571980159E-05
 qchnge =    0.5226813082E-06

 Convergence in    9 iterations


Resp charges for organic molecule                                               

          Point Charges Before & After Optimization

    no.  At.no.    q(init)       q(opt)     ivary    d(rstr)/dq
    1   6       0.000000       0.053376      0       0.004411
    2   6       0.000000      -0.169180      0       0.002544
    3   6       0.000000      -0.345762      0       0.001389
    4   6       0.000000       0.500961      0       0.000979
    5   6       0.000000      -0.348926      0       0.001377
    6   6       0.000000       0.045939      0       0.004543
    7   8       0.000000      -0.619767      0       0.000796
    8  53       0.000000       0.019148      0       0.004911
    9   6       0.000000      -0.269835      0       0.001737
   10   6       0.000000       0.195745      0       0.002275
   11   7       0.000000      -0.982986      0       0.000506
   12   6       0.000000       0.769326      0       0.000644
   13   8       0.000000      -0.593254      0       0.000831
   14   8       0.000000      -0.601408      0       0.000820
   15   1       0.000000       0.035130      0       0.000000
   16   1       0.000000       0.176098      0       0.000000
   17   1       0.000000       0.167217      0       0.000000
   18   1       0.000000       0.116508      0       0.000000
   19   1       0.000000       0.105629      0       0.000000
   20   1       0.000000       0.117244      0       0.000000
   21   1       0.000000       0.381656      0       0.000000
   22   1       0.000000       0.381656     21       0.000000
   23   1       0.000000       0.409916      0       0.000000
   24   1       0.000000       0.455569      0       0.000000

 Sum over the calculated charges:     -0.000

        Statistics of the fitting:
  The initial sum of squares (ssvpot)                      1.408
  The residual sum of squares (chipot)                     0.007
  The std err of estimate (sqrt(chipot/N))               0.00126
  ESP relative RMS (SQRT(chipot/ssvpot))                 0.06882

 Center of Mass (Angst.):

 X  =   0.00000      Y  =   0.00000      Z  =   0.00000

 Dipole (Debye):

 X  =  -2.41538      Y  =   5.66597      Z  =   2.36928

 Dipole Moment (Debye)=   6.59930

 Quadrupole (Debye*Angst.):

 Qxx = -83.40127     QYY =  53.50672     QZZ =  29.89456
 Qxy =  46.10607     QXZ =  41.29142     QYZ =   4.55839
