
 -----------------------------------------------
      Restrained ESP Fit 2.3  Amber 4.1
 -----------------------------------------------
 Resp charges for organic molecule                                               
 -----------------------------------------------


 inopt       =     0   ioutopt     =     1
 nmol        =     1   iqopt       =     0
 ihfree      =     1   irstrnt     =     1
 iunits      =     0   qwt         =   0.00050000
 wtmol(1) =     1.000000
 subtitle:

Resp charges for organic molecule                                               
ich =   0  iuniq =  20
    1    6    0
    2    6    0
    3    6    0
    4    6    2
    5    6    1
    6    6    0
    7    7    0
    8    6    0
    9    8    0
   10    6    0
   11    6   10
   12    6    8
   13    8    9
   14   53    0
   15    1    0
   16    1    0
   17    1   16
   18    1   15
   19    1    0
   20    1   19

  ----------------------------------------------------------------------------
     ATOM                       COORDINATES                         CHARGE
                       X             Y                Z
  ----------------------------------------------------------------------------
  ----------------------------------------------------------------------------


 Charge on the molecule(ich) =    0
 Total number of atoms (iuniq)     =   20
 Weight factor on initial charge restraints(qwt)=     0.50000D-03


  there are  1 charge constraints:


     1       1
     2       1
     3       1
     4       1
     5       1
     6       1
     7       1
     8       1
     9       1
    10       1
    11       1
    12       1
    13       1
    14       1
    15       1
    16       1
    17       1
    18       1
    19       1
    20       1

 Reading esp"s for molecule   1
 total number of atoms      =    20
 total number of esp points =  4157


 center     X       Y       Z 
    1   0.1303745E+01  -0.2063976E+01  -0.9901711E+00
    2  -0.1331690E+01  -0.2070059E+01  -0.9768957E+00
    3  -0.2633598E+01  -0.1360603E-03   0.3401507E-03
    4  -0.1331886E+01   0.2069675E+01   0.9780428E+00
    5   0.1303554E+01   0.2063382E+01   0.9920721E+00
    6   0.2628639E+01  -0.2872384E-03   0.1056357E-02
    7   0.5322600E+01   0.3968425E-04   0.1445640E-02
    8   0.6864447E+01  -0.2140695E+01   0.4230945E+00
    9   0.6145293E+01  -0.4274745E+01   0.8387492E+00
   10   0.9542534E+01  -0.1236221E+01   0.2464127E+00
   11   0.9541965E+01   0.1237217E+01  -0.2498860E+00
   12   0.6863464E+01   0.2141094E+01  -0.4230378E+00
   13   0.6143146E+01   0.4274861E+01  -0.8380424E+00
   14  -0.6684070E+01  -0.2645616E-04  -0.3741658E-03
   15   0.2317203E+01  -0.3673042E+01  -0.1744247E+01
   16  -0.2341389E+01  -0.3681604E+01  -0.1739068E+01
   17  -0.2341699E+01   0.3681235E+01   0.1740026E+01
   18   0.2316980E+01   0.3672263E+01   0.1746602E+01
   19   0.1111655E+02  -0.2516569E+01   0.5050897E+00
   20   0.1111537E+02   0.2517928E+01  -0.5104925E+00
 Initial ssvpot =     0.674


 Number of unique UNfrozen centers=   12

 Non-linear optimization requested.
 qchnge =    0.7908583364E-01
 qchnge =    0.1430450026E-01
 qchnge =    0.4335035472E-02
 qchnge =    0.1402419561E-02
 qchnge =    0.4711509505E-03
 qchnge =    0.1627518021E-03
 qchnge =    0.5692517491E-04
 qchnge =    0.2000902080E-04
 qchnge =    0.7046692348E-05
 qchnge =    0.2483571495E-05
 qchnge =    0.8755912106E-06

 Convergence in   10 iterations


Resp charges for organic molecule                                               

          Point Charges Before & After Optimization

    no.  At.no.    q(init)       q(opt)     ivary    d(rstr)/dq
    1   6       0.000000      -0.209352      0       0.002155
    2   6       0.000000       0.024904      0       0.004852
    3   6       0.000000      -0.245043      0       0.001889
    4   6       0.000000       0.024904      2       0.004852
    5   6       0.000000      -0.209352      1       0.002155
    6   6       0.000000       0.166096      0       0.002579
    7   7       0.000000      -0.267909      0       0.001748
    8   6       0.000000       0.632922      0       0.000780
    9   8       0.000000      -0.510145      0       0.000962
   10   6       0.000000      -0.252342      0       0.001842
   11   6       0.000000      -0.252342     10       0.001842
   12   6       0.000000       0.632922      8       0.000780
   13   8       0.000000      -0.510145      9       0.000962
   14  53       0.000000      -0.034812      0       0.004722
   15   1       0.000000       0.169881      0       0.000000
   16   1       0.000000       0.129592      0       0.000000
   17   1       0.000000       0.129592     16       0.000000
   18   1       0.000000       0.169881     15       0.000000
   19   1       0.000000       0.205374      0       0.000000
   20   1       0.000000       0.205374     19       0.000000

 Sum over the calculated charges:     -0.000

        Statistics of the fitting:
  The initial sum of squares (ssvpot)                      0.674
  The residual sum of squares (chipot)                     0.007
  The std err of estimate (sqrt(chipot/N))               0.00128
  ESP relative RMS (SQRT(chipot/ssvpot))                 0.10066

 Center of Mass (Angst.):

 X  =   0.00000      Y  =   0.00000      Z  =   0.00000

 Dipole (Debye):

 X  =   4.13469      Y  =   0.00034      Z  =  -0.00174

 Dipole Moment (Debye)=   4.13469

 Quadrupole (Debye*Angst.):

 Qxx =  55.33408     QYY = -38.81643     QZZ = -16.51765
 Qxy = -20.69572     QXZ = -20.74606     QYZ =   0.35846
