
 -----------------------------------------------
      Restrained ESP Fit 2.3  Amber 4.1
 -----------------------------------------------
 Resp charges for organic molecule                                               
 -----------------------------------------------


 inopt       =     0   ioutopt     =     1
 nmol        =     1   iqopt       =     0
 ihfree      =     1   irstrnt     =     1
 iunits      =     0   qwt         =   0.00050000
 wtmol(1) =     1.000000
 subtitle:

Resp charges for organic molecule                                               
ich =   0  iuniq =  23
    1    6    0
    2    6    0
    3    6    0
    4   16    0
    5    6    0
    6    6    0
    7    8    0
    8    7    0
    9    7    0
   10    6    0
   11    6    0
   12    6    0
   13    6    0
   14    6    0
   15    8    0
   16   35    0
   17    1    0
   18    1    0
   19    1    0
   20    1    0
   21    1    0
   22    1    0
   23    1    0

  ----------------------------------------------------------------------------
     ATOM                       COORDINATES                         CHARGE
                       X             Y                Z
  ----------------------------------------------------------------------------
  ----------------------------------------------------------------------------


 Charge on the molecule(ich) =    0
 Total number of atoms (iuniq)     =   23
 Weight factor on initial charge restraints(qwt)=     0.50000D-03


  there are  1 charge constraints:


     1       1
     2       1
     3       1
     4       1
     5       1
     6       1
     7       1
     8       1
     9       1
    10       1
    11       1
    12       1
    13       1
    14       1
    15       1
    16       1
    17       1
    18       1
    19       1
    20       1
    21       1
    22       1
    23       1

 Reading esp"s for molecule   1
 total number of atoms      =    23
 total number of esp points =  4265


 center     X       Y       Z 
    1   0.1190888E+02  -0.1822575E+01   0.1889726E-03
    2   0.9404203E+01  -0.2795935E+01   0.9089582E-03
    3   0.7578011E+01  -0.9500938E+00   0.7936849E-04
    4   0.8973135E+01   0.2056687E+01  -0.4610931E-03
    5   0.1198027E+02   0.7641183E+00  -0.1156512E-02
    6   0.4825376E+01  -0.1504458E+01   0.1398397E-03
    7   0.4029990E+01  -0.3663444E+01   0.3118048E-03
    8   0.3263449E+01   0.6100867E+00   0.2532233E-03
    9   0.7176612E+00   0.3621168E+00   0.3401507E-03
   10  -0.5766045E+00   0.2421098E+01   0.5045568E-03
   11  -0.3296238E+01   0.2444619E+01   0.3533788E-03
   12  -0.4981663E+01   0.4420156E+01   0.2192082E-03
   13  -0.7451036E+01   0.3342532E+01   0.5480205E-03
   14  -0.7077109E+01   0.7910450E+00  -0.1322808E-04
   15  -0.4591067E+01   0.1955677E+00  -0.3401507E-04
   16  -0.9358123E+01  -0.1892515E+01  -0.3382610E-03
   17   0.1359124E+02  -0.2992496E+01   0.4270781E-03
   18   0.8909159E+01  -0.4782369E+01   0.1738548E-02
   19   0.1361460E+02   0.1992684E+01  -0.2078699E-02
   20   0.4029565E+01   0.2377610E+01   0.4951082E-03
   21   0.3119390E+00   0.4297526E+01   0.5291233E-03
   22  -0.4506191E+01   0.6407847E+01   0.2759000E-03
   23  -0.9249880E+01   0.4304818E+01   0.8239205E-03
 Initial ssvpot =     1.635


 Number of unique UNfrozen centers=   23

 Non-linear optimization requested.
 qchnge =    0.5954522237E-01
 qchnge =    0.3965024337E-02
 qchnge =    0.5318190447E-03
 qchnge =    0.8678647386E-04
 qchnge =    0.1561059616E-04
 qchnge =    0.2921046958E-05
 qchnge =    0.5548243894E-06

 Convergence in    6 iterations


Resp charges for organic molecule                                               

          Point Charges Before & After Optimization

    no.  At.no.    q(init)       q(opt)     ivary    d(rstr)/dq
    1   6       0.000000      -0.297326      0       0.001594
    2   6       0.000000       0.153814      0       0.002725
    3   6       0.000000      -0.341669      0       0.001404
    4  16       0.000000      -0.040430      0       0.004635
    5   6       0.000000      -0.110323      0       0.003358
    6   6       0.000000       0.683031      0       0.000724
    7   8       0.000000      -0.558258      0       0.000882
    8   7       0.000000      -0.143246      0       0.002862
    9   7       0.000000      -0.310959      0       0.001531
   10   6       0.000000       0.011501      0       0.004967
   11   6       0.000000       0.340532      0       0.001409
   12   6       0.000000      -0.422053      0       0.001153
   13   6       0.000000       0.010178      0       0.004974
   14   6       0.000000      -0.067947      0       0.004136
   15   8       0.000000      -0.147431      0       0.002807
   16  35       0.000000       0.014812      0       0.004946
   17   1       0.000000       0.182478      0       0.000000
   18   1       0.000000       0.120360      0       0.000000
   19   1       0.000000       0.209911      0       0.000000
   20   1       0.000000       0.251513      0       0.000000
   21   1       0.000000       0.114355      0       0.000000
   22   1       0.000000       0.214200      0       0.000000
   23   1       0.000000       0.132957      0       0.000000

 Sum over the calculated charges:     -0.000

        Statistics of the fitting:
  The initial sum of squares (ssvpot)                      1.635
  The residual sum of squares (chipot)                     0.019
  The std err of estimate (sqrt(chipot/N))               0.00208
  ESP relative RMS (SQRT(chipot/ssvpot))                 0.10648

 Center of Mass (Angst.):

 X  =   0.00000      Y  =   0.00000      Z  =   0.00000

 Dipole (Debye):

 X  =   2.97020      Y  =   5.93688      Z  =   0.00058

 Dipole Moment (Debye)=   6.63842

 Quadrupole (Debye*Angst.):

 Qxx =  66.28070     QYY = -17.76887     QZZ = -48.51183
 Qxy = -59.34975     QXZ = -48.52006     QYZ = -48.51370
