
 -----------------------------------------------
      Restrained ESP Fit 2.3  Amber 4.1
 -----------------------------------------------
 Resp charges for organic molecule                                               
 -----------------------------------------------


 inopt       =     0   ioutopt     =     1
 nmol        =     1   iqopt       =     0
 ihfree      =     1   irstrnt     =     1
 iunits      =     0   qwt         =   0.00050000
 wtmol(1) =     1.000000
 subtitle:

Resp charges for organic molecule                                               
ich =   0  iuniq =  25
    1    6    0
    2    6    0
    3    6    0
    4    6    0
    5    6    0
    6    6    0
    7    6    0
    8   17    0
    9    6    0
   10    6    0
   11    6    0
   12    8    0
   13    1    0
   14    1    0
   15    1    0
   16    1    0
   17    1    0
   18    1    0
   19    1    0
   20    1    0
   21    1    0
   22    1    0
   23    1    0
   24    1    0
   25    1    0

  ----------------------------------------------------------------------------
     ATOM                       COORDINATES                         CHARGE
                       X             Y                Z
  ----------------------------------------------------------------------------
  ----------------------------------------------------------------------------


 Charge on the molecule(ich) =    0
 Total number of atoms (iuniq)     =   25
 Weight factor on initial charge restraints(qwt)=     0.50000D-03


  there are  1 charge constraints:


     1       1
     2       1
     3       1
     4       1
     5       1
     6       1
     7       1
     8       1
     9       1
    10       1
    11       1
    12       1
    13       1
    14       1
    15       1
    16       1
    17       1
    18       1
    19       1
    20       1
    21       1
    22       1
    23       1
    24       1
    25       1

 Reading esp"s for molecule   1
 total number of atoms      =    25
 total number of esp points =  3027


 center     X       Y       Z 
    1   0.5969223E+01   0.2407936E+01   0.1077144E-03
    2   0.3233471E+01   0.1616005E+01  -0.1266116E-03
    3   0.1298087E+01   0.3416262E+01  -0.4214089E-03
    4  -0.1254075E+01   0.2736928E+01  -0.5593589E-03
    5  -0.1984815E+01   0.1839138E+00  -0.4875493E-03
    6  -0.5295957E-01  -0.1617394E+01  -0.1020452E-03
    7   0.2484483E+01  -0.9217290E+00   0.1058247E-03
    8   0.4791880E+01  -0.3336185E+01   0.5347925E-03
    9  -0.4757253E+01  -0.5936933E+00  -0.6557349E-03
   10  -0.5450142E+01  -0.2090164E+01  -0.2400016E+01
   11  -0.5451536E+01  -0.2085048E+01   0.2401488E+01
   12  -0.3123375E+01   0.4534018E+01  -0.9675397E-03
   13   0.6965587E+01   0.1675543E+01  -0.1661740E+01
   14   0.6140030E+01   0.4468301E+01  -0.9448630E-05
   15   0.6965307E+01   0.1675758E+01   0.1662233E+01
   16   0.1805635E+01   0.5411421E+01  -0.5650281E-03
   17  -0.5285847E+00  -0.3612311E+01   0.4346370E-04
   18  -0.5877970E+01   0.1143660E+01  -0.2810022E-02
   19  -0.5023650E+01  -0.1004006E+01  -0.4109695E+01
   20  -0.4405042E+01  -0.3876654E+01  -0.2508195E+01
   21  -0.7471982E+01  -0.2544042E+01  -0.2412507E+01
   22  -0.5026252E+01  -0.9951146E+00   0.4109054E+01
   23  -0.7473318E+01  -0.2539185E+01   0.2413681E+01
   24  -0.4406195E+01  -0.3871117E+01   0.2514152E+01
   25  -0.2345422E+01   0.6192643E+01  -0.9599808E-03
 Initial ssvpot =     0.360


 Number of unique UNfrozen centers=   25

 Non-linear optimization requested.
 qchnge =    0.5941554795E-01
 qchnge =    0.7634330239E-02
 qchnge =    0.2583717454E-02
 qchnge =    0.9756852773E-03
 qchnge =    0.3643507038E-03
 qchnge =    0.1345479893E-03
 qchnge =    0.4945973740E-04
 qchnge =    0.1815417094E-04
 qchnge =    0.6660725100E-05
 qchnge =    0.2443616404E-05
 qchnge =    0.8964985926E-06

 Convergence in   10 iterations


Resp charges for organic molecule                                               

          Point Charges Before & After Optimization

    no.  At.no.    q(init)       q(opt)     ivary    d(rstr)/dq
    1   6       0.000000      -0.224972      0       0.002031
    2   6       0.000000       0.249072      0       0.001863
    3   6       0.000000      -0.476089      0       0.001028
    4   6       0.000000       0.332311      0       0.001441
    5   6       0.000000      -0.072928      0       0.004040
    6   6       0.000000      -0.187890      0       0.002349
    7   6       0.000000      -0.071470      0       0.004068
    8  17       0.000000      -0.125507      0       0.003116
    9   6       0.000000       0.361836      0       0.001332
   10   6       0.000000      -0.385832      0       0.001254
   11   6       0.000000      -0.385640      0       0.001255
   12   8       0.000000      -0.631036      0       0.000783
   13   1       0.000000       0.079547      0       0.000000
   14   1       0.000000       0.075231      0       0.000000
   15   1       0.000000       0.079554      0       0.000000
   16   1       0.000000       0.195344      0       0.000000
   17   1       0.000000       0.174016      0       0.000000
   18   1       0.000000       0.022160      0       0.000000
   19   1       0.000000       0.087711      0       0.000000
   20   1       0.000000       0.091361      0       0.000000
   21   1       0.000000       0.089295      0       0.000000
   22   1       0.000000       0.087715      0       0.000000
   23   1       0.000000       0.089232      0       0.000000
   24   1       0.000000       0.091272      0       0.000000
   25   1       0.000000       0.455706      0       0.000000

 Sum over the calculated charges:     -0.000

        Statistics of the fitting:
  The initial sum of squares (ssvpot)                      0.360
  The residual sum of squares (chipot)                     0.006
  The std err of estimate (sqrt(chipot/N))               0.00137
  ESP relative RMS (SQRT(chipot/ssvpot))                 0.12597

 Center of Mass (Angst.):

 X  =   0.00000      Y  =   0.00000      Z  =   0.00000

 Dipole (Debye):

 X  =  -0.33090      Y  =   2.53038      Z  =  -0.00028

 Dipole Moment (Debye)=   2.55192

 Quadrupole (Debye*Angst.):

 Qxx =  -8.40655     QYY =  21.32739     QZZ = -12.92083
 Qxy =   2.46291     QXZ = -17.54752     QYZ = -17.54859
