
 -----------------------------------------------
      Restrained ESP Fit 2.3  Amber 4.1
 -----------------------------------------------
 Resp charges for organic molecule                                               
 -----------------------------------------------


 inopt       =     0   ioutopt     =     1
 nmol        =     1   iqopt       =     0
 ihfree      =     1   irstrnt     =     1
 iunits      =     0   qwt         =   0.00050000
 wtmol(1) =     1.000000
 subtitle:

Resp charges for organic molecule                                               
ich =   0  iuniq =  23
    1    6    0
    2    6    0
    3    6    0
    4    6    2
    5    6    1
    6    6    0
    7    8    0
    8    6    0
    9    6    0
   10    6    0
   11    7    0
   12    6    0
   13    7    0
   14    7    0
   15    9    0
   16   53    0
   17    1    0
   18    1    0
   19    1   18
   20    1   17
   21    1    0
   22    1    0
   23    1   22

  ----------------------------------------------------------------------------
     ATOM                       COORDINATES                         CHARGE
                       X             Y                Z
  ----------------------------------------------------------------------------
  ----------------------------------------------------------------------------


 Charge on the molecule(ich) =    0
 Total number of atoms (iuniq)     =   23
 Weight factor on initial charge restraints(qwt)=     0.50000D-03


  there are  1 charge constraints:


     1       1
     2       1
     3       1
     4       1
     5       1
     6       1
     7       1
     8       1
     9       1
    10       1
    11       1
    12       1
    13       1
    14       1
    15       1
    16       1
    17       1
    18       1
    19       1
    20       1
    21       1
    22       1
    23       1

 Reading esp"s for molecule   1
 total number of atoms      =    23
 total number of esp points =  4536


 center     X       Y       Z 
    1   0.6357567E+00  -0.2901493E+01  -0.1662902E+01
    2   0.3186191E+01  -0.2226660E+01  -0.1721155E+01
    3   0.4113924E+01  -0.5398323E+00   0.7557392E-01
    4   0.2535742E+01   0.4701619E+00   0.1931500E+01
    5  -0.9165171E-02  -0.2142061E+00   0.1990978E+01
    6  -0.9412177E+00  -0.1890113E+01   0.1835510E+00
    7  -0.3411352E+01  -0.2790564E+01   0.2649774E+00
    8  -0.5417812E+01  -0.1198733E+01   0.1150616E+00
    9  -0.7806532E+01  -0.2298676E+01   0.4028896E+00
   10  -0.9781613E+01  -0.5914181E+00   0.1727153E+00
   11  -0.9550516E+01   0.1851053E+01  -0.2594915E+00
   12  -0.7149886E+01   0.2665829E+01  -0.4781422E+00
   13  -0.5045797E+01   0.1239583E+01  -0.3205296E+00
   14  -0.6810166E+01   0.5188492E+01  -0.8487837E+00
   15  -0.1214589E+02  -0.1449917E+01   0.3970258E+00
   16   0.8027569E+01   0.5089164E+00  -0.5882717E-02
   17  -0.1350379E+00  -0.4216249E+01  -0.3035193E+01
   18   0.4416157E+01  -0.3015940E+01  -0.3157101E+01
   19   0.3268602E+01   0.1774285E+01   0.3331946E+01
   20  -0.1255279E+01   0.5533685E+00   0.3424193E+01
   21  -0.8079777E+01  -0.4291965E+01   0.7538268E+00
   22  -0.5084901E+01   0.5776042E+01  -0.1407674E+01
   23  -0.8334051E+01   0.6218627E+01  -0.1350083E+01
 Initial ssvpot =     0.398


 Number of unique UNfrozen centers=   18

 Non-linear optimization requested.
 qchnge =    0.1153609322    
 qchnge =    0.1056923247E-01
 qchnge =    0.2253038050E-02
 qchnge =    0.6178363420E-03
 qchnge =    0.1850972548E-03
 qchnge =    0.5675350049E-04
 qchnge =    0.1751708245E-04
 qchnge =    0.5417057076E-05
 qchnge =    0.1676122144E-05
 qchnge =    0.5187011002E-06

 Convergence in    9 iterations


Resp charges for organic molecule                                               

          Point Charges Before & After Optimization

    no.  At.no.    q(init)       q(opt)     ivary    d(rstr)/dq
    1   6       0.000000      -0.212692      0       0.002127
    2   6       0.000000      -0.020414      0       0.004899
    3   6       0.000000      -0.232145      0       0.001978
    4   6       0.000000      -0.020414      2       0.004899
    5   6       0.000000      -0.212692      1       0.002127
    6   6       0.000000       0.336223      0       0.001425
    7   8       0.000000      -0.438286      0       0.001112
    8   6       0.000000       0.909994      0       0.000546
    9   6       0.000000      -0.871720      0       0.000570
   10   6       0.000000       0.857580      0       0.000579
   11   7       0.000000      -0.804249      0       0.000617
   12   6       0.000000       1.000863      0       0.000497
   13   7       0.000000      -0.815896      0       0.000608
   14   7       0.000000      -0.954048      0       0.000521
   15   9       0.000000      -0.229419      0       0.001998
   16  53       0.000000      -0.031947      0       0.004763
   17   1       0.000000       0.169405      0       0.000000
   18   1       0.000000       0.144454      0       0.000000
   19   1       0.000000       0.144454     18       0.000000
   20   1       0.000000       0.169405     17       0.000000
   21   1       0.000000       0.278663      0       0.000000
   22   1       0.000000       0.416440      0       0.000000
   23   1       0.000000       0.416440     22       0.000000

 Sum over the calculated charges:     -0.000

        Statistics of the fitting:
  The initial sum of squares (ssvpot)                      0.398
  The residual sum of squares (chipot)                     0.007
  The std err of estimate (sqrt(chipot/N))               0.00126
  ESP relative RMS (SQRT(chipot/ssvpot))                 0.13495

 Center of Mass (Angst.):

 X  =   0.00000      Y  =   0.00000      Z  =   0.00000

 Dipole (Debye):

 X  =   0.41658      Y  =   0.89150      Z  =  -0.96867

 Dipole Moment (Debye)=   1.38081

 Quadrupole (Debye*Angst.):

 Qxx = -59.11659     QYY =  37.02451     QZZ =  22.09208
 Qxy = -13.41294     QXZ =   5.12848     QYZ =  -0.20665
