
 -----------------------------------------------
      Restrained ESP Fit 2.3  Amber 4.1
 -----------------------------------------------
 Resp charges for organic molecule                                               
 -----------------------------------------------


 inopt       =     0   ioutopt     =     1
 nmol        =     1   iqopt       =     0
 ihfree      =     1   irstrnt     =     1
 iunits      =     0   qwt         =   0.00050000
 wtmol(1) =     1.000000
 subtitle:

Resp charges for organic molecule                                               
ich =   0  iuniq =  30
    1    6    0
    2    6    0
    3    6    0
    4    7    0
    5    6    0
    6    6    0
    7    1    0
    8    6    0
    9    6    0
   10    6    0
   11    6    0
   12    6    0
   13    6    0
   14   17    0
   15    8    0
   16    1    0
   17    1    0
   18    1    0
   19    1    0
   20    1    0
   21    1    0
   22    1    0
   23    1    0
   24    1    0
   25    1    0
   26    1    0
   27    1    0
   28    1    0
   29    1    0
   30    1    0

  ----------------------------------------------------------------------------
     ATOM                       COORDINATES                         CHARGE
                       X             Y                Z
  ----------------------------------------------------------------------------
  ----------------------------------------------------------------------------


 Charge on the molecule(ich) =    0
 Total number of atoms (iuniq)     =   30
 Weight factor on initial charge restraints(qwt)=     0.50000D-03


  there are  1 charge constraints:


     1       1
     2       1
     3       1
     4       1
     5       1
     6       1
     7       1
     8       1
     9       1
    10       1
    11       1
    12       1
    13       1
    14       1
    15       1
    16       1
    17       1
    18       1
    19       1
    20       1
    21       1
    22       1
    23       1
    24       1
    25       1
    26       1
    27       1
    28       1
    29       1
    30       1

 Reading esp"s for molecule   1
 total number of atoms      =    30
 total number of esp points =  3406


 center     X       Y       Z 
    1  -0.7119972E+01  -0.2499401E+01  -0.1948944E+01
    2  -0.6709708E+01   0.2630706E+00  -0.1182409E+01
    3  -0.9082208E+01   0.1350226E+01   0.6658261E-01
    4  -0.4580235E+01   0.4802304E+00   0.6083897E+00
    5  -0.2045020E+01   0.2990302E+00  -0.5014690E+00
    6  -0.1312037E+00  -0.1163466E+00   0.1663926E+01
    7  -0.4742078E-01   0.1626404E+01   0.2803371E+01
    8   0.2494291E+01  -0.6787253E+00   0.6603969E+00
    9   0.3323474E+01  -0.3187437E+01   0.4728586E+00
   10   0.5701908E+01  -0.3782812E+01  -0.4867310E+00
   11   0.7319619E+01  -0.1860363E+01  -0.1286331E+01
   12   0.6548857E+01   0.6528210E+00  -0.1116679E+01
   13   0.4161207E+01   0.1210840E+01  -0.1518452E+00
   14   0.3296073E+01   0.4440087E+01   0.3447049E-01
   15  -0.9832962E+00  -0.2156982E+01   0.3173320E+01
   16  -0.7577278E+01  -0.3644690E+01  -0.2850255E+00
   17  -0.8682686E+01  -0.2646692E+01  -0.3299686E+01
   18  -0.5443930E+01  -0.3315640E+01  -0.2846294E+01
   19  -0.6319973E+01   0.1371200E+01  -0.2910378E+01
   20  -0.9510020E+01   0.3290372E+00   0.1817678E+01
   21  -0.8838966E+01   0.3356503E+01   0.5315610E+00
   22  -0.1071438E+02   0.1190745E+01  -0.1194934E+01
   23  -0.1984036E+01  -0.1362674E+01  -0.1731541E+01
   24  -0.1518886E+01   0.1954646E+01  -0.1646042E+01
   25   0.2056118E+01  -0.4654395E+01   0.1136281E+01
   26   0.6293884E+01  -0.5745419E+01  -0.6009669E+00
   27   0.9180678E+01  -0.2301951E+01  -0.2032351E+01
   28   0.7779503E+01   0.2178399E+01  -0.1717387E+01
   29  -0.2826697E+01  -0.2004381E+01   0.3093583E+01
   30  -0.4718621E+01   0.2176258E+01   0.1514676E+01
 Initial ssvpot =     0.422


 Number of unique UNfrozen centers=   30

 Non-linear optimization requested.
 qchnge =    0.5273717778E-01
 qchnge =    0.4343821388E-02
 qchnge =    0.9838897640E-03
 qchnge =    0.2994163531E-03
 qchnge =    0.1072039366E-03
 qchnge =    0.4154115344E-04
 qchnge =    0.1662549866E-04
 qchnge =    0.6734106313E-05
 qchnge =    0.2739085015E-05
 qchnge =    0.1115609551E-05
 qchnge =    0.4545328371E-06

 Convergence in   10 iterations


Resp charges for organic molecule                                               

          Point Charges Before & After Optimization

    no.  At.no.    q(init)       q(opt)     ivary    d(rstr)/dq
    1   6       0.000000      -0.410835      0       0.001183
    2   6       0.000000       0.481480      0       0.001017
    3   6       0.000000      -0.470407      0       0.001040
    4   7       0.000000      -0.669041      0       0.000739
    5   6       0.000000       0.041348      0       0.004621
    6   6       0.000000       0.233450      0       0.001969
    7   1       0.000000       0.032552      0       0.000000
    8   6       0.000000       0.199542      0       0.002240
    9   6       0.000000      -0.189836      0       0.002330
   10   6       0.000000      -0.164613      0       0.002596
   11   6       0.000000      -0.162788      0       0.002617
   12   6       0.000000      -0.068050      0       0.004134
   13   6       0.000000      -0.120474      0       0.003193
   14  17       0.000000      -0.116817      0       0.003252
   15   8       0.000000      -0.649784      0       0.000761
   16   1       0.000000       0.120035      0       0.000000
   17   1       0.000000       0.086457      0       0.000000
   18   1       0.000000       0.115548      0       0.000000
   19   1       0.000000      -0.016746      0       0.000000
   20   1       0.000000       0.115332      0       0.000000
   21   1       0.000000       0.105908      0       0.000000
   22   1       0.000000       0.124826      0       0.000000
   23   1       0.000000       0.043779      0       0.000000
   24   1       0.000000       0.021704      0       0.000000
   25   1       0.000000       0.171370      0       0.000000
   26   1       0.000000       0.154215      0       0.000000
   27   1       0.000000       0.150372      0       0.000000
   28   1       0.000000       0.137603      0       0.000000
   29   1       0.000000       0.385048      0       0.000000
   30   1       0.000000       0.318819      0       0.000000

 Sum over the calculated charges:     -0.000

        Statistics of the fitting:
  The initial sum of squares (ssvpot)                      0.422
  The residual sum of squares (chipot)                     0.008
  The std err of estimate (sqrt(chipot/N))               0.00150
  ESP relative RMS (SQRT(chipot/ssvpot))                 0.13488

 Center of Mass (Angst.):

 X  =   0.00000      Y  =   0.00000      Z  =   0.00000

 Dipole (Debye):

 X  =  -1.35821      Y  =  -0.08278      Z  =  -1.90221

 Dipole Moment (Debye)=   2.33880

 Quadrupole (Debye*Angst.):

 Qxx =  29.45709     QYY =  -7.80758     QZZ = -21.64950
 Qxy = -42.95383     QXZ = -34.58393     QYZ = -16.73794
