
 -----------------------------------------------
      Restrained ESP Fit 2.3  Amber 4.1
 -----------------------------------------------
 Resp charges for organic molecule                                               
 -----------------------------------------------


 inopt       =     0   ioutopt     =     1
 nmol        =     1   iqopt       =     0
 ihfree      =     1   irstrnt     =     1
 iunits      =     0   qwt         =   0.00050000
 wtmol(1) =     1.000000
 subtitle:

Resp charges for organic molecule                                               
ich =   0  iuniq =  13
    1    6    0
    2    8    0
    3    6    0
    4    6    0
    5    6    0
    6   16    0
    7    7    0
    8   53    0
    9    6    0
   10    7    0
   11    1    0
   12    1    0
   13    1    0

  ----------------------------------------------------------------------------
     ATOM                       COORDINATES                         CHARGE
                       X             Y                Z
  ----------------------------------------------------------------------------
  ----------------------------------------------------------------------------


 Charge on the molecule(ich) =    0
 Total number of atoms (iuniq)     =   13
 Weight factor on initial charge restraints(qwt)=     0.50000D-03


  there are  1 charge constraints:


     1       1
     2       1
     3       1
     4       1
     5       1
     6       1
     7       1
     8       1
     9       1
    10       1
    11       1
    12       1
    13       1

 Reading esp"s for molecule   1
 total number of atoms      =    13
 total number of esp points =  3674


 center     X       Y       Z 
    1  -0.8513771E+01  -0.1123348E+00   0.6878603E-03
    2  -0.6174568E+01   0.1263269E+01   0.2267671E-03
    3  -0.4060394E+01  -0.1113086E+00   0.1606267E-03
    4  -0.1634526E+01   0.1157584E+01  -0.3269226E-03
    5   0.2638473E+00  -0.6273512E+00   0.2513336E-03
    6  -0.1039209E+01  -0.3614496E+01  -0.9637603E-03
    7  -0.4045595E+01  -0.2588875E+01   0.4270781E-03
    8   0.4172044E+01   0.4968090E-02   0.2381055E-03
    9  -0.1336497E+01   0.3824138E+01  -0.6519555E-03
   10  -0.1112928E+01   0.6010941E+01  -0.7351034E-03
   11  -0.8654658E+01  -0.1301634E+01  -0.1684201E+01
   12  -0.8654338E+01  -0.1301025E+01   0.1686030E+01
   13  -0.9987723E+01   0.1326315E+01   0.5688075E-03
 Initial ssvpot =     0.512


 Number of unique UNfrozen centers=   13

 Non-linear optimization requested.
 qchnge =    0.8858338222E-01
 qchnge =    0.2881735381E-02
 qchnge =    0.3485911553E-03
 qchnge =    0.8382537635E-04
 qchnge =    0.2154079258E-04
 qchnge =    0.5548263580E-05
 qchnge =    0.1429102549E-05
 qchnge =    0.3681033809E-06

 Convergence in    7 iterations


Resp charges for organic molecule                                               

          Point Charges Before & After Optimization

    no.  At.no.    q(init)       q(opt)     ivary    d(rstr)/dq
    1   6       0.000000      -0.049919      0       0.004474
    2   8       0.000000      -0.384417      0       0.001259
    3   6       0.000000       0.604031      0       0.000817
    4   6       0.000000       0.174915      0       0.002482
    5   6       0.000000      -0.426224      0       0.001142
    6  16       0.000000       0.232692      0       0.001974
    7   7       0.000000      -0.459205      0       0.001064
    8  53       0.000000       0.197925      0       0.002255
    9   6       0.000000       0.214011      0       0.002117
   10   7       0.000000      -0.393229      0       0.001232
   11   1       0.000000       0.081253      0       0.000000
   12   1       0.000000       0.081289      0       0.000000
   13   1       0.000000       0.126878      0       0.000000

 Sum over the calculated charges:     -0.000

        Statistics of the fitting:
  The initial sum of squares (ssvpot)                      0.512
  The residual sum of squares (chipot)                     0.009
  The std err of estimate (sqrt(chipot/N))               0.00160
  ESP relative RMS (SQRT(chipot/ssvpot))                 0.13552

 Center of Mass (Angst.):

 X  =   0.00000      Y  =   0.00000      Z  =   0.00000

 Dipole (Debye):

 X  =  -0.33804      Y  =  -3.34787      Z  =  -0.00033

 Dipole Moment (Debye)=   3.36489

 Quadrupole (Debye*Angst.):

 Qxx =  49.43513     QYY = -48.15969     QZZ =  -1.27544
 Qxy =  -0.23799     QXZ =  -3.14149     QYZ =  -3.12855
