
 -----------------------------------------------
      Restrained ESP Fit 2.3  Amber 4.1
 -----------------------------------------------
 Resp charges for organic molecule                                               
 -----------------------------------------------


 inopt       =     0   ioutopt     =     1
 nmol        =     1   iqopt       =     0
 ihfree      =     1   irstrnt     =     1
 iunits      =     0   qwt         =   0.00050000
 wtmol(1) =     1.000000
 subtitle:

Resp charges for organic molecule                                               
ich =   0  iuniq =  28
    1    6    0
    2    6    0
    3    6    0
    4    6    2
    5    6    1
    6    6    0
    7    8    0
    8    6    0
    9    6    0
   10    1    0
   11    6    0
   12    8    0
   13    6    0
   14    8    0
   15    7    0
   16    8    0
   17   17    0
   18    1    0
   19    1    0
   20    1   19
   21    1   18
   22    1    0
   23    1    0
   24    1    0
   25    1    0
   26    1    0
   27    1   26
   28    1    0

  ----------------------------------------------------------------------------
     ATOM                       COORDINATES                         CHARGE
                       X             Y                Z
  ----------------------------------------------------------------------------
  ----------------------------------------------------------------------------


 Charge on the molecule(ich) =    0
 Total number of atoms (iuniq)     =   28
 Weight factor on initial charge restraints(qwt)=     0.50000D-03


  there are  1 charge constraints:


     1       1
     2       1
     3       1
     4       1
     5       1
     6       1
     7       1
     8       1
     9       1
    10       1
    11       1
    12       1
    13       1
    14       1
    15       1
    16       1
    17       1
    18       1
    19       1
    20       1
    21       1
    22       1
    23       1
    24       1
    25       1
    26       1
    27       1
    28       1

 Reading esp"s for molecule   1
 total number of atoms      =    28
 total number of esp points =  3602


 center     X       Y       Z 
    1   0.4745304E+01   0.2702471E+01  -0.4327624E+00
    2   0.7325370E+01   0.2321196E+01  -0.1387134E+00
    3   0.8250614E+01  -0.1324150E+00   0.1704797E+00
    4   0.6614374E+01  -0.2187186E+01   0.1869752E+00
    5   0.4016892E+01  -0.1804966E+01  -0.1100142E+00
    6   0.3071602E+01   0.6456362E+00  -0.4223367E+00
    7   0.5836173E+00   0.1235533E+01  -0.7381874E+00
    8  -0.1233441E+01  -0.7367985E+00  -0.6615817E+00
    9  -0.3849988E+01   0.4819501E+00  -0.8885303E+00
   10  -0.3801722E+01   0.1783261E+01  -0.2503182E+01
   11  -0.5817771E+01  -0.1581215E+01  -0.1407506E+01
   12  -0.8328563E+01  -0.5585085E+00  -0.1600458E+01
   13  -0.9615536E+01  -0.3253862E+00   0.6067589E+00
   14  -0.8758555E+01  -0.8338321E+00   0.2692368E+01
   15  -0.1201678E+02   0.4715414E+00   0.1640358E+00
   16  -0.4435601E+01   0.1957312E+01   0.1258582E+01
   17   0.1152258E+02  -0.6220279E+00   0.5432490E+00
   18   0.3977514E+01   0.4589347E+01  -0.6692351E+00
   19   0.8616105E+01   0.3913845E+01  -0.1449571E+00
   20   0.7350038E+01  -0.4085382E+01   0.4295574E+00
   21   0.2768796E+01  -0.3428481E+01  -0.9345640E-01
   22  -0.8984230E+00  -0.2074367E+01  -0.2221879E+01
   23  -0.1104384E+01  -0.1774094E+01   0.1133819E+01
   24  -0.5464462E+01  -0.2481870E+01  -0.3232110E+01
   25  -0.5791661E+01  -0.3019032E+01   0.7993541E-01
   26  -0.1247562E+02   0.1155057E+01  -0.1556165E+01
   27  -0.1302118E+02   0.1058477E+01   0.1673400E+01
   28  -0.5453135E+01   0.9331864E+00   0.2405727E+01
 Initial ssvpot =     1.040


 Number of unique UNfrozen centers=   23

 Non-linear optimization requested.
 qchnge =    0.7437808527E-01
 qchnge =    0.4881543722E-02
 qchnge =    0.9639763754E-03
 qchnge =    0.2314123289E-03
 qchnge =    0.5814821883E-04
 qchnge =    0.1479267518E-04
 qchnge =    0.3775780482E-05
 qchnge =    0.9646194714E-06

 Convergence in    7 iterations


Resp charges for organic molecule                                               

          Point Charges Before & After Optimization

    no.  At.no.    q(init)       q(opt)     ivary    d(rstr)/dq
    1   6       0.000000      -0.302430      0       0.001570
    2   6       0.000000      -0.042381      0       0.004604
    3   6       0.000000      -0.055327      0       0.004375
    4   6       0.000000      -0.042381      2       0.004604
    5   6       0.000000      -0.302430      1       0.001570
    6   6       0.000000       0.371856      0       0.001298
    7   8       0.000000      -0.289054      0       0.001635
    8   6       0.000000      -0.057728      0       0.004330
    9   6       0.000000       0.299785      0       0.001582
   10   1       0.000000       0.066452      0       0.000000
   11   6       0.000000       0.005368      0       0.004993
   12   8       0.000000      -0.429847      0       0.001133
   13   6       0.000000       0.948807      0       0.000524
   14   8       0.000000      -0.623596      0       0.000792
   15   7       0.000000      -0.974225      0       0.000511
   16   8       0.000000      -0.673600      0       0.000734
   17  17       0.000000      -0.127905      0       0.003080
   18   1       0.000000       0.168934      0       0.000000
   19   1       0.000000       0.147163      0       0.000000
   20   1       0.000000       0.147163     19       0.000000
   21   1       0.000000       0.168934     18       0.000000
   22   1       0.000000       0.038111      0       0.000000
   23   1       0.000000       0.087574      0       0.000000
   24   1       0.000000       0.098861      0       0.000000
   25   1       0.000000       0.084014      0       0.000000
   26   1       0.000000       0.426240      0       0.000000
   27   1       0.000000       0.426240     26       0.000000
   28   1       0.000000       0.435400      0       0.000000

 Sum over the calculated charges:     -0.000

        Statistics of the fitting:
  The initial sum of squares (ssvpot)                      1.040
  The residual sum of squares (chipot)                     0.011
  The std err of estimate (sqrt(chipot/N))               0.00176
  ESP relative RMS (SQRT(chipot/ssvpot))                 0.10335

 Center of Mass (Angst.):

 X  =   0.00000      Y  =   0.00000      Z  =   0.00000

 Dipole (Debye):

 X  =  -4.73135      Y  =  -1.39673      Z  =  -2.47361

 Dipole Moment (Debye)=   5.51863

 Quadrupole (Debye*Angst.):

 Qxx =  14.49372     QYY =   5.39065     QZZ = -19.88437
 Qxy = -31.73504     QXZ =  -0.70145     QYZ = -20.49441
