
 -----------------------------------------------
      Restrained ESP Fit 2.3  Amber 4.1
 -----------------------------------------------
 Resp charges for organic molecule                                               
 -----------------------------------------------


 inopt       =     0   ioutopt     =     1
 nmol        =     1   iqopt       =     2
 ihfree      =     1   irstrnt     =     1
 iunits      =     0   qwt         =   0.00100000
 wtmol(1) =     1.000000
 subtitle:

Resp charges for organic molecule                                               
ich =   0  iuniq =  24
    1    6    0
    2    6  -99
    3    7  -99
    4    6  -99
    5    6  -99
    6    7  -99
    7    6    0
    8    6  -99
    9    1  -99
   10    6    0
   11   17  -99
   12    8  -99
   13    7  -99
   14    8  -99
   15    8  -99
   16    1    0
   17    1   16
   18    1   16
   19    1  -99
   20    1    0
   21    1   20
   22    1    0
   23    1   22
   24    1  -99
 new q0 values to be read  24

  ----------------------------------------------------------------------------
     ATOM                       COORDINATES                         CHARGE
                       X             Y                Z
  ----------------------------------------------------------------------------
  ----------------------------------------------------------------------------


 Charge on the molecule(ich) =    0
 Total number of atoms (iuniq)     =   24
 Weight factor on initial charge restraints(qwt)=     0.10000D-02


  there are  1 charge constraints:


     1       1
     2       1
     3       1
     4       1
     5       1
     6       1
     7       1
     8       1
     9       1
    10       1
    11       1
    12       1
    13       1
    14       1
    15       1
    16       1
    17       1
    18       1
    19       1
    20       1
    21       1
    22       1
    23       1
    24       1

 Reading esp"s for molecule   1
 total number of atoms      =    24
 total number of esp points =  3035


 center     X       Y       Z 
    1   0.2156733E+01   0.5658947E+01   0.6585808E+00
    2   0.3189430E+01   0.3090775E+01   0.1156399E+00
    3   0.5415505E+01   0.2675680E+01  -0.9882492E+00
    4   0.5672912E+01   0.1315759E+00  -0.1131396E+01
    5   0.3577756E+01  -0.1033952E+01  -0.1044092E+00
    6   0.1974068E+01   0.8891879E+00   0.7113855E+00
    7  -0.5090922E+00   0.6691123E+00   0.1911405E+01
    8  -0.2636247E+01   0.2616968E+00  -0.1539371E-01
    9  -0.2121756E+01  -0.1326304E+01  -0.1246114E+01
   10  -0.5081891E+01  -0.4075723E+00   0.1371055E+01
   11  -0.7653298E+01  -0.8062100E+00  -0.8702642E+00
   12  -0.2861824E+01   0.2538724E+01  -0.1408224E+01
   13   0.3094164E+01  -0.3659037E+01   0.9804843E-01
   14   0.4768846E+01  -0.5100021E+01  -0.6422120E+00
   15   0.1037480E+01  -0.4367620E+01   0.9896627E+00
   16   0.1991038E+01   0.6006679E+01   0.2696896E+01
   17   0.3464412E+01   0.7046671E+01  -0.1271767E+00
   18   0.2890222E+00   0.5909305E+01  -0.1916919E+00
   19   0.7307206E+01  -0.7780153E+00  -0.1949846E+01
   20  -0.4455501E+00  -0.8946530E+00   0.3246281E+01
   21  -0.8554827E+00   0.2426605E+01   0.2937866E+01
   22  -0.4904548E+01  -0.2189780E+01   0.2393880E+01
   23  -0.5656233E+01   0.1102574E+01   0.2655212E+01
   24  -0.4121838E+01   0.2269499E+01  -0.2715850E+01
 Initial ssvpot =     0.828


 Number of unique UNfrozen centers=    6

 Non-linear optimization requested.
 qchnge =    0.6850436781E-01
 qchnge =    0.6636358312E-03
 qchnge =    0.6128943772E-04
 qchnge =    0.6054779723E-05
 qchnge =    0.5987343044E-06

 Convergence in    4 iterations


Resp charges for organic molecule                                               

          Point Charges Before & After Optimization

    no.  At.no.    q(init)       q(opt)     ivary    d(rstr)/dq
    1   6      -0.262918      -0.264606      0       0.003535
    2   6       0.468696       0.468696    -99       0.002087
    3   7      -0.578837      -0.578837    -99       0.001702
    4   6       0.116223       0.116223    -99       0.006522
    5   6      -0.143870      -0.143870    -99       0.005707
    6   7      -0.011508      -0.011508    -99       0.009934
    7   6      -0.309587      -0.280767      0       0.003355
    8   6       0.338907       0.338907    -99       0.002830
    9   1       0.080081       0.080081    -99       0.000000
   10   6      -0.385739      -0.386723      0       0.002503
   11  17      -0.157454      -0.157454    -99       0.005361
   12   8      -0.613561      -0.613561    -99       0.001609
   13   7       0.722230       0.722230    -99       0.001372
   14   8      -0.447280      -0.447280    -99       0.002182
   15   8      -0.447280      -0.447280    -99       0.002182
   16   1       0.086739       0.100785      0       0.000000
   17   1       0.104326       0.100785     16       0.000000
   18   1       0.112996       0.100785     16       0.000000
   19   1       0.174672       0.174672    -99       0.000000
   20   1       0.168748       0.150001      0       0.000000
   21   1       0.157765       0.150001     20       0.000000
   22   1       0.211527       0.210747      0       0.000000
   23   1       0.207898       0.210747     22       0.000000
   24   1       0.407226       0.407226    -99       0.000000

 Sum over the calculated charges:     -0.000

        Statistics of the fitting:
  The initial sum of squares (ssvpot)                      0.828
  The residual sum of squares (chipot)                     0.012
  The std err of estimate (sqrt(chipot/N))               0.00195
  ESP relative RMS (SQRT(chipot/ssvpot))                 0.11797

 Center of Mass (Angst.):

 X  =   0.00000      Y  =   0.00000      Z  =   0.00000

 Dipole (Debye):

 X  =  -1.75174      Y  =   3.48204      Z  =   2.17758

 Dipole Moment (Debye)=   4.46487

 Quadrupole (Debye*Angst.):

 Qxx = -18.58749     QYY = -15.13810     QZZ =  33.72559
 Qxy =  13.44176     QXZ =   7.30758     QYZ =  19.27416
