
 -----------------------------------------------
      Restrained ESP Fit 2.3  Amber 4.1
 -----------------------------------------------
 Resp charges for organic molecule                                               
 -----------------------------------------------


 inopt       =     0   ioutopt     =     1
 nmol        =     1   iqopt       =     0
 ihfree      =     1   irstrnt     =     1
 iunits      =     0   qwt         =   0.00050000
 wtmol(1) =     1.000000
 subtitle:

Resp charges for organic molecule                                               
ich =   0  iuniq =  24
    1    6    0
    2    6    0
    3    7    0
    4    6    0
    5    6    0
    6    7    0
    7    6    0
    8    6    0
    9    1    0
   10    6    0
   11   17    0
   12    8    0
   13    7    0
   14    8    0
   15    8   14
   16    1    0
   17    1    0
   18    1    0
   19    1    0
   20    1    0
   21    1    0
   22    1    0
   23    1    0
   24    1    0

  ----------------------------------------------------------------------------
     ATOM                       COORDINATES                         CHARGE
                       X             Y                Z
  ----------------------------------------------------------------------------
  ----------------------------------------------------------------------------


 Charge on the molecule(ich) =    0
 Total number of atoms (iuniq)     =   24
 Weight factor on initial charge restraints(qwt)=     0.50000D-03


  there are  1 charge constraints:


     1       1
     2       1
     3       1
     4       1
     5       1
     6       1
     7       1
     8       1
     9       1
    10       1
    11       1
    12       1
    13       1
    14       1
    15       1
    16       1
    17       1
    18       1
    19       1
    20       1
    21       1
    22       1
    23       1
    24       1

 Reading esp"s for molecule   1
 total number of atoms      =    24
 total number of esp points =  3035


 center     X       Y       Z 
    1   0.2156733E+01   0.5658947E+01   0.6585808E+00
    2   0.3189430E+01   0.3090775E+01   0.1156399E+00
    3   0.5415505E+01   0.2675680E+01  -0.9882492E+00
    4   0.5672912E+01   0.1315759E+00  -0.1131396E+01
    5   0.3577756E+01  -0.1033952E+01  -0.1044092E+00
    6   0.1974068E+01   0.8891879E+00   0.7113855E+00
    7  -0.5090922E+00   0.6691123E+00   0.1911405E+01
    8  -0.2636247E+01   0.2616968E+00  -0.1539371E-01
    9  -0.2121756E+01  -0.1326304E+01  -0.1246114E+01
   10  -0.5081891E+01  -0.4075723E+00   0.1371055E+01
   11  -0.7653298E+01  -0.8062100E+00  -0.8702642E+00
   12  -0.2861824E+01   0.2538724E+01  -0.1408224E+01
   13   0.3094164E+01  -0.3659037E+01   0.9804843E-01
   14   0.4768846E+01  -0.5100021E+01  -0.6422120E+00
   15   0.1037480E+01  -0.4367620E+01   0.9896627E+00
   16   0.1991038E+01   0.6006679E+01   0.2696896E+01
   17   0.3464412E+01   0.7046671E+01  -0.1271767E+00
   18   0.2890222E+00   0.5909305E+01  -0.1916919E+00
   19   0.7307206E+01  -0.7780153E+00  -0.1949846E+01
   20  -0.4455501E+00  -0.8946530E+00   0.3246281E+01
   21  -0.8554827E+00   0.2426605E+01   0.2937866E+01
   22  -0.4904548E+01  -0.2189780E+01   0.2393880E+01
   23  -0.5656233E+01   0.1102574E+01   0.2655212E+01
   24  -0.4121838E+01   0.2269499E+01  -0.2715850E+01
 Initial ssvpot =     0.828


 Number of unique UNfrozen centers=   23

 Non-linear optimization requested.
 qchnge =    0.7463548765E-01
 qchnge =    0.6879773505E-02
 qchnge =    0.1505494905E-02
 qchnge =    0.3955035611E-03
 qchnge =    0.1103192524E-03
 qchnge =    0.3151040448E-04
 qchnge =    0.9100989872E-05
 qchnge =    0.2645419682E-05
 qchnge =    0.7723026006E-06

 Convergence in    8 iterations


Resp charges for organic molecule                                               

          Point Charges Before & After Optimization

    no.  At.no.    q(init)       q(opt)     ivary    d(rstr)/dq
    1   6       0.000000      -0.262918      0       0.001777
    2   6       0.000000       0.468696      0       0.001043
    3   7       0.000000      -0.578837      0       0.000851
    4   6       0.000000       0.116223      0       0.003261
    5   6       0.000000      -0.143870      0       0.002854
    6   7       0.000000      -0.011508      0       0.004967
    7   6       0.000000      -0.309587      0       0.001537
    8   6       0.000000       0.338907      0       0.001415
    9   1       0.000000       0.080081      0       0.000000
   10   6       0.000000      -0.385739      0       0.001255
   11  17       0.000000      -0.157454      0       0.002681
   12   8       0.000000      -0.613561      0       0.000804
   13   7       0.000000       0.722230      0       0.000686
   14   8       0.000000      -0.447280      0       0.001091
   15   8       0.000000      -0.447280     14       0.001091
   16   1       0.000000       0.086739      0       0.000000
   17   1       0.000000       0.104326      0       0.000000
   18   1       0.000000       0.112996      0       0.000000
   19   1       0.000000       0.174672      0       0.000000
   20   1       0.000000       0.168748      0       0.000000
   21   1       0.000000       0.157765      0       0.000000
   22   1       0.000000       0.211527      0       0.000000
   23   1       0.000000       0.207898      0       0.000000
   24   1       0.000000       0.407226      0       0.000000

 Sum over the calculated charges:     -0.000

        Statistics of the fitting:
  The initial sum of squares (ssvpot)                      0.828
  The residual sum of squares (chipot)                     0.011
  The std err of estimate (sqrt(chipot/N))               0.00189
  ESP relative RMS (SQRT(chipot/ssvpot))                 0.11437

 Center of Mass (Angst.):

 X  =   0.00000      Y  =   0.00000      Z  =   0.00000

 Dipole (Debye):

 X  =  -1.75570      Y  =   3.48158      Z  =   2.13862

 Dipole Moment (Debye)=   4.44720

 Quadrupole (Debye*Angst.):

 Qxx = -19.04615     QYY = -14.59974     QZZ =  33.64589
 Qxy =  13.13880     QXZ =   6.77728     QYZ =  17.85571
