
 -----------------------------------------------
      Restrained ESP Fit 2.3  Amber 4.1
 -----------------------------------------------
 Resp charges for organic molecule                                               
 -----------------------------------------------


 inopt       =     0   ioutopt     =     1
 nmol        =     1   iqopt       =     0
 ihfree      =     1   irstrnt     =     1
 iunits      =     0   qwt         =   0.00050000
 wtmol(1) =     1.000000
 subtitle:

Resp charges for organic molecule                                               
ich =   0  iuniq =  18
    1    6    0
    2    6    0
    3    6    0
    4    6    0
    5    6    0
    6    6    0
    7    7    0
    8    8    0
    9    8    8
   10   17    0
   11    6    0
   12    8    0
   13    7    0
   14    1    0
   15    1    0
   16    1    0
   17    1    0
   18    1   17

  ----------------------------------------------------------------------------
     ATOM                       COORDINATES                         CHARGE
                       X             Y                Z
  ----------------------------------------------------------------------------
  ----------------------------------------------------------------------------


 Charge on the molecule(ich) =    0
 Total number of atoms (iuniq)     =   18
 Weight factor on initial charge restraints(qwt)=     0.50000D-03


  there are  1 charge constraints:


     1       1
     2       1
     3       1
     4       1
     5       1
     6       1
     7       1
     8       1
     9       1
    10       1
    11       1
    12       1
    13       1
    14       1
    15       1
    16       1
    17       1
    18       1

 Reading esp"s for molecule   1
 total number of atoms      =    18
 total number of esp points =  2813


 center     X       Y       Z 
    1   0.2161552E+01  -0.2843066E+01   0.1959948E+00
    2  -0.4560381E+00  -0.3090454E+01   0.2038788E+00
    3  -0.2052116E+01  -0.9760699E+00   0.8642851E-01
    4  -0.9499426E+00   0.1435506E+01  -0.6182427E-01
    5   0.1665519E+01   0.1727633E+01  -0.9564848E-01
    6   0.3173417E+01  -0.4217849E+00   0.4448604E-01
    7   0.5943887E+01  -0.1095077E+00   0.1706611E-01
    8   0.7237310E+01  -0.2036794E+01   0.1260504E+00
    9   0.6782281E+01   0.2052509E+01  -0.1159952E+00
   10  -0.2803289E+01   0.4159419E+01  -0.3084449E+00
   11  -0.4880969E+01  -0.1359866E+01   0.2712796E+00
   12  -0.6167554E+01  -0.2957005E+00   0.1856070E+01
   13  -0.5825230E+01  -0.3114108E+01  -0.1385683E+01
   14   0.3403931E+01  -0.4464550E+01   0.3065022E+00
   15  -0.1297994E+01  -0.4955971E+01   0.3426281E+00
   16   0.2525711E+01   0.3578017E+01  -0.2314744E+00
   17  -0.4863981E+01  -0.3581484E+01  -0.2967329E+01
   18  -0.7727207E+01  -0.3312344E+01  -0.1423037E+01
 Initial ssvpot =     1.190


 Number of unique UNfrozen centers=   16

 Non-linear optimization requested.
 qchnge =    0.9940909729E-01
 qchnge =    0.2670338007E-02
 qchnge =    0.6168894790E-03
 qchnge =    0.1537763519E-03
 qchnge =    0.3859469145E-04
 qchnge =    0.9703203717E-05
 qchnge =    0.2440930528E-05
 qchnge =    0.6141698831E-06

 Convergence in    7 iterations


Resp charges for organic molecule                                               

          Point Charges Before & After Optimization

    no.  At.no.    q(init)       q(opt)     ivary    d(rstr)/dq
    1   6       0.000000      -0.206397      0       0.002180
    2   6       0.000000      -0.119961      0       0.003202
    3   6       0.000000      -0.010086      0       0.004975
    4   6       0.000000      -0.066377      0       0.004166
    5   6       0.000000      -0.063884      0       0.004214
    6   6       0.000000       0.080440      0       0.003896
    7   7       0.000000       0.667391      0       0.000741
    8   8       0.000000      -0.416904      0       0.001166
    9   8       0.000000      -0.416904      8       0.001166
   10  17       0.000000      -0.050138      0       0.004470
   11   6       0.000000       0.769450      0       0.000644
   12   8       0.000000      -0.545060      0       0.000902
   13   7       0.000000      -0.979759      0       0.000508
   14   1       0.000000       0.198991      0       0.000000
   15   1       0.000000       0.158053      0       0.000000
   16   1       0.000000       0.162011      0       0.000000
   17   1       0.000000       0.419566      0       0.000000
   18   1       0.000000       0.419566     17       0.000000

 Sum over the calculated charges:      0.000

        Statistics of the fitting:
  The initial sum of squares (ssvpot)                      1.190
  The residual sum of squares (chipot)                     0.010
  The std err of estimate (sqrt(chipot/N))               0.00185
  ESP relative RMS (SQRT(chipot/ssvpot))                 0.08976

 Center of Mass (Angst.):

 X  =   0.00000      Y  =   0.00000      Z  =   0.00000

 Dipole (Debye):

 X  =  -2.50181      Y  =  -3.50492      Z  =  -3.14932

 Dipole Moment (Debye)=   5.33495

 Quadrupole (Debye*Angst.):

 Qxx = -48.23611     QYY =  31.06314     QZZ =  17.17297
 Qxy =  34.75721     QXZ =  45.75003     QYZ =  21.88566
