
 -----------------------------------------------
      Restrained ESP Fit 2.3  Amber 4.1
 -----------------------------------------------
 Resp charges for organic molecule                                               
 -----------------------------------------------


 inopt       =     0   ioutopt     =     1
 nmol        =     1   iqopt       =     2
 ihfree      =     1   irstrnt     =     1
 iunits      =     0   qwt         =   0.00100000
 wtmol(1) =     1.000000
 subtitle:

Resp charges for organic molecule                                               
ich =   0  iuniq =  25
    1    6  -99
    2    6  -99
    3    6  -99
    4    6  -99
    5    6  -99
    6    6  -99
    7   53  -99
    8    6  -99
    9    1  -99
   10    6  -99
   11    1  -99
   12    6    0
   13   16  -99
   14    6  -99
   15    8  -99
   16    1  -99
   17    1  -99
   18    1  -99
   19    1  -99
   20    1    0
   21    1   20
   22    7  -99
   23    1  -99
   24    1  -99
   25    8  -99
 new q0 values to be read  25

  ----------------------------------------------------------------------------
     ATOM                       COORDINATES                         CHARGE
                       X             Y                Z
  ----------------------------------------------------------------------------
  ----------------------------------------------------------------------------


 Charge on the molecule(ich) =    0
 Total number of atoms (iuniq)     =   25
 Weight factor on initial charge restraints(qwt)=     0.10000D-02


  there are  1 charge constraints:


     1       1
     2       1
     3       1
     4       1
     5       1
     6       1
     7       1
     8       1
     9       1
    10       1
    11       1
    12       1
    13       1
    14       1
    15       1
    16       1
    17       1
    18       1
    19       1
    20       1
    21       1
    22       1
    23       1
    24       1
    25       1

 Reading esp"s for molecule   1
 total number of atoms      =    25
 total number of esp points =  4451


 center     X       Y       Z 
    1   0.2140825E+01   0.5426293E+01   0.8933774E+00
    2  -0.3122167E+00   0.4467554E+01   0.1020945E+01
    3  -0.7528782E+00   0.1879442E+01   0.7174647E+00
    4   0.1298382E+01   0.2535332E+00   0.2982177E+00
    5   0.3731950E+01   0.1239668E+01   0.1553052E+00
    6   0.4186291E+01   0.3820234E+01   0.4517503E+00
    7   0.6843945E+01  -0.1272695E+01  -0.5054374E+00
    8  -0.3427389E+01   0.8726282E+00   0.7593732E+00
    9  -0.4704273E+01   0.2360583E+01   0.1410998E+01
   10  -0.6470607E+01  -0.1629649E+01  -0.1462022E+01
   11  -0.6679263E+01  -0.2720933E+01  -0.3212101E+01
   12  -0.6130744E+01  -0.3428432E+01   0.8167528E+00
   13  -0.3866712E+01  -0.1891412E+01   0.2964328E+01
   14  -0.8906966E+01  -0.2638247E-01  -0.1237495E+01
   15  -0.8686303E+01   0.2288318E+01  -0.2260131E+01
   16   0.2469860E+01   0.7437763E+01   0.1138626E+01
   17  -0.1892118E+01   0.5735848E+01   0.1357390E+01
   18   0.9772302E+00  -0.1765089E+01   0.1425855E+00
   19   0.6091747E+01   0.4568208E+01   0.3527400E+00
   20  -0.7946062E+01  -0.3733809E+01   0.1747613E+01
   21  -0.5357698E+01  -0.5247971E+01   0.2201417E+00
   22  -0.4283260E+01   0.5297469E-01  -0.1743427E+01
   23  -0.2846424E+01  -0.8416858E+00  -0.2658608E+01
   24  -0.6909103E+01   0.2433385E+01  -0.2802260E+01
   25  -0.1084153E+02  -0.8047096E+00  -0.3169014E+00
 Initial ssvpot =     1.049


 Number of unique UNfrozen centers=    2

 Non-linear optimization requested.
 qchnge =    0.6414737099E-01
 qchnge =    0.8574125130E-04
 qchnge =    0.7399942464E-06

 Convergence in    2 iterations


Resp charges for organic molecule                                               

          Point Charges Before & After Optimization

    no.  At.no.    q(init)       q(opt)     ivary    d(rstr)/dq
    1   6      -0.167897      -0.167897    -99       0.005117
    2   6      -0.190693      -0.190693    -99       0.004644
    3   6       0.173670       0.173670    -99       0.004990
    4   6       0.054626       0.054626    -99       0.008776
    5   6      -0.316648      -0.316648    -99       0.003011
    6   6       0.030554       0.030554    -99       0.009564
    7  53      -0.007746      -0.007746    -99       0.009970
    8   6       0.033216       0.033216    -99       0.009490
    9   1       0.155725       0.155725    -99       0.000000
   10   6      -0.089186      -0.089186    -99       0.007463
   11   1       0.139216       0.139216    -99       0.000000
   12   6       0.096231       0.095151      0       0.007244
   13  16      -0.244790      -0.244790    -99       0.003782
   14   6       0.746383       0.746383    -99       0.001328
   15   8      -0.578229      -0.578229    -99       0.001704
   16   1       0.154615       0.154615    -99       0.000000
   17   1       0.151771       0.151771    -99       0.000000
   18   1       0.080337       0.080337    -99       0.000000
   19   1       0.134856       0.134856    -99       0.000000
   20   1       0.058799       0.061323      0       0.000000
   21   1       0.062765       0.061323     20       0.000000
   22   7      -0.787683      -0.787683    -99       0.001259
   23   1       0.432593       0.432593    -99       0.000000
   24   1       0.421165       0.421165    -99       0.000000
   25   8      -0.543652      -0.543652    -99       0.001809

 Sum over the calculated charges:     -0.000

        Statistics of the fitting:
  The initial sum of squares (ssvpot)                      1.049
  The residual sum of squares (chipot)                     0.016
  The std err of estimate (sqrt(chipot/N))               0.00187
  ESP relative RMS (SQRT(chipot/ssvpot))                 0.12187

 Center of Mass (Angst.):

 X  =   0.00000      Y  =   0.00000      Z  =   0.00000

 Dipole (Debye):

 X  =   3.50170      Y  =   0.68333      Z  =  -2.02014

 Dipole Moment (Debye)=   4.09998

 Quadrupole (Debye*Angst.):

 Qxx = -88.07543     QYY =  64.77351     QZZ =  23.30192
 Qxy =  41.54554     QXZ =  26.75522     QYZ =  33.04671
