
 -----------------------------------------------
      Restrained ESP Fit 2.3  Amber 4.1
 -----------------------------------------------
 Resp charges for organic molecule                                               
 -----------------------------------------------


 inopt       =     0   ioutopt     =     1
 nmol        =     1   iqopt       =     2
 ihfree      =     1   irstrnt     =     1
 iunits      =     0   qwt         =   0.00100000
 wtmol(1) =     1.000000
 subtitle:

Resp charges for organic molecule                                               
ich =   0  iuniq =  21
    1    6    0
    2    6  -99
    3    1  -99
    4    6  -99
    5    1  -99
    6    8  -99
    7    6    0
    8    6  -99
    9    1  -99
   10    8  -99
   11    6    0
   12    8  -99
   13   53  -99
   14    1    0
   15    1   14
   16    1   14
   17    1    0
   18    1   17
   19    1    0
   20    1   19
   21    1  -99
 new q0 values to be read  21

  ----------------------------------------------------------------------------
     ATOM                       COORDINATES                         CHARGE
                       X             Y                Z
  ----------------------------------------------------------------------------
  ----------------------------------------------------------------------------


 Charge on the molecule(ich) =    0
 Total number of atoms (iuniq)     =   21
 Weight factor on initial charge restraints(qwt)=     0.10000D-02


  there are  1 charge constraints:


     1       1
     2       1
     3       1
     4       1
     5       1
     6       1
     7       1
     8       1
     9       1
    10       1
    11       1
    12       1
    13       1
    14       1
    15       1
    16       1
    17       1
    18       1
    19       1
    20       1
    21       1

 Reading esp"s for molecule   1
 total number of atoms      =    21
 total number of esp points =  3692


 center     X       Y       Z 
    1  -0.2554791E+01   0.4394715E+01   0.7960263E+00
    2  -0.1192287E+01   0.1865324E+01   0.8397168E+00
    3  -0.5408226E+00   0.1368549E+01   0.2731608E+01
    4   0.1037320E+01   0.1733665E+01  -0.1008953E+01
    5   0.3703939E+00   0.1902058E+01  -0.2967709E+01
    6   0.2679856E+01   0.3787995E+01  -0.4000701E+00
    7   0.5172824E+01   0.2809474E+01  -0.1420129E+00
    8   0.4727730E+01   0.4129429E-01   0.5530510E+00
    9   0.4413846E+01  -0.1695897E+00   0.2596945E+01
   10   0.2456615E+01  -0.5116112E+00  -0.8081810E+00
   11   0.6819158E+01  -0.1745342E+01  -0.2523559E+00
   12   0.6372145E+01  -0.4130533E+01   0.8763113E+00
   13  -0.3907619E+01  -0.1221143E+01  -0.8171553E-01
   14  -0.3294221E+01   0.4821141E+01  -0.1089142E+01
   15  -0.4129454E+01   0.4418724E+01   0.2131800E+01
   16  -0.1211169E+01   0.5881092E+01   0.1320227E+01
   17   0.6214515E+01   0.2980117E+01  -0.1935070E+01
   18   0.6155981E+01   0.3889634E+01   0.1319594E+01
   19   0.6825998E+01  -0.1846536E+01  -0.2329116E+01
   20   0.8645561E+01  -0.9440088E+00   0.3624324E+00
   21   0.7524492E+01  -0.5342238E+01   0.1320635E+00
 Initial ssvpot =     0.683


 Number of unique UNfrozen centers=    6

 Non-linear optimization requested.
 qchnge =    0.5616660290E-01
 qchnge =    0.1518770451E-02
 qchnge =    0.1312992683E-03
 qchnge =    0.1239184367E-04
 qchnge =    0.1177424872E-05
 qchnge =    0.1119309889E-06

 Convergence in    5 iterations


Resp charges for organic molecule                                               

          Point Charges Before & After Optimization

    no.  At.no.    q(init)       q(opt)     ivary    d(rstr)/dq
    1   6      -0.222645      -0.171498      0       0.005037
    2   6      -0.174462      -0.174462    -99       0.004973
    3   1       0.195944       0.195944    -99       0.000000
    4   6       0.320855       0.320855    -99       0.002976
    5   1       0.115434       0.115434    -99       0.000000
    6   8      -0.380361      -0.380361    -99       0.002543
    7   6       0.016433       0.022518      0       0.009756
    8   6       0.303087       0.303087    -99       0.003133
    9   1       0.063088       0.063088    -99       0.000000
   10   8      -0.441374      -0.441374    -99       0.002210
   11   6       0.132428       0.123488      0       0.006293
   12   8      -0.675666      -0.675666    -99       0.001464
   13  53      -0.163958      -0.163958    -99       0.005207
   14   1       0.090857       0.078181      0       0.000000
   15   1       0.097229       0.078181     14       0.000000
   16   1       0.092026       0.078181     14       0.000000
   17   1       0.057671       0.061597      0       0.000000
   18   1       0.075002       0.061597     17       0.000000
   19   1       0.048701       0.029903      0       0.000000
   20   1       0.004348       0.029903     19       0.000000
   21   1       0.445363       0.445363    -99       0.000000

 Sum over the calculated charges:     -0.000

        Statistics of the fitting:
  The initial sum of squares (ssvpot)                      0.683
  The residual sum of squares (chipot)                     0.009
  The std err of estimate (sqrt(chipot/N))               0.00154
  ESP relative RMS (SQRT(chipot/ssvpot))                 0.11314

 Center of Mass (Angst.):

 X  =   0.00000      Y  =   0.00000      Z  =   0.00000

 Dipole (Debye):

 X  =   4.36682      Y  =   1.86347      Z  =  -0.10158

 Dipole Moment (Debye)=   4.74889

 Quadrupole (Debye*Angst.):

 Qxx =  31.07690     QYY = -19.41421     QZZ = -11.66270
 Qxy = -40.18634     QXZ = -33.94774     QYZ = -16.24210
