
 -----------------------------------------------
      Restrained ESP Fit 2.3  Amber 4.1
 -----------------------------------------------
 Resp charges for organic molecule                                               
 -----------------------------------------------


 inopt       =     0   ioutopt     =     1
 nmol        =     1   iqopt       =     2
 ihfree      =     1   irstrnt     =     1
 iunits      =     0   qwt         =   0.00100000
 wtmol(1) =     1.000000
 subtitle:

Resp charges for organic molecule                                               
ich =   0  iuniq =  27
    1    6    0
    2    7  -99
    3    6  -99
    4    6  -99
    5    6  -99
    6    8  -99
    7    7  -99
    8    6  -99
    9    8  -99
   10    6    0
   11    7  -99
   12    6  -99
   13    7  -99
   14    6    0
   15    6    0
   16   17  -99
   17    1    0
   18    1   17
   19    1   17
   20    1    0
   21    1   20
   22    1   20
   23    1  -99
   24    1    0
   25    1   24
   26    1    0
   27    1   26
 new q0 values to be read  27

  ----------------------------------------------------------------------------
     ATOM                       COORDINATES                         CHARGE
                       X             Y                Z
  ----------------------------------------------------------------------------
  ----------------------------------------------------------------------------


 Charge on the molecule(ich) =    0
 Total number of atoms (iuniq)     =   27
 Weight factor on initial charge restraints(qwt)=     0.10000D-02


  there are  1 charge constraints:


     1       1
     2       1
     3       1
     4       1
     5       1
     6       1
     7       1
     8       1
     9       1
    10       1
    11       1
    12       1
    13       1
    14       1
    15       1
    16       1
    17       1
    18       1
    19       1
    20       1
    21       1
    22       1
    23       1
    24       1
    25       1
    26       1
    27       1

 Reading esp"s for molecule   1
 total number of atoms      =    27
 total number of esp points =  3317


 center     X       Y       Z 
    1  -0.6554157E+01  -0.3451970E+01   0.6698228E+00
    2  -0.4567730E+01  -0.1569465E+01   0.2837121E+00
    3  -0.2103913E+01  -0.2305965E+01  -0.6599301E-01
    4  -0.1894979E+00  -0.5734714E+00  -0.4442916E+00
    5  -0.5881092E+00   0.2103764E+01  -0.4924588E+00
    6   0.1046152E+01   0.3731124E+01  -0.7868536E+00
    7  -0.3169286E+01   0.2703752E+01  -0.1357050E+00
    8  -0.5178915E+01   0.9967435E+00   0.2453960E+00
    9  -0.7339395E+01   0.1759017E+01   0.5308032E+00
   10  -0.3895498E+01   0.5380052E+01  -0.1467750E+00
   11   0.1987495E+01  -0.2015487E+01  -0.7351525E+00
   12   0.1230117E+01  -0.4459982E+01  -0.5013651E+00
   13  -0.1232368E+01  -0.4725523E+01  -0.9794828E-01
   14   0.4556906E+01  -0.1106805E+01  -0.1186973E+01
   15   0.5661640E+01   0.1450176E+00   0.1171732E+01
   16   0.8934005E+01   0.9609294E+00   0.6037542E+00
   17  -0.8321191E+01  -0.2435551E+01   0.9399970E+00
   18  -0.6685276E+01  -0.4692048E+01  -0.9783886E+00
   19  -0.6121503E+01  -0.4600141E+01   0.2332203E+01
   20  -0.5253540E+01   0.5734610E+01  -0.1660678E+01
   21  -0.4779281E+01   0.5876670E+01   0.1651475E+01
   22  -0.2182167E+01   0.6478544E+01  -0.4396807E+00
   23   0.2555565E+01  -0.6009495E+01  -0.6595333E+00
   24   0.5698637E+01  -0.2735023E+01  -0.1744950E+01
   25   0.4525467E+01   0.2468606E+00  -0.2744103E+01
   26   0.4654784E+01   0.1890797E+01   0.1595934E+01
   27   0.5618180E+01  -0.1129425E+01   0.2793376E+01
 Initial ssvpot =     0.780


 Number of unique UNfrozen centers=    8

 Non-linear optimization requested.
 qchnge =    0.5294257012E-01
 qchnge =    0.7715031377E-03
 qchnge =    0.4086812606E-04
 qchnge =    0.2908334867E-05
 qchnge =    0.2508235460E-06

 Convergence in    4 iterations


Resp charges for organic molecule                                               

          Point Charges Before & After Optimization

    no.  At.no.    q(init)       q(opt)     ivary    d(rstr)/dq
    1   6      -0.211704      -0.205052      0       0.004383
    2   7      -0.107722      -0.107722    -99       0.006804
    3   6       0.408809       0.408809    -99       0.002376
    4   6      -0.308354      -0.308354    -99       0.003085
    5   6       0.510628       0.510628    -99       0.001922
    6   8      -0.487180      -0.487180    -99       0.002011
    7   7      -0.197713      -0.197713    -99       0.004513
    8   6       0.515558       0.515558    -99       0.001904
    9   8      -0.533937      -0.533937    -99       0.001841
   10   6      -0.115661      -0.046943      0       0.009052
   11   7       0.007828       0.007828    -99       0.009970
   12   6       0.212766       0.212766    -99       0.004254
   13   7      -0.583574      -0.583574    -99       0.001689
   14   6      -0.095424      -0.162700      0       0.005236
   15   6      -0.128820      -0.116987      0       0.006498
   16  17      -0.181553      -0.181553    -99       0.004825
   17   1       0.132032       0.113907      0       0.000000
   18   1       0.109109       0.113907     17       0.000000
   19   1       0.108680       0.113907     17       0.000000
   20   1       0.091464       0.069693      0       0.000000
   21   1       0.089139       0.069693     20       0.000000
   22   1       0.084002       0.069693     20       0.000000
   23   1       0.161418       0.161418    -99       0.000000
   24   1       0.095946       0.138407      0       0.000000
   25   1       0.136894       0.138407     24       0.000000
   26   1       0.149067       0.143548      0       0.000000
   27   1       0.138304       0.143548     26       0.000000

 Sum over the calculated charges:     -0.000

        Statistics of the fitting:
  The initial sum of squares (ssvpot)                      0.780
  The residual sum of squares (chipot)                     0.013
  The std err of estimate (sqrt(chipot/N))               0.00197
  ESP relative RMS (SQRT(chipot/ssvpot))                 0.12854

 Center of Mass (Angst.):

 X  =   0.00000      Y  =   0.00000      Z  =   0.00000

 Dipole (Debye):

 X  =   0.75652      Y  =  -3.41494      Z  =  -0.06542

 Dipole Moment (Debye)=   3.49834

 Quadrupole (Debye*Angst.):

 Qxx = -41.00710     QYY =  18.82632     QZZ =  22.18078
 Qxy = -10.01040     QXZ =   9.14628     QYZ =  12.83745
