
 -----------------------------------------------
      Restrained ESP Fit 2.3  Amber 4.1
 -----------------------------------------------
 Resp charges for organic molecule                                               
 -----------------------------------------------


 inopt       =     0   ioutopt     =     1
 nmol        =     1   iqopt       =     0
 ihfree      =     1   irstrnt     =     1
 iunits      =     0   qwt         =   0.00050000
 wtmol(1) =     1.000000
 subtitle:

Resp charges for organic molecule                                               
ich =   0  iuniq =  23
    1    6    0
    2    6    0
    3    6    0
    4    6    2
    5    6    1
    6    6    0
    7    7    0
    8    6    0
    9    7    0
   10    6    0
   11    7    0
   12    6    0
   13    7    0
   14    7    0
   15   17    0
   16    1    0
   17    1    0
   18    1   17
   19    1   16
   20    1    0
   21    1    0
   22    1    0
   23    1   22

  ----------------------------------------------------------------------------
     ATOM                       COORDINATES                         CHARGE
                       X             Y                Z
  ----------------------------------------------------------------------------
  ----------------------------------------------------------------------------


 Charge on the molecule(ich) =    0
 Total number of atoms (iuniq)     =   23
 Weight factor on initial charge restraints(qwt)=     0.50000D-03


  there are  1 charge constraints:


     1       1
     2       1
     3       1
     4       1
     5       1
     6       1
     7       1
     8       1
     9       1
    10       1
    11       1
    12       1
    13       1
    14       1
    15       1
    16       1
    17       1
    18       1
    19       1
    20       1
    21       1
    22       1
    23       1

 Reading esp"s for molecule   1
 total number of atoms      =    23
 total number of esp points =  3332


 center     X       Y       Z 
    1   0.2193087E+01   0.1519177E+01   0.1473986E-03
    2   0.4779438E+01   0.2020728E+01   0.1473986E-03
    3   0.6517701E+01   0.4476383E-01  -0.3779452E-05
    4   0.5693151E+01  -0.2456740E+01  -0.2513336E-03
    5   0.3114387E+01  -0.2960311E+01  -0.2343260E-03
    6   0.1332179E+01  -0.9902863E+00  -0.3779452E-05
    7  -0.1225979E+01  -0.1700872E+01   0.1096041E-03
    8  -0.3417817E+01  -0.3292583E+00   0.5480205E-04
    9  -0.3344155E+01   0.2213850E+01  -0.2059801E-03
   10  -0.5630614E+01   0.3286250E+01  -0.1851931E-03
   11  -0.7858632E+01   0.2138476E+01  -0.9259657E-04
   12  -0.7679457E+01  -0.4200861E+00  -0.8503767E-04
   13  -0.5526638E+01  -0.1750223E+01   0.2551130E-03
   14  -0.9877745E+01  -0.1719564E+01  -0.9486425E-03
   15   0.9778289E+01   0.7038077E+00   0.9637602E-04
   16   0.8380254E+00   0.3047070E+01   0.1228322E-03
   17   0.5437452E+01   0.3962553E+01   0.3439301E-03
   18   0.7048676E+01  -0.3994272E+01  -0.4913288E-03
   19   0.2473965E+01  -0.4913915E+01  -0.4913288E-03
   20  -0.1568427E+01  -0.3582760E+01   0.7369931E-04
   21  -0.5661472E+01   0.5344699E+01  -0.5858151E-04
   22  -0.1152327E+02  -0.7622455E+00   0.3715201E-02
   23  -0.9856170E+01  -0.3622962E+01   0.3802129E-02
 Initial ssvpot =     0.522


 Number of unique UNfrozen centers=   18

 Non-linear optimization requested.
 qchnge =    0.1228641354    
 qchnge =    0.5697355685E-02
 qchnge =    0.1491523305E-02
 qchnge =    0.4570072418E-03
 qchnge =    0.1460427128E-03
 qchnge =    0.4728475192E-04
 qchnge =    0.1537450507E-04
 qchnge =    0.5005912641E-05
 qchnge =    0.1630659711E-05
 qchnge =    0.5312617130E-06

 Convergence in    9 iterations


Resp charges for organic molecule                                               

          Point Charges Before & After Optimization

    no.  At.no.    q(init)       q(opt)     ivary    d(rstr)/dq
    1   6       0.000000      -0.250488      0       0.001854
    2   6       0.000000      -0.058488      0       0.004316
    3   6       0.000000      -0.048207      0       0.004504
    4   6       0.000000      -0.058488      2       0.004316
    5   6       0.000000      -0.250488      1       0.001854
    6   6       0.000000       0.318179      0       0.001499
    7   7       0.000000      -0.663580      0       0.000745
    8   6       0.000000       1.019369      0       0.000488
    9   7       0.000000      -0.726888      0       0.000681
   10   6       0.000000       0.579317      0       0.000851
   11   7       0.000000      -0.868259      0       0.000572
   12   6       0.000000       1.228892      0       0.000406
   13   7       0.000000      -0.957052      0       0.000520
   14   7       0.000000      -1.137628      0       0.000438
   15  17       0.000000      -0.125972      0       0.003109
   16   1       0.000000       0.152877      0       0.000000
   17   1       0.000000       0.148954      0       0.000000
   18   1       0.000000       0.148954     17       0.000000
   19   1       0.000000       0.152877     16       0.000000
   20   1       0.000000       0.365777      0       0.000000
   21   1       0.000000       0.086020      0       0.000000
   22   1       0.000000       0.472161      0       0.000000
   23   1       0.000000       0.472161     22       0.000000

 Sum over the calculated charges:     -0.000

        Statistics of the fitting:
  The initial sum of squares (ssvpot)                      0.522
  The residual sum of squares (chipot)                     0.009
  The std err of estimate (sqrt(chipot/N))               0.00168
  ESP relative RMS (SQRT(chipot/ssvpot))                 0.13454

 Center of Mass (Angst.):

 X  =   0.00000      Y  =   0.00000      Z  =   0.00000

 Dipole (Debye):

 X  =  -3.66556      Y  =  -2.24928      Z  =   0.01104

 Dipole Moment (Debye)=   4.30066

 Quadrupole (Debye*Angst.):

 Qxx =  -3.07258     QYY =  24.07265     QZZ = -21.00007
 Qxy =  -9.55769     QXZ = -21.19156     QYZ = -21.03427
