
 -----------------------------------------------
      Restrained ESP Fit 2.3  Amber 4.1
 -----------------------------------------------
 Resp charges for organic molecule                                               
 -----------------------------------------------


 inopt       =     0   ioutopt     =     1
 nmol        =     1   iqopt       =     2
 ihfree      =     1   irstrnt     =     1
 iunits      =     0   qwt         =   0.00100000
 wtmol(1) =     1.000000
 subtitle:

Resp charges for organic molecule                                               
ich =   0  iuniq =  23
    1    6  -99
    2    6  -99
    3    6  -99
    4    6  -99
    5    6  -99
    6    6  -99
    7    7  -99
    8    6  -99
    9    7  -99
   10    6  -99
   11    7  -99
   12    6  -99
   13    7  -99
   14    7  -99
   15   17  -99
   16    1  -99
   17    1  -99
   18    1  -99
   19    1  -99
   20    1  -99
   21    1  -99
   22    1  -99
   23    1  -99
 new q0 values to be read  23

  ----------------------------------------------------------------------------
     ATOM                       COORDINATES                         CHARGE
                       X             Y                Z
  ----------------------------------------------------------------------------
  ----------------------------------------------------------------------------


 Charge on the molecule(ich) =    0
 Total number of atoms (iuniq)     =   23
 Weight factor on initial charge restraints(qwt)=     0.10000D-02


  there are  1 charge constraints:


     1       1
     2       1
     3       1
     4       1
     5       1
     6       1
     7       1
     8       1
     9       1
    10       1
    11       1
    12       1
    13       1
    14       1
    15       1
    16       1
    17       1
    18       1
    19       1
    20       1
    21       1
    22       1
    23       1

 Reading esp"s for molecule   1
 total number of atoms      =    23
 total number of esp points =  3332


 center     X       Y       Z 
    1   0.2193087E+01   0.1519177E+01   0.1473986E-03
    2   0.4779438E+01   0.2020728E+01   0.1473986E-03
    3   0.6517701E+01   0.4476383E-01  -0.3779452E-05
    4   0.5693151E+01  -0.2456740E+01  -0.2513336E-03
    5   0.3114387E+01  -0.2960311E+01  -0.2343260E-03
    6   0.1332179E+01  -0.9902863E+00  -0.3779452E-05
    7  -0.1225979E+01  -0.1700872E+01   0.1096041E-03
    8  -0.3417817E+01  -0.3292583E+00   0.5480205E-04
    9  -0.3344155E+01   0.2213850E+01  -0.2059801E-03
   10  -0.5630614E+01   0.3286250E+01  -0.1851931E-03
   11  -0.7858632E+01   0.2138476E+01  -0.9259657E-04
   12  -0.7679457E+01  -0.4200861E+00  -0.8503767E-04
   13  -0.5526638E+01  -0.1750223E+01   0.2551130E-03
   14  -0.9877745E+01  -0.1719564E+01  -0.9486425E-03
   15   0.9778289E+01   0.7038077E+00   0.9637602E-04
   16   0.8380254E+00   0.3047070E+01   0.1228322E-03
   17   0.5437452E+01   0.3962553E+01   0.3439301E-03
   18   0.7048676E+01  -0.3994272E+01  -0.4913288E-03
   19   0.2473965E+01  -0.4913915E+01  -0.4913288E-03
   20  -0.1568427E+01  -0.3582760E+01   0.7369931E-04
   21  -0.5661472E+01   0.5344699E+01  -0.5858151E-04
   22  -0.1152327E+02  -0.7622455E+00   0.3715201E-02
   23  -0.9856170E+01  -0.3622962E+01   0.3802129E-02
 Initial ssvpot =     0.522


 Number of unique UNfrozen centers=    0
 ALL charges are frozen!!!

 Non-linear optimization requested.
 qchnge =    0.1210193292    
 qchnge =     0.000000000    
 qchnge =     0.000000000    

 Convergence in    2 iterations


Resp charges for organic molecule                                               

          Point Charges Before & After Optimization

    no.  At.no.    q(init)       q(opt)     ivary    d(rstr)/dq
    1   6      -0.250488      -0.250488    -99       0.003708
    2   6      -0.058488      -0.058488    -99       0.008632
    3   6      -0.048207      -0.048207    -99       0.009008
    4   6      -0.058488      -0.058488    -99       0.008632
    5   6      -0.250488      -0.250488    -99       0.003708
    6   6       0.318179       0.318179    -99       0.002998
    7   7      -0.663580      -0.663580    -99       0.001490
    8   6       1.019369       1.019369    -99       0.000976
    9   7      -0.726888      -0.726888    -99       0.001363
   10   6       0.579317       0.579317    -99       0.001701
   11   7      -0.868259      -0.868259    -99       0.001144
   12   6       1.228892       1.228892    -99       0.000811
   13   7      -0.957052      -0.957052    -99       0.001039
   14   7      -1.137628      -1.137628    -99       0.000876
   15  17      -0.125972      -0.125972    -99       0.006217
   16   1       0.152877       0.152877    -99       0.000000
   17   1       0.148954       0.148954    -99       0.000000
   18   1       0.148954       0.148954    -99       0.000000
   19   1       0.152877       0.152877    -99       0.000000
   20   1       0.365777       0.365777    -99       0.000000
   21   1       0.086020       0.086020    -99       0.000000
   22   1       0.472161       0.472161    -99       0.000000
   23   1       0.472161       0.472161    -99       0.000000

 Sum over the calculated charges:      0.000

        Statistics of the fitting:
  The initial sum of squares (ssvpot)                      0.522
  The residual sum of squares (chipot)                     0.009
  The std err of estimate (sqrt(chipot/N))               0.00168
  ESP relative RMS (SQRT(chipot/ssvpot))                 0.13454

 Center of Mass (Angst.):

 X  =   0.00000      Y  =   0.00000      Z  =   0.00000

 Dipole (Debye):

 X  =  -3.66555      Y  =  -2.24928      Z  =   0.01104

 Dipole Moment (Debye)=   4.30066

 Quadrupole (Debye*Angst.):

 Qxx =  -3.07262     QYY =  24.07264     QZZ = -21.00002
 Qxy =  -9.55760     QXZ = -21.19151     QYZ = -21.03422
