
 -----------------------------------------------
      Restrained ESP Fit 2.3  Amber 4.1
 -----------------------------------------------
 Resp charges for organic molecule                                               
 -----------------------------------------------


 inopt       =     0   ioutopt     =     1
 nmol        =     1   iqopt       =     0
 ihfree      =     1   irstrnt     =     1
 iunits      =     0   qwt         =   0.00050000
 wtmol(1) =     1.000000
 subtitle:

Resp charges for organic molecule                                               
ich =   0  iuniq =  18
    1    6    0
    2    6    0
    3    6    0
    4    6    0
    5    6    0
    6    7    0
    7    6    0
    8    6    0
    9    6    0
   10    6    0
   11   17    0
   12    8    0
   13    1    0
   14    1    0
   15    1    0
   16    1    0
   17    1    0
   18    1    0

  ----------------------------------------------------------------------------
     ATOM                       COORDINATES                         CHARGE
                       X             Y                Z
  ----------------------------------------------------------------------------
  ----------------------------------------------------------------------------


 Charge on the molecule(ich) =    0
 Total number of atoms (iuniq)     =   18
 Weight factor on initial charge restraints(qwt)=     0.50000D-03


  there are  1 charge constraints:


     1       1
     2       1
     3       1
     4       1
     5       1
     6       1
     7       1
     8       1
     9       1
    10       1
    11       1
    12       1
    13       1
    14       1
    15       1
    16       1
    17       1
    18       1

 Reading esp"s for molecule   1
 total number of atoms      =    18
 total number of esp points =  2753


 center     X       Y       Z 
    1  -0.3992611E+01   0.3642853E+01  -0.3023562E-04
    2  -0.1665928E+01   0.4960141E+01   0.9259657E-04
    3   0.5608121E+00   0.3613715E+01   0.6425068E-04
    4   0.4894617E+00   0.9348739E+00   0.1133836E-04
    5  -0.1961812E+01  -0.1961989E+00  -0.2834589E-04
    6  -0.4146452E+01   0.1154675E+01  -0.7936849E-04
    7  -0.2235886E+01  -0.2885058E+01   0.1133836E-04
    8  -0.1120041E+00  -0.4398220E+01   0.7369931E-04
    9   0.2314943E+01  -0.3288545E+01   0.4724315E-04
   10   0.2618769E+01  -0.7018593E+00   0.1511781E-04
   11   0.5692042E+01   0.5790347E+00  -0.6047123E-04
   12  -0.4587935E+01  -0.3868203E+01  -0.2078699E-04
   13  -0.1658340E+01   0.7011267E+01  -0.1133836E-04
   14   0.2372583E+01   0.4573645E+01   0.1908623E-03
   15   0.3972002E+01  -0.4495896E+01   0.6236096E-04
   16  -0.3210077E+00  -0.6437210E+01   0.1436192E-03
   17  -0.5770320E+01   0.4677968E+01   0.1133836E-04
   18  -0.5725458E+01  -0.2400710E+01  -0.1814137E-03
 Initial ssvpot =     0.335


 Number of unique UNfrozen centers=   18

 Non-linear optimization requested.
 qchnge =    0.6525575718E-01
 qchnge =    0.5239133965E-02
 qchnge =    0.1117483673E-02
 qchnge =    0.2838622105E-03
 qchnge =    0.7675226617E-04
 qchnge =    0.2139946350E-04
 qchnge =    0.6059998773E-05
 qchnge =    0.1729304483E-05
 qchnge =    0.4952718697E-06

 Convergence in    8 iterations


Resp charges for organic molecule                                               

          Point Charges Before & After Optimization

    no.  At.no.    q(init)       q(opt)     ivary    d(rstr)/dq
    1   6       0.000000       0.234668      0       0.001960
    2   6       0.000000      -0.296343      0       0.001599
    3   6       0.000000      -0.043992      0       0.004577
    4   6       0.000000       0.038493      0       0.004666
    5   6       0.000000       0.314971      0       0.001513
    6   7       0.000000      -0.510795      0       0.000961
    7   6       0.000000       0.222369      0       0.002051
    8   6       0.000000      -0.305432      0       0.001556
    9   6       0.000000      -0.070885      0       0.004079
   10   6       0.000000      -0.122307      0       0.003165
   11  17       0.000000      -0.103860      0       0.003468
   12   8       0.000000      -0.514528      0       0.000954
   13   1       0.000000       0.168546      0       0.000000
   14   1       0.000000       0.148726      0       0.000000
   15   1       0.000000       0.162807      0       0.000000
   16   1       0.000000       0.208141      0       0.000000
   17   1       0.000000       0.091681      0       0.000000
   18   1       0.000000       0.377738      0       0.000000

 Sum over the calculated charges:     -0.000

        Statistics of the fitting:
  The initial sum of squares (ssvpot)                      0.335
  The residual sum of squares (chipot)                     0.008
  The std err of estimate (sqrt(chipot/N))               0.00174
  ESP relative RMS (SQRT(chipot/ssvpot))                 0.15726

 Center of Mass (Angst.):

 X  =   0.00000      Y  =   0.00000      Z  =   0.00000

 Dipole (Debye):

 X  =  -0.42059      Y  =   2.22013      Z  =  -0.00004

 Dipole Moment (Debye)=   2.25961

 Quadrupole (Debye*Angst.):

 Qxx = -11.78736     QYY =  25.04229     QZZ = -13.25493
 Qxy = -37.46638     QXZ = -13.25339     QYZ = -13.25497
