
 -----------------------------------------------
      Restrained ESP Fit 2.3  Amber 4.1
 -----------------------------------------------
 Resp charges for organic molecule                                               
 -----------------------------------------------


 inopt       =     0   ioutopt     =     1
 nmol        =     1   iqopt       =     2
 ihfree      =     1   irstrnt     =     1
 iunits      =     0   qwt         =   0.00100000
 wtmol(1) =     1.000000
 subtitle:

Resp charges for organic molecule                                               
ich =   0  iuniq =  24
    1    6  -99
    2    6  -99
    3    6  -99
    4    6  -99
    5    6  -99
    6    6  -99
    7   17  -99
    8    6  -99
    9    7  -99
   10    6    0
   11    6  -99
   12    7  -99
   13    8  -99
   14    8  -99
   15    8  -99
   16    1  -99
   17    1  -99
   18    1  -99
   19    1  -99
   20    1  -99
   21    1    0
   22    1   21
   23    1  -99
   24    1  -99
 new q0 values to be read  24

  ----------------------------------------------------------------------------
     ATOM                       COORDINATES                         CHARGE
                       X             Y                Z
  ----------------------------------------------------------------------------
  ----------------------------------------------------------------------------


 Charge on the molecule(ich) =    0
 Total number of atoms (iuniq)     =   24
 Weight factor on initial charge restraints(qwt)=     0.10000D-02


  there are  1 charge constraints:


     1       1
     2       1
     3       1
     4       1
     5       1
     6       1
     7       1
     8       1
     9       1
    10       1
    11       1
    12       1
    13       1
    14       1
    15       1
    16       1
    17       1
    18       1
    19       1
    20       1
    21       1
    22       1
    23       1
    24       1

 Reading esp"s for molecule   1
 total number of atoms      =    24
 total number of esp points =  3371


 center     X       Y       Z 
    1  -0.1901522E+01   0.1160381E+01  -0.1372338E+00
    2  -0.2390252E+01  -0.1398749E+01  -0.6141326E+00
    3  -0.4852217E+01  -0.2332430E+01  -0.5550843E+00
    4  -0.6835322E+01  -0.6835838E+00  -0.1303533E-01
    5  -0.6397494E+01   0.1876192E+01   0.4468786E+00
    6  -0.3930316E+01   0.2782856E+01   0.3718074E+00
    7  -0.9941484E+01  -0.1849533E+01   0.7421521E-01
    8   0.6955703E+00   0.2302620E+01  -0.1742762E+00
    9   0.2684651E+01   0.6593386E+00  -0.4210121E-01
   10   0.5236230E+01   0.1618197E+01   0.1006355E+00
   11   0.7020835E+01  -0.6281959E+00   0.2799591E+00
   12   0.9498368E+01  -0.1501255E+00  -0.1841557E+00
   13   0.1111121E+02  -0.2252655E+01  -0.2557499E+00
   14   0.1032045E+01   0.4595532E+01  -0.3330207E+00
   15   0.6334501E+01  -0.2747924E+01   0.9658579E+00
   16  -0.8666246E+00  -0.2687202E+01  -0.1096160E+01
   17  -0.5232493E+01  -0.4309881E+01  -0.9372172E+00
   18  -0.7967087E+01   0.3130734E+01   0.8525650E+00
   19  -0.3531382E+01   0.4766571E+01   0.7012886E+00
   20   0.2465858E+01  -0.1150095E+01   0.5406941E+00
   21   0.5655566E+01   0.2794652E+01  -0.1552792E+01
   22   0.5500369E+01   0.2836607E+01   0.1764757E+01
   23   0.1005582E+02   0.1166137E+01  -0.1454554E+01
   24   0.9948916E+01  -0.3613313E+01   0.2537467E+00
 Initial ssvpot =     0.676


 Number of unique UNfrozen centers=    2

 Non-linear optimization requested.
 qchnge =    0.7420447840E-01
 qchnge =    0.6295009091E-04
 qchnge =    0.3764311982E-06

 Convergence in    2 iterations


Resp charges for organic molecule                                               

          Point Charges Before & After Optimization

    no.  At.no.    q(init)       q(opt)     ivary    d(rstr)/dq
    1   6      -0.166662      -0.166662    -99       0.005145
    2   6      -0.115257      -0.115257    -99       0.006553
    3   6      -0.051094      -0.051094    -99       0.008905
    4   6      -0.021733      -0.021733    -99       0.009772
    5   6      -0.051094      -0.051094    -99       0.008905
    6   6      -0.115257      -0.115257    -99       0.006553
    7  17      -0.101365      -0.101365    -99       0.007023
    8   6       0.792027       0.792027    -99       0.001253
    9   7      -0.597911      -0.597911    -99       0.001650
   10   6      -0.080648      -0.080811      0       0.007778
   11   6       0.707957       0.707957    -99       0.001399
   12   7      -0.538278      -0.538278    -99       0.001827
   13   8      -0.396663      -0.396663    -99       0.002445
   14   8      -0.585043      -0.585043    -99       0.001685
   15   8      -0.543834      -0.543834    -99       0.001808
   16   1       0.139678       0.139678    -99       0.000000
   17   1       0.132624       0.132624    -99       0.000000
   18   1       0.132624       0.132624    -99       0.000000
   19   1       0.139678       0.139678    -99       0.000000
   20   1       0.293298       0.293298    -99       0.000000
   21   1       0.083391       0.099325      0       0.000000
   22   1       0.115095       0.099325     21       0.000000
   23   1       0.420730       0.420730    -99       0.000000
   24   1       0.407737       0.407737    -99       0.000000

 Sum over the calculated charges:     -0.000

        Statistics of the fitting:
  The initial sum of squares (ssvpot)                      0.676
  The residual sum of squares (chipot)                     0.017
  The std err of estimate (sqrt(chipot/N))               0.00222
  ESP relative RMS (SQRT(chipot/ssvpot))                 0.15653

 Center of Mass (Angst.):

 X  =   0.00000      Y  =   0.00000      Z  =   0.00000

 Dipole (Debye):

 X  =   1.15485      Y  =  -0.30418      Z  =  -1.01371

 Dipole Moment (Debye)=   1.56646

 Quadrupole (Debye*Angst.):

 Qxx = -11.02969     QYY =   1.06494     QZZ =   9.96475
 Qxy =  17.83953     QXZ = -14.96372     QYZ =  12.22933
