
 -----------------------------------------------
      Restrained ESP Fit 2.3  Amber 4.1
 -----------------------------------------------
 Resp charges for organic molecule                                               
 -----------------------------------------------


 inopt       =     0   ioutopt     =     1
 nmol        =     1   iqopt       =     0
 ihfree      =     1   irstrnt     =     1
 iunits      =     0   qwt         =   0.00050000
 wtmol(1) =     1.000000
 subtitle:

Resp charges for organic molecule                                               
ich =   0  iuniq =  31
    1    6    0
    2    6    0
    3    6    0
    4    6    0
    5    6    0
    6    6    0
    7    6    5
    8    6    4
    9    6    0
   10    8    0
   11    6    2
   12    6    0
   13    6    0
   14   53    0
   15    1    0
   16    1    0
   17    1    0
   18    1    0
   19    1    0
   20    1    0
   21    1    0
   22    1    0
   23    1   22
   24    1    0
   25    1   18
   26    1    0
   27    1    0
   28    1    0
   29    1    0
   30    1    0
   31    1    0

  ----------------------------------------------------------------------------
     ATOM                       COORDINATES                         CHARGE
                       X             Y                Z
  ----------------------------------------------------------------------------
  ----------------------------------------------------------------------------


 Charge on the molecule(ich) =    0
 Total number of atoms (iuniq)     =   31
 Weight factor on initial charge restraints(qwt)=     0.50000D-03


  there are  1 charge constraints:


     1       1
     2       1
     3       1
     4       1
     5       1
     6       1
     7       1
     8       1
     9       1
    10       1
    11       1
    12       1
    13       1
    14       1
    15       1
    16       1
    17       1
    18       1
    19       1
    20       1
    21       1
    22       1
    23       1
    24       1
    25       1
    26       1
    27       1
    28       1
    29       1
    30       1
    31       1

 Reading esp"s for molecule   1
 total number of atoms      =    31
 total number of esp points =  4465


 center     X       Y       Z 
    1   0.5174066E+01  -0.5346607E+01   0.2133459E+01
    2   0.3966639E+01  -0.4792869E+01  -0.4676618E+00
    3   0.2427773E+01  -0.7080531E+01  -0.1375452E+01
    4   0.2479041E+01  -0.2318633E+01  -0.4095811E+00
    5  -0.1614242E+00  -0.2284416E+01  -0.2224661E+00
    6  -0.1447753E+01   0.2301686E-02  -0.1093906E+00
    7  -0.1630720E+00   0.2295904E+01  -0.1922248E+00
    8   0.2471775E+01   0.2341754E+01  -0.3842663E+00
    9   0.3758686E+01   0.1449987E-01  -0.4749335E+00
   10   0.6347656E+01   0.1538275E+00  -0.6272889E+00
   11   0.3973782E+01   0.4800392E+01  -0.4444390E+00
   12   0.2476261E+01   0.7063886E+01  -0.1473202E+01
   13   0.5069942E+01   0.5400504E+01   0.2191589E+01
   14  -0.5501217E+01  -0.6651835E-02   0.1916900E+00
   15   0.3698443E+01  -0.5658183E+01   0.3552332E+01
   16   0.6358199E+01  -0.7045057E+01   0.2051012E+01
   17   0.6345685E+01  -0.3772564E+01   0.2793627E+01
   18   0.5510399E+01  -0.4573226E+01  -0.1854545E+01
   19   0.1512529E+01  -0.6712566E+01  -0.3194555E+01
   20   0.3669907E+01  -0.8721547E+01  -0.1598024E+01
   21   0.9623071E+00  -0.7602829E+01  -0.8498098E-02
   22  -0.1200020E+01  -0.4047048E+01  -0.1740154E+00
   23  -0.1203984E+01   0.4057053E+01  -0.1227717E+00
   24   0.7037289E+01  -0.1524952E+01  -0.8615941E+00
   25   0.5580351E+01   0.4481623E+01  -0.1714274E+01
   26   0.3734605E+01   0.8693042E+01  -0.1698429E+01
   27   0.1630108E+01   0.6649972E+01  -0.3317268E+01
   28   0.9585522E+00   0.7643193E+01  -0.1860908E+00
   29   0.6243607E+01   0.3844547E+01   0.2881432E+01
   30   0.6241555E+01   0.7108796E+01   0.2119335E+01
   31   0.3549461E+01   0.5724543E+01   0.3562506E+01
 Initial ssvpot =     0.279


 Number of unique UNfrozen centers=   26

 Non-linear optimization requested.
 qchnge =    0.4885773003E-01
 qchnge =    0.1054808785E-01
 qchnge =    0.2829609165E-02
 qchnge =    0.7865739689E-03
 qchnge =    0.2300086504E-03
 qchnge =    0.6913728485E-04
 qchnge =    0.2098762186E-04
 qchnge =    0.6393673656E-05
 qchnge =    0.1950337801E-05
 qchnge =    0.5952308461E-06

 Convergence in    9 iterations


Resp charges for organic molecule                                               

          Point Charges Before & After Optimization

    no.  At.no.    q(init)       q(opt)     ivary    d(rstr)/dq
    1   6       0.000000      -0.348284      0       0.001380
    2   6       0.000000       0.302478      0       0.001569
    3   6       0.000000      -0.506055      0       0.000969
    4   6       0.000000      -0.100060      0       0.003534
    5   6       0.000000       0.012819      0       0.004959
    6   6       0.000000      -0.343149      0       0.001399
    7   6       0.000000       0.012819      5       0.004959
    8   6       0.000000      -0.100060      4       0.003534
    9   6       0.000000       0.183138      0       0.002396
   10   8       0.000000      -0.565681      0       0.000870
   11   6       0.000000       0.302478      2       0.001569
   12   6       0.000000      -0.311461      0       0.001528
   13   6       0.000000      -0.234236      0       0.001963
   14  53       0.000000      -0.040702      0       0.004631
   15   1       0.000000       0.100532      0       0.000000
   16   1       0.000000       0.080717      0       0.000000
   17   1       0.000000       0.089466      0       0.000000
   18   1       0.000000       0.005202      0       0.000000
   19   1       0.000000       0.116492      0       0.000000
   20   1       0.000000       0.137998      0       0.000000
   21   1       0.000000       0.135313      0       0.000000
   22   1       0.000000       0.136724      0       0.000000
   23   1       0.000000       0.136724     22       0.000000
   24   1       0.000000       0.410339      0       0.000000
   25   1       0.000000       0.005202     18       0.000000
   26   1       0.000000       0.078799      0       0.000000
   27   1       0.000000       0.063327      0       0.000000
   28   1       0.000000       0.071256      0       0.000000
   29   1       0.000000       0.068117      0       0.000000
   30   1       0.000000       0.045842      0       0.000000
   31   1       0.000000       0.053908      0       0.000000

 Sum over the calculated charges:     -0.000

        Statistics of the fitting:
  The initial sum of squares (ssvpot)                      0.279
  The residual sum of squares (chipot)                     0.005
  The std err of estimate (sqrt(chipot/N))               0.00110
  ESP relative RMS (SQRT(chipot/ssvpot))                 0.13972

 Center of Mass (Angst.):

 X  =   0.00000      Y  =   0.00000      Z  =   0.00000

 Dipole (Debye):

 X  =   2.49599      Y  =  -1.70714      Z  =  -0.28279

 Dipole Moment (Debye)=   3.03715

 Quadrupole (Debye*Angst.):

 Qxx =  -7.16717     QYY =  21.42934     QZZ = -14.26217
 Qxy = -40.57890     QXZ = -26.53362     QYZ = -21.48096
