
 -----------------------------------------------
      Restrained ESP Fit 2.3  Amber 4.1
 -----------------------------------------------
 Resp charges for organic molecule                                               
 -----------------------------------------------


 inopt       =     0   ioutopt     =     1
 nmol        =     1   iqopt       =     0
 ihfree      =     1   irstrnt     =     1
 iunits      =     0   qwt         =   0.00050000
 wtmol(1) =     1.000000
 subtitle:

Resp charges for organic molecule                                               
ich =   0  iuniq =  23
    1    7    0
    2    7    0
    3    6    0
    4    7    0
    5    7    0
    6    7    0
    7    6    0
    8    6    0
    9    6    0
   10    6    0
   11    6    0
   12    6    0
   13    6    0
   14    8    0
   15   35    0
   16    7    0
   17    1    0
   18    1    0
   19    1    0
   20    1    0
   21    1    0
   22    1   21
   23    1    0

  ----------------------------------------------------------------------------
     ATOM                       COORDINATES                         CHARGE
                       X             Y                Z
  ----------------------------------------------------------------------------
  ----------------------------------------------------------------------------


 Charge on the molecule(ich) =    0
 Total number of atoms (iuniq)     =   23
 Weight factor on initial charge restraints(qwt)=     0.50000D-03


  there are  1 charge constraints:


     1       1
     2       1
     3       1
     4       1
     5       1
     6       1
     7       1
     8       1
     9       1
    10       1
    11       1
    12       1
    13       1
    14       1
    15       1
    16       1
    17       1
    18       1
    19       1
    20       1
    21       1
    22       1
    23       1

 Reading esp"s for molecule   1
 total number of atoms      =    23
 total number of esp points =  3979


 center     X       Y       Z 
    1   0.6299277E+01  -0.3490541E+01  -0.1551465E-02
    2   0.6131719E+01  -0.8868616E+00  -0.1417294E-03
    3   0.8518318E+01   0.6426013E-01   0.9996651E-03
    4   0.1013120E+02  -0.1853326E+01   0.1833034E-03
    5   0.8676664E+01  -0.3980895E+01  -0.1511781E-02
    6   0.3956192E+01   0.5035553E+00  -0.8503767E-04
    7   0.1833733E+01  -0.7199743E+00  -0.2116493E-03
    8  -0.5787021E+00   0.5779368E+00  -0.2966870E-03
    9  -0.7939703E+00   0.3253362E+01  -0.8541561E-03
   10  -0.3194013E+01   0.4371320E+01  -0.9373041E-03
   11  -0.5358142E+01   0.2888070E+01  -0.4799904E-03
   12  -0.5150545E+01   0.2499200E+00   0.1700753E-04
   13  -0.2799994E+01  -0.8948495E+00   0.9637602E-04
   14   0.1237219E+01   0.4788484E+01  -0.1330367E-02
   15  -0.8138073E+01  -0.1773236E+01   0.5536897E-03
   16   0.9091534E+01   0.2548995E+01   0.2628609E-02
   17  -0.7210004E+01   0.3766823E+01  -0.5064466E-03
   18  -0.3315785E+01   0.6418048E+01  -0.1379500E-02
   19  -0.2650038E+01  -0.2940610E+01   0.4610931E-03
   20   0.1824200E+01  -0.2779573E+01  -0.1927520E-03
   21   0.7736200E+01   0.3882262E+01   0.4042124E-02
   22   0.1092461E+02   0.3060504E+01   0.3664179E-02
   23   0.2759395E+01   0.3721171E+01  -0.1460758E-02
 Initial ssvpot =     1.006


 Number of unique UNfrozen centers=   22

 Non-linear optimization requested.
 qchnge =    0.9919681300E-01
 qchnge =    0.7894579352E-02
 qchnge =    0.2263359575E-02
 qchnge =    0.7783017905E-03
 qchnge =    0.2816281565E-03
 qchnge =    0.1035123938E-03
 qchnge =    0.3824089197E-04
 qchnge =    0.1415230160E-04
 qchnge =    0.5240775733E-05
 qchnge =    0.1941154710E-05
 qchnge =    0.7190499275E-06

 Convergence in   10 iterations


Resp charges for organic molecule                                               

          Point Charges Before & After Optimization

    no.  At.no.    q(init)       q(opt)     ivary    d(rstr)/dq
    1   7       0.000000      -0.296105      0       0.001600
    2   7       0.000000       0.420278      0       0.001157
    3   6       0.000000       0.814350      0       0.000609
    4   7       0.000000      -0.507639      0       0.000966
    5   7       0.000000      -0.060639      0       0.004275
    6   7       0.000000      -0.635236      0       0.000778
    7   6       0.000000       0.384713      0       0.001258
    8   6       0.000000      -0.171042      0       0.002524
    9   6       0.000000       0.459573      0       0.001063
   10   6       0.000000      -0.340446      0       0.001409
   11   6       0.000000       0.030628      0       0.004781
   12   6       0.000000      -0.140157      0       0.002904
   13   6       0.000000      -0.110681      0       0.003352
   14   8       0.000000      -0.596756      0       0.000826
   15  35       0.000000      -0.068727      0       0.004121
   16   7       0.000000      -1.213311      0       0.000411
   17   1       0.000000       0.143145      0       0.000000
   18   1       0.000000       0.202968      0       0.000000
   19   1       0.000000       0.177050      0       0.000000
   20   1       0.000000       0.067276      0       0.000000
   21   1       0.000000       0.511463      0       0.000000
   22   1       0.000000       0.511463     21       0.000000
   23   1       0.000000       0.417833      0       0.000000

 Sum over the calculated charges:     -0.000

        Statistics of the fitting:
  The initial sum of squares (ssvpot)                      1.006
  The residual sum of squares (chipot)                     0.015
  The std err of estimate (sqrt(chipot/N))               0.00191
  ESP relative RMS (SQRT(chipot/ssvpot))                 0.12022

 Center of Mass (Angst.):

 X  =   0.00000      Y  =   0.00000      Z  =   0.00000

 Dipole (Debye):

 X  =  -1.78707      Y  =   4.50073      Z  =   0.00444

 Dipole Moment (Debye)=   4.84254

 Quadrupole (Debye*Angst.):

 Qxx = -25.91797     QYY =  15.91384     QZZ =  10.00413
 Qxy =  68.57569     QXZ =  10.07292     QYZ =  10.01808
