
 -----------------------------------------------
      Restrained ESP Fit 2.3  Amber 4.1
 -----------------------------------------------
 Resp charges for organic molecule                                               
 -----------------------------------------------


 inopt       =     0   ioutopt     =     1
 nmol        =     1   iqopt       =     2
 ihfree      =     1   irstrnt     =     1
 iunits      =     0   qwt         =   0.00100000
 wtmol(1) =     1.000000
 subtitle:

Resp charges for organic molecule                                               
ich =   0  iuniq =  31
    1    6    0
    2    6  -99
    3    6    1
    4    7  -99
    5    7  -99
    6    6  -99
    7    8  -99
    8    6    0
    9    8  -99
   10    6  -99
   11    6  -99
   12    6  -99
   13    6  -99
   14    6  -99
   15    6  -99
   16   17  -99
   17    1    0
   18    1   17
   19    1   17
   20    1  -99
   21    1   17
   22    1   17
   23    1   17
   24    1  -99
   25    1  -99
   26    1    0
   27    1   26
   28    1  -99
   29    1  -99
   30    1  -99
   31    1  -99
 new q0 values to be read  31

  ----------------------------------------------------------------------------
     ATOM                       COORDINATES                         CHARGE
                       X             Y                Z
  ----------------------------------------------------------------------------
  ----------------------------------------------------------------------------


 Charge on the molecule(ich) =    0
 Total number of atoms (iuniq)     =   31
 Weight factor on initial charge restraints(qwt)=     0.10000D-02


  there are  1 charge constraints:


     1       1
     2       1
     3       1
     4       1
     5       1
     6       1
     7       1
     8       1
     9       1
    10       1
    11       1
    12       1
    13       1
    14       1
    15       1
    16       1
    17       1
    18       1
    19       1
    20       1
    21       1
    22       1
    23       1
    24       1
    25       1
    26       1
    27       1
    28       1
    29       1
    30       1
    31       1

 Reading esp"s for molecule   1
 total number of atoms      =    31
 total number of esp points =  3851


 center     X       Y       Z 
    1  -0.9669490E+01  -0.2403123E+01   0.1799484E+01
    2  -0.9825562E+01  -0.1096969E+01  -0.7735574E+00
    3  -0.1242595E+02   0.8031713E-01  -0.1232443E+01
    4  -0.7937425E+01   0.9409720E+00  -0.9236546E+00
    5  -0.5452411E+01   0.6669410E-01  -0.1022217E+01
    6  -0.3647700E+01   0.9011328E+00   0.6498314E+00
    7  -0.3973255E+01   0.2488641E+01   0.2270861E+01
    8  -0.1098955E+01  -0.4525913E+00   0.3196831E+00
    9   0.7737710E+00   0.1442664E+01   0.8464839E-01
   10   0.3250374E+01   0.7207472E+00   0.2300552E-01
   11   0.5008862E+01   0.2698587E+01  -0.1296711E+00
   12   0.7581305E+01   0.2184996E+01  -0.2133538E+00
   13   0.8411272E+01  -0.3209737E+00  -0.1434415E+00
   14   0.6688415E+01  -0.2297625E+01   0.9454299E-02
   15   0.4097739E+01  -0.1782592E+01   0.9118117E-01
   16   0.1167223E+02  -0.9764498E+00  -0.2510236E+00
   17  -0.1104682E+02  -0.3945109E+01   0.1910844E+01
   18  -0.7788942E+01  -0.3203042E+01   0.2120216E+01
   19  -0.1005433E+02  -0.1046721E+01   0.3313644E+01
   20  -0.9481182E+01  -0.2529716E+01  -0.2263693E+01
   21  -0.1253444E+02   0.9827785E+00  -0.3096615E+01
   22  -0.1389901E+02  -0.1369167E+01  -0.1150161E+01
   23  -0.1283189E+02   0.1512750E+01   0.2053697E+00
   24  -0.8267005E+01   0.2053803E+01  -0.2460890E+01
   25  -0.4964476E+01  -0.1190580E+01  -0.2392781E+01
   26  -0.1069611E+01  -0.1716710E+01  -0.1331745E+01
   27  -0.7735763E+00  -0.1602703E+01   0.2018418E+01
   28   0.4314345E+01   0.4627561E+01  -0.1724413E+00
   29   0.8940224E+01   0.3715538E+01  -0.3278145E+00
   30   0.7350399E+01  -0.4237136E+01   0.6392565E-01
   31   0.2781229E+01  -0.3347421E+01   0.2071140E+00
 Initial ssvpot =     1.537


 Number of unique UNfrozen centers=    4

 Non-linear optimization requested.
 qchnge =    0.5930396055E-01
 qchnge =    0.4691101371E-03
 qchnge =    0.8839201177E-05
 qchnge =    0.1742999860E-06

 Convergence in    3 iterations


Resp charges for organic molecule                                               

          Point Charges Before & After Optimization

    no.  At.no.    q(init)       q(opt)     ivary    d(rstr)/dq
    1   6      -0.406431      -0.541540      0       0.001816
    2   6       0.419300       0.419300    -99       0.002320
    3   6      -0.434628      -0.541540      1       0.001816
    4   7      -0.613883      -0.613883    -99       0.001608
    5   7      -0.390577      -0.390577    -99       0.002480
    6   6       0.778326       0.778326    -99       0.001274
    7   8      -0.561718      -0.561718    -99       0.001753
    8   6      -0.220773      -0.183555      0       0.004784
    9   8      -0.332350      -0.332350    -99       0.002881
   10   6       0.474573       0.474573    -99       0.002062
   11   6      -0.352129      -0.352129    -99       0.002732
   12   6      -0.027126      -0.027126    -99       0.009651
   13   6      -0.064747      -0.064747    -99       0.008394
   14   6      -0.027126      -0.027126    -99       0.009651
   15   6      -0.352129      -0.352129    -99       0.002732
   16  17      -0.124113      -0.124113    -99       0.006274
   17   1       0.093879       0.153483      0       0.000000
   18   1       0.094311       0.153483     17       0.000000
   19   1       0.148133       0.153483     17       0.000000
   20   1      -0.002745      -0.002745    -99       0.000000
   21   1       0.098050       0.153483     17       0.000000
   22   1       0.117852       0.153483     17       0.000000
   23   1       0.131671       0.153483     17       0.000000
   24   1       0.370455       0.370455    -99       0.000000
   25   1       0.309538       0.309538    -99       0.000000
   26   1       0.075908       0.087728      0       0.000000
   27   1       0.131744       0.087728     26       0.000000
   28   1       0.185558       0.185558    -99       0.000000
   29   1       0.147809       0.147809    -99       0.000000
   30   1       0.147809       0.147809    -99       0.000000
   31   1       0.185558       0.185558    -99       0.000000

 Sum over the calculated charges:     -0.000

        Statistics of the fitting:
  The initial sum of squares (ssvpot)                      1.537
  The residual sum of squares (chipot)                     0.021
  The std err of estimate (sqrt(chipot/N))               0.00234
  ESP relative RMS (SQRT(chipot/ssvpot))                 0.11693

 Center of Mass (Angst.):

 X  =   0.00000      Y  =   0.00000      Z  =   0.00000

 Dipole (Debye):

 X  =  -3.38140      Y  =  -3.94118      Z  =  -3.97215

 Dipole Moment (Debye)=   6.53794

 Quadrupole (Debye*Angst.):

 Qxx =  -6.11727     QYY =  11.64333     QZZ =  -5.52607
 Qxy =  15.18578     QXZ =  19.05375     QYZ = -33.95404
