
 -----------------------------------------------
      Restrained ESP Fit 2.3  Amber 4.1
 -----------------------------------------------
 Resp charges for organic molecule                                               
 -----------------------------------------------


 inopt       =     0   ioutopt     =     1
 nmol        =     1   iqopt       =     0
 ihfree      =     1   irstrnt     =     1
 iunits      =     0   qwt         =   0.00050000
 wtmol(1) =     1.000000
 subtitle:

Resp charges for organic molecule                                               
ich =   0  iuniq =  22
    1    6    0
    2    8    0
    3    6    0
    4    6    0
    5    6    0
    6    6    0
    7    6    0
    8    6    0
    9    6    0
   10    8    0
   11   35    0
   12    8    0
   13    6    0
   14    1    0
   15    1    0
   16    1    0
   17    1    0
   18    1    0
   19    1    0
   20    1    0
   21    1    0
   22    1    0

  ----------------------------------------------------------------------------
     ATOM                       COORDINATES                         CHARGE
                       X             Y                Z
  ----------------------------------------------------------------------------
  ----------------------------------------------------------------------------


 Charge on the molecule(ich) =    0
 Total number of atoms (iuniq)     =   22
 Weight factor on initial charge restraints(qwt)=     0.50000D-03


  there are  1 charge constraints:


     1       1
     2       1
     3       1
     4       1
     5       1
     6       1
     7       1
     8       1
     9       1
    10       1
    11       1
    12       1
    13       1
    14       1
    15       1
    16       1
    17       1
    18       1
    19       1
    20       1
    21       1
    22       1

 Reading esp"s for molecule   1
 total number of atoms      =    22
 total number of esp points =  3530


 center     X       Y       Z 
    1  -0.6816348E+01   0.3449870E+01   0.3798349E-03
    2  -0.5940526E+01   0.9125581E+00  -0.4044014E-03
    3  -0.3433258E+01   0.4533566E+00  -0.2796795E-03
    4  -0.1613027E+01   0.2376924E+01  -0.4100705E-03
    5   0.9733261E+00   0.1803029E+01  -0.3136945E-03
    6   0.1739720E+01  -0.7442497E+00  -0.1133836E-03
    7  -0.6241954E-01  -0.2634684E+01  -0.2645616E-04
    8  -0.2661887E+01  -0.2112351E+01  -0.8692739E-04
    9  -0.4397886E+01  -0.4294816E+01   0.1341705E-03
   10  -0.6694022E+01  -0.4255459E+01   0.2229877E-03
   11   0.5241996E+01  -0.1570547E+01   0.7747877E-04
   12   0.2819337E+01   0.3565480E+01  -0.4894390E-03
   13   0.2149234E+01   0.6167897E+01   0.5196747E-03
   14  -0.8873333E+01   0.3321105E+01   0.9599808E-03
   15  -0.6191003E+01   0.4470442E+01  -0.1693661E+01
   16  -0.6189977E+01   0.4469729E+01   0.1694462E+01
   17  -0.2202840E+01   0.4331853E+01  -0.7710082E-03
   18   0.5487689E+00  -0.4594517E+01   0.1587370E-03
   19  -0.3367726E+01  -0.6134022E+01   0.3495993E-03
   20   0.3934629E+01   0.7197607E+01   0.1167851E-02
   21   0.1064532E+01   0.6668956E+01  -0.1693673E+01
   22   0.1064091E+01   0.6667522E+01   0.1694842E+01
 Initial ssvpot =     1.032


 Number of unique UNfrozen centers=   22

 Non-linear optimization requested.
 qchnge =    0.6357822562E-01
 qchnge =    0.1032522832E-01
 qchnge =    0.2819294611E-02
 qchnge =    0.1001828213E-02
 qchnge =    0.3830935638E-03
 qchnge =    0.1502951827E-03
 qchnge =    0.5952701051E-04
 qchnge =    0.2366287278E-04
 qchnge =    0.9419734584E-05
 qchnge =    0.3751909988E-05
 qchnge =    0.1494726069E-05
 qchnge =    0.5955365099E-06

 Convergence in   11 iterations


Resp charges for organic molecule                                               

          Point Charges Before & After Optimization

    no.  At.no.    q(init)       q(opt)     ivary    d(rstr)/dq
    1   6       0.000000      -0.119763      0       0.003205
    2   8       0.000000      -0.214169      0       0.002115
    3   6       0.000000       0.303470      0       0.001565
    4   6       0.000000      -0.378544      0       0.001277
    5   6       0.000000       0.486943      0       0.001006
    6   6       0.000000      -0.281743      0       0.001672
    7   6       0.000000      -0.064796      0       0.004196
    8   6       0.000000      -0.169181      0       0.002544
    9   6       0.000000       0.458241      0       0.001066
   10   8       0.000000      -0.509152      0       0.000964
   11  35       0.000000      -0.057139      0       0.004341
   12   8       0.000000      -0.298330      0       0.001589
   13   6       0.000000      -0.100555      0       0.003526
   14   1       0.000000       0.119418      0       0.000000
   15   1       0.000000       0.094764      0       0.000000
   16   1       0.000000       0.094760      0       0.000000
   17   1       0.000000       0.148758      0       0.000000
   18   1       0.000000       0.163474      0       0.000000
   19   1       0.000000       0.017007      0       0.000000
   20   1       0.000000       0.119163      0       0.000000
   21   1       0.000000       0.093690      0       0.000000
   22   1       0.000000       0.093686      0       0.000000

 Sum over the calculated charges:     -0.000

        Statistics of the fitting:
  The initial sum of squares (ssvpot)                      1.032
  The residual sum of squares (chipot)                     0.006
  The std err of estimate (sqrt(chipot/N))               0.00136
  ESP relative RMS (SQRT(chipot/ssvpot))                 0.07924

 Center of Mass (Angst.):

 X  =   0.00000      Y  =   0.00000      Z  =   0.00000

 Dipole (Debye):

 X  =   0.69118      Y  =   5.05640      Z  =   0.00099

 Dipole Moment (Debye)=   5.10342

 Quadrupole (Debye*Angst.):

 Qxx = -49.99960     QYY =  52.08599     QZZ =  -2.08639
 Qxy = -46.94698     QXZ =  -6.45137     QYZ =  -6.44450
