
 -----------------------------------------------
      Restrained ESP Fit 2.3  Amber 4.1
 -----------------------------------------------
 Resp charges for organic molecule                                               
 -----------------------------------------------


 inopt       =     0   ioutopt     =     1
 nmol        =     1   iqopt       =     0
 ihfree      =     1   irstrnt     =     1
 iunits      =     0   qwt         =   0.00050000
 wtmol(1) =     1.000000
 subtitle:

Resp charges for organic molecule                                               
ich =   0  iuniq =  22
    1    6    0
    2    6    0
    3    6    0
    4    7    0
    5    1    0
    6    6    0
    7    7    0
    8    6    0
    9    6    0
   10    6    0
   11    6    0
   12    6   10
   13    6    9
   14   17    0
   15    1    0
   16    1    0
   17    1    0
   18    1    0
   19    1    0
   20    1    0
   21    1   20
   22    1   19

  ----------------------------------------------------------------------------
     ATOM                       COORDINATES                         CHARGE
                       X             Y                Z
  ----------------------------------------------------------------------------
  ----------------------------------------------------------------------------


 Charge on the molecule(ich) =    0
 Total number of atoms (iuniq)     =   22
 Weight factor on initial charge restraints(qwt)=     0.50000D-03


  there are  1 charge constraints:


     1       1
     2       1
     3       1
     4       1
     5       1
     6       1
     7       1
     8       1
     9       1
    10       1
    11       1
    12       1
    13       1
    14       1
    15       1
    16       1
    17       1
    18       1
    19       1
    20       1
    21       1
    22       1

 Reading esp"s for molecule   1
 total number of atoms      =    22
 total number of esp points =  3005


 center     X       Y       Z 
    1  -0.4867055E+01   0.4053549E+01   0.9049765E+00
    2  -0.5075919E+01   0.1303529E+01   0.2635809E+00
    3  -0.3172606E+01  -0.4585647E+00  -0.1364496E+00
    4  -0.4445511E+01  -0.2717942E+01  -0.5580077E+00
    5  -0.3633618E+01  -0.4367520E+01  -0.1068918E+01
    6  -0.6967714E+01  -0.2221945E+01  -0.4419332E+00
    7  -0.7413578E+01   0.1688414E+00   0.6938507E-01
    8  -0.4134645E+00  -0.3104253E+00  -0.9192950E-01
    9   0.8576994E+00   0.1889195E+01  -0.8763831E+00
   10   0.3484469E+01   0.2041764E+01  -0.8269611E+00
   11   0.4887122E+01  -0.3465758E-01  -0.1357579E-01
   12   0.3688297E+01  -0.2249441E+01   0.7607262E+00
   13   0.1060155E+01  -0.2368511E+01   0.7281020E+00
   14   0.8205120E+01   0.1392558E+00   0.3443837E-01
   15  -0.6466843E+01   0.4606069E+01   0.2091874E+01
   16  -0.3114157E+01   0.4474444E+01   0.1920135E+01
   17  -0.4919008E+01   0.5252244E+01  -0.7890929E+00
   18  -0.8383584E+01  -0.3667603E+01  -0.7361579E+00
   19  -0.2198280E+00   0.3486136E+01  -0.1577184E+01
   20   0.4438740E+01   0.3748470E+01  -0.1443033E+01
   21   0.4797498E+01  -0.3848287E+01   0.1406325E+01
   22   0.1414687E+00  -0.4074552E+01   0.1410028E+01
 Initial ssvpot =     0.683


 Number of unique UNfrozen centers=   18

 Non-linear optimization requested.
 qchnge =    0.5646858639E-01
 qchnge =    0.6149518023E-02
 qchnge =    0.1421061996E-02
 qchnge =    0.3657810425E-03
 qchnge =    0.9561396411E-04
 qchnge =    0.2517003354E-04
 qchnge =    0.6653957490E-05
 qchnge =    0.1763512970E-05
 qchnge =    0.4680923468E-06

 Convergence in    8 iterations


Resp charges for organic molecule                                               

          Point Charges Before & After Optimization

    no.  At.no.    q(init)       q(opt)     ivary    d(rstr)/dq
    1   6       0.000000      -0.392042      0       0.001236
    2   6       0.000000       0.441318      0       0.001105
    3   6       0.000000      -0.086890      0       0.003774
    4   7       0.000000      -0.423575      0       0.001149
    5   1       0.000000       0.357839      0       0.000000
    6   6       0.000000       0.244679      0       0.001892
    7   7       0.000000      -0.614108      0       0.000804
    8   6       0.000000       0.049159      0       0.004487
    9   6       0.000000      -0.144023      0       0.002852
   10   6       0.000000      -0.085253      0       0.003805
   11   6       0.000000      -0.013618      0       0.004954
   12   6       0.000000      -0.085253     10       0.003805
   13   6       0.000000      -0.144023      9       0.002852
   14  17       0.000000      -0.116789      0       0.003252
   15   1       0.000000       0.128183      0       0.000000
   16   1       0.000000       0.093355      0       0.000000
   17   1       0.000000       0.112424      0       0.000000
   18   1       0.000000       0.129858      0       0.000000
   19   1       0.000000       0.131206      0       0.000000
   20   1       0.000000       0.143173      0       0.000000
   21   1       0.000000       0.143173     20       0.000000
   22   1       0.000000       0.131206     19       0.000000

 Sum over the calculated charges:     -0.000

        Statistics of the fitting:
  The initial sum of squares (ssvpot)                      0.683
  The residual sum of squares (chipot)                     0.010
  The std err of estimate (sqrt(chipot/N))               0.00185
  ESP relative RMS (SQRT(chipot/ssvpot))                 0.12279

 Center of Mass (Angst.):

 X  =   0.00000      Y  =   0.00000      Z  =   0.00000

 Dipole (Debye):

 X  =  -0.01987      Y  =  -2.40572      Z  =  -0.68360

 Dipole Moment (Debye)=   2.50103

 Quadrupole (Debye*Angst.):

 Qxx = -50.82932     QYY =  50.55947     QZZ =   0.26985
 Qxy =  14.36292     QXZ =  -1.35576     QYZ =  -9.03268
