
 -----------------------------------------------
      Restrained ESP Fit 2.3  Amber 4.1
 -----------------------------------------------
 Resp charges for organic molecule                                               
 -----------------------------------------------


 inopt       =     0   ioutopt     =     1
 nmol        =     1   iqopt       =     0
 ihfree      =     1   irstrnt     =     1
 iunits      =     0   qwt         =   0.00050000
 wtmol(1) =     1.000000
 subtitle:

Resp charges for organic molecule                                               
ich =   0  iuniq =  18
    1    6    0
    2    6    0
    3    1    0
    4    8    0
    5    6    0
    6    1    0
    7    8    0
    8    6    0
    9   53    0
   10    6    0
   11    8    0
   12    1    0
   13    1    0
   14    1    0
   15    1    0
   16    1    0
   17    1    0
   18    1    0

  ----------------------------------------------------------------------------
     ATOM                       COORDINATES                         CHARGE
                       X             Y                Z
  ----------------------------------------------------------------------------
  ----------------------------------------------------------------------------


 Charge on the molecule(ich) =    0
 Total number of atoms (iuniq)     =   18
 Weight factor on initial charge restraints(qwt)=     0.50000D-03


  there are  1 charge constraints:


     1       1
     2       1
     3       1
     4       1
     5       1
     6       1
     7       1
     8       1
     9       1
    10       1
    11       1
    12       1
    13       1
    14       1
    15       1
    16       1
    17       1
    18       1

 Reading esp"s for molecule   1
 total number of atoms      =    18
 total number of esp points =  3528


 center     X       Y       Z 
    1  -0.3553754E+01   0.2449155E+01  -0.1954678E+01
    2  -0.3882873E+01  -0.1612900E+00  -0.7307306E+00
    3  -0.3003338E+01  -0.1647826E+01  -0.1877267E+01
    4  -0.2507428E+01   0.7858614E-01   0.1592092E+01
    5  -0.1025046E+01   0.2297616E+01   0.1495659E+01
    6  -0.1780086E+01   0.3651334E+01   0.2904734E+01
    7  -0.1221878E+01   0.3322603E+01  -0.9478828E+00
    8   0.1713089E+01   0.1837101E+01   0.2212442E+01
    9   0.3698048E+01  -0.7947829E+00  -0.3109657E+00
   10  -0.6621573E+01  -0.8556925E+00  -0.2294959E+00
   11  -0.6718618E+01  -0.3410181E+01   0.5612354E+00
   12  -0.3385457E+01   0.2386905E+01  -0.4010983E+01
   13  -0.5110902E+01   0.3732438E+01  -0.1435481E+01
   14   0.2787013E+01   0.3593408E+01   0.2144607E+01
   15   0.1829202E+01   0.9947348E+00   0.4087039E+01
   16  -0.7378191E+01   0.4390722E+00   0.1213710E+01
   17  -0.7707510E+01  -0.5608367E+00  -0.1988226E+01
   18  -0.8442971E+01  -0.3795174E+01   0.1040258E+01
 Initial ssvpot =     0.704


 Number of unique UNfrozen centers=   18

 Non-linear optimization requested.
 qchnge =    0.7891822646E-01
 qchnge =    0.4172410357E-02
 qchnge =    0.5913300944E-03
 qchnge =    0.9426107199E-04
 qchnge =    0.1587482509E-04
 qchnge =    0.2782979697E-05
 qchnge =    0.5043583595E-06

 Convergence in    6 iterations


Resp charges for organic molecule                                               

          Point Charges Before & After Optimization

    no.  At.no.    q(init)       q(opt)     ivary    d(rstr)/dq
    1   6       0.000000      -0.002992      0       0.004998
    2   6       0.000000       0.141427      0       0.002887
    3   1       0.000000       0.128681      0       0.000000
    4   8       0.000000      -0.387529      0       0.001249
    5   6       0.000000       0.511346      0       0.000960
    6   1       0.000000       0.059192      0       0.000000
    7   8       0.000000      -0.384780      0       0.001258
    8   6       0.000000      -0.688480      0       0.000719
    9  53       0.000000      -0.070059      0       0.004095
   10   6       0.000000       0.090043      0       0.003716
   11   8       0.000000      -0.644058      0       0.000767
   12   1       0.000000       0.107145      0       0.000000
   13   1       0.000000       0.060427      0       0.000000
   14   1       0.000000       0.274379      0       0.000000
   15   1       0.000000       0.280878      0       0.000000
   16   1       0.000000       0.056622      0       0.000000
   17   1       0.000000       0.032890      0       0.000000
   18   1       0.000000       0.434868      0       0.000000

 Sum over the calculated charges:     -0.000

        Statistics of the fitting:
  The initial sum of squares (ssvpot)                      0.704
  The residual sum of squares (chipot)                     0.005
  The std err of estimate (sqrt(chipot/N))               0.00122
  ESP relative RMS (SQRT(chipot/ssvpot))                 0.08618

 Center of Mass (Angst.):

 X  =   0.00000      Y  =   0.00000      Z  =   0.00000

 Dipole (Debye):

 X  =  -3.95535      Y  =   2.16745      Z  =   0.34935

 Dipole Moment (Debye)=   4.52379

 Quadrupole (Debye*Angst.):

 Qxx =  30.22805     QYY = -24.00015     QZZ =  -6.22790
 Qxy = -30.50586     QXZ = -17.42277     QYZ = -18.63559
