
 -----------------------------------------------
      Restrained ESP Fit 2.3  Amber 4.1
 -----------------------------------------------
 Resp charges for organic molecule                                               
 -----------------------------------------------


 inopt       =     0   ioutopt     =     1
 nmol        =     1   iqopt       =     2
 ihfree      =     1   irstrnt     =     1
 iunits      =     0   qwt         =   0.00100000
 wtmol(1) =     1.000000
 subtitle:

Resp charges for organic molecule                                               
ich =   0  iuniq =  18
    1    6    0
    2    6  -99
    3    1  -99
    4    8  -99
    5    6  -99
    6    1  -99
    7    8  -99
    8    6    0
    9   53  -99
   10    6    0
   11    8  -99
   12    1    0
   13    1   12
   14    1    0
   15    1   14
   16    1    0
   17    1   16
   18    1  -99
 new q0 values to be read  18

  ----------------------------------------------------------------------------
     ATOM                       COORDINATES                         CHARGE
                       X             Y                Z
  ----------------------------------------------------------------------------
  ----------------------------------------------------------------------------


 Charge on the molecule(ich) =    0
 Total number of atoms (iuniq)     =   18
 Weight factor on initial charge restraints(qwt)=     0.10000D-02


  there are  1 charge constraints:


     1       1
     2       1
     3       1
     4       1
     5       1
     6       1
     7       1
     8       1
     9       1
    10       1
    11       1
    12       1
    13       1
    14       1
    15       1
    16       1
    17       1
    18       1

 Reading esp"s for molecule   1
 total number of atoms      =    18
 total number of esp points =  3528


 center     X       Y       Z 
    1  -0.3553754E+01   0.2449155E+01  -0.1954678E+01
    2  -0.3882873E+01  -0.1612900E+00  -0.7307306E+00
    3  -0.3003338E+01  -0.1647826E+01  -0.1877267E+01
    4  -0.2507428E+01   0.7858614E-01   0.1592092E+01
    5  -0.1025046E+01   0.2297616E+01   0.1495659E+01
    6  -0.1780086E+01   0.3651334E+01   0.2904734E+01
    7  -0.1221878E+01   0.3322603E+01  -0.9478828E+00
    8   0.1713089E+01   0.1837101E+01   0.2212442E+01
    9   0.3698048E+01  -0.7947829E+00  -0.3109657E+00
   10  -0.6621573E+01  -0.8556925E+00  -0.2294959E+00
   11  -0.6718618E+01  -0.3410181E+01   0.5612354E+00
   12  -0.3385457E+01   0.2386905E+01  -0.4010983E+01
   13  -0.5110902E+01   0.3732438E+01  -0.1435481E+01
   14   0.2787013E+01   0.3593408E+01   0.2144607E+01
   15   0.1829202E+01   0.9947348E+00   0.4087039E+01
   16  -0.7378191E+01   0.4390722E+00   0.1213710E+01
   17  -0.7707510E+01  -0.5608367E+00  -0.1988226E+01
   18  -0.8442971E+01  -0.3795174E+01   0.1040258E+01
 Initial ssvpot =     0.704


 Number of unique UNfrozen centers=    6

 Non-linear optimization requested.
 qchnge =    0.7549697553E-01
 qchnge =    0.1374314342E-02
 qchnge =    0.3995169572E-04
 qchnge =    0.1188371746E-05
 qchnge =    0.3514416211E-07

 Convergence in    4 iterations


Resp charges for organic molecule                                               

          Point Charges Before & After Optimization

    no.  At.no.    q(init)       q(opt)     ivary    d(rstr)/dq
    1   6      -0.002992      -0.012514      0       0.009923
    2   6       0.141427       0.141427    -99       0.005773
    3   1       0.128681       0.128681    -99       0.000000
    4   8      -0.387529      -0.387529    -99       0.002499
    5   6       0.511346       0.511346    -99       0.001919
    6   1       0.059192       0.059192    -99       0.000000
    7   8      -0.384780      -0.384780    -99       0.002515
    8   6      -0.688480      -0.657792      0       0.001503
    9  53      -0.070059      -0.070059    -99       0.008190
   10   6       0.090043       0.109244      0       0.006752
   11   8      -0.644058      -0.644058    -99       0.001534
   12   1       0.107145       0.087390      0       0.000000
   13   1       0.060427       0.087390     12       0.000000
   14   1       0.274379       0.264912      0       0.000000
   15   1       0.280878       0.264912     14       0.000000
   16   1       0.056622       0.033685      0       0.000000
   17   1       0.032890       0.033685     16       0.000000
   18   1       0.434868       0.434868    -99       0.000000

 Sum over the calculated charges:     -0.000

        Statistics of the fitting:
  The initial sum of squares (ssvpot)                      0.704
  The residual sum of squares (chipot)                     0.007
  The std err of estimate (sqrt(chipot/N))               0.00137
  ESP relative RMS (SQRT(chipot/ssvpot))                 0.09717

 Center of Mass (Angst.):

 X  =   0.00000      Y  =   0.00000      Z  =   0.00000

 Dipole (Debye):

 X  =  -3.96588      Y  =   2.19208      Z  =   0.36881

 Dipole Moment (Debye)=   4.54637

 Quadrupole (Debye*Angst.):

 Qxx =  30.53650     QYY = -22.80327     QZZ =  -7.73323
 Qxy = -30.49524     QXZ = -16.75379     QYZ = -17.88995
