
 -----------------------------------------------
      Restrained ESP Fit 2.3  Amber 4.1
 -----------------------------------------------
 Resp charges for organic molecule                                               
 -----------------------------------------------


 inopt       =     0   ioutopt     =     1
 nmol        =     1   iqopt       =     0
 ihfree      =     1   irstrnt     =     1
 iunits      =     0   qwt         =   0.00050000
 wtmol(1) =     1.000000
 subtitle:

Resp charges for organic molecule                                               
ich =   0  iuniq =  18
    1    6    0
    2    6    0
    3    6    0
    4    6    0
    5    6    3
    6    6    2
    7    6    0
    8    6    0
    9    6    0
   10    8    0
   11   35    0
   12    1    0
   13    1    0
   14    1    0
   15    1   14
   16    1   13
   17    1    0
   18    1    0

  ----------------------------------------------------------------------------
     ATOM                       COORDINATES                         CHARGE
                       X             Y                Z
  ----------------------------------------------------------------------------
  ----------------------------------------------------------------------------


 Charge on the molecule(ich) =    0
 Total number of atoms (iuniq)     =   18
 Weight factor on initial charge restraints(qwt)=     0.50000D-03


  there are  1 charge constraints:


     1       1
     2       1
     3       1
     4       1
     5       1
     6       1
     7       1
     8       1
     9       1
    10       1
    11       1
    12       1
    13       1
    14       1
    15       1
    16       1
    17       1
    18       1

 Reading esp"s for molecule   1
 total number of atoms      =    18
 total number of esp points =  3150


 center     X       Y       Z 
    1  -0.7589247E+01  -0.8479049E+00  -0.4289678E-03
    2  -0.7159183E+01   0.1755924E+01  -0.2721205E-03
    3  -0.4697288E+01   0.2673671E+01   0.1341705E-03
    4  -0.2599626E+01   0.1024379E+01   0.2229877E-03
    5  -0.3070708E+01  -0.1599700E+01  -0.3779452E-05
    6  -0.5538405E+01  -0.2510371E+01  -0.2985767E-03
    7  -0.1072892E+00   0.2200495E+01   0.8031336E-03
    8   0.2302538E+01   0.1344349E+01   0.5253438E-03
    9   0.4399892E+01   0.3190237E+01   0.1133836E-03
   10   0.6633664E+01   0.2686542E+01  -0.1421074E-02
   11   0.3364185E+01  -0.2087450E+01   0.1398397E-03
   12  -0.9508780E+01  -0.1576772E+01  -0.5744767E-03
   13  -0.8738979E+01   0.3066844E+01  -0.4459753E-03
   14  -0.4372361E+01   0.4702751E+01   0.2891281E-03
   15  -0.1507610E+01  -0.2916325E+01  -0.3212534E-04
   16  -0.5861380E+01  -0.4537916E+01  -0.4062911E-03
   17  -0.1985025E+00   0.4261704E+01   0.1521229E-02
   18   0.3727747E+01   0.5181610E+01   0.1366272E-02
 Initial ssvpot =     0.771


 Number of unique UNfrozen centers=   14

 Non-linear optimization requested.
 qchnge =    0.5179698496E-01
 qchnge =    0.5700692742E-02
 qchnge =    0.1992258329E-02
 qchnge =    0.8123168782E-03
 qchnge =    0.3339160134E-03
 qchnge =    0.1371649651E-03
 qchnge =    0.5630831273E-04
 qchnge =    0.2310869451E-04
 qchnge =    0.9482573519E-05
 qchnge =    0.3890954290E-05
 qchnge =    0.1596532336E-05
 qchnge =    0.6550825848E-06

 Convergence in   11 iterations


Resp charges for organic molecule                                               

          Point Charges Before & After Optimization

    no.  At.no.    q(init)       q(opt)     ivary    d(rstr)/dq
    1   6       0.000000      -0.088612      0       0.003742
    2   6       0.000000      -0.170960      0       0.002525
    3   6       0.000000      -0.135618      0       0.002967
    4   6       0.000000       0.134758      0       0.002980
    5   6       0.000000      -0.135618      3       0.002967
    6   6       0.000000      -0.170960      2       0.002525
    7   6       0.000000      -0.150761      0       0.002764
    8   6       0.000000      -0.137599      0       0.002939
    9   6       0.000000       0.481590      0       0.001017
   10   8       0.000000      -0.485552      0       0.001009
   11  35       0.000000      -0.021132      0       0.004892
   12   1       0.000000       0.139359      0       0.000000
   13   1       0.000000       0.151826      0       0.000000
   14   1       0.000000       0.133640      0       0.000000
   15   1       0.000000       0.133640     14       0.000000
   16   1       0.000000       0.151826     13       0.000000
   17   1       0.000000       0.142326      0       0.000000
   18   1       0.000000       0.027847      0       0.000000

 Sum over the calculated charges:     -0.000

        Statistics of the fitting:
  The initial sum of squares (ssvpot)                      0.771
  The residual sum of squares (chipot)                     0.006
  The std err of estimate (sqrt(chipot/N))               0.00138
  ESP relative RMS (SQRT(chipot/ssvpot))                 0.08824

 Center of Mass (Angst.):

 X  =   0.00000      Y  =   0.00000      Z  =   0.00000

 Dipole (Debye):

 X  =  -5.53962      Y  =   1.27678      Z  =   0.00197

 Dipole Moment (Debye)=   5.68485

 Quadrupole (Debye*Angst.):

 Qxx = -20.78507     QYY =  30.18212     QZZ =  -9.39705
 Qxy = -17.22257     QXZ =  -9.37523     QYZ =  -9.38459
