
 -----------------------------------------------
      Restrained ESP Fit 2.3  Amber 4.1
 -----------------------------------------------
 Resp charges for organic molecule                                               
 -----------------------------------------------


 inopt       =     0   ioutopt     =     1
 nmol        =     1   iqopt       =     2
 ihfree      =     1   irstrnt     =     1
 iunits      =     0   qwt         =   0.00100000
 wtmol(1) =     1.000000
 subtitle:

Resp charges for organic molecule                                               
ich =   0  iuniq =  18
    1    6  -99
    2    6  -99
    3    6  -99
    4    6  -99
    5    6  -99
    6    6  -99
    7    6  -99
    8    6  -99
    9    6  -99
   10    8  -99
   11   35  -99
   12    1  -99
   13    1  -99
   14    1  -99
   15    1  -99
   16    1  -99
   17    1  -99
   18    1  -99
 new q0 values to be read  18

  ----------------------------------------------------------------------------
     ATOM                       COORDINATES                         CHARGE
                       X             Y                Z
  ----------------------------------------------------------------------------
  ----------------------------------------------------------------------------


 Charge on the molecule(ich) =    0
 Total number of atoms (iuniq)     =   18
 Weight factor on initial charge restraints(qwt)=     0.10000D-02


  there are  1 charge constraints:


     1       1
     2       1
     3       1
     4       1
     5       1
     6       1
     7       1
     8       1
     9       1
    10       1
    11       1
    12       1
    13       1
    14       1
    15       1
    16       1
    17       1
    18       1

 Reading esp"s for molecule   1
 total number of atoms      =    18
 total number of esp points =  3150


 center     X       Y       Z 
    1  -0.7589247E+01  -0.8479049E+00  -0.4289678E-03
    2  -0.7159183E+01   0.1755924E+01  -0.2721205E-03
    3  -0.4697288E+01   0.2673671E+01   0.1341705E-03
    4  -0.2599626E+01   0.1024379E+01   0.2229877E-03
    5  -0.3070708E+01  -0.1599700E+01  -0.3779452E-05
    6  -0.5538405E+01  -0.2510371E+01  -0.2985767E-03
    7  -0.1072892E+00   0.2200495E+01   0.8031336E-03
    8   0.2302538E+01   0.1344349E+01   0.5253438E-03
    9   0.4399892E+01   0.3190237E+01   0.1133836E-03
   10   0.6633664E+01   0.2686542E+01  -0.1421074E-02
   11   0.3364185E+01  -0.2087450E+01   0.1398397E-03
   12  -0.9508780E+01  -0.1576772E+01  -0.5744767E-03
   13  -0.8738979E+01   0.3066844E+01  -0.4459753E-03
   14  -0.4372361E+01   0.4702751E+01   0.2891281E-03
   15  -0.1507610E+01  -0.2916325E+01  -0.3212534E-04
   16  -0.5861380E+01  -0.4537916E+01  -0.4062911E-03
   17  -0.1985025E+00   0.4261704E+01   0.1521229E-02
   18   0.3727747E+01   0.5181610E+01   0.1366272E-02
 Initial ssvpot =     0.771


 Number of unique UNfrozen centers=    0
 ALL charges are frozen!!!

 Non-linear optimization requested.
 qchnge =    0.4821902750E-01
 qchnge =     0.000000000    
 qchnge =     0.000000000    

 Convergence in    2 iterations


Resp charges for organic molecule                                               

          Point Charges Before & After Optimization

    no.  At.no.    q(init)       q(opt)     ivary    d(rstr)/dq
    1   6      -0.088612      -0.088612    -99       0.007484
    2   6      -0.170960      -0.170960    -99       0.005049
    3   6      -0.135618      -0.135618    -99       0.005935
    4   6       0.134758       0.134758    -99       0.005959
    5   6      -0.135618      -0.135618    -99       0.005935
    6   6      -0.170960      -0.170960    -99       0.005049
    7   6      -0.150761      -0.150761    -99       0.005528
    8   6      -0.137599      -0.137599    -99       0.005879
    9   6       0.481590       0.481590    -99       0.002033
   10   8      -0.485552      -0.485552    -99       0.002017
   11  35      -0.021132      -0.021132    -99       0.009784
   12   1       0.139359       0.139359    -99       0.000000
   13   1       0.151826       0.151826    -99       0.000000
   14   1       0.133640       0.133640    -99       0.000000
   15   1       0.133640       0.133640    -99       0.000000
   16   1       0.151826       0.151826    -99       0.000000
   17   1       0.142326       0.142326    -99       0.000000
   18   1       0.027847       0.027847    -99       0.000000

 Sum over the calculated charges:     -0.000

        Statistics of the fitting:
  The initial sum of squares (ssvpot)                      0.771
  The residual sum of squares (chipot)                     0.006
  The std err of estimate (sqrt(chipot/N))               0.00138
  ESP relative RMS (SQRT(chipot/ssvpot))                 0.08824

 Center of Mass (Angst.):

 X  =   0.00000      Y  =   0.00000      Z  =   0.00000

 Dipole (Debye):

 X  =  -5.53963      Y  =   1.27677      Z  =   0.00197

 Dipole Moment (Debye)=   5.68487

 Quadrupole (Debye*Angst.):

 Qxx = -20.78497     QYY =  30.18205     QZZ =  -9.39708
 Qxy = -17.22261     QXZ =  -9.37526     QYZ =  -9.38463
