
 -----------------------------------------------
      Restrained ESP Fit 2.3  Amber 4.1
 -----------------------------------------------
 Resp charges for organic molecule                                               
 -----------------------------------------------


 inopt       =     0   ioutopt     =     1
 nmol        =     1   iqopt       =     0
 ihfree      =     1   irstrnt     =     1
 iunits      =     0   qwt         =   0.00050000
 wtmol(1) =     1.000000
 subtitle:

Resp charges for organic molecule                                               
ich =   0  iuniq =  27
    1    6    0
    2    6    0
    3    6    0
    4    6    0
    5    8    0
    6    8    0
    7    6    0
    8    6    0
    9    6    0
   10    6    0
   11    6    0
   12    6    0
   13   53    0
   14    8    0
   15    6    0
   16    6    0
   17    1    0
   18    1    0
   19    1    0
   20    1    0
   21    1    0
   22    1    0
   23    1    0
   24    1    0
   25    1    0
   26    1    0
   27    1    0

  ----------------------------------------------------------------------------
     ATOM                       COORDINATES                         CHARGE
                       X             Y                Z
  ----------------------------------------------------------------------------
  ----------------------------------------------------------------------------


 Charge on the molecule(ich) =    0
 Total number of atoms (iuniq)     =   27
 Weight factor on initial charge restraints(qwt)=     0.50000D-03


  there are  1 charge constraints:


     1       1
     2       1
     3       1
     4       1
     5       1
     6       1
     7       1
     8       1
     9       1
    10       1
    11       1
    12       1
    13       1
    14       1
    15       1
    16       1
    17       1
    18       1
    19       1
    20       1
    21       1
    22       1
    23       1
    24       1
    25       1
    26       1
    27       1

 Reading esp"s for molecule   1
 total number of atoms      =    27
 total number of esp points =  4251


 center     X       Y       Z 
    1  -0.7213974E+01   0.4023850E+01   0.1116828E-02
    2  -0.5447248E+01   0.1786870E+01   0.2815692E-03
    3  -0.6326394E+01  -0.6382304E+00   0.1209425E-03
    4  -0.4553850E+01  -0.2773190E+01  -0.9146274E-03
    5  -0.5120836E+01  -0.4988777E+01  -0.2605932E-02
    6  -0.1983008E+01  -0.2210598E+01   0.3949527E-03
    7  -0.1075961E+01   0.1844259E+00   0.8881712E-04
    8  -0.2740036E+01   0.2269733E+01  -0.9259657E-04
    9  -0.1662543E+01   0.4694293E+01  -0.3174740E-03
   10   0.9344619E+00   0.5047314E+01  -0.4629829E-03
   11   0.2572611E+01   0.2953600E+01  -0.2418849E-03
   12   0.1544717E+01   0.5066809E+00   0.7558904E-04
   13   0.3973334E+01  -0.2686081E+01   0.4119603E-03
   14   0.5121373E+01   0.3144143E+01  -0.2248774E-03
   15   0.6247421E+01   0.5582492E+01  -0.9391938E-03
   16  -0.9091387E+01  -0.1352647E+01   0.6122712E-03
   17  -0.6897010E+01   0.5214665E+01   0.1668445E+01
   18  -0.6897078E+01   0.5215812E+01  -0.1665408E+01
   19  -0.9191656E+01   0.3446548E+01   0.9467527E-03
   20  -0.2878918E+01   0.6343343E+01  -0.4818801E-03
   21   0.1691694E+01   0.6948889E+01  -0.6425068E-03
   22   0.5725972E+01   0.6659791E+01   0.1692187E+01
   23   0.8281828E+01   0.5250082E+01  -0.1154623E-02
   24   0.5725464E+01   0.6659022E+01  -0.1694395E+01
   25  -0.1007221E+02  -0.6196468E+00   0.1672474E+01
   26  -0.9269028E+01  -0.3406087E+01   0.4554240E-03
   27  -0.1007290E+02  -0.6194654E+00  -0.1670762E+01
 Initial ssvpot =     1.282


 Number of unique UNfrozen centers=   27

 Non-linear optimization requested.
 qchnge =    0.6865459088E-01
 qchnge =    0.1076610480E-01
 qchnge =    0.3568330545E-02
 qchnge =    0.1474658667E-02
 qchnge =    0.6474699770E-03
 qchnge =    0.2909236395E-03
 qchnge =    0.1319846171E-03
 qchnge =    0.6010891869E-04
 qchnge =    0.2741187476E-04
 qchnge =    0.1250497690E-04
 qchnge =    0.5704448231E-05
 qchnge =    0.2601884505E-05
 qchnge =    0.1186601778E-05
 qchnge =    0.5410979260E-06

 Convergence in   13 iterations


Resp charges for organic molecule                                               

          Point Charges Before & After Optimization

    no.  At.no.    q(init)       q(opt)     ivary    d(rstr)/dq
    1   6       0.000000      -0.180952      0       0.002418
    2   6       0.000000       0.064904      0       0.004194
    3   6       0.000000      -0.114958      0       0.003282
    4   6       0.000000       0.734528      0       0.000674
    5   8       0.000000      -0.541076      0       0.000909
    6   8       0.000000      -0.393708      0       0.001231
    7   6       0.000000       0.453232      0       0.001077
    8   6       0.000000      -0.131960      0       0.003020
    9   6       0.000000      -0.082927      0       0.003849
   10   6       0.000000      -0.404960      0       0.001199
   11   6       0.000000       0.565968      0       0.000870
   12   6       0.000000      -0.490713      0       0.000998
   13  53       0.000000       0.034562      0       0.004726
   14   8       0.000000      -0.306507      0       0.001551
   15   6       0.000000      -0.082607      0       0.003855
   16   6       0.000000      -0.308409      0       0.001542
   17   1       0.000000       0.075709      0       0.000000
   18   1       0.000000       0.075691      0       0.000000
   19   1       0.000000       0.084867      0       0.000000
   20   1       0.000000       0.167581      0       0.000000
   21   1       0.000000       0.180783      0       0.000000
   22   1       0.000000       0.085006      0       0.000000
   23   1       0.000000       0.109206      0       0.000000
   24   1       0.000000       0.085011      0       0.000000
   25   1       0.000000       0.102107      0       0.000000
   26   1       0.000000       0.117537      0       0.000000
   27   1       0.000000       0.102084      0       0.000000

 Sum over the calculated charges:     -0.000

        Statistics of the fitting:
  The initial sum of squares (ssvpot)                      1.282
  The residual sum of squares (chipot)                     0.007
  The std err of estimate (sqrt(chipot/N))               0.00128
  ESP relative RMS (SQRT(chipot/ssvpot))                 0.07378

 Center of Mass (Angst.):

 X  =   0.00000      Y  =   0.00000      Z  =   0.00000

 Dipole (Debye):

 X  =  -0.50016      Y  =   8.25374      Z  =   0.00137

 Dipole Moment (Debye)=   8.26888

 Quadrupole (Debye*Angst.):

 Qxx =  24.36321     QYY =  -2.72958     QZZ = -21.63363
 Qxy = -41.97701     QXZ = -27.62986     QYZ = -27.62509
