
 -----------------------------------------------
      Restrained ESP Fit 2.3  Amber 4.1
 -----------------------------------------------
 Resp charges for organic molecule                                               
 -----------------------------------------------


 inopt       =     0   ioutopt     =     1
 nmol        =     1   iqopt       =     0
 ihfree      =     1   irstrnt     =     1
 iunits      =     0   qwt         =   0.00050000
 wtmol(1) =     1.000000
 subtitle:

Resp charges for organic molecule                                               
ich =   0  iuniq =  25
    1    6    0
    2    6    0
    3    6    0
    4    6    0
    5    6    0
    6    6    0
    7   53    0
    8    6    0
    9    1    0
   10    6    0
   11    1    0
   12    6    0
   13   16    0
   14    6    0
   15    8    0
   16    1    0
   17    1    0
   18    1    0
   19    1    0
   20    1    0
   21    1    0
   22    7    0
   23    1    0
   24    1    0
   25    8    0

  ----------------------------------------------------------------------------
     ATOM                       COORDINATES                         CHARGE
                       X             Y                Z
  ----------------------------------------------------------------------------
  ----------------------------------------------------------------------------


 Charge on the molecule(ich) =    0
 Total number of atoms (iuniq)     =   25
 Weight factor on initial charge restraints(qwt)=     0.50000D-03


  there are  1 charge constraints:


     1       1
     2       1
     3       1
     4       1
     5       1
     6       1
     7       1
     8       1
     9       1
    10       1
    11       1
    12       1
    13       1
    14       1
    15       1
    16       1
    17       1
    18       1
    19       1
    20       1
    21       1
    22       1
    23       1
    24       1
    25       1

 Reading esp"s for molecule   1
 total number of atoms      =    25
 total number of esp points =  4502


 center     X       Y       Z 
    1  -0.9409456E+00   0.4176663E+01   0.1423281E+01
    2   0.1111694E+01   0.2609046E+01   0.9227740E+00
    3   0.7155523E+00   0.1373623E+00   0.5880260E-01
    4  -0.1755508E+01  -0.7391021E+00  -0.2824554E+00
    5  -0.3792266E+01   0.8520170E+00   0.2341389E+00
    6  -0.3416885E+01   0.3312907E+01   0.1084669E+01
    7  -0.7565180E+01  -0.5327364E+00  -0.3049167E+00
    8   0.2905465E+01  -0.1622987E+01  -0.4941520E+00
    9   0.2151514E+01  -0.3390087E+01  -0.1277186E+01
   10   0.7439917E+01  -0.1154819E+01  -0.1588855E+01
   11   0.8448895E+01  -0.1847164E+01  -0.3262803E+01
   12   0.7466799E+01  -0.3164700E+01   0.4972757E+00
   13   0.4684523E+01  -0.2408288E+01   0.2409166E+01
   14   0.8854181E+01   0.1262386E+01  -0.7328849E+00
   15   0.7590665E+01   0.3403073E+01  -0.1214905E+01
   16  -0.6257884E+00   0.6091549E+01   0.2093191E+01
   17   0.3023815E+01   0.3291961E+01   0.1214064E+01
   18  -0.2077629E+01  -0.2652869E+01  -0.9464938E+00
   19  -0.5007273E+01   0.4542875E+01   0.1481332E+01
   20   0.7319942E+01  -0.5075517E+01  -0.2806980E+00
   21   0.9173815E+01  -0.3013733E+01   0.1644829E+01
   22   0.4796068E+01  -0.5317878E+00  -0.2260898E+01
   23   0.5943290E+01   0.2826631E+01  -0.1896888E+01
   24   0.4383822E+01  -0.1082584E+01  -0.4054490E+01
   25   0.1093025E+02   0.1195227E+01   0.2136335E+00
 Initial ssvpot =     1.265


 Number of unique UNfrozen centers=   25

 Non-linear optimization requested.
 qchnge =    0.5637370807E-01
 qchnge =    0.6143249809E-02
 qchnge =    0.1496210128E-02
 qchnge =    0.4206179973E-03
 qchnge =    0.1238402718E-03
 qchnge =    0.3693715052E-04
 qchnge =    0.1106111175E-04
 qchnge =    0.3317151703E-05
 qchnge =    0.9954080729E-06

 Convergence in    8 iterations


Resp charges for organic molecule                                               

          Point Charges Before & After Optimization

    no.  At.no.    q(init)       q(opt)     ivary    d(rstr)/dq
    1   6       0.000000      -0.189569      0       0.002333
    2   6       0.000000      -0.051394      0       0.004447
    3   6       0.000000       0.037150      0       0.004687
    4   6       0.000000       0.119614      0       0.003207
    5   6       0.000000      -0.309519      0       0.001537
    6   6       0.000000       0.019101      0       0.004911
    7  53       0.000000      -0.017345      0       0.004926
    8   6       0.000000      -0.117185      0       0.003245
    9   1       0.000000       0.185493      0       0.000000
   10   6       0.000000       0.050302      0       0.004467
   11   1       0.000000       0.088759      0       0.000000
   12   6       0.000000      -0.116399      0       0.003258
   13  16       0.000000      -0.145259      0       0.002835
   14   6       0.000000       0.673856      0       0.000734
   15   8       0.000000      -0.503603      0       0.000974
   16   1       0.000000       0.153400      0       0.000000
   17   1       0.000000       0.128044      0       0.000000
   18   1       0.000000       0.054383      0       0.000000
   19   1       0.000000       0.137297      0       0.000000
   20   1       0.000000       0.080882      0       0.000000
   21   1       0.000000       0.154693      0       0.000000
   22   7       0.000000      -0.496961      0       0.000986
   23   1       0.000000       0.297926      0       0.000000
   24   1       0.000000       0.322346      0       0.000000
   25   8       0.000000      -0.556013      0       0.000885

 Sum over the calculated charges:     -0.000

        Statistics of the fitting:
  The initial sum of squares (ssvpot)                      1.265
  The residual sum of squares (chipot)                     0.018
  The std err of estimate (sqrt(chipot/N))               0.00198
  ESP relative RMS (SQRT(chipot/ssvpot))                 0.11816

 Center of Mass (Angst.):

 X  =   0.00000      Y  =   0.00000      Z  =   0.00000

 Dipole (Debye):

 X  =  -2.08590      Y  =  -2.42591      Z  =  -3.15378

 Dipole Moment (Debye)=   4.49247

 Quadrupole (Debye*Angst.):

 Qxx = -72.87959     QYY =  41.08890     QZZ =  31.79069
 Qxy = -46.05770     QXZ = -22.07207     QYZ =  29.51030
