
 -----------------------------------------------
      Restrained ESP Fit 2.3  Amber 4.1
 -----------------------------------------------
 Resp charges for organic molecule                                               
 -----------------------------------------------


 inopt       =     0   ioutopt     =     1
 nmol        =     1   iqopt       =     0
 ihfree      =     1   irstrnt     =     1
 iunits      =     0   qwt         =   0.00050000
 wtmol(1) =     1.000000
 subtitle:

Resp charges for organic molecule                                               
ich =   0  iuniq =  27
    1    6    0
    2    6    0
    3    6    0
    4    6    0
    5    6    0
    6    6    0
    7    6    0
    8    7    0
    9    8    0
   10    8    9
   11    7    0
   12    6    0
   13    8    0
   14    6    0
   15    1    0
   16    6    0
   17   35    0
   18    1    0
   19    1    0
   20    1    0
   21    1    0
   22    1    0
   23    1    0
   24    1    0
   25    1    0
   26    1    0
   27    1    0

  ----------------------------------------------------------------------------
     ATOM                       COORDINATES                         CHARGE
                       X             Y                Z
  ----------------------------------------------------------------------------
  ----------------------------------------------------------------------------


 Charge on the molecule(ich) =    0
 Total number of atoms (iuniq)     =   27
 Weight factor on initial charge restraints(qwt)=     0.50000D-03


  there are  1 charge constraints:


     1       1
     2       1
     3       1
     4       1
     5       1
     6       1
     7       1
     8       1
     9       1
    10       1
    11       1
    12       1
    13       1
    14       1
    15       1
    16       1
    17       1
    18       1
    19       1
    20       1
    21       1
    22       1
    23       1
    24       1
    25       1
    26       1
    27       1

 Reading esp"s for molecule   1
 total number of atoms      =    27
 total number of esp points =  3895


 center     X       Y       Z 
    1   0.9292644E+01   0.2284819E+01  -0.1188619E+00
    2   0.6488926E+01   0.1762581E+01  -0.1097969E+00
    3   0.4807000E+01   0.3804198E+01  -0.2982592E+00
    4   0.2190831E+01   0.3548531E+01  -0.3049545E+00
    5   0.1121477E+01   0.1129863E+01  -0.1071701E+00
    6   0.2723983E+01  -0.9537806E+00   0.9169139E-01
    7   0.5338580E+01  -0.6307112E+00   0.8546664E-01
    8   0.6834973E+01  -0.2975064E+01   0.2993874E+00
    9   0.5684148E+01  -0.4971523E+01   0.6324629E+00
   10   0.9150592E+01  -0.2829094E+01   0.1305839E+00
   11  -0.1499711E+01   0.6618066E+00  -0.9015883E-01
   12  -0.3421806E+01   0.2364656E+01  -0.2943947E+00
   13  -0.3171571E+01   0.4655056E+01  -0.5156646E+00
   14  -0.6147335E+01   0.1365318E+01  -0.1517355E+00
   15  -0.7126862E+01   0.2067215E+01  -0.1822195E+01
   16  -0.7451460E+01   0.2247489E+01   0.2264462E+01
   17  -0.6470715E+01  -0.2394179E+01  -0.4438173E+00
   18   0.1023148E+02   0.1399223E+01  -0.1733234E+01
   19   0.9610784E+01   0.4326250E+01  -0.2028904E+00
   20   0.1022204E+02   0.1536489E+01   0.1568610E+01
   21   0.5598043E+01   0.5692782E+01  -0.4476496E+00
   22   0.9763987E+00   0.5183789E+01  -0.4605999E+00
   23   0.1984227E+01  -0.2856066E+01   0.2569328E+00
   24  -0.2025312E+01  -0.1177428E+01   0.2935878E-01
   25  -0.7311233E+01   0.4308796E+01   0.2370591E+01
   26  -0.9443656E+01   0.1704588E+01   0.2256208E+01
   27  -0.6550111E+01   0.1430152E+01   0.3936152E+01
 Initial ssvpot =     0.639


 Number of unique UNfrozen centers=   26

 Non-linear optimization requested.
 qchnge =    0.6112228499E-01
 qchnge =    0.6379944575E-02
 qchnge =    0.1774297575E-02
 qchnge =    0.6325054938E-03
 qchnge =    0.2426293550E-03
 qchnge =    0.9518643702E-04
 qchnge =    0.3760916105E-04
 qchnge =    0.1489358695E-04
 qchnge =    0.5902228717E-05
 qchnge =    0.2339515675E-05
 qchnge =    0.9273855453E-06

 Convergence in   10 iterations


Resp charges for organic molecule                                               

          Point Charges Before & After Optimization

    no.  At.no.    q(init)       q(opt)     ivary    d(rstr)/dq
    1   6       0.000000      -0.291478      0       0.001623
    2   6       0.000000       0.162240      0       0.002624
    3   6       0.000000      -0.313927      0       0.001518
    4   6       0.000000      -0.087986      0       0.003754
    5   6       0.000000       0.175187      0       0.002479
    6   6       0.000000      -0.339440      0       0.001413
    7   6       0.000000       0.014163      0       0.004951
    8   7       0.000000       0.720246      0       0.000688
    9   8       0.000000      -0.444712      0       0.001097
   10   8       0.000000      -0.444712      9       0.001097
   11   7       0.000000      -0.311102      0       0.001530
   12   6       0.000000       0.554956      0       0.000887
   13   8       0.000000      -0.534122      0       0.000920
   14   6       0.000000      -0.120629      0       0.003191
   15   1       0.000000       0.153537      0       0.000000
   16   6       0.000000      -0.094451      0       0.003635
   17  35       0.000000      -0.148652      0       0.002791
   18   1       0.000000       0.121969      0       0.000000
   19   1       0.000000       0.073837      0       0.000000
   20   1       0.000000       0.123026      0       0.000000
   21   1       0.000000       0.198991      0       0.000000
   22   1       0.000000       0.176997      0       0.000000
   23   1       0.000000       0.239816      0       0.000000
   24   1       0.000000       0.215492      0       0.000000
   25   1       0.000000       0.078283      0       0.000000
   26   1       0.000000       0.062115      0       0.000000
   27   1       0.000000       0.060355      0       0.000000

 Sum over the calculated charges:     -0.000

        Statistics of the fitting:
  The initial sum of squares (ssvpot)                      0.639
  The residual sum of squares (chipot)                     0.008
  The std err of estimate (sqrt(chipot/N))               0.00142
  ESP relative RMS (SQRT(chipot/ssvpot))                 0.11122

 Center of Mass (Angst.):

 X  =   0.00000      Y  =   0.00000      Z  =   0.00000

 Dipole (Debye):

 X  =  -2.85404      Y  =   3.02260      Z  =   0.31226

 Dipole Moment (Debye)=   4.16883

 Quadrupole (Debye*Angst.):

 Qxx =   5.03702     QYY = -21.67477     QZZ =  16.63775
 Qxy =  50.45616     QXZ =  -1.85156     QYZ =  13.23805
