
 -----------------------------------------------
      Restrained ESP Fit 2.3  Amber 4.1
 -----------------------------------------------
 Resp charges for organic molecule                                               
 -----------------------------------------------


 inopt       =     0   ioutopt     =     1
 nmol        =     1   iqopt       =     2
 ihfree      =     1   irstrnt     =     1
 iunits      =     0   qwt         =   0.00100000
 wtmol(1) =     1.000000
 subtitle:

Resp charges for organic molecule                                               
ich =   0  iuniq =  27
    1    6    0
    2    6  -99
    3    6  -99
    4    6  -99
    5    6  -99
    6    6  -99
    7    6  -99
    8    7  -99
    9    8  -99
   10    8  -99
   11    7  -99
   12    6  -99
   13    8  -99
   14    6  -99
   15    1  -99
   16    6    0
   17   35  -99
   18    1    0
   19    1   18
   20    1   18
   21    1  -99
   22    1  -99
   23    1  -99
   24    1  -99
   25    1    0
   26    1   25
   27    1   25
 new q0 values to be read  27

  ----------------------------------------------------------------------------
     ATOM                       COORDINATES                         CHARGE
                       X             Y                Z
  ----------------------------------------------------------------------------
  ----------------------------------------------------------------------------


 Charge on the molecule(ich) =    0
 Total number of atoms (iuniq)     =   27
 Weight factor on initial charge restraints(qwt)=     0.10000D-02


  there are  1 charge constraints:


     1       1
     2       1
     3       1
     4       1
     5       1
     6       1
     7       1
     8       1
     9       1
    10       1
    11       1
    12       1
    13       1
    14       1
    15       1
    16       1
    17       1
    18       1
    19       1
    20       1
    21       1
    22       1
    23       1
    24       1
    25       1
    26       1
    27       1

 Reading esp"s for molecule   1
 total number of atoms      =    27
 total number of esp points =  3895


 center     X       Y       Z 
    1   0.9292644E+01   0.2284819E+01  -0.1188619E+00
    2   0.6488926E+01   0.1762581E+01  -0.1097969E+00
    3   0.4807000E+01   0.3804198E+01  -0.2982592E+00
    4   0.2190831E+01   0.3548531E+01  -0.3049545E+00
    5   0.1121477E+01   0.1129863E+01  -0.1071701E+00
    6   0.2723983E+01  -0.9537806E+00   0.9169139E-01
    7   0.5338580E+01  -0.6307112E+00   0.8546664E-01
    8   0.6834973E+01  -0.2975064E+01   0.2993874E+00
    9   0.5684148E+01  -0.4971523E+01   0.6324629E+00
   10   0.9150592E+01  -0.2829094E+01   0.1305839E+00
   11  -0.1499711E+01   0.6618066E+00  -0.9015883E-01
   12  -0.3421806E+01   0.2364656E+01  -0.2943947E+00
   13  -0.3171571E+01   0.4655056E+01  -0.5156646E+00
   14  -0.6147335E+01   0.1365318E+01  -0.1517355E+00
   15  -0.7126862E+01   0.2067215E+01  -0.1822195E+01
   16  -0.7451460E+01   0.2247489E+01   0.2264462E+01
   17  -0.6470715E+01  -0.2394179E+01  -0.4438173E+00
   18   0.1023148E+02   0.1399223E+01  -0.1733234E+01
   19   0.9610784E+01   0.4326250E+01  -0.2028904E+00
   20   0.1022204E+02   0.1536489E+01   0.1568610E+01
   21   0.5598043E+01   0.5692782E+01  -0.4476496E+00
   22   0.9763987E+00   0.5183789E+01  -0.4605999E+00
   23   0.1984227E+01  -0.2856066E+01   0.2569328E+00
   24  -0.2025312E+01  -0.1177428E+01   0.2935878E-01
   25  -0.7311233E+01   0.4308796E+01   0.2370591E+01
   26  -0.9443656E+01   0.1704588E+01   0.2256208E+01
   27  -0.6550111E+01   0.1430152E+01   0.3936152E+01
 Initial ssvpot =     0.639


 Number of unique UNfrozen centers=    4

 Non-linear optimization requested.
 qchnge =    0.5575413893E-01
 qchnge =    0.3204309078E-03
 qchnge =    0.6158010562E-05
 qchnge =    0.1245095911E-06

 Convergence in    3 iterations


Resp charges for organic molecule                                               

          Point Charges Before & After Optimization

    no.  At.no.    q(init)       q(opt)     ivary    d(rstr)/dq
    1   6      -0.291478      -0.295509      0       0.003205
    2   6       0.162240       0.162240    -99       0.005247
    3   6      -0.313927      -0.313927    -99       0.003035
    4   6      -0.087986      -0.087986    -99       0.007508
    5   6       0.175187       0.175187    -99       0.004957
    6   6      -0.339440      -0.339440    -99       0.002826
    7   6       0.014163       0.014163    -99       0.009901
    8   7       0.720246       0.720246    -99       0.001375
    9   8      -0.444712      -0.444712    -99       0.002194
   10   8      -0.444712      -0.444712    -99       0.002194
   11   7      -0.311102      -0.311102    -99       0.003060
   12   6       0.554956       0.554956    -99       0.001773
   13   8      -0.534122      -0.534122    -99       0.001840
   14   6      -0.120629      -0.120629    -99       0.006382
   15   1       0.153537       0.153537    -99       0.000000
   16   6      -0.094451      -0.085133      0       0.007614
   17  35      -0.148652      -0.148652    -99       0.005582
   18   1       0.121969       0.107666      0       0.000000
   19   1       0.073837       0.107666     18       0.000000
   20   1       0.123026       0.107666     18       0.000000
   21   1       0.198991       0.198991    -99       0.000000
   22   1       0.176997       0.176997    -99       0.000000
   23   1       0.239816       0.239816    -99       0.000000
   24   1       0.215492       0.215492    -99       0.000000
   25   1       0.078283       0.063767      0       0.000000
   26   1       0.062115       0.063767     25       0.000000
   27   1       0.060355       0.063767     25       0.000000

 Sum over the calculated charges:     -0.000

        Statistics of the fitting:
  The initial sum of squares (ssvpot)                      0.639
  The residual sum of squares (chipot)                     0.011
  The std err of estimate (sqrt(chipot/N))               0.00170
  ESP relative RMS (SQRT(chipot/ssvpot))                 0.13285

 Center of Mass (Angst.):

 X  =   0.00000      Y  =   0.00000      Z  =   0.00000

 Dipole (Debye):

 X  =  -2.89706      Y  =   3.17414      Z  =   0.30757

 Dipole Moment (Debye)=   4.30845

 Quadrupole (Debye*Angst.):

 Qxx =   3.87198     QYY = -20.30718     QZZ =  16.43520
 Qxy =  54.97340     QXZ =  -2.17916     QYZ =  12.81651
