
 -----------------------------------------------
      Restrained ESP Fit 2.3  Amber 4.1
 -----------------------------------------------
 Resp charges for organic molecule                                               
 -----------------------------------------------


 inopt       =     0   ioutopt     =     1
 nmol        =     1   iqopt       =     0
 ihfree      =     1   irstrnt     =     1
 iunits      =     0   qwt         =   0.00050000
 wtmol(1) =     1.000000
 subtitle:

Resp charges for organic molecule                                               
ich =   0  iuniq =  19
    1    7    0
    2    6    0
    3    7    0
    4    6    0
    5    6    0
    6    6    0
    7    6    0
    8    7    0
    9    6    0
   10    7    0
   11    6    0
   12   35    0
   13    1    0
   14    1    0
   15    1    0
   16    1    0
   17    1    0
   18    1    0
   19    1    0

  ----------------------------------------------------------------------------
     ATOM                       COORDINATES                         CHARGE
                       X             Y                Z
  ----------------------------------------------------------------------------
  ----------------------------------------------------------------------------


 Charge on the molecule(ich) =    0
 Total number of atoms (iuniq)     =   19
 Weight factor on initial charge restraints(qwt)=     0.50000D-03


  there are  1 charge constraints:


     1       1
     2       1
     3       1
     4       1
     5       1
     6       1
     7       1
     8       1
     9       1
    10       1
    11       1
    12       1
    13       1
    14       1
    15       1
    16       1
    17       1
    18       1
    19       1

 Reading esp"s for molecule   1
 total number of atoms      =    19
 total number of esp points =  3331


 center     X       Y       Z 
    1   0.5917507E+01  -0.5350948E+00   0.2022007E-03
    2   0.3418359E+01  -0.2724626E+00   0.2645616E-04
    3   0.2178761E+01  -0.2578006E+01   0.3590479E-04
    4   0.4033153E+01  -0.4396958E+01  -0.2853486E-03
    5   0.6296083E+01  -0.3082640E+01  -0.4346370E-04
    6  -0.4432182E+00  -0.2708206E+01   0.3779452E-04
    7  -0.1679131E+01  -0.4464799E+00   0.2267671E-04
    8  -0.6082990E+00   0.1862072E+01   0.5669178E-05
    9   0.1897599E+01   0.1972823E+01  -0.9448630E-05
   10   0.3096118E+01   0.4226166E+01   0.6122712E-03
   11   0.1771410E+01   0.6625719E+01  -0.3987322E-03
   12  -0.5303000E+01  -0.5169723E+00   0.1511781E-04
   13   0.5684693E+00   0.6813573E+01   0.1674490E+01
   14   0.3169501E+01   0.8143345E+01  -0.3728429E-02
   15   0.5645537E+00   0.6809613E+01  -0.1672853E+01
   16   0.5003855E+01   0.4164933E+01   0.1001555E-03
   17   0.8179600E+01  -0.3879022E+01  -0.8314794E-04
   18   0.3593386E+01  -0.6388349E+01  -0.5763664E-03
   19  -0.1328510E+01  -0.4546834E+01   0.1133836E-04
 Initial ssvpot =     0.415


 Number of unique UNfrozen centers=   19

 Non-linear optimization requested.
 qchnge =    0.8026995005E-01
 qchnge =    0.6816187623E-02
 qchnge =    0.1612203587E-02
 qchnge =    0.4400032986E-03
 qchnge =    0.1237701613E-03
 qchnge =    0.3514735518E-04
 qchnge =    0.1002756151E-04
 qchnge =    0.2869458852E-05
 qchnge =    0.8228778065E-06

 Convergence in    8 iterations


Resp charges for organic molecule                                               

          Point Charges Before & After Optimization

    no.  At.no.    q(init)       q(opt)     ivary    d(rstr)/dq
    1   7       0.000000      -0.594027      0       0.000830
    2   6       0.000000       0.141230      0       0.002889
    3   7       0.000000       0.456007      0       0.001071
    4   6       0.000000      -0.606168      0       0.000814
    5   6       0.000000       0.229127      0       0.002000
    6   6       0.000000      -0.318341      0       0.001498
    7   6       0.000000       0.009326      0       0.004978
    8   7       0.000000      -0.379074      0       0.001275
    9   6       0.000000       0.490735      0       0.000998
   10   7       0.000000      -0.415392      0       0.001170
   11   6       0.000000      -0.197071      0       0.002263
   12  35       0.000000      -0.058522      0       0.004315
   13   1       0.000000       0.092689      0       0.000000
   14   1       0.000000       0.131347      0       0.000000
   15   1       0.000000       0.092760      0       0.000000
   16   1       0.000000       0.314465      0       0.000000
   17   1       0.000000       0.125641      0       0.000000
   18   1       0.000000       0.282442      0       0.000000
   19   1       0.000000       0.202827      0       0.000000

 Sum over the calculated charges:     -0.000

        Statistics of the fitting:
  The initial sum of squares (ssvpot)                      0.415
  The residual sum of squares (chipot)                     0.010
  The std err of estimate (sqrt(chipot/N))               0.00170
  ESP relative RMS (SQRT(chipot/ssvpot))                 0.15216

 Center of Mass (Angst.):

 X  =   0.00000      Y  =   0.00000      Z  =   0.00000

 Dipole (Debye):

 X  =   2.00653      Y  =  -1.06598      Z  =  -0.00185

 Dipole Moment (Debye)=   2.27210

 Quadrupole (Debye*Angst.):

 Qxx = -24.09662     QYY =  43.05033     QZZ = -18.95372
 Qxy = -17.46793     QXZ = -21.05841     QYZ = -21.06273
