
 -----------------------------------------------
      Restrained ESP Fit 2.3  Amber 4.1
 -----------------------------------------------
 Resp charges for organic molecule                                               
 -----------------------------------------------


 inopt       =     0   ioutopt     =     1
 nmol        =     1   iqopt       =     0
 ihfree      =     1   irstrnt     =     1
 iunits      =     0   qwt         =   0.00050000
 wtmol(1) =     1.000000
 subtitle:

Resp charges for organic molecule                                               
ich =   0  iuniq =  25
    1    6    0
    2    6    0
    3    6    0
    4    6    0
    5    6    0
    6    6    0
    7   53    0
    8    6    0
    9    1    0
   10    6    0
   11    1    0
   12    6    0
   13   16    0
   14    6    0
   15    8    0
   16    1    0
   17    1    0
   18    1    0
   19    1    0
   20    1    0
   21    1    0
   22    7    0
   23    1    0
   24    1    0
   25    8    0

  ----------------------------------------------------------------------------
     ATOM                       COORDINATES                         CHARGE
                       X             Y                Z
  ----------------------------------------------------------------------------
  ----------------------------------------------------------------------------


 Charge on the molecule(ich) =    0
 Total number of atoms (iuniq)     =   25
 Weight factor on initial charge restraints(qwt)=     0.50000D-03


  there are  1 charge constraints:


     1       1
     2       1
     3       1
     4       1
     5       1
     6       1
     7       1
     8       1
     9       1
    10       1
    11       1
    12       1
    13       1
    14       1
    15       1
    16       1
    17       1
    18       1
    19       1
    20       1
    21       1
    22       1
    23       1
    24       1
    25       1

 Reading esp"s for molecule   1
 total number of atoms      =    25
 total number of esp points =  4471


 center     X       Y       Z 
    1  -0.2141802E+01   0.5426790E+01   0.8921944E+00
    2   0.3114779E+00   0.4468601E+01   0.1019819E+01
    3   0.7527005E+00   0.1880548E+01   0.7168335E+00
    4  -0.1298244E+01   0.2540982E+00   0.2979701E+00
    5  -0.3731995E+01   0.1239668E+01   0.1549178E+00
    6  -0.4186915E+01   0.3820217E+01   0.4509132E+00
    7  -0.6843522E+01  -0.1273433E+01  -0.5052995E+00
    8   0.3427385E+01   0.8741872E+00   0.7589045E+00
    9   0.4704154E+01   0.2362700E+01   0.1409448E+01
   10   0.6469653E+01  -0.1630284E+01  -0.1461278E+01
   11   0.6677819E+01  -0.2722678E+01  -0.3210754E+01
   12   0.6129682E+01  -0.3427840E+01   0.8183836E+00
   13   0.3867470E+01  -0.1888262E+01   0.2966225E+01
   14   0.8906912E+01  -0.2799440E-01  -0.1238228E+01
   15   0.8686551E+01   0.2286878E+01  -0.2260840E+01
   16  -0.2471244E+01   0.7438234E+01   0.1137107E+01
   17   0.1891115E+01   0.5737314E+01   0.1355946E+01
   18  -0.9766520E+00  -0.1764490E+01   0.1428406E+00
   19  -0.6092548E+01   0.4567729E+01   0.3518311E+00
   20   0.5355134E+01  -0.5247074E+01   0.2228157E+00
   21   0.7945158E+01  -0.3733953E+01   0.1748673E+01
   22   0.4282986E+01   0.5267800E-01  -0.1743076E+01
   23   0.6909050E+01   0.2432196E+01  -0.2802326E+01
   24   0.2845971E+01  -0.8405067E+00  -0.2659245E+01
   25   0.1084159E+02  -0.8071360E+00  -0.3186815E+00
 Initial ssvpot =     1.051


 Number of unique UNfrozen centers=   25

 Non-linear optimization requested.
 qchnge =    0.6549559175E-01
 qchnge =    0.4622123750E-02
 qchnge =    0.9172740623E-03
 qchnge =    0.2591254272E-03
 qchnge =    0.8666763172E-04
 qchnge =    0.3028456918E-04
 qchnge =    0.1068669296E-04
 qchnge =    0.3780513138E-05
 qchnge =    0.1338427134E-05
 qchnge =    0.4739812233E-06

 Convergence in    9 iterations


Resp charges for organic molecule                                               

          Point Charges Before & After Optimization

    no.  At.no.    q(init)       q(opt)     ivary    d(rstr)/dq
    1   6       0.000000      -0.169566      0       0.002540
    2   6       0.000000      -0.177962      0       0.002449
    3   6       0.000000       0.159234      0       0.002659
    4   6       0.000000       0.058670      0       0.004312
    5   6       0.000000      -0.312134      0       0.001525
    6   6       0.000000       0.031626      0       0.004767
    7  53       0.000000      -0.010005      0       0.004975
    8   6       0.000000       0.022926      0       0.004874
    9   1       0.000000       0.160483      0       0.000000
   10   6       0.000000      -0.062380      0       0.004242
   11   1       0.000000       0.129817      0       0.000000
   12   6       0.000000       0.084296      0       0.003823
   13  16       0.000000      -0.242015      0       0.001909
   14   6       0.000000       0.739203      0       0.000670
   15   8       0.000000      -0.575966      0       0.000855
   16   1       0.000000       0.153920      0       0.000000
   17   1       0.000000       0.148324      0       0.000000
   18   1       0.000000       0.081700      0       0.000000
   19   1       0.000000       0.133076      0       0.000000
   20   1       0.000000       0.065195      0       0.000000
   21   1       0.000000       0.059318      0       0.000000
   22   7       0.000000      -0.778278      0       0.000637
   23   1       0.000000       0.416546      0       0.000000
   24   1       0.000000       0.427006      0       0.000000
   25   8       0.000000      -0.543032      0       0.000906

 Sum over the calculated charges:     -0.000

        Statistics of the fitting:
  The initial sum of squares (ssvpot)                      1.051
  The residual sum of squares (chipot)                     0.016
  The std err of estimate (sqrt(chipot/N))               0.00192
  ESP relative RMS (SQRT(chipot/ssvpot))                 0.12514

 Center of Mass (Angst.):

 X  =   0.00000      Y  =   0.00000      Z  =   0.00000

 Dipole (Debye):

 X  =  -3.52478      Y  =   0.68802      Z  =  -2.01955

 Dipole Moment (Debye)=   4.12020

 Quadrupole (Debye*Angst.):

 Qxx = -88.54693     QYY =  65.07412     QZZ =  23.47281
 Qxy = -10.75112     QXZ =   3.83343     QYZ =  33.57632
