
 -----------------------------------------------
      Restrained ESP Fit 2.3  Amber 4.1
 -----------------------------------------------
 Resp charges for organic molecule                                               
 -----------------------------------------------


 inopt       =     0   ioutopt     =     1
 nmol        =     1   iqopt       =     2
 ihfree      =     1   irstrnt     =     1
 iunits      =     0   qwt         =   0.00100000
 wtmol(1) =     1.000000
 subtitle:

Resp charges for organic molecule                                               
ich =   0  iuniq =  25
    1    6  -99
    2    6  -99
    3    6  -99
    4    6  -99
    5    6  -99
    6    6  -99
    7   53  -99
    8    6  -99
    9    1  -99
   10    6  -99
   11    1  -99
   12    6    0
   13   16  -99
   14    6  -99
   15    8  -99
   16    1  -99
   17    1  -99
   18    1  -99
   19    1  -99
   20    1    0
   21    1   20
   22    7  -99
   23    1  -99
   24    1  -99
   25    8  -99
 new q0 values to be read  25

  ----------------------------------------------------------------------------
     ATOM                       COORDINATES                         CHARGE
                       X             Y                Z
  ----------------------------------------------------------------------------
  ----------------------------------------------------------------------------


 Charge on the molecule(ich) =    0
 Total number of atoms (iuniq)     =   25
 Weight factor on initial charge restraints(qwt)=     0.10000D-02


  there are  1 charge constraints:


     1       1
     2       1
     3       1
     4       1
     5       1
     6       1
     7       1
     8       1
     9       1
    10       1
    11       1
    12       1
    13       1
    14       1
    15       1
    16       1
    17       1
    18       1
    19       1
    20       1
    21       1
    22       1
    23       1
    24       1
    25       1

 Reading esp"s for molecule   1
 total number of atoms      =    25
 total number of esp points =  4471


 center     X       Y       Z 
    1  -0.2141802E+01   0.5426790E+01   0.8921944E+00
    2   0.3114779E+00   0.4468601E+01   0.1019819E+01
    3   0.7527005E+00   0.1880548E+01   0.7168335E+00
    4  -0.1298244E+01   0.2540982E+00   0.2979701E+00
    5  -0.3731995E+01   0.1239668E+01   0.1549178E+00
    6  -0.4186915E+01   0.3820217E+01   0.4509132E+00
    7  -0.6843522E+01  -0.1273433E+01  -0.5052995E+00
    8   0.3427385E+01   0.8741872E+00   0.7589045E+00
    9   0.4704154E+01   0.2362700E+01   0.1409448E+01
   10   0.6469653E+01  -0.1630284E+01  -0.1461278E+01
   11   0.6677819E+01  -0.2722678E+01  -0.3210754E+01
   12   0.6129682E+01  -0.3427840E+01   0.8183836E+00
   13   0.3867470E+01  -0.1888262E+01   0.2966225E+01
   14   0.8906912E+01  -0.2799440E-01  -0.1238228E+01
   15   0.8686551E+01   0.2286878E+01  -0.2260840E+01
   16  -0.2471244E+01   0.7438234E+01   0.1137107E+01
   17   0.1891115E+01   0.5737314E+01   0.1355946E+01
   18  -0.9766520E+00  -0.1764490E+01   0.1428406E+00
   19  -0.6092548E+01   0.4567729E+01   0.3518311E+00
   20   0.5355134E+01  -0.5247074E+01   0.2228157E+00
   21   0.7945158E+01  -0.3733953E+01   0.1748673E+01
   22   0.4282986E+01   0.5267800E-01  -0.1743076E+01
   23   0.6909050E+01   0.2432196E+01  -0.2802326E+01
   24   0.2845971E+01  -0.8405067E+00  -0.2659245E+01
   25   0.1084159E+02  -0.8071360E+00  -0.3186815E+00
 Initial ssvpot =     1.051


 Number of unique UNfrozen centers=    2

 Non-linear optimization requested.
 qchnge =    0.6340852890E-01
 qchnge =    0.7915370090E-04
 qchnge =    0.6206074177E-06

 Convergence in    2 iterations


Resp charges for organic molecule                                               

          Point Charges Before & After Optimization

    no.  At.no.    q(init)       q(opt)     ivary    d(rstr)/dq
    1   6      -0.169566      -0.169566    -99       0.005080
    2   6      -0.177962      -0.177962    -99       0.004899
    3   6       0.159234       0.159234    -99       0.005318
    4   6       0.058670       0.058670    -99       0.008625
    5   6      -0.312134      -0.312134    -99       0.003051
    6   6       0.031626       0.031626    -99       0.009535
    7  53      -0.010005      -0.010005    -99       0.009950
    8   6       0.022926       0.022926    -99       0.009747
    9   1       0.160483       0.160483    -99       0.000000
   10   6      -0.062380      -0.062380    -99       0.008485
   11   1       0.129817       0.129817    -99       0.000000
   12   6       0.084296       0.083139      0       0.007689
   13  16      -0.242015      -0.242015    -99       0.003819
   14   6       0.739203       0.739203    -99       0.001341
   15   8      -0.575966      -0.575966    -99       0.001711
   16   1       0.153920       0.153920    -99       0.000000
   17   1       0.148324       0.148324    -99       0.000000
   18   1       0.081700       0.081700    -99       0.000000
   19   1       0.133076       0.133076    -99       0.000000
   20   1       0.065195       0.062834      0       0.000000
   21   1       0.059318       0.062834     20       0.000000
   22   7      -0.778278      -0.778278    -99       0.001274
   23   1       0.416546       0.416546    -99       0.000000
   24   1       0.427006       0.427006    -99       0.000000
   25   8      -0.543032      -0.543032    -99       0.001811

 Sum over the calculated charges:     -0.000

        Statistics of the fitting:
  The initial sum of squares (ssvpot)                      1.051
  The residual sum of squares (chipot)                     0.016
  The std err of estimate (sqrt(chipot/N))               0.00192
  ESP relative RMS (SQRT(chipot/ssvpot))                 0.12528

 Center of Mass (Angst.):

 X  =   0.00000      Y  =   0.00000      Z  =   0.00000

 Dipole (Debye):

 X  =  -3.50393      Y  =   0.69623      Z  =  -2.00766

 Dipole Moment (Debye)=   4.09792

 Quadrupole (Debye*Angst.):

 Qxx = -88.22225     QYY =  64.83225     QZZ =  23.39000
 Qxy = -10.92880     QXZ =   3.87321     QYZ =  33.38530
