
 -----------------------------------------------
      Restrained ESP Fit 2.3  Amber 4.1
 -----------------------------------------------
 Resp charges for organic molecule                                               
 -----------------------------------------------


 inopt       =     0   ioutopt     =     1
 nmol        =     1   iqopt       =     0
 ihfree      =     1   irstrnt     =     1
 iunits      =     0   qwt         =   0.00050000
 wtmol(1) =     1.000000
 subtitle:

Resp charges for organic molecule                                               
ich =   0  iuniq =  26
    1    6    0
    2    6    0
    3    8    0
    4    6    0
    5    8    0
    6    6    0
    7    6    0
    8    6    0
    9    6    0
   10    6    0
   11    6    0
   12    6    0
   13    6    0
   14   35    0
   15    6    0
   16    7    0
   17    1    0
   18    1    0
   19    1    0
   20    1    0
   21    1    0
   22    1    0
   23    1    0
   24    1    0
   25    1    0
   26    1    0

  ----------------------------------------------------------------------------
     ATOM                       COORDINATES                         CHARGE
                       X             Y                Z
  ----------------------------------------------------------------------------
  ----------------------------------------------------------------------------


 Charge on the molecule(ich) =    0
 Total number of atoms (iuniq)     =   26
 Weight factor on initial charge restraints(qwt)=     0.50000D-03


  there are  1 charge constraints:


     1       1
     2       1
     3       1
     4       1
     5       1
     6       1
     7       1
     8       1
     9       1
    10       1
    11       1
    12       1
    13       1
    14       1
    15       1
    16       1
    17       1
    18       1
    19       1
    20       1
    21       1
    22       1
    23       1
    24       1
    25       1
    26       1

 Reading esp"s for molecule   1
 total number of atoms      =    26
 total number of esp points =  4154


 center     X       Y       Z 
    1   0.1139706E+02  -0.1773848E+00   0.1519340E-02
    2   0.9002957E+01  -0.1751774E+01   0.6425068E-04
    3   0.6884334E+01  -0.1607023E-01  -0.7785671E-03
    4   0.4576724E+01  -0.1068415E+01   0.6198301E-03
    5   0.4176945E+01  -0.3327617E+01   0.2360268E-02
    6   0.2538246E+01   0.9086237E+00  -0.2570027E-03
    7   0.1104053E+00   0.6157861E-01   0.1175410E-02
    8  -0.2297593E+01   0.1390152E+01   0.1009114E-02
    9  -0.2500361E+01   0.4054384E+01   0.2008779E-02
   10  -0.4827925E+01   0.5266269E+01   0.2071140E-02
   11  -0.7053848E+01   0.3850611E+01   0.1169740E-02
   12  -0.6935631E+01   0.1219119E+01   0.2494438E-03
   13  -0.4597333E+01   0.1520474E-01   0.2059801E-03
   14  -0.4656806E+01  -0.3603811E+01  -0.1014783E-02
   15   0.3314375E+01   0.3493652E+01  -0.2791125E-02
   16   0.3947895E+01   0.5601309E+01  -0.4796125E-02
   17   0.1148860E+02   0.1030020E+01  -0.1674974E+01
   18   0.1148709E+02   0.1029186E+01   0.1678700E+01
   19   0.1304961E+02  -0.1423935E+01   0.1955866E-02
   20   0.8857546E+01  -0.2962937E+01   0.1670319E+01
   21   0.8859298E+01  -0.2962323E+01  -0.1670828E+01
   22  -0.1121930E-01  -0.1987544E+01   0.2509556E-02
   23  -0.7963494E+00   0.5185198E+01   0.2855376E-02
   24  -0.4901772E+01   0.7316582E+01   0.2881832E-02
   25  -0.8883405E+01   0.4781430E+01   0.1201866E-02
   26  -0.8649117E+01   0.9595273E-01  -0.4289678E-03
 Initial ssvpot =     0.698


 Number of unique UNfrozen centers=   26

 Non-linear optimization requested.
 qchnge =    0.5784571032E-01
 qchnge =    0.6405293132E-02
 qchnge =    0.1910338482E-02
 qchnge =    0.7505988838E-03
 qchnge =    0.3187974083E-03
 qchnge =    0.1389622796E-03
 qchnge =    0.6115540400E-04
 qchnge =    0.2701483367E-04
 qchnge =    0.1195193110E-04
 qchnge =    0.5291246016E-05
 qchnge =    0.2343162462E-05
 qchnge =    0.1037774840E-05
 qchnge =    0.4596530251E-06

 Convergence in   12 iterations


Resp charges for organic molecule                                               

          Point Charges Before & After Optimization

    no.  At.no.    q(init)       q(opt)     ivary    d(rstr)/dq
    1   6       0.000000      -0.278220      0       0.001691
    2   6       0.000000       0.208516      0       0.002162
    3   8       0.000000      -0.372787      0       0.001295
    4   6       0.000000       0.757404      0       0.000654
    5   8       0.000000      -0.586954      0       0.000840
    6   6       0.000000      -0.187376      0       0.002354
    7   6       0.000000      -0.136375      0       0.002957
    8   6       0.000000       0.270245      0       0.001735
    9   6       0.000000      -0.181587      0       0.002412
   10   6       0.000000      -0.176300      0       0.002467
   11   6       0.000000      -0.082271      0       0.003861
   12   6       0.000000      -0.068343      0       0.004128
   13   6       0.000000      -0.154135      0       0.002721
   14  35       0.000000      -0.032832      0       0.004751
   15   6       0.000000       0.312708      0       0.001523
   16   7       0.000000      -0.450206      0       0.001084
   17   1       0.000000       0.092316      0       0.000000
   18   1       0.000000       0.092271      0       0.000000
   19   1       0.000000       0.076220      0       0.000000
   20   1       0.000000       0.047887      0       0.000000
   21   1       0.000000       0.047844      0       0.000000
   22   1       0.000000       0.162439      0       0.000000
   23   1       0.000000       0.198409      0       0.000000
   24   1       0.000000       0.162766      0       0.000000
   25   1       0.000000       0.146655      0       0.000000
   26   1       0.000000       0.131707      0       0.000000

 Sum over the calculated charges:     -0.000

        Statistics of the fitting:
  The initial sum of squares (ssvpot)                      0.698
  The residual sum of squares (chipot)                     0.007
  The std err of estimate (sqrt(chipot/N))               0.00131
  ESP relative RMS (SQRT(chipot/ssvpot))                 0.10109

 Center of Mass (Angst.):

 X  =   0.00000      Y  =   0.00000      Z  =   0.00000

 Dipole (Debye):

 X  =  -2.32105      Y  =   0.15650      Z  =   0.00406

 Dipole Moment (Debye)=   2.32632

 Quadrupole (Debye*Angst.):

 Qxx =  57.42589     QYY = -41.05935     QZZ = -16.36655
 Qxy = -67.97084     QXZ = -19.52484     QYZ = -19.47496
