
 -----------------------------------------------
      Restrained ESP Fit 2.3  Amber 4.1
 -----------------------------------------------
 Resp charges for organic molecule                                               
 -----------------------------------------------


 inopt       =     0   ioutopt     =     1
 nmol        =     1   iqopt       =     2
 ihfree      =     1   irstrnt     =     1
 iunits      =     0   qwt         =   0.00100000
 wtmol(1) =     1.000000
 subtitle:

Resp charges for organic molecule                                               
ich =   0  iuniq =  14
    1    6  -99
    2    6  -99
    3    6  -99
    4    6  -99
    5    6  -99
    6    6  -99
    7    7  -99
    8   53  -99
    9    1  -99
   10    1  -99
   11    1  -99
   12    1  -99
   13    1  -99
   14    1  -99
 new q0 values to be read  14

  ----------------------------------------------------------------------------
     ATOM                       COORDINATES                         CHARGE
                       X             Y                Z
  ----------------------------------------------------------------------------
  ----------------------------------------------------------------------------


 Charge on the molecule(ich) =    0
 Total number of atoms (iuniq)     =   14
 Weight factor on initial charge restraints(qwt)=     0.10000D-02


  there are  1 charge constraints:


     1       1
     2       1
     3       1
     4       1
     5       1
     6       1
     7       1
     8       1
     9       1
    10       1
    11       1
    12       1
    13       1
    14       1

 Reading esp"s for molecule   1
 total number of atoms      =    14
 total number of esp points =  3409


 center     X       Y       Z 
    1   0.4301857E+01  -0.2282749E+01   0.4346370E-04
    2   0.1670038E+01  -0.2283335E+01   0.4157397E-04
    3   0.3556710E+00   0.1889726E-05   0.4346370E-04
    4   0.1670038E+01   0.2283337E+01   0.5102260E-04
    5   0.4301859E+01   0.2282751E+01   0.1889726E-04
    6   0.5668517E+01   0.1889726E-05  -0.1889726E-04
    7   0.8270352E+01  -0.1889726E-05  -0.8125822E-04
    8  -0.3701132E+01   0.0000000E+00  -0.1322808E-04
    9   0.5312492E+01  -0.4072558E+01   0.1341705E-03
   10   0.6640384E+00  -0.4069635E+01   0.6047123E-04
   11   0.6640421E+00   0.4069636E+01   0.1228322E-03
   12   0.5312490E+01   0.4072560E+01   0.3401507E-04
   13   0.9253281E+01  -0.1627683E+01  -0.1776342E-03
   14   0.9253285E+01   0.1627678E+01   0.5480205E-04
 Initial ssvpot =     0.432


 Number of unique UNfrozen centers=    0
 ALL charges are frozen!!!

 Non-linear optimization requested.
 qchnge =    0.1102465407    
 qchnge =     0.000000000    
 qchnge =     0.000000000    

 Convergence in    2 iterations


Resp charges for organic molecule                                               

          Point Charges Before & After Optimization

    no.  At.no.    q(init)       q(opt)     ivary    d(rstr)/dq
    1   6      -0.336614      -0.336614    -99       0.002848
    2   6       0.011747       0.011747    -99       0.009932
    3   6      -0.259274      -0.259274    -99       0.003599
    4   6       0.011747       0.011747    -99       0.009932
    5   6      -0.336614      -0.336614    -99       0.002848
    6   6       0.567599       0.567599    -99       0.001735
    7   7      -1.118368      -1.118368    -99       0.000891
    8  53      -0.065807      -0.065807    -99       0.008353
    9   1       0.162404       0.162404    -99       0.000000
   10   1       0.143938       0.143938    -99       0.000000
   11   1       0.143938       0.143938    -99       0.000000
   12   1       0.162404       0.162404    -99       0.000000
   13   1       0.456450       0.456450    -99       0.000000
   14   1       0.456450       0.456450    -99       0.000000

 Sum over the calculated charges:      0.000

        Statistics of the fitting:
  The initial sum of squares (ssvpot)                      0.432
  The residual sum of squares (chipot)                     0.005
  The std err of estimate (sqrt(chipot/N))               0.00126
  ESP relative RMS (SQRT(chipot/ssvpot))                 0.11164

 Center of Mass (Angst.):

 X  =   0.00000      Y  =   0.00000      Z  =   0.00000

 Dipole (Debye):

 X  =   4.13448      Y  =   0.00000      Z  =   0.00012

 Dipole Moment (Debye)=   4.13448

 Quadrupole (Debye*Angst.):

 Qxx =  30.34718     QYY =   3.36357     QZZ = -33.71075
 Qxy = -33.71075     QXZ = -33.70978     QYZ = -33.71009
