
 -----------------------------------------------
      Restrained ESP Fit 2.3  Amber 4.1
 -----------------------------------------------
 Resp charges for organic molecule                                               
 -----------------------------------------------


 inopt       =     0   ioutopt     =     1
 nmol        =     1   iqopt       =     2
 ihfree      =     1   irstrnt     =     1
 iunits      =     0   qwt         =   0.00100000
 wtmol(1) =     1.000000
 subtitle:

Resp charges for organic molecule                                               
ich =   0  iuniq =  25
    1    6  -99
    2    6  -99
    3    6  -99
    4    6  -99
    5    6  -99
    6    6  -99
    7   53  -99
    8    6  -99
    9    1  -99
   10    6  -99
   11    1  -99
   12    6    0
   13   16  -99
   14    6  -99
   15    8  -99
   16    1  -99
   17    1  -99
   18    1  -99
   19    1  -99
   20    1    0
   21    1   20
   22    7  -99
   23    1  -99
   24    1  -99
   25    8  -99
 new q0 values to be read  25

  ----------------------------------------------------------------------------
     ATOM                       COORDINATES                         CHARGE
                       X             Y                Z
  ----------------------------------------------------------------------------
  ----------------------------------------------------------------------------


 Charge on the molecule(ich) =    0
 Total number of atoms (iuniq)     =   25
 Weight factor on initial charge restraints(qwt)=     0.10000D-02


  there are  1 charge constraints:


     1       1
     2       1
     3       1
     4       1
     5       1
     6       1
     7       1
     8       1
     9       1
    10       1
    11       1
    12       1
    13       1
    14       1
    15       1
    16       1
    17       1
    18       1
    19       1
    20       1
    21       1
    22       1
    23       1
    24       1
    25       1

 Reading esp"s for molecule   1
 total number of atoms      =    25
 total number of esp points =  4505


 center     X       Y       Z 
    1   0.9401576E+00   0.4176245E+01   0.1423387E+01
    2  -0.1112349E+01   0.2608425E+01   0.9229573E+00
    3  -0.7159661E+00   0.1367425E+00   0.5901992E-01
    4   0.1755164E+01  -0.7394649E+00  -0.2822740E+00
    5   0.3791788E+01   0.8518564E+00   0.2342637E+00
    6   0.3416175E+01   0.3312712E+01   0.1084765E+01
    7   0.7564819E+01  -0.5325323E+00  -0.3048865E+00
    8  -0.2905618E+01  -0.1624010E+01  -0.4938043E+00
    9  -0.2151128E+01  -0.3391329E+01  -0.1275824E+01
   10  -0.7439853E+01  -0.1154989E+01  -0.1588993E+01
   11  -0.8449711E+01  -0.1847096E+01  -0.3262478E+01
   12  -0.7467638E+01  -0.3164178E+01   0.4978124E+00
   13  -0.4685169E+01  -0.2408119E+01   0.2409524E+01
   14  -0.8852225E+01   0.1263495E+01  -0.7333233E+00
   15  -0.7587220E+01   0.3403083E+01  -0.1216035E+01
   16   0.6248455E+00   0.6091116E+01   0.2093257E+01
   17  -0.3024491E+01   0.3291209E+01   0.1214340E+01
   18   0.2077480E+01  -0.2653190E+01  -0.9463313E+00
   19   0.5006455E+01   0.4542811E+01   0.1481460E+01
   20  -0.9174676E+01  -0.3012206E+01   0.1645184E+01
   21  -0.7321343E+01  -0.5075292E+01  -0.2795661E+00
   22  -0.4795782E+01  -0.5341896E+00  -0.2261977E+01
   23  -0.4383885E+01  -0.1087653E+01  -0.4054810E+01
   24  -0.5940520E+01   0.2825172E+01  -0.1898583E+01
   25  -0.1092817E+02   0.1198024E+01   0.2136524E+00
 Initial ssvpot =     1.267


 Number of unique UNfrozen centers=    2

 Non-linear optimization requested.
 qchnge =    0.5411706188E-01
 qchnge =    0.8971082137E-04
 qchnge =    0.8102785171E-06

 Convergence in    2 iterations


Resp charges for organic molecule                                               

          Point Charges Before & After Optimization

    no.  At.no.    q(init)       q(opt)     ivary    d(rstr)/dq
    1   6      -0.201795      -0.201795    -99       0.004440
    2   6      -0.047151      -0.047151    -99       0.009045
    3   6       0.042986       0.042986    -99       0.009187
    4   6       0.124986       0.124986    -99       0.006247
    5   6      -0.315971      -0.315971    -99       0.003017
    6   6       0.027033       0.027033    -99       0.009653
    7  53      -0.018412      -0.018412    -99       0.009835
    8   6      -0.134490      -0.134490    -99       0.005967
    9   1       0.188419       0.188419    -99       0.000000
   10   6       0.042287       0.042287    -99       0.009210
   11   1       0.091122       0.091122    -99       0.000000
   12   6      -0.106080      -0.104858      0       0.006901
   13  16      -0.143749      -0.143749    -99       0.005711
   14   6       0.679181       0.679181    -99       0.001457
   15   8      -0.508006      -0.508006    -99       0.001931
   16   1       0.156062       0.156062    -99       0.000000
   17   1       0.129850       0.129850    -99       0.000000
   18   1       0.056380       0.056380    -99       0.000000
   19   1       0.136810       0.136810    -99       0.000000
   20   1       0.150479       0.114863      0       0.000000
   21   1       0.080466       0.114863     20       0.000000
   22   7      -0.504565      -0.504565    -99       0.001944
   23   1       0.327107       0.327107    -99       0.000000
   24   1       0.303931       0.303931    -99       0.000000
   25   8      -0.556882      -0.556882    -99       0.001767

 Sum over the calculated charges:     -0.000

        Statistics of the fitting:
  The initial sum of squares (ssvpot)                      1.267
  The residual sum of squares (chipot)                     0.023
  The std err of estimate (sqrt(chipot/N))               0.00226
  ESP relative RMS (SQRT(chipot/ssvpot))                 0.13499

 Center of Mass (Angst.):

 X  =   0.00000      Y  =   0.00000      Z  =   0.00000

 Dipole (Debye):

 X  =   2.24657      Y  =  -2.60869      Z  =  -3.33078

 Dipole Moment (Debye)=   4.79024

 Quadrupole (Debye*Angst.):

 Qxx = -76.63303     QYY =  44.33934     QZZ =  32.29369
 Qxy =  70.20332     QXZ =  47.45913     QYZ =  31.02419
