
 -----------------------------------------------
      Restrained ESP Fit 2.3  Amber 4.1
 -----------------------------------------------
 Resp charges for organic molecule                                               
 -----------------------------------------------


 inopt       =     0   ioutopt     =     1
 nmol        =     1   iqopt       =     0
 ihfree      =     1   irstrnt     =     1
 iunits      =     0   qwt         =   0.00050000
 wtmol(1) =     1.000000
 subtitle:

Resp charges for organic molecule                                               
ich =   0  iuniq =  26
    1    6    0
    2    6    0
    3    6    0
    4    6    2
    5    6    1
    6    6    0
    7    7    0
    8    6    0
    9    7    0
   10    6    0
   11    7    0
   12    6    0
   13    8    0
   14    6    0
   15    6    0
   16    7    0
   17   17    0
   18    1    0
   19    1    0
   20    1   19
   21    1   18
   22    1    0
   23    1    0
   24    1    0
   25    1    0
   26    1    0

  ----------------------------------------------------------------------------
     ATOM                       COORDINATES                         CHARGE
                       X             Y                Z
  ----------------------------------------------------------------------------
  ----------------------------------------------------------------------------


 Charge on the molecule(ich) =    0
 Total number of atoms (iuniq)     =   26
 Weight factor on initial charge restraints(qwt)=     0.50000D-03


  there are  1 charge constraints:


     1       1
     2       1
     3       1
     4       1
     5       1
     6       1
     7       1
     8       1
     9       1
    10       1
    11       1
    12       1
    13       1
    14       1
    15       1
    16       1
    17       1
    18       1
    19       1
    20       1
    21       1
    22       1
    23       1
    24       1
    25       1
    26       1

 Reading esp"s for molecule   1
 total number of atoms      =    26
 total number of esp points =  3587


 center     X       Y       Z 
    1   0.3210624E+01   0.2254590E+01  -0.9038219E+00
    2   0.5803538E+01   0.1825940E+01  -0.7489230E+00
    3   0.6685552E+01  -0.4752472E+00   0.1794446E+00
    4   0.5010983E+01  -0.2347920E+01   0.9690137E+00
    5   0.2419093E+01  -0.1906594E+01   0.8372696E+00
    6   0.1513948E+01   0.3907008E+00  -0.1078296E+00
    7  -0.1148781E+01   0.8170363E+00  -0.2634391E+00
    8  -0.2392650E+01   0.3072834E+01   0.3458312E+00
    9  -0.1279866E+01   0.5067417E+01   0.1087441E+01
   10  -0.5205500E+01   0.2580914E+01  -0.6431115E-01
   11  -0.5229125E+01   0.6306583E-01  -0.1142045E+01
   12  -0.2858989E+01  -0.1044578E+01  -0.1104509E+01
   13  -0.2370605E+01  -0.3203567E+01  -0.1710729E+01
   14  -0.7472772E+01  -0.1458328E+01  -0.1467690E+01
   15  -0.8879872E+01  -0.1820989E+01   0.9171199E+00
   16  -0.9966190E+01  -0.2017539E+01   0.2811822E+01
   17   0.9957885E+01  -0.1020892E+01   0.3622624E+00
   18   0.2512098E+01   0.4045331E+01  -0.1601021E+01
   19   0.7127260E+01   0.3269154E+01  -0.1353127E+01
   20   0.5720762E+01  -0.4129486E+01   0.1691679E+01
   21   0.1107771E+01  -0.3356633E+01   0.1439421E+01
   22  -0.2564789E+01   0.6462294E+01   0.1452373E+01
   23  -0.6027538E+01   0.3987052E+01  -0.1347909E+01
   24  -0.6230155E+01   0.2661893E+01   0.1741396E+01
   25  -0.8746308E+01  -0.6021158E+00  -0.2862079E+01
   26  -0.6854265E+01  -0.3291593E+01  -0.2199363E+01
 Initial ssvpot =     1.224


 Number of unique UNfrozen centers=   22

 Non-linear optimization requested.
 qchnge =    0.6198040263E-01
 qchnge =    0.6894020250E-02
 qchnge =    0.1801896053E-02
 qchnge =    0.5681099923E-03
 qchnge =    0.1900516040E-03
 qchnge =    0.6500430524E-04
 qchnge =    0.2241472278E-04
 qchnge =    0.7750970637E-05
 qchnge =    0.2682813060E-05
 qchnge =    0.9288673359E-06

 Convergence in    9 iterations


Resp charges for organic molecule                                               

          Point Charges Before & After Optimization

    no.  At.no.    q(init)       q(opt)     ivary    d(rstr)/dq
    1   6       0.000000      -0.224722      0       0.002033
    2   6       0.000000      -0.050512      0       0.004463
    3   6       0.000000      -0.012125      0       0.004964
    4   6       0.000000      -0.050512      2       0.004463
    5   6       0.000000      -0.224722      1       0.002033
    6   6       0.000000       0.152196      0       0.002745
    7   7       0.000000      -0.145954      0       0.002826
    8   6       0.000000       0.400928      0       0.001210
    9   7       0.000000      -0.740023      0       0.000670
   10   6       0.000000      -0.063383      0       0.004223
   11   7       0.000000      -0.260387      0       0.001793
   12   6       0.000000       0.571314      0       0.000862
   13   8       0.000000      -0.531583      0       0.000924
   14   6       0.000000      -0.077732      0       0.003948
   15   6       0.000000       0.376022      0       0.001285
   16   7       0.000000      -0.463138      0       0.001055
   17  17       0.000000      -0.120083      0       0.003200
   18   1       0.000000       0.184398      0       0.000000
   19   1       0.000000       0.135948      0       0.000000
   20   1       0.000000       0.135948     19       0.000000
   21   1       0.000000       0.184398     18       0.000000
   22   1       0.000000       0.355770      0       0.000000
   23   1       0.000000       0.090737      0       0.000000
   24   1       0.000000       0.117089      0       0.000000
   25   1       0.000000       0.115603      0       0.000000
   26   1       0.000000       0.144527      0       0.000000

 Sum over the calculated charges:     -0.000

        Statistics of the fitting:
  The initial sum of squares (ssvpot)                      1.224
  The residual sum of squares (chipot)                     0.010
  The std err of estimate (sqrt(chipot/N))               0.00165
  ESP relative RMS (SQRT(chipot/ssvpot))                 0.08909

 Center of Mass (Angst.):

 X  =   0.00000      Y  =   0.00000      Z  =   0.00000

 Dipole (Debye):

 X  =  -3.31148      Y  =   3.11406      Z  =  -2.50002

 Dipole Moment (Debye)=   5.18781

 Quadrupole (Debye*Angst.):

 Qxx = -21.98386     QYY =  21.66543     QZZ =   0.31843
 Qxy = -24.29632     QXZ =  48.05643     QYZ =  -1.28848
