
 -----------------------------------------------
      Restrained ESP Fit 2.3  Amber 4.1
 -----------------------------------------------
 Resp charges for organic molecule                                               
 -----------------------------------------------


 inopt       =     0   ioutopt     =     1
 nmol        =     1   iqopt       =     2
 ihfree      =     1   irstrnt     =     1
 iunits      =     0   qwt         =   0.00100000
 wtmol(1) =     1.000000
 subtitle:

Resp charges for organic molecule                                               
ich =   0  iuniq =  26
    1    6  -99
    2    6  -99
    3    6  -99
    4    6  -99
    5    6  -99
    6    6  -99
    7    6  -99
    8    1  -99
    9    6    0
   10    6  -99
   11    8  -99
   12    8  -99
   13    6    0
   14    7  -99
   15   17  -99
   16    1  -99
   17    1  -99
   18    1  -99
   19    1  -99
   20    1    0
   21    1   20
   22    1    0
   23    1   22
   24    1  -99
   25    1  -99
   26    1  -99
 new q0 values to be read  26

  ----------------------------------------------------------------------------
     ATOM                       COORDINATES                         CHARGE
                       X             Y                Z
  ----------------------------------------------------------------------------
  ----------------------------------------------------------------------------


 Charge on the molecule(ich) =    0
 Total number of atoms (iuniq)     =   26
 Weight factor on initial charge restraints(qwt)=     0.10000D-02


  there are  1 charge constraints:


     1       1
     2       1
     3       1
     4       1
     5       1
     6       1
     7       1
     8       1
     9       1
    10       1
    11       1
    12       1
    13       1
    14       1
    15       1
    16       1
    17       1
    18       1
    19       1
    20       1
    21       1
    22       1
    23       1
    24       1
    25       1
    26       1

 Reading esp"s for molecule   1
 total number of atoms      =    26
 total number of esp points =  3234


 center     X       Y       Z 
    1  -0.1988697E+01   0.1439007E+00   0.2480398E+01
    2  -0.4610801E+01  -0.1169003E+00   0.2381711E+01
    3  -0.5801578E+01  -0.1890917E+00   0.3540402E-01
    4  -0.4407894E+01  -0.1259880E-01  -0.2193853E+01
    5  -0.1790047E+01   0.2449160E+00  -0.2054200E+01
    6  -0.5341046E+00   0.3286404E+00   0.2784927E+00
    7   0.2319591E+01   0.6678462E+00   0.4273445E+00
    8   0.2863398E+01   0.4218775E+00   0.2416073E+01
    9   0.3744492E+01  -0.1350578E+01  -0.1181177E+01
   10   0.6264211E+01  -0.2304819E+01  -0.1046039E+00
   11   0.8034469E+01  -0.5552922E+00   0.3662610E+00
   12   0.6645658E+01  -0.4529458E+01   0.2730012E+00
   13   0.2981387E+01   0.3411619E+01  -0.3346931E+00
   14   0.5675579E+01   0.3997173E+01   0.9616249E-01
   15  -0.9104983E+01  -0.5156004E+00  -0.1201752E+00
   16  -0.1062502E+01   0.1894545E+00   0.4314311E+01
   17  -0.5713893E+01  -0.2696639E+00   0.4102918E+01
   18  -0.5358195E+01  -0.8169474E-01  -0.4009156E+01
   19  -0.7187705E+00   0.3636494E+00  -0.3803147E+01
   20   0.2566335E+01  -0.3029886E+01  -0.1388314E+01
   21   0.4091803E+01  -0.6040396E+00  -0.3088937E+01
   22   0.2601745E+01   0.3651527E+01  -0.2356343E+01
   23   0.1725772E+01   0.4722461E+01   0.6747777E+00
   24   0.5968265E+01   0.4464723E+01   0.1942421E+01
   25   0.7369984E+01   0.1177237E+01  -0.1234369E-01
   26   0.6221345E+01   0.5519719E+01  -0.9454375E+00
 Initial ssvpot =     1.799


 Number of unique UNfrozen centers=    4

 Non-linear optimization requested.
 qchnge =    0.5738656878E-01
 qchnge =    0.5476505217E-03
 qchnge =    0.1554455646E-04
 qchnge =    0.4405507790E-06

 Convergence in    3 iterations


Resp charges for organic molecule                                               

          Point Charges Before & After Optimization

    no.  At.no.    q(init)       q(opt)     ivary    d(rstr)/dq
    1   6      -0.211379      -0.211379    -99       0.004276
    2   6      -0.042797      -0.042797    -99       0.009193
    3   6      -0.038136      -0.038136    -99       0.009344
    4   6      -0.042797      -0.042797    -99       0.009193
    5   6      -0.211379      -0.211379    -99       0.004276
    6   6       0.047088       0.047088    -99       0.009047
    7   6       0.089574       0.089574    -99       0.007449
    8   1       0.079186       0.079186    -99       0.000000
    9   6      -0.311219      -0.345447      0       0.002781
   10   6       0.770952       0.770952    -99       0.001286
   11   8      -0.598707      -0.598707    -99       0.001647
   12   8      -0.579411      -0.579411    -99       0.001701
   13   6       0.056423       0.055074      0       0.008759
   14   7      -0.576638      -0.576638    -99       0.001709
   15  17      -0.112825      -0.112825    -99       0.006633
   16   1       0.139026       0.139026    -99       0.000000
   17   1       0.138203       0.138203    -99       0.000000
   18   1       0.138203       0.138203    -99       0.000000
   19   1       0.139026       0.139026    -99       0.000000
   20   1       0.095268       0.121094      0       0.000000
   21   1       0.112398       0.121094     20       0.000000
   22   1       0.057832       0.034758      0       0.000000
   23   1       0.010632       0.034758     22       0.000000
   24   1       0.280003       0.280003    -99       0.000000
   25   1       0.291473       0.291473    -99       0.000000
   26   1       0.280003       0.280003    -99       0.000000

 Sum over the calculated charges:     -0.000

        Statistics of the fitting:
  The initial sum of squares (ssvpot)                      1.799
  The residual sum of squares (chipot)                     0.012
  The std err of estimate (sqrt(chipot/N))               0.00193
  ESP relative RMS (SQRT(chipot/ssvpot))                 0.08183

 Center of Mass (Angst.):

 X  =   0.00000      Y  =   0.00000      Z  =   0.00000

 Dipole (Debye):

 X  =  -1.65421      Y  =   6.72320      Z  =  -0.52919

 Dipole Moment (Debye)=   6.94391

 Quadrupole (Debye*Angst.):

 Qxx = -69.08335     QYY =  15.33973     QZZ =  53.74361
 Qxy =  85.54837     QXZ =   6.49641     QYZ =  22.92918
