
 -----------------------------------------------
      Restrained ESP Fit 2.3  Amber 4.1
 -----------------------------------------------
 Resp charges for organic molecule                                               
 -----------------------------------------------


 inopt       =     0   ioutopt     =     1
 nmol        =     1   iqopt       =     0
 ihfree      =     1   irstrnt     =     1
 iunits      =     0   qwt         =   0.00050000
 wtmol(1) =     1.000000
 subtitle:

Resp charges for organic molecule                                               
ich =   0  iuniq =  26
    1    6    0
    2    6    0
    3    6    0
    4    6    2
    5    6    1
    6    6    0
    7    6    0
    8    1    0
    9    6    0
   10    6    0
   11    8    0
   12    8    0
   13    6    0
   14    7    0
   15   17    0
   16    1    0
   17    1    0
   18    1   17
   19    1   16
   20    1    0
   21    1    0
   22    1    0
   23    1    0
   24    1    0
   25    1    0
   26    1   24

  ----------------------------------------------------------------------------
     ATOM                       COORDINATES                         CHARGE
                       X             Y                Z
  ----------------------------------------------------------------------------
  ----------------------------------------------------------------------------


 Charge on the molecule(ich) =    0
 Total number of atoms (iuniq)     =   26
 Weight factor on initial charge restraints(qwt)=     0.50000D-03


  there are  1 charge constraints:


     1       1
     2       1
     3       1
     4       1
     5       1
     6       1
     7       1
     8       1
     9       1
    10       1
    11       1
    12       1
    13       1
    14       1
    15       1
    16       1
    17       1
    18       1
    19       1
    20       1
    21       1
    22       1
    23       1
    24       1
    25       1
    26       1

 Reading esp"s for molecule   1
 total number of atoms      =    26
 total number of esp points =  3234


 center     X       Y       Z 
    1  -0.1988697E+01   0.1439007E+00   0.2480398E+01
    2  -0.4610801E+01  -0.1169003E+00   0.2381711E+01
    3  -0.5801578E+01  -0.1890917E+00   0.3540402E-01
    4  -0.4407894E+01  -0.1259880E-01  -0.2193853E+01
    5  -0.1790047E+01   0.2449160E+00  -0.2054200E+01
    6  -0.5341046E+00   0.3286404E+00   0.2784927E+00
    7   0.2319591E+01   0.6678462E+00   0.4273445E+00
    8   0.2863398E+01   0.4218775E+00   0.2416073E+01
    9   0.3744492E+01  -0.1350578E+01  -0.1181177E+01
   10   0.6264211E+01  -0.2304819E+01  -0.1046039E+00
   11   0.8034469E+01  -0.5552922E+00   0.3662610E+00
   12   0.6645658E+01  -0.4529458E+01   0.2730012E+00
   13   0.2981387E+01   0.3411619E+01  -0.3346931E+00
   14   0.5675579E+01   0.3997173E+01   0.9616249E-01
   15  -0.9104983E+01  -0.5156004E+00  -0.1201752E+00
   16  -0.1062502E+01   0.1894545E+00   0.4314311E+01
   17  -0.5713893E+01  -0.2696639E+00   0.4102918E+01
   18  -0.5358195E+01  -0.8169474E-01  -0.4009156E+01
   19  -0.7187705E+00   0.3636494E+00  -0.3803147E+01
   20   0.2566335E+01  -0.3029886E+01  -0.1388314E+01
   21   0.4091803E+01  -0.6040396E+00  -0.3088937E+01
   22   0.2601745E+01   0.3651527E+01  -0.2356343E+01
   23   0.1725772E+01   0.4722461E+01   0.6747777E+00
   24   0.5968265E+01   0.4464723E+01   0.1942421E+01
   25   0.7369984E+01   0.1177237E+01  -0.1234369E-01
   26   0.6221345E+01   0.5519719E+01  -0.9454375E+00
 Initial ssvpot =     1.799


 Number of unique UNfrozen centers=   21

 Non-linear optimization requested.
 qchnge =    0.6145956083E-01
 qchnge =    0.6171550631E-02
 qchnge =    0.1270839088E-02
 qchnge =    0.3099169796E-03
 qchnge =    0.7970287532E-04
 qchnge =    0.2114872465E-04
 qchnge =    0.5745481297E-05
 qchnge =    0.1589994207E-05
 qchnge =    0.4462458432E-06

 Convergence in    8 iterations


Resp charges for organic molecule                                               

          Point Charges Before & After Optimization

    no.  At.no.    q(init)       q(opt)     ivary    d(rstr)/dq
    1   6       0.000000      -0.211379      0       0.002138
    2   6       0.000000      -0.042797      0       0.004597
    3   6       0.000000      -0.038136      0       0.004672
    4   6       0.000000      -0.042797      2       0.004597
    5   6       0.000000      -0.211379      1       0.002138
    6   6       0.000000       0.047088      0       0.004524
    7   6       0.000000       0.089574      0       0.003724
    8   1       0.000000       0.079186      0       0.000000
    9   6       0.000000      -0.311219      0       0.001530
   10   6       0.000000       0.770952      0       0.000643
   11   8       0.000000      -0.598707      0       0.000824
   12   8       0.000000      -0.579411      0       0.000850
   13   6       0.000000       0.056423      0       0.004355
   14   7       0.000000      -0.576638      0       0.000854
   15  17       0.000000      -0.112825      0       0.003316
   16   1       0.000000       0.139026      0       0.000000
   17   1       0.000000       0.138203      0       0.000000
   18   1       0.000000       0.138203     17       0.000000
   19   1       0.000000       0.139026     16       0.000000
   20   1       0.000000       0.095268      0       0.000000
   21   1       0.000000       0.112398      0       0.000000
   22   1       0.000000       0.057832      0       0.000000
   23   1       0.000000       0.010632      0       0.000000
   24   1       0.000000       0.280003      0       0.000000
   25   1       0.000000       0.291473      0       0.000000
   26   1       0.000000       0.280003     24       0.000000

 Sum over the calculated charges:     -0.000

        Statistics of the fitting:
  The initial sum of squares (ssvpot)                      1.799
  The residual sum of squares (chipot)                     0.010
  The std err of estimate (sqrt(chipot/N))               0.00172
  ESP relative RMS (SQRT(chipot/ssvpot))                 0.07287

 Center of Mass (Angst.):

 X  =   0.00000      Y  =   0.00000      Z  =   0.00000

 Dipole (Debye):

 X  =  -1.53034      Y  =   6.75421      Z  =  -0.65326

 Dipole Moment (Debye)=   6.95615

 Quadrupole (Debye*Angst.):

 Qxx = -67.89802     QYY =  13.89004     QZZ =  54.00797
 Qxy =  86.02756     QXZ =   6.14496     QYZ =  21.66230
