
 -----------------------------------------------
      Restrained ESP Fit 2.3  Amber 4.1
 -----------------------------------------------
 Resp charges for organic molecule                                               
 -----------------------------------------------


 inopt       =     0   ioutopt     =     1
 nmol        =     1   iqopt       =     0
 ihfree      =     1   irstrnt     =     1
 iunits      =     0   qwt         =   0.00050000
 wtmol(1) =     1.000000
 subtitle:

Resp charges for organic molecule                                               
ich =   0  iuniq =  24
    1    6    0
    2    6    0
    3    6    0
    4    6    0
    5    8    0
    6    7    0
    7    6    0
    8    6    0
    9    6    0
   10    6    0
   11    6    0
   12    6    0
   13    8    0
   14    6    0
   15    8    0
   16   53    0
   17    1    0
   18    1    0
   19    1    0
   20    1    0
   21    1    0
   22    1    0
   23    1    0
   24    1    0

  ----------------------------------------------------------------------------
     ATOM                       COORDINATES                         CHARGE
                       X             Y                Z
  ----------------------------------------------------------------------------
  ----------------------------------------------------------------------------


 Charge on the molecule(ich) =    0
 Total number of atoms (iuniq)     =   24
 Weight factor on initial charge restraints(qwt)=     0.50000D-03


  there are  1 charge constraints:


     1       1
     2       1
     3       1
     4       1
     5       1
     6       1
     7       1
     8       1
     9       1
    10       1
    11       1
    12       1
    13       1
    14       1
    15       1
    16       1
    17       1
    18       1
    19       1
    20       1
    21       1
    22       1
    23       1
    24       1

 Reading esp"s for molecule   1
 total number of atoms      =    24
 total number of esp points =  4164


 center     X       Y       Z 
    1  -0.7945939E+01   0.2436652E+01   0.4439401E+00
    2  -0.5150841E+01   0.2846798E+01   0.3870839E+00
    3  -0.3172572E+01   0.1024923E+01   0.1662222E+00
    4  -0.9651983E+00   0.2393191E+01   0.1918412E+00
    5  -0.1593581E+01   0.4868272E+01   0.4252375E+00
    6  -0.4219288E+01   0.5142664E+01   0.5388969E+00
    7   0.1739385E+01   0.1855036E+01  -0.3426073E-02
    8   0.3363587E+01   0.3772868E+01  -0.8660350E+00
    9   0.5977717E+01   0.3397599E+01  -0.1078814E+01
   10   0.6896500E+01   0.1049505E+01  -0.3979649E+00
   11   0.5301895E+01  -0.8599141E+00   0.4680435E+00
   12   0.2730851E+01  -0.5325626E+00   0.6966286E+00
   13   0.6695963E+01  -0.2980164E+01   0.1012154E+01
   14   0.9279694E+01  -0.2315557E+01   0.5655647E+00
   15   0.9340039E+01   0.2025295E+00  -0.4384429E+00
   16  -0.3775710E+01  -0.2878542E+01  -0.3092442E+00
   17  -0.8592881E+01   0.1508956E+01  -0.1290441E+01
   18  -0.8484120E+01   0.1224580E+01   0.2033921E+01
   19  -0.8911354E+01   0.4252125E+01   0.6300535E+00
   20   0.2569045E+01   0.5588538E+01  -0.1382017E+01
   21   0.7223255E+01   0.4878914E+01  -0.1751523E+01
   22   0.1541557E+01  -0.2035770E+01   0.1407442E+01
   23   0.1033004E+02  -0.2367324E+01   0.2352535E+01
   24   0.1010232E+02  -0.3622297E+01  -0.8124178E+00
 Initial ssvpot =     0.423


 Number of unique UNfrozen centers=   24

 Non-linear optimization requested.
 qchnge =    0.7134817864E-01
 qchnge =    0.5161312609E-02
 qchnge =    0.9814636077E-03
 qchnge =    0.2387137864E-03
 qchnge =    0.7075591903E-04
 qchnge =    0.2600895973E-04
 qchnge =    0.1107875897E-04
 qchnge =    0.5018166889E-05
 qchnge =    0.2318576744E-05
 qchnge =    0.1077711881E-05
 qchnge =    0.5018689029E-06

 Convergence in   10 iterations


Resp charges for organic molecule                                               

          Point Charges Before & After Optimization

    no.  At.no.    q(init)       q(opt)     ivary    d(rstr)/dq
    1   6       0.000000      -0.327916      0       0.001458
    2   6       0.000000       0.615467      0       0.000802
    3   6       0.000000      -0.561835      0       0.000876
    4   6       0.000000       0.631423      0       0.000782
    5   8       0.000000      -0.170640      0       0.002528
    6   7       0.000000      -0.458106      0       0.001066
    7   6       0.000000      -0.217280      0       0.002090
    8   6       0.000000      -0.112711      0       0.003318
    9   6       0.000000      -0.319816      0       0.001492
   10   6       0.000000       0.326435      0       0.001465
   11   6       0.000000       0.340863      0       0.001408
   12   6       0.000000      -0.292425      0       0.001618
   13   8       0.000000      -0.425450      0       0.001144
   14   6       0.000000       0.300929      0       0.001577
   15   8       0.000000      -0.415382      0       0.001170
   16  53       0.000000       0.033749      0       0.004737
   17   1       0.000000       0.095721      0       0.000000
   18   1       0.000000       0.097125      0       0.000000
   19   1       0.000000       0.118088      0       0.000000
   20   1       0.000000       0.164336      0       0.000000
   21   1       0.000000       0.210682      0       0.000000
   22   1       0.000000       0.202679      0       0.000000
   23   1       0.000000       0.076900      0       0.000000
   24   1       0.000000       0.087162      0       0.000000

 Sum over the calculated charges:     -0.000

        Statistics of the fitting:
  The initial sum of squares (ssvpot)                      0.423
  The residual sum of squares (chipot)                     0.010
  The std err of estimate (sqrt(chipot/N))               0.00151
  ESP relative RMS (SQRT(chipot/ssvpot))                 0.15025

 Center of Mass (Angst.):

 X  =   0.00000      Y  =   0.00000      Z  =   0.00000

 Dipole (Debye):

 X  =   1.45757      Y  =  -2.07585      Z  =  -0.18002

 Dipole Moment (Debye)=   2.54285

 Quadrupole (Debye*Angst.):

 Qxx =  43.64002     QYY = -29.65867     QZZ = -13.98134
 Qxy = -17.67126     QXZ = -17.53582     QYZ = -28.74254
