
 -----------------------------------------------
      Restrained ESP Fit 2.3  Amber 4.1
 -----------------------------------------------
 Resp charges for organic molecule                                               
 -----------------------------------------------


 inopt       =     0   ioutopt     =     1
 nmol        =     1   iqopt       =     0
 ihfree      =     1   irstrnt     =     1
 iunits      =     0   qwt         =   0.00050000
 wtmol(1) =     1.000000
 subtitle:

Resp charges for organic molecule                                               
ich =   0  iuniq =  25
    1    6    0
    2    6    0
    3    6    0
    4    7    0
    5    6    0
    6    7    0
    7    7    0
    8    7    0
    9    6    0
   10    6    0
   11    8    0
   12    6    0
   13    6    0
   14   35    0
   15    1    0
   16    1    0
   17    1   16
   18    1    0
   19    1    0
   20    1    0
   21    1    0
   22    1    0
   23    1    0
   24    1    0
   25    1    0

  ----------------------------------------------------------------------------
     ATOM                       COORDINATES                         CHARGE
                       X             Y                Z
  ----------------------------------------------------------------------------
  ----------------------------------------------------------------------------


 Charge on the molecule(ich) =    0
 Total number of atoms (iuniq)     =   25
 Weight factor on initial charge restraints(qwt)=     0.50000D-03


  there are  1 charge constraints:


     1       1
     2       1
     3       1
     4       1
     5       1
     6       1
     7       1
     8       1
     9       1
    10       1
    11       1
    12       1
    13       1
    14       1
    15       1
    16       1
    17       1
    18       1
    19       1
    20       1
    21       1
    22       1
    23       1
    24       1
    25       1

 Reading esp"s for molecule   1
 total number of atoms      =    25
 total number of esp points =  3475


 center     X       Y       Z 
    1   0.4806849E+01   0.1016765E+01   0.2100960E+00
    2   0.2194667E+01   0.1231304E+01   0.9313137E-01
    3   0.7641655E+00  -0.1035445E+01   0.1066712E+00
    4   0.1993434E+01  -0.3252045E+01   0.8811792E-01
    5   0.4529095E+01  -0.3233075E+01   0.1135234E+00
    6   0.6031739E+01  -0.1186502E+01   0.2578134E+00
    7   0.5706655E+01  -0.5528401E+01  -0.4676694E-01
    8  -0.1849989E+01  -0.1125982E+01   0.2789613E-01
    9  -0.3375871E+01   0.3162003E+00   0.1854150E+01
   10  -0.6042537E+01   0.6609014E+00   0.8125463E+00
   11  -0.7189788E+01  -0.1700806E+01   0.2528642E+00
   12  -0.5720726E+01  -0.3078311E+01  -0.1524036E+01
   13  -0.3040191E+01  -0.3561228E+01  -0.5640530E+00
   14   0.8014498E+00   0.4533146E+01  -0.3736272E+00
   15   0.5963446E+01   0.2716583E+01   0.2336986E+00
   16   0.7551653E+01  -0.5572486E+01   0.4356234E+00
   17   0.4654083E+01  -0.7070742E+01   0.3400467E+00
   18  -0.3470962E+01  -0.7306134E+00   0.3653190E+01
   19  -0.2522238E+01   0.2152385E+01   0.2218578E+01
   20  -0.5963234E+01   0.1852572E+01  -0.8938858E+00
   21  -0.7248747E+01   0.1582116E+01   0.2216528E+01
   22  -0.5635921E+01  -0.2049519E+01  -0.3333913E+01
   23  -0.6702724E+01  -0.4872509E+01  -0.1828202E+01
   24  -0.1923140E+01  -0.4525474E+01  -0.2004653E+01
   25  -0.3100264E+01  -0.4788178E+01   0.1115445E+01
 Initial ssvpot =     0.353


 Number of unique UNfrozen centers=   24

 Non-linear optimization requested.
 qchnge =    0.1008119162    
 qchnge =    0.3947678019E-02
 qchnge =    0.6819467822E-03
 qchnge =    0.1441715548E-03
 qchnge =    0.3352630219E-04
 qchnge =    0.8091926440E-05
 qchnge =    0.1975703635E-05
 qchnge =    0.4835129972E-06

 Convergence in    7 iterations


Resp charges for organic molecule                                               

          Point Charges Before & After Optimization

    no.  At.no.    q(init)       q(opt)     ivary    d(rstr)/dq
    1   6       0.000000       0.602167      0       0.000819
    2   6       0.000000      -0.717239      0       0.000690
    3   6       0.000000       0.959968      0       0.000518
    4   7       0.000000      -0.886289      0       0.000561
    5   6       0.000000       1.082844      0       0.000460
    6   7       0.000000      -0.831940      0       0.000597
    7   7       0.000000      -0.974843      0       0.000510
    8   7       0.000000      -0.378297      0       0.001278
    9   6       0.000000       0.051315      0       0.004449
   10   6       0.000000       0.100938      0       0.003519
   11   8       0.000000      -0.417946      0       0.001163
   12   6       0.000000       0.088774      0       0.003739
   13   6       0.000000      -0.088258      0       0.003749
   14  35       0.000000      -0.027822      0       0.004817
   15   1       0.000000       0.066508      0       0.000000
   16   1       0.000000       0.407214      0       0.000000
   17   1       0.000000       0.407214     16       0.000000
   18   1       0.000000       0.067548      0       0.000000
   19   1       0.000000       0.027075      0       0.000000
   20   1       0.000000       0.053500      0       0.000000
   21   1       0.000000       0.072837      0       0.000000
   22   1       0.000000       0.048925      0       0.000000
   23   1       0.000000       0.080938      0       0.000000
   24   1       0.000000       0.114243      0       0.000000
   25   1       0.000000       0.090628      0       0.000000

 Sum over the calculated charges:     -0.000

        Statistics of the fitting:
  The initial sum of squares (ssvpot)                      0.353
  The residual sum of squares (chipot)                     0.008
  The std err of estimate (sqrt(chipot/N))               0.00155
  ESP relative RMS (SQRT(chipot/ssvpot))                 0.15434

 Center of Mass (Angst.):

 X  =   0.00000      Y  =   0.00000      Z  =   0.00000

 Dipole (Debye):

 X  =   0.42830      Y  =  -1.43002      Z  =   0.85584

 Dipole Moment (Debye)=   1.72071

 Quadrupole (Debye*Angst.):

 Qxx = -20.78339     QYY =  23.10446     QZZ =  -2.32107
 Qxy = -33.14982     QXZ =  -4.73446     QYZ = -15.07623
