
 -----------------------------------------------
      Restrained ESP Fit 2.3  Amber 4.1
 -----------------------------------------------
 Resp charges for organic molecule                                               
 -----------------------------------------------


 inopt       =     0   ioutopt     =     1
 nmol        =     1   iqopt       =     2
 ihfree      =     1   irstrnt     =     1
 iunits      =     0   qwt         =   0.00100000
 wtmol(1) =     1.000000
 subtitle:

Resp charges for organic molecule                                               
ich =   0  iuniq =  25
    1    6  -99
    2    6  -99
    3    6  -99
    4    7  -99
    5    6  -99
    6    7  -99
    7    7  -99
    8    7  -99
    9    6    0
   10    6    0
   11    8  -99
   12    6   10
   13    6    9
   14   35  -99
   15    1  -99
   16    1  -99
   17    1  -99
   18    1    0
   19    1   18
   20    1    0
   21    1   20
   22    1   20
   23    1   20
   24    1   18
   25    1   18
 new q0 values to be read  25

  ----------------------------------------------------------------------------
     ATOM                       COORDINATES                         CHARGE
                       X             Y                Z
  ----------------------------------------------------------------------------
  ----------------------------------------------------------------------------


 Charge on the molecule(ich) =    0
 Total number of atoms (iuniq)     =   25
 Weight factor on initial charge restraints(qwt)=     0.10000D-02


  there are  1 charge constraints:


     1       1
     2       1
     3       1
     4       1
     5       1
     6       1
     7       1
     8       1
     9       1
    10       1
    11       1
    12       1
    13       1
    14       1
    15       1
    16       1
    17       1
    18       1
    19       1
    20       1
    21       1
    22       1
    23       1
    24       1
    25       1

 Reading esp"s for molecule   1
 total number of atoms      =    25
 total number of esp points =  3475


 center     X       Y       Z 
    1   0.4806849E+01   0.1016765E+01   0.2100960E+00
    2   0.2194667E+01   0.1231304E+01   0.9313137E-01
    3   0.7641655E+00  -0.1035445E+01   0.1066712E+00
    4   0.1993434E+01  -0.3252045E+01   0.8811792E-01
    5   0.4529095E+01  -0.3233075E+01   0.1135234E+00
    6   0.6031739E+01  -0.1186502E+01   0.2578134E+00
    7   0.5706655E+01  -0.5528401E+01  -0.4676694E-01
    8  -0.1849989E+01  -0.1125982E+01   0.2789613E-01
    9  -0.3375871E+01   0.3162003E+00   0.1854150E+01
   10  -0.6042537E+01   0.6609014E+00   0.8125463E+00
   11  -0.7189788E+01  -0.1700806E+01   0.2528642E+00
   12  -0.5720726E+01  -0.3078311E+01  -0.1524036E+01
   13  -0.3040191E+01  -0.3561228E+01  -0.5640530E+00
   14   0.8014498E+00   0.4533146E+01  -0.3736272E+00
   15   0.5963446E+01   0.2716583E+01   0.2336986E+00
   16   0.7551653E+01  -0.5572486E+01   0.4356234E+00
   17   0.4654083E+01  -0.7070742E+01   0.3400467E+00
   18  -0.3470962E+01  -0.7306134E+00   0.3653190E+01
   19  -0.2522238E+01   0.2152385E+01   0.2218578E+01
   20  -0.5963234E+01   0.1852572E+01  -0.8938858E+00
   21  -0.7248747E+01   0.1582116E+01   0.2216528E+01
   22  -0.5635921E+01  -0.2049519E+01  -0.3333913E+01
   23  -0.6702724E+01  -0.4872509E+01  -0.1828202E+01
   24  -0.1923140E+01  -0.4525474E+01  -0.2004653E+01
   25  -0.3100264E+01  -0.4788178E+01   0.1115445E+01
 Initial ssvpot =     0.353


 Number of unique UNfrozen centers=    4

 Non-linear optimization requested.
 qchnge =    0.9928612849E-01
 qchnge =    0.5197741755E-03
 qchnge =    0.1665341404E-04
 qchnge =    0.5645009304E-06

 Convergence in    3 iterations


Resp charges for organic molecule                                               

          Point Charges Before & After Optimization

    no.  At.no.    q(init)       q(opt)     ivary    d(rstr)/dq
    1   6       0.602167       0.602167    -99       0.001638
    2   6      -0.717239      -0.717239    -99       0.001381
    3   6       0.959968       0.959968    -99       0.001036
    4   7      -0.886289      -0.886289    -99       0.001121
    5   6       1.082844       1.082844    -99       0.000920
    6   7      -0.831940      -0.831940    -99       0.001193
    7   7      -0.974843      -0.974843    -99       0.001020
    8   7      -0.378297      -0.378297    -99       0.002556
    9   6       0.051315      -0.083017      0       0.007694
   10   6       0.100938       0.136370      0       0.005913
   11   8      -0.417946      -0.417946    -99       0.002327
   12   6       0.088774       0.136370     10       0.005913
   13   6      -0.088258      -0.083017      9       0.007694
   14  35      -0.027822      -0.027822    -99       0.009634
   15   1       0.066508       0.066508    -99       0.000000
   16   1       0.407214       0.407214    -99       0.000000
   17   1       0.407214       0.407214    -99       0.000000
   18   1       0.067548       0.099101      0       0.000000
   19   1       0.027075       0.099101     18       0.000000
   20   1       0.053500       0.051338      0       0.000000
   21   1       0.072837       0.051338     20       0.000000
   22   1       0.048925       0.051338     20       0.000000
   23   1       0.080938       0.051338     20       0.000000
   24   1       0.114243       0.099101     18       0.000000
   25   1       0.090628       0.099101     18       0.000000

 Sum over the calculated charges:     -0.000

        Statistics of the fitting:
  The initial sum of squares (ssvpot)                      0.353
  The residual sum of squares (chipot)                     0.011
  The std err of estimate (sqrt(chipot/N))               0.00175
  ESP relative RMS (SQRT(chipot/ssvpot))                 0.17407

 Center of Mass (Angst.):

 X  =   0.00000      Y  =   0.00000      Z  =   0.00000

 Dipole (Debye):

 X  =   0.46991      Y  =  -1.23442      Z  =   0.90526

 Dipole Moment (Debye)=   1.60128

 Quadrupole (Debye*Angst.):

 Qxx = -21.68991     QYY =  23.11536     QZZ =  -1.42545
 Qxy = -33.49811     QXZ =  -3.85143     QYZ = -15.34051
