
 -----------------------------------------------
      Restrained ESP Fit 2.3  Amber 4.1
 -----------------------------------------------
 Resp charges for organic molecule                                               
 -----------------------------------------------


 inopt       =     0   ioutopt     =     1
 nmol        =     1   iqopt       =     2
 ihfree      =     1   irstrnt     =     1
 iunits      =     0   qwt         =   0.00100000
 wtmol(1) =     1.000000
 subtitle:

Resp charges for organic molecule                                               
ich =   0  iuniq =  27
    1    6    0
    2    6  -99
    3    6  -99
    4    6  -99
    5    6  -99
    6    6  -99
    7    6  -99
    8    7  -99
    9    8  -99
   10    8  -99
   11    7  -99
   12    6  -99
   13    8  -99
   14    6  -99
   15    1  -99
   16    6    0
   17   35  -99
   18    1    0
   19    1   18
   20    1   18
   21    1  -99
   22    1  -99
   23    1  -99
   24    1  -99
   25    1    0
   26    1   25
   27    1   25
 new q0 values to be read  27

  ----------------------------------------------------------------------------
     ATOM                       COORDINATES                         CHARGE
                       X             Y                Z
  ----------------------------------------------------------------------------
  ----------------------------------------------------------------------------


 Charge on the molecule(ich) =    0
 Total number of atoms (iuniq)     =   27
 Weight factor on initial charge restraints(qwt)=     0.10000D-02


  there are  1 charge constraints:


     1       1
     2       1
     3       1
     4       1
     5       1
     6       1
     7       1
     8       1
     9       1
    10       1
    11       1
    12       1
    13       1
    14       1
    15       1
    16       1
    17       1
    18       1
    19       1
    20       1
    21       1
    22       1
    23       1
    24       1
    25       1
    26       1
    27       1

 Reading esp"s for molecule   1
 total number of atoms      =    27
 total number of esp points =  3884


 center     X       Y       Z 
    1  -0.9292656E+01   0.2284815E+01  -0.1188638E+00
    2  -0.6488939E+01   0.1762572E+01  -0.1098479E+00
    3  -0.4807024E+01   0.3804194E+01  -0.2983235E+00
    4  -0.2190852E+01   0.3548548E+01  -0.3050226E+00
    5  -0.1121477E+01   0.1129895E+01  -0.1071720E+00
    6  -0.2723972E+01  -0.9537523E+00   0.9175187E-01
    7  -0.5338569E+01  -0.6307093E+00   0.8548554E-01
    8  -0.6834939E+01  -0.2975073E+01   0.2994668E+00
    9  -0.5684145E+01  -0.4971406E+01   0.6334229E+00
   10  -0.9150501E+01  -0.2829256E+01   0.1297826E+00
   11   0.1499713E+01   0.6618425E+00  -0.9017583E-01
   12   0.3421825E+01   0.2364694E+01  -0.2942681E+00
   13   0.3171603E+01   0.4655107E+01  -0.5154133E+00
   14   0.6147341E+01   0.1365310E+01  -0.1516316E+00
   15   0.7126905E+01   0.2067338E+01  -0.1822015E+01
   16   0.7451439E+01   0.2247292E+01   0.2264653E+01
   17   0.6470690E+01  -0.2394152E+01  -0.4440006E+00
   18  -0.1022205E+02   0.1536353E+01   0.1568556E+01
   19  -0.9610787E+01   0.4326254E+01  -0.2027128E+00
   20  -0.1023150E+02   0.1399352E+01  -0.1733298E+01
   21  -0.5598077E+01   0.5692773E+01  -0.4477366E+00
   22  -0.9764365E+00   0.5183815E+01  -0.4607020E+00
   23  -0.1984207E+01  -0.2856026E+01   0.2570821E+00
   24   0.2025303E+01  -0.1177398E+01   0.2930965E-01
   25   0.6550081E+01   0.1429810E+01   0.3936267E+01
   26   0.9443637E+01   0.1704404E+01   0.2256369E+01
   27   0.7311193E+01   0.4308590E+01   0.2370952E+01
 Initial ssvpot =     0.635


 Number of unique UNfrozen centers=    4

 Non-linear optimization requested.
 qchnge =    0.5630304981E-01
 qchnge =    0.3276384197E-03
 qchnge =    0.6487289464E-05
 qchnge =    0.1464935587E-06

 Convergence in    3 iterations


Resp charges for organic molecule                                               

          Point Charges Before & After Optimization

    no.  At.no.    q(init)       q(opt)     ivary    d(rstr)/dq
    1   6      -0.301105      -0.304649      0       0.003119
    2   6       0.161599       0.161599    -99       0.005262
    3   6      -0.304356      -0.304356    -99       0.003121
    4   6      -0.096224      -0.096224    -99       0.007206
    5   6       0.190579       0.190579    -99       0.004646
    6   6      -0.348658      -0.348658    -99       0.002757
    7   6       0.016093       0.016093    -99       0.009873
    8   7       0.720127       0.720127    -99       0.001375
    9   8      -0.444451      -0.444451    -99       0.002195
   10   8      -0.444451      -0.444451    -99       0.002195
   11   7      -0.326356      -0.326356    -99       0.002930
   12   6       0.568044       0.568044    -99       0.001734
   13   8      -0.536102      -0.536102    -99       0.001834
   14   6      -0.129380      -0.129380    -99       0.006115
   15   1       0.155381       0.155381    -99       0.000000
   16   6      -0.099935      -0.090833      0       0.007402
   17  35      -0.145680      -0.145680    -99       0.005659
   18   1       0.125486       0.109923      0       0.000000
   19   1       0.076594       0.109923     18       0.000000
   20   1       0.124029       0.109923     18       0.000000
   21   1       0.195661       0.195661    -99       0.000000
   22   1       0.177449       0.177449    -99       0.000000
   23   1       0.242309       0.242309    -99       0.000000
   24   1       0.216675       0.216675    -99       0.000000
   25   1       0.062766       0.065818      0       0.000000
   26   1       0.064108       0.065818     25       0.000000
   27   1       0.079801       0.065818     25       0.000000

 Sum over the calculated charges:     -0.000

        Statistics of the fitting:
  The initial sum of squares (ssvpot)                      0.635
  The residual sum of squares (chipot)                     0.011
  The std err of estimate (sqrt(chipot/N))               0.00169
  ESP relative RMS (SQRT(chipot/ssvpot))                 0.13211

 Center of Mass (Angst.):

 X  =   0.00000      Y  =   0.00000      Z  =   0.00000

 Dipole (Debye):

 X  =   2.90451      Y  =   3.17045      Z  =   0.30660

 Dipole Moment (Debye)=   4.31067

 Quadrupole (Debye*Angst.):

 Qxx =   3.87047     QYY = -20.32474     QZZ =  16.45427
 Qxy = -39.50923     QXZ =  17.61425     QYZ =  12.69428
