
 -----------------------------------------------
      Restrained ESP Fit 2.3  Amber 4.1
 -----------------------------------------------
 Resp charges for organic molecule                                               
 -----------------------------------------------


 inopt       =     0   ioutopt     =     1
 nmol        =     1   iqopt       =     2
 ihfree      =     1   irstrnt     =     1
 iunits      =     0   qwt         =   0.00100000
 wtmol(1) =     1.000000
 subtitle:

Resp charges for organic molecule                                               
ich =   0  iuniq =  19
    1    7  -99
    2    6  -99
    3    7  -99
    4    6  -99
    5    6  -99
    6    6  -99
    7    6  -99
    8    7  -99
    9    6  -99
   10    7  -99
   11    6    0
   12   35  -99
   13    1    0
   14    1   13
   15    1   13
   16    1  -99
   17    1  -99
   18    1  -99
   19    1  -99
 new q0 values to be read  19

  ----------------------------------------------------------------------------
     ATOM                       COORDINATES                         CHARGE
                       X             Y                Z
  ----------------------------------------------------------------------------
  ----------------------------------------------------------------------------


 Charge on the molecule(ich) =    0
 Total number of atoms (iuniq)     =   19
 Weight factor on initial charge restraints(qwt)=     0.10000D-02


  there are  1 charge constraints:


     1       1
     2       1
     3       1
     4       1
     5       1
     6       1
     7       1
     8       1
     9       1
    10       1
    11       1
    12       1
    13       1
    14       1
    15       1
    16       1
    17       1
    18       1
    19       1

 Reading esp"s for molecule   1
 total number of atoms      =    19
 total number of esp points =  3301


 center     X       Y       Z 
    1   0.1155738E+01  -0.3509514E+01   0.3477096E-03
    2   0.1811325E+01  -0.1080504E+01   0.2437746E-03
    3  -0.2652098E+00   0.5108591E+00   0.3420404E-03
    4  -0.2337500E+01  -0.1055926E+01   0.8503767E-04
    5  -0.1416368E+01  -0.3502979E+01   0.2475541E-03
    6   0.1990070E-01   0.3117967E+01   0.3590479E-03
    7   0.2437489E+01   0.4010581E+01   0.2494438E-03
    8   0.4569284E+01   0.2553266E+01   0.9637602E-04
    9   0.4271518E+01   0.6807738E-01   0.9448630E-04
   10   0.6298018E+01  -0.1493554E+01   0.6103815E-03
   11   0.8881045E+01  -0.5824098E+00  -0.9184068E-03
   12  -0.5641987E+01   0.2022668E+00  -0.2437746E-03
   13   0.9266816E+01   0.5744484E+00   0.1673171E+01
   14   0.1014908E+02  -0.2210821E+01  -0.4125272E-02
   15   0.9263155E+01   0.5783941E+00  -0.1673071E+01
   16   0.5927702E+01  -0.3365277E+01  -0.2154288E-03
   17  -0.2514881E+01  -0.5225863E+01   0.2135390E-03
   18  -0.1678001E+01   0.4253390E+01   0.3968425E-03
   19   0.2746371E+01   0.6040165E+01   0.1946418E-03
 Initial ssvpot =     0.244


 Number of unique UNfrozen centers=    2

 Non-linear optimization requested.
 qchnge =    0.8413835830E-01
 qchnge =    0.3650068242E-03
 qchnge =    0.7544629806E-05
 qchnge =    0.1589542625E-06

 Convergence in    3 iterations


Resp charges for organic molecule                                               

          Point Charges Before & After Optimization

    no.  At.no.    q(init)       q(opt)     ivary    d(rstr)/dq
    1   7      -0.623973      -0.623973    -99       0.001582
    2   6       0.108813       0.108813    -99       0.006767
    3   7       0.594562       0.594562    -99       0.001659
    4   6      -0.509834      -0.509834    -99       0.001925
    5   6       0.317211       0.317211    -99       0.003007
    6   6      -0.590515      -0.590515    -99       0.001670
    7   6       0.185341       0.185341    -99       0.004748
    8   7      -0.567889      -0.567889    -99       0.001734
    9   6       0.526547       0.526547    -99       0.001866
   10   7      -0.399893      -0.399893    -99       0.002426
   11   6      -0.249261      -0.242238      0       0.003816
   12  35       0.039239       0.039239    -99       0.009309
   13   1       0.110686       0.117220      0       0.000000
   14   1       0.137160       0.117220     13       0.000000
   15   1       0.110838       0.117220     13       0.000000
   16   1       0.313734       0.313734    -99       0.000000
   17   1       0.115414       0.115414    -99       0.000000
   18   1       0.250527       0.250527    -99       0.000000
   19   1       0.131294       0.131294    -99       0.000000

 Sum over the calculated charges:     -0.000

        Statistics of the fitting:
  The initial sum of squares (ssvpot)                      0.244
  The residual sum of squares (chipot)                     0.009
  The std err of estimate (sqrt(chipot/N))               0.00163
  ESP relative RMS (SQRT(chipot/ssvpot))                 0.18985

 Center of Mass (Angst.):

 X  =   0.00000      Y  =   0.00000      Z  =   0.00000

 Dipole (Debye):

 X  =   0.34369      Y  =   0.28751      Z  =  -0.00138

 Dipole Moment (Debye)=   0.44809

 Quadrupole (Debye*Angst.):

 Qxx =  14.21759     QYY =   1.99229     QZZ = -16.20988
 Qxy = -30.57733     QXZ = -18.87557     QYZ = -18.85318
