
 -----------------------------------------------
      Restrained ESP Fit 2.3  Amber 4.1
 -----------------------------------------------
 Resp charges for organic molecule                                               
 -----------------------------------------------


 inopt       =     0   ioutopt     =     1
 nmol        =     1   iqopt       =     2
 ihfree      =     1   irstrnt     =     1
 iunits      =     0   qwt         =   0.00100000
 wtmol(1) =     1.000000
 subtitle:

Resp charges for organic molecule                                               
ich =   0  iuniq =  27
    1    6    0
    2    6    0
    3    7  -99
    4    6  -99
    5    8  -99
    6    7  -99
    7    6    0
    8    6  -99
    9    6  -99
   10    6  -99
   11    6  -99
   12    6  -99
   13    6  -99
   14   17  -99
   15    1    0
   16    1   15
   17    1   15
   18    1    0
   19    1   18
   20    1  -99
   21    1  -99
   22    1    0
   23    1   22
   24    1  -99
   25    1  -99
   26    1  -99
   27    1  -99
 new q0 values to be read  27

  ----------------------------------------------------------------------------
     ATOM                       COORDINATES                         CHARGE
                       X             Y                Z
  ----------------------------------------------------------------------------
  ----------------------------------------------------------------------------


 Charge on the molecule(ich) =    0
 Total number of atoms (iuniq)     =   27
 Weight factor on initial charge restraints(qwt)=     0.10000D-02


  there are  1 charge constraints:


     1       1
     2       1
     3       1
     4       1
     5       1
     6       1
     7       1
     8       1
     9       1
    10       1
    11       1
    12       1
    13       1
    14       1
    15       1
    16       1
    17       1
    18       1
    19       1
    20       1
    21       1
    22       1
    23       1
    24       1
    25       1
    26       1
    27       1

 Reading esp"s for molecule   1
 total number of atoms      =    27
 total number of esp points =  3400


 center     X       Y       Z 
    1  -0.9772064E+01   0.1216912E+01   0.2158634E+00
    2  -0.7454381E+01   0.1993548E+01  -0.1332691E+01
    3  -0.5615952E+01  -0.3415113E-01  -0.1698754E+01
    4  -0.3922933E+01  -0.6045498E+00   0.2051052E+00
    5  -0.3663744E+01   0.7046902E+00   0.2105143E+01
    6  -0.2537583E+01  -0.2793686E+01  -0.2263306E+00
    7  -0.4274182E+00  -0.3419335E+01   0.1445181E+01
    8   0.2098454E+01  -0.2323469E+01   0.6290992E+00
    9   0.4022072E+01  -0.3890575E+01  -0.2810060E+00
   10   0.6332203E+01  -0.2873925E+01  -0.1053033E+01
   11   0.6752582E+01  -0.2771869E+00  -0.9300097E+00
   12   0.4823253E+01   0.1273836E+01  -0.1750075E-01
   13   0.2512498E+01   0.2926203E+00   0.7635343E+00
   14   0.5339529E+01   0.4558148E+01   0.1587899E+00
   15  -0.1079188E+02  -0.3478664E+00  -0.6839750E+00
   16  -0.9198640E+01   0.6233299E+00   0.2111757E+01
   17  -0.1108686E+02   0.2807324E+01   0.4013683E+00
   18  -0.8019307E+01   0.2668208E+01  -0.3207865E+01
   19  -0.6454629E+01   0.3532104E+01  -0.3880590E+00
   20  -0.6183302E+01  -0.1492483E+01  -0.2800187E+01
   21  -0.2306628E+01  -0.3293800E+01  -0.2059833E+01
   22  -0.9520874E+00  -0.2708550E+01   0.3310721E+01
   23  -0.2860781E+00  -0.5481789E+01   0.1563784E+01
   24   0.3716645E+01  -0.5920806E+01  -0.3785405E+00
   25   0.7816472E+01  -0.4107416E+01  -0.1754414E+01
   26   0.8537540E+01   0.5384434E+00  -0.1521983E+01
   27   0.1035848E+01   0.1524875E+01   0.1474975E+01
 Initial ssvpot =     0.881


 Number of unique UNfrozen centers=    6

 Non-linear optimization requested.
 qchnge =    0.6686777582E-01
 qchnge =    0.3065225560E-02
 qchnge =    0.5584427496E-03
 qchnge =    0.1220558237E-03
 qchnge =    0.2765383815E-04
 qchnge =    0.6315577212E-05
 qchnge =    0.1444964491E-05
 qchnge =    0.3307356858E-06

 Convergence in    7 iterations


Resp charges for organic molecule                                               

          Point Charges Before & After Optimization

    no.  At.no.    q(init)       q(opt)     ivary    d(rstr)/dq
    1   6      -0.239870      -0.209056      0       0.004315
    2   6       0.283713       0.297076      0       0.003190
    3   7      -0.859672      -0.859672    -99       0.001155
    4   6       0.955340       0.955340    -99       0.001041
    5   8      -0.574227      -0.574227    -99       0.001716
    6   7      -0.767339      -0.767339    -99       0.001292
    7   6       0.110112       0.107340      0       0.006816
    8   6      -0.025578      -0.025578    -99       0.009688
    9   6      -0.151754      -0.151754    -99       0.005502
   10   6      -0.209548      -0.209548    -99       0.004307
   11   6      -0.041480      -0.041480    -99       0.009237
   12   6      -0.052893      -0.052893    -99       0.008840
   13   6       0.001103       0.001103    -99       0.009999
   14  17      -0.117425      -0.117425    -99       0.006484
   15   1       0.063411       0.053172      0       0.000000
   16   1       0.075345       0.053172     15       0.000000
   17   1       0.049105       0.053172     15       0.000000
   18   1       0.021579       0.017217      0       0.000000
   19   1       0.030476       0.017217     18       0.000000
   20   1       0.389952       0.389952    -99       0.000000
   21   1       0.375952       0.375952    -99       0.000000
   22   1       0.070189       0.070885      0       0.000000
   23   1       0.067021       0.070885     22       0.000000
   24   1       0.142388       0.142388    -99       0.000000
   25   1       0.160152       0.160152    -99       0.000000
   26   1       0.129981       0.129981    -99       0.000000
   27   1       0.113967       0.113967    -99       0.000000

 Sum over the calculated charges:     -0.000

        Statistics of the fitting:
  The initial sum of squares (ssvpot)                      0.881
  The residual sum of squares (chipot)                     0.013
  The std err of estimate (sqrt(chipot/N))               0.00192
  ESP relative RMS (SQRT(chipot/ssvpot))                 0.11939

 Center of Mass (Angst.):

 X  =   0.00000      Y  =   0.00000      Z  =   0.00000

 Dipole (Debye):

 X  =  -1.25999      Y  =  -3.97625      Z  =  -3.16680

 Dipole Moment (Debye)=   5.23706

 Quadrupole (Debye*Angst.):

 Qxx =  19.47570     QYY =  -2.99433     QZZ = -16.48137
 Qxy = -41.62101     QXZ = -10.48269     QYZ = -23.52537
