
 -----------------------------------------------
      Restrained ESP Fit 2.3  Amber 4.1
 -----------------------------------------------
 Resp charges for organic molecule                                               
 -----------------------------------------------


 inopt       =     0   ioutopt     =     1
 nmol        =     1   iqopt       =     0
 ihfree      =     1   irstrnt     =     1
 iunits      =     0   qwt         =   0.00050000
 wtmol(1) =     1.000000
 subtitle:

Resp charges for organic molecule                                               
ich =   0  iuniq =  14
    1    6    0
    2    6    0
    3    6    0
    4    6    2
    5    6    1
    6    6    0
    7    7    0
    8   35    0
    9    1    0
   10    1    0
   11    1   10
   12    1    9
   13    1    0
   14    1   13

  ----------------------------------------------------------------------------
     ATOM                       COORDINATES                         CHARGE
                       X             Y                Z
  ----------------------------------------------------------------------------
  ----------------------------------------------------------------------------


 Charge on the molecule(ich) =    0
 Total number of atoms (iuniq)     =   14
 Weight factor on initial charge restraints(qwt)=     0.50000D-03


  there are  1 charge constraints:


     1       1
     2       1
     3       1
     4       1
     5       1
     6       1
     7       1
     8       1
     9       1
    10       1
    11       1
    12       1
    13       1
    14       1

 Reading esp"s for molecule   1
 total number of atoms      =    14
 total number of esp points =  2781


 center     X       Y       Z 
    1  -0.3324226E+01  -0.2283628E+01  -0.5480205E-04
    2  -0.6943175E+00  -0.2283592E+01  -0.2456644E-04
    3   0.6161716E+00   0.5669178E-05  -0.2267671E-04
    4  -0.6943175E+00   0.2283596E+01  -0.3968425E-04
    5  -0.3324232E+01   0.2283630E+01  -0.7558904E-05
    6  -0.4690188E+01   0.1889726E-05  -0.3779452E-05
    7  -0.7292454E+01  -0.5669178E-05  -0.1700753E-04
    8   0.4236431E+01  -0.1889726E-05   0.1700753E-04
    9  -0.4336039E+01  -0.4072552E+01  -0.1303911E-03
   10   0.3312198E+00  -0.4058990E+01  -0.3212534E-04
   11   0.3312123E+00   0.4058999E+01  -0.7558904E-04
   12  -0.4336039E+01   0.4072556E+01   0.5669178E-05
   13  -0.8275796E+01  -0.1627287E+01   0.5782562E-03
   14  -0.8275807E+01   0.1627268E+01   0.7936849E-04
 Initial ssvpot =     0.464


 Number of unique UNfrozen centers=    9

 Non-linear optimization requested.
 qchnge =    0.1168493020    
 qchnge =    0.1087523856E-01
 qchnge =    0.1980685415E-02
 qchnge =    0.4452413532E-03
 qchnge =    0.1042052333E-03
 qchnge =    0.2461949095E-04
 qchnge =    0.5829843308E-05
 qchnge =    0.1381258482E-05
 qchnge =    0.3273043172E-06

 Convergence in    8 iterations


Resp charges for organic molecule                                               

          Point Charges Before & After Optimization

    no.  At.no.    q(init)       q(opt)     ivary    d(rstr)/dq
    1   6       0.000000      -0.354821      0       0.001356
    2   6       0.000000      -0.020915      0       0.004894
    3   6       0.000000      -0.140709      0       0.002896
    4   6       0.000000      -0.020915      2       0.004894
    5   6       0.000000      -0.354821      1       0.001356
    6   6       0.000000       0.571463      0       0.000862
    7   7       0.000000      -1.108752      0       0.000449
    8  35       0.000000      -0.109193      0       0.003377
    9   1       0.000000       0.172379      0       0.000000
   10   1       0.000000       0.144492      0       0.000000
   11   1       0.000000       0.144492     10       0.000000
   12   1       0.000000       0.172379      9       0.000000
   13   1       0.000000       0.452460      0       0.000000
   14   1       0.000000       0.452460     13       0.000000

 Sum over the calculated charges:     -0.000

        Statistics of the fitting:
  The initial sum of squares (ssvpot)                      0.464
  The residual sum of squares (chipot)                     0.005
  The std err of estimate (sqrt(chipot/N))               0.00134
  ESP relative RMS (SQRT(chipot/ssvpot))                 0.10409

 Center of Mass (Angst.):

 X  =   0.00000      Y  =   0.00000      Z  =   0.00000

 Dipole (Debye):

 X  =  -4.17891      Y  =  -0.00000      Z  =   0.00077

 Dipole Moment (Debye)=   4.17891

 Quadrupole (Debye*Angst.):

 Qxx =  20.83412     QYY =   7.65340     QZZ = -28.48751
 Qxy = -28.48746     QXZ = -28.49793     QYZ = -28.48886
