
 -----------------------------------------------
      Restrained ESP Fit 2.3  Amber 4.1
 -----------------------------------------------
 Resp charges for organic molecule                                               
 -----------------------------------------------


 inopt       =     0   ioutopt     =     1
 nmol        =     1   iqopt       =     2
 ihfree      =     1   irstrnt     =     1
 iunits      =     0   qwt         =   0.00100000
 wtmol(1) =     1.000000
 subtitle:

Resp charges for organic molecule                                               
ich =   0  iuniq =  23
    1    6  -99
    2    6  -99
    3    6  -99
    4    6  -99
    5    6  -99
    6    6  -99
    7    6  -99
    8   17  -99
    9    6  -99
   10    8  -99
   11    7  -99
   12    6  -99
   13    8  -99
   14    7  -99
   15    1  -99
   16    1  -99
   17    1  -99
   18    1  -99
   19    1  -99
   20    1  -99
   21    1  -99
   22    1  -99
   23    1  -99
 new q0 values to be read  23

  ----------------------------------------------------------------------------
     ATOM                       COORDINATES                         CHARGE
                       X             Y                Z
  ----------------------------------------------------------------------------
  ----------------------------------------------------------------------------


 Charge on the molecule(ich) =    0
 Total number of atoms (iuniq)     =   23
 Weight factor on initial charge restraints(qwt)=     0.10000D-02


  there are  1 charge constraints:


     1       1
     2       1
     3       1
     4       1
     5       1
     6       1
     7       1
     8       1
     9       1
    10       1
    11       1
    12       1
    13       1
    14       1
    15       1
    16       1
    17       1
    18       1
    19       1
    20       1
    21       1
    22       1
    23       1

 Reading esp"s for molecule   1
 total number of atoms      =    23
 total number of esp points =  3111


 center     X       Y       Z 
    1  -0.4818421E+01  -0.3050390E+01  -0.1706149E+01
    2  -0.6816831E+01  -0.2838291E+01   0.8380935E-02
    3  -0.6758316E+01  -0.9623165E+00   0.1858315E+01
    4  -0.4709991E+01   0.6946028E+00   0.1987674E+01
    5  -0.2698310E+01   0.4869011E+00   0.2807396E+00
    6  -0.2768008E+01  -0.1404473E+01  -0.1575548E+01
    7  -0.4998892E+00   0.2289103E+01   0.5270824E+00
    8  -0.3936866E-01   0.4178222E+01  -0.2353697E+01
    9   0.2009657E+01   0.1013568E+01   0.1234344E+01
   10   0.2900334E+01   0.1487999E+01   0.3344900E+01
   11   0.2971035E+01  -0.5859209E+00  -0.5597633E+00
   12   0.5166125E+01  -0.1644579E+01  -0.1878709E+00
   13   0.6025597E+01  -0.3091565E+01  -0.2097169E+01
   14   0.6612888E+01  -0.1468465E+01   0.1908799E+01
   15  -0.8781330E+00   0.3667680E+01   0.2007212E+01
   16  -0.8412438E+01  -0.4126704E+01  -0.1037176E+00
   17  -0.8306160E+01  -0.7775259E+00   0.3195202E+01
   18  -0.4674233E+01   0.2162345E+01   0.3425321E+01
   19  -0.1207684E+01  -0.1571770E+01  -0.2892415E+01
   20  -0.4858554E+01  -0.4506371E+01  -0.3154157E+01
   21   0.8483205E+01  -0.1852515E+01   0.1867089E+01
   22   0.7494929E+01  -0.4053339E+01  -0.1564326E+01
   23   0.5897332E+01  -0.2670995E+00   0.3245742E+01
 Initial ssvpot =     1.400


 Number of unique UNfrozen centers=    0
 ALL charges are frozen!!!

 Non-linear optimization requested.
 qchnge =    0.9176677020E-01
 qchnge =     0.000000000    
 qchnge =     0.000000000    

 Convergence in    2 iterations


Resp charges for organic molecule                                               

          Point Charges Before & After Optimization

    no.  At.no.    q(init)       q(opt)     ivary    d(rstr)/dq
    1   6      -0.213641      -0.213641    -99       0.004239
    2   6      -0.095523      -0.095523    -99       0.007231
    3   6      -0.213641      -0.213641    -99       0.004239
    4   6      -0.088693      -0.088693    -99       0.007481
    5   6       0.141595       0.141595    -99       0.005769
    6   6      -0.088693      -0.088693    -99       0.007481
    7   6      -0.375363      -0.375363    -99       0.002574
    8  17      -0.142776      -0.142776    -99       0.005737
    9   6       0.818542       0.818542    -99       0.001213
   10   8      -0.609626      -0.609626    -99       0.001619
   11   7      -0.648697      -0.648697    -99       0.001524
   12   6       0.853067       0.853067    -99       0.001164
   13   8      -0.603449      -0.603449    -99       0.001635
   14   7      -0.944725      -0.944725    -99       0.001053
   15   1       0.199575       0.199575    -99       0.000000
   16   1       0.137394       0.137394    -99       0.000000
   17   1       0.156297       0.156297    -99       0.000000
   18   1       0.127077       0.127077    -99       0.000000
   19   1       0.127077       0.127077    -99       0.000000
   20   1       0.156297       0.156297    -99       0.000000
   21   1       0.427803       0.427803    -99       0.000000
   22   1       0.452299       0.452299    -99       0.000000
   23   1       0.427803       0.427803    -99       0.000000

 Sum over the calculated charges:     -0.000

        Statistics of the fitting:
  The initial sum of squares (ssvpot)                      1.400
  The residual sum of squares (chipot)                     0.009
  The std err of estimate (sqrt(chipot/N))               0.00169
  ESP relative RMS (SQRT(chipot/ssvpot))                 0.07984

 Center of Mass (Angst.):

 X  =   0.00000      Y  =   0.00000      Z  =   0.00000

 Dipole (Debye):

 X  =   3.75632      Y  =  -3.47925      Z  =   1.74016

 Dipole Moment (Debye)=   5.40771

 Quadrupole (Debye*Angst.):

 Qxx =  75.00664     QYY = -26.72011     QZZ = -48.28653
 Qxy = -70.12681     QXZ = -46.06687     QYZ = -33.59835
