
 -----------------------------------------------
      Restrained ESP Fit 2.3  Amber 4.1
 -----------------------------------------------
 Resp charges for organic molecule                                               
 -----------------------------------------------


 inopt       =     0   ioutopt     =     1
 nmol        =     1   iqopt       =     0
 ihfree      =     1   irstrnt     =     1
 iunits      =     0   qwt         =   0.00050000
 wtmol(1) =     1.000000
 subtitle:

Resp charges for organic molecule                                               
ich =   0  iuniq =  23
    1    6    0
    2    6    0
    3    6    1
    4    6    0
    5    6    0
    6    6    4
    7    6    0
    8   17    0
    9    6    0
   10    8    0
   11    7    0
   12    6    0
   13    8    0
   14    7    0
   15    1    0
   16    1    0
   17    1    0
   18    1    0
   19    1   18
   20    1   17
   21    1    0
   22    1    0
   23    1   21

  ----------------------------------------------------------------------------
     ATOM                       COORDINATES                         CHARGE
                       X             Y                Z
  ----------------------------------------------------------------------------
  ----------------------------------------------------------------------------


 Charge on the molecule(ich) =    0
 Total number of atoms (iuniq)     =   23
 Weight factor on initial charge restraints(qwt)=     0.50000D-03


  there are  1 charge constraints:


     1       1
     2       1
     3       1
     4       1
     5       1
     6       1
     7       1
     8       1
     9       1
    10       1
    11       1
    12       1
    13       1
    14       1
    15       1
    16       1
    17       1
    18       1
    19       1
    20       1
    21       1
    22       1
    23       1

 Reading esp"s for molecule   1
 total number of atoms      =    23
 total number of esp points =  3111


 center     X       Y       Z 
    1  -0.4818421E+01  -0.3050390E+01  -0.1706149E+01
    2  -0.6816831E+01  -0.2838291E+01   0.8380935E-02
    3  -0.6758316E+01  -0.9623165E+00   0.1858315E+01
    4  -0.4709991E+01   0.6946028E+00   0.1987674E+01
    5  -0.2698310E+01   0.4869011E+00   0.2807396E+00
    6  -0.2768008E+01  -0.1404473E+01  -0.1575548E+01
    7  -0.4998892E+00   0.2289103E+01   0.5270824E+00
    8  -0.3936866E-01   0.4178222E+01  -0.2353697E+01
    9   0.2009657E+01   0.1013568E+01   0.1234344E+01
   10   0.2900334E+01   0.1487999E+01   0.3344900E+01
   11   0.2971035E+01  -0.5859209E+00  -0.5597633E+00
   12   0.5166125E+01  -0.1644579E+01  -0.1878709E+00
   13   0.6025597E+01  -0.3091565E+01  -0.2097169E+01
   14   0.6612888E+01  -0.1468465E+01   0.1908799E+01
   15  -0.8781330E+00   0.3667680E+01   0.2007212E+01
   16  -0.8412438E+01  -0.4126704E+01  -0.1037176E+00
   17  -0.8306160E+01  -0.7775259E+00   0.3195202E+01
   18  -0.4674233E+01   0.2162345E+01   0.3425321E+01
   19  -0.1207684E+01  -0.1571770E+01  -0.2892415E+01
   20  -0.4858554E+01  -0.4506371E+01  -0.3154157E+01
   21   0.8483205E+01  -0.1852515E+01   0.1867089E+01
   22   0.7494929E+01  -0.4053339E+01  -0.1564326E+01
   23   0.5897332E+01  -0.2670995E+00   0.3245742E+01
 Initial ssvpot =     1.400


 Number of unique UNfrozen centers=   18

 Non-linear optimization requested.
 qchnge =    0.9360423392E-01
 qchnge =    0.4114501926E-02
 qchnge =    0.1202248531E-02
 qchnge =    0.4235326313E-03
 qchnge =    0.1534178817E-03
 qchnge =    0.5574092742E-04
 qchnge =    0.2024751398E-04
 qchnge =    0.7352195609E-05
 qchnge =    0.2669212029E-05
 qchnge =    0.9689813616E-06

 Convergence in    9 iterations


Resp charges for organic molecule                                               

          Point Charges Before & After Optimization

    no.  At.no.    q(init)       q(opt)     ivary    d(rstr)/dq
    1   6       0.000000      -0.213641      0       0.002120
    2   6       0.000000      -0.095523      0       0.003615
    3   6       0.000000      -0.213641      1       0.002120
    4   6       0.000000      -0.088693      0       0.003741
    5   6       0.000000       0.141595      0       0.002884
    6   6       0.000000      -0.088693      4       0.003741
    7   6       0.000000      -0.375363      0       0.001287
    8  17       0.000000      -0.142776      0       0.002868
    9   6       0.000000       0.818542      0       0.000606
   10   8       0.000000      -0.609626      0       0.000809
   11   7       0.000000      -0.648697      0       0.000762
   12   6       0.000000       0.853067      0       0.000582
   13   8       0.000000      -0.603449      0       0.000817
   14   7       0.000000      -0.944725      0       0.000526
   15   1       0.000000       0.199575      0       0.000000
   16   1       0.000000       0.137394      0       0.000000
   17   1       0.000000       0.156297      0       0.000000
   18   1       0.000000       0.127077      0       0.000000
   19   1       0.000000       0.127077     18       0.000000
   20   1       0.000000       0.156297     17       0.000000
   21   1       0.000000       0.427803      0       0.000000
   22   1       0.000000       0.452299      0       0.000000
   23   1       0.000000       0.427803     21       0.000000

 Sum over the calculated charges:     -0.000

        Statistics of the fitting:
  The initial sum of squares (ssvpot)                      1.400
  The residual sum of squares (chipot)                     0.009
  The std err of estimate (sqrt(chipot/N))               0.00169
  ESP relative RMS (SQRT(chipot/ssvpot))                 0.07984

 Center of Mass (Angst.):

 X  =   0.00000      Y  =   0.00000      Z  =   0.00000

 Dipole (Debye):

 X  =   3.75627      Y  =  -3.47926      Z  =   1.74016

 Dipole Moment (Debye)=   5.40768

 Quadrupole (Debye*Angst.):

 Qxx =  75.00675     QYY = -26.72014     QZZ = -48.28661
 Qxy = -70.12682     QXZ = -46.06706     QYZ = -33.59838
