
 -----------------------------------------------
      Restrained ESP Fit 2.3  Amber 4.1
 -----------------------------------------------
 Resp charges for organic molecule                                               
 -----------------------------------------------


 inopt       =     0   ioutopt     =     1
 nmol        =     1   iqopt       =     0
 ihfree      =     1   irstrnt     =     1
 iunits      =     0   qwt         =   0.00050000
 wtmol(1) =     1.000000
 subtitle:

Resp charges for organic molecule                                               
ich =   0  iuniq =  23
    1    6    0
    2    6    0
    3    6    0
    4    6    2
    5    6    1
    6    6    0
    7    6    0
    8    6    0
    9    1    0
   10    6    0
   11    8    0
   12    8    0
   13    7    0
   14   17    0
   15    1    0
   16    1    0
   17    1   16
   18    1   15
   19    1    0
   20    1    0
   21    1    0
   22    1   21
   23    1    0

  ----------------------------------------------------------------------------
     ATOM                       COORDINATES                         CHARGE
                       X             Y                Z
  ----------------------------------------------------------------------------
  ----------------------------------------------------------------------------


 Charge on the molecule(ich) =    0
 Total number of atoms (iuniq)     =   23
 Weight factor on initial charge restraints(qwt)=     0.50000D-03


  there are  1 charge constraints:


     1       1
     2       1
     3       1
     4       1
     5       1
     6       1
     7       1
     8       1
     9       1
    10       1
    11       1
    12       1
    13       1
    14       1
    15       1
    16       1
    17       1
    18       1
    19       1
    20       1
    21       1
    22       1
    23       1

 Reading esp"s for molecule   1
 total number of atoms      =    23
 total number of esp points =  3030


 center     X       Y       Z 
    1  -0.1544033E+01  -0.2384492E+01  -0.4056202E+00
    2  -0.4108689E+01  -0.2159658E+01  -0.9619159E+00
    3  -0.5443921E+01  -0.8227300E-01  -0.4018691E-01
    4  -0.4250542E+01   0.1749255E+01   0.1426429E+01
    5  -0.1680187E+01   0.1489641E+01   0.1959296E+01
    6  -0.2819150E+00  -0.5689247E+00   0.1056283E+01
    7   0.2518436E+01  -0.8070491E+00   0.1570513E+01
    8   0.4164599E+01   0.1497778E+00  -0.6400729E+00
    9   0.3613538E+01  -0.8730799E+00  -0.2360039E+01
   10   0.6978083E+01  -0.5190284E+00  -0.2117400E+00
   11   0.7662879E+01  -0.2430046E+01   0.8349565E+00
   12   0.8582484E+01   0.1190544E+01  -0.1175162E+01
   13   0.3967644E+01   0.2861057E+01  -0.1235766E+01
   14  -0.8681541E+01   0.2204063E+00  -0.7266469E+00
   15  -0.5104055E+00  -0.4015313E+01  -0.1111074E+01
   16  -0.5066983E+01  -0.3582013E+01  -0.2085105E+01
   17  -0.5315576E+01   0.3345357E+01   0.2148309E+01
   18  -0.7609870E+00   0.2907823E+01   0.3129562E+01
   19   0.3027437E+01   0.2515641E+00   0.3281256E+01
   20   0.3042292E+01  -0.2775675E+01   0.1924924E+01
   21   0.2380270E+01   0.3231439E+01  -0.2254375E+01
   22   0.3838952E+01   0.3897297E+01   0.3841907E+00
   23   0.7490235E+01   0.2550822E+01  -0.1850561E+01
 Initial ssvpot =     1.152


 Number of unique UNfrozen centers=   18

 Non-linear optimization requested.
 qchnge =    0.7539585260E-01
 qchnge =    0.6756284091E-02
 qchnge =    0.2000035752E-02
 qchnge =    0.6912041968E-03
 qchnge =    0.2486669357E-03
 qchnge =    0.9060478300E-04
 qchnge =    0.3315842809E-04
 qchnge =    0.1215410062E-04
 qchnge =    0.4457607326E-05
 qchnge =    0.1635205483E-05
 qchnge =    0.5998965615E-06

 Convergence in   10 iterations


Resp charges for organic molecule                                               

          Point Charges Before & After Optimization

    no.  At.no.    q(init)       q(opt)     ivary    d(rstr)/dq
    1   6       0.000000      -0.207849      0       0.002168
    2   6       0.000000      -0.074631      0       0.004007
    3   6       0.000000      -0.018443      0       0.004917
    4   6       0.000000      -0.074631      2       0.004007
    5   6       0.000000      -0.207849      1       0.002168
    6   6       0.000000       0.118337      0       0.003227
    7   6       0.000000      -0.219566      0       0.002072
    8   6       0.000000       0.357673      0       0.001346
    9   1       0.000000       0.024866      0       0.000000
   10   6       0.000000       0.658928      0       0.000750
   11   8       0.000000      -0.564260      0       0.000873
   12   8       0.000000      -0.561865      0       0.000876
   13   7       0.000000      -0.934443      0       0.000532
   14  17       0.000000      -0.112596      0       0.003320
   15   1       0.000000       0.144347      0       0.000000
   16   1       0.000000       0.144609      0       0.000000
   17   1       0.000000       0.144609     16       0.000000
   18   1       0.000000       0.144347     15       0.000000
   19   1       0.000000       0.079629      0       0.000000
   20   1       0.000000       0.078882      0       0.000000
   21   1       0.000000       0.351864      0       0.000000
   22   1       0.000000       0.351864     21       0.000000
   23   1       0.000000       0.376178      0       0.000000

 Sum over the calculated charges:     -0.000

        Statistics of the fitting:
  The initial sum of squares (ssvpot)                      1.152
  The residual sum of squares (chipot)                     0.010
  The std err of estimate (sqrt(chipot/N))               0.00185
  ESP relative RMS (SQRT(chipot/ssvpot))                 0.09508

 Center of Mass (Angst.):

 X  =   0.00000      Y  =   0.00000      Z  =   0.00000

 Dipole (Debye):

 X  =  -2.76650      Y  =   2.78761      Z  =  -0.55582

 Dipole Moment (Debye)=   3.96652

 Quadrupole (Debye*Angst.):

 Qxx = -84.30448     QYY =  45.85583     QZZ =  38.44865
 Qxy =  52.39740     QXZ =  16.31404     QYZ =  42.26998
