
 -----------------------------------------------
      Restrained ESP Fit 2.3  Amber 4.1
 -----------------------------------------------
 Resp charges for organic molecule                                               
 -----------------------------------------------


 inopt       =     0   ioutopt     =     1
 nmol        =     1   iqopt       =     0
 ihfree      =     1   irstrnt     =     1
 iunits      =     0   qwt         =   0.00050000
 wtmol(1) =     1.000000
 subtitle:

Resp charges for organic molecule                                               
ich =   0  iuniq =  23
    1    6    0
    2    6    0
    3    7    0
    4    6    0
    5    7    3
    6    6    2
    7    7    0
    8    6    0
    9    7    0
   10    6    0
   11    6    0
   12    1    0
   13   16    0
   14    6    0
   15   53    0
   16    1    0
   17    1    0
   18    1   17
   19    1    0
   20    1    0
   21    1    0
   22    1    0
   23    1    0

  ----------------------------------------------------------------------------
     ATOM                       COORDINATES                         CHARGE
                       X             Y                Z
  ----------------------------------------------------------------------------
  ----------------------------------------------------------------------------


 Charge on the molecule(ich) =    0
 Total number of atoms (iuniq)     =   23
 Weight factor on initial charge restraints(qwt)=     0.50000D-03


  there are  1 charge constraints:


     1       1
     2       1
     3       1
     4       1
     5       1
     6       1
     7       1
     8       1
     9       1
    10       1
    11       1
    12       1
    13       1
    14       1
    15       1
    16       1
    17       1
    18       1
    19       1
    20       1
    21       1
    22       1
    23       1

 Reading esp"s for molecule   1
 total number of atoms      =    23
 total number of esp points =  4409


 center     X       Y       Z 
    1   0.1156462E+02  -0.5145459E+00  -0.1083491E+01
    2   0.1040118E+02  -0.2795371E+01  -0.4524779E+00
    3   0.7958963E+01  -0.2957057E+01   0.1409943E+00
    4   0.6663818E+01  -0.7651501E+00   0.9887046E-01
    5   0.7562534E+01   0.1526553E+01  -0.4525062E+00
    6   0.1001658E+02   0.1614784E+01  -0.1041473E+01
    7   0.4137224E+01  -0.1062045E+01   0.7587306E+00
    8   0.2187105E+01   0.6685340E+00   0.7624326E+00
    9   0.2155558E+01   0.2845631E+01  -0.2497386E+00
   10  -0.1663601E+00   0.4186478E+01   0.3209208E+00
   11  -0.2338192E+01   0.2301917E+01   0.1024347E+01
   12  -0.3566323E+01   0.3116706E+01   0.2468428E+01
   13  -0.6317789E+00  -0.3810935E+00   0.2432331E+01
   14  -0.3870267E+01   0.1589740E+01  -0.1304975E+01
   15  -0.7117509E+01  -0.8966485E+00  -0.4943825E+00
   16   0.1355170E+02  -0.4066785E+00  -0.1569907E+01
   17   0.1145826E+02  -0.4560693E+01  -0.4200747E+00
   18   0.1076142E+02   0.3479403E+01  -0.1492995E+01
   19   0.3706344E+01  -0.2867478E+01   0.1216823E+01
   20  -0.7207547E+00   0.5354779E+01  -0.1298537E+01
   21   0.1631023E+00   0.5474049E+01   0.1917607E+01
   22  -0.4721535E+01   0.3262175E+01  -0.2160945E+01
   23  -0.2746609E+01   0.5777195E+00  -0.2702682E+01
 Initial ssvpot =     0.555


 Number of unique UNfrozen centers=   20

 Non-linear optimization requested.
 qchnge =    0.1097625975    
 qchnge =    0.3008207387E-02
 qchnge =    0.4371960990E-03
 qchnge =    0.7546713040E-04
 qchnge =    0.1421537203E-04
 qchnge =    0.2807654966E-05
 qchnge =    0.5677356702E-06

 Convergence in    6 iterations


Resp charges for organic molecule                                               

          Point Charges Before & After Optimization

    no.  At.no.    q(init)       q(opt)     ivary    d(rstr)/dq
    1   6       0.000000      -0.666785      0       0.000742
    2   6       0.000000       0.485910      0       0.001008
    3   7       0.000000      -0.824816      0       0.000602
    4   6       0.000000       1.242768      0       0.000401
    5   7       0.000000      -0.824816      3       0.000602
    6   6       0.000000       0.485910      2       0.001008
    7   7       0.000000      -0.900826      0       0.000552
    8   6       0.000000       0.698945      0       0.000708
    9   7       0.000000      -0.484057      0       0.001012
   10   6       0.000000      -0.040118      0       0.004640
   11   6       0.000000      -0.043695      0       0.004582
   12   1       0.000000       0.185378      0       0.000000
   13  16       0.000000      -0.216048      0       0.002100
   14   6       0.000000      -0.519049      0       0.000946
   15  53       0.000000      -0.088425      0       0.003746
   16   1       0.000000       0.214249      0       0.000000
   17   1       0.000000       0.087007      0       0.000000
   18   1       0.000000       0.087007     17       0.000000
   19   1       0.000000       0.418157      0       0.000000
   20   1       0.000000       0.127374      0       0.000000
   21   1       0.000000       0.085951      0       0.000000
   22   1       0.000000       0.240359      0       0.000000
   23   1       0.000000       0.249622      0       0.000000

 Sum over the calculated charges:     -0.000

        Statistics of the fitting:
  The initial sum of squares (ssvpot)                      0.555
  The residual sum of squares (chipot)                     0.014
  The std err of estimate (sqrt(chipot/N))               0.00176
  ESP relative RMS (SQRT(chipot/ssvpot))                 0.15727

 Center of Mass (Angst.):

 X  =   0.00000      Y  =   0.00000      Z  =   0.00000

 Dipole (Debye):

 X  =   2.94418      Y  =   0.99452      Z  =  -0.62640

 Dipole Moment (Debye)=   3.17012

 Quadrupole (Debye*Angst.):

 Qxx =  33.29372     QYY = -10.07431     QZZ = -23.21942
 Qxy = -66.15578     QXZ = -43.82718     QYZ = -34.33054
