
 -----------------------------------------------
      Restrained ESP Fit 2.3  Amber 4.1
 -----------------------------------------------
 Resp charges for organic molecule                                               
 -----------------------------------------------


 inopt       =     0   ioutopt     =     1
 nmol        =     1   iqopt       =     2
 ihfree      =     1   irstrnt     =     1
 iunits      =     0   qwt         =   0.00100000
 wtmol(1) =     1.000000
 subtitle:

Resp charges for organic molecule                                               
ich =   0  iuniq =  23
    1    6  -99
    2    6  -99
    3    7  -99
    4    6  -99
    5    7  -99
    6    6  -99
    7    7  -99
    8    6  -99
    9    7  -99
   10    6    0
   11    6  -99
   12    1  -99
   13   16  -99
   14    6    0
   15   53  -99
   16    1  -99
   17    1  -99
   18    1  -99
   19    1  -99
   20    1    0
   21    1   20
   22    1    0
   23    1   22
 new q0 values to be read  23

  ----------------------------------------------------------------------------
     ATOM                       COORDINATES                         CHARGE
                       X             Y                Z
  ----------------------------------------------------------------------------
  ----------------------------------------------------------------------------


 Charge on the molecule(ich) =    0
 Total number of atoms (iuniq)     =   23
 Weight factor on initial charge restraints(qwt)=     0.10000D-02


  there are  1 charge constraints:


     1       1
     2       1
     3       1
     4       1
     5       1
     6       1
     7       1
     8       1
     9       1
    10       1
    11       1
    12       1
    13       1
    14       1
    15       1
    16       1
    17       1
    18       1
    19       1
    20       1
    21       1
    22       1
    23       1

 Reading esp"s for molecule   1
 total number of atoms      =    23
 total number of esp points =  4409


 center     X       Y       Z 
    1   0.1156462E+02  -0.5145459E+00  -0.1083491E+01
    2   0.1040118E+02  -0.2795371E+01  -0.4524779E+00
    3   0.7958963E+01  -0.2957057E+01   0.1409943E+00
    4   0.6663818E+01  -0.7651501E+00   0.9887046E-01
    5   0.7562534E+01   0.1526553E+01  -0.4525062E+00
    6   0.1001658E+02   0.1614784E+01  -0.1041473E+01
    7   0.4137224E+01  -0.1062045E+01   0.7587306E+00
    8   0.2187105E+01   0.6685340E+00   0.7624326E+00
    9   0.2155558E+01   0.2845631E+01  -0.2497386E+00
   10  -0.1663601E+00   0.4186478E+01   0.3209208E+00
   11  -0.2338192E+01   0.2301917E+01   0.1024347E+01
   12  -0.3566323E+01   0.3116706E+01   0.2468428E+01
   13  -0.6317789E+00  -0.3810935E+00   0.2432331E+01
   14  -0.3870267E+01   0.1589740E+01  -0.1304975E+01
   15  -0.7117509E+01  -0.8966485E+00  -0.4943825E+00
   16   0.1355170E+02  -0.4066785E+00  -0.1569907E+01
   17   0.1145826E+02  -0.4560693E+01  -0.4200747E+00
   18   0.1076142E+02   0.3479403E+01  -0.1492995E+01
   19   0.3706344E+01  -0.2867478E+01   0.1216823E+01
   20  -0.7207547E+00   0.5354779E+01  -0.1298537E+01
   21   0.1631023E+00   0.5474049E+01   0.1917607E+01
   22  -0.4721535E+01   0.3262175E+01  -0.2160945E+01
   23  -0.2746609E+01   0.5777195E+00  -0.2702682E+01
 Initial ssvpot =     0.555


 Number of unique UNfrozen centers=    4

 Non-linear optimization requested.
 qchnge =    0.1079819214    
 qchnge =    0.1934305121E-03
 qchnge =    0.1856260663E-05
 qchnge =    0.2026613834E-07

 Convergence in    3 iterations


Resp charges for organic molecule                                               

          Point Charges Before & After Optimization

    no.  At.no.    q(init)       q(opt)     ivary    d(rstr)/dq
    1   6      -0.666785      -0.666785    -99       0.001483
    2   6       0.485910       0.485910    -99       0.002016
    3   7      -0.824816      -0.824816    -99       0.001204
    4   6       1.242768       1.242768    -99       0.000802
    5   7      -0.824816      -0.824816    -99       0.001204
    6   6       0.485910       0.485910    -99       0.002016
    7   7      -0.900826      -0.900826    -99       0.001103
    8   6       0.698945       0.698945    -99       0.001416
    9   7      -0.484057      -0.484057    -99       0.002023
   10   6      -0.040118      -0.039727      0       0.009294
   11   6      -0.043695      -0.043695    -99       0.009163
   12   1       0.185378       0.185378    -99       0.000000
   13  16      -0.216048      -0.216048    -99       0.004200
   14   6      -0.519049      -0.559357      0       0.001760
   15  53      -0.088425      -0.088425    -99       0.007491
   16   1       0.214249       0.214249    -99       0.000000
   17   1       0.087007       0.087007    -99       0.000000
   18   1       0.087007       0.087007    -99       0.000000
   19   1       0.418157       0.418157    -99       0.000000
   20   1       0.127374       0.104072      0       0.000000
   21   1       0.085951       0.104072     20       0.000000
   22   1       0.240359       0.267538      0       0.000000
   23   1       0.249622       0.267538     22       0.000000

 Sum over the calculated charges:     -0.000

        Statistics of the fitting:
  The initial sum of squares (ssvpot)                      0.555
  The residual sum of squares (chipot)                     0.015
  The std err of estimate (sqrt(chipot/N))               0.00182
  ESP relative RMS (SQRT(chipot/ssvpot))                 0.16229

 Center of Mass (Angst.):

 X  =   0.00000      Y  =   0.00000      Z  =   0.00000

 Dipole (Debye):

 X  =   2.93949      Y  =   1.02245      Z  =  -0.59952

 Dipole Moment (Debye)=   3.16946

 Quadrupole (Debye*Angst.):

 Qxx =  33.23997     QYY = -10.33288     QZZ = -22.90709
 Qxy = -67.09338     QXZ = -43.61964     QYZ = -34.01704
