
 -----------------------------------------------
      Restrained ESP Fit 2.3  Amber 4.1
 -----------------------------------------------
 Resp charges for organic molecule                                               
 -----------------------------------------------


 inopt       =     0   ioutopt     =     1
 nmol        =     1   iqopt       =     0
 ihfree      =     1   irstrnt     =     1
 iunits      =     0   qwt         =   0.00050000
 wtmol(1) =     1.000000
 subtitle:

Resp charges for organic molecule                                               
ich =   0  iuniq =  20
    1    6    0
    2    6    0
    3    6    0
    4    6    0
    5    6    0
    6    6    0
    7    8    0
    8    6    0
    9    6    0
   10    6    0
   11   17    0
   12    1    0
   13    1    0
   14    1    0
   15    1    0
   16    1    0
   17    1    0
   18    1    0
   19    1    0
   20    1    0

  ----------------------------------------------------------------------------
     ATOM                       COORDINATES                         CHARGE
                       X             Y                Z
  ----------------------------------------------------------------------------
  ----------------------------------------------------------------------------


 Charge on the molecule(ich) =    0
 Total number of atoms (iuniq)     =   20
 Weight factor on initial charge restraints(qwt)=     0.50000D-03


  there are  1 charge constraints:


     1       1
     2       1
     3       1
     4       1
     5       1
     6       1
     7       1
     8       1
     9       1
    10       1
    11       1
    12       1
    13       1
    14       1
    15       1
    16       1
    17       1
    18       1
    19       1
    20       1

 Reading esp"s for molecule   1
 total number of atoms      =    20
 total number of esp points =  2646


 center     X       Y       Z 
    1   0.1036001E+01  -0.4049590E+01  -0.9619272E-01
    2  -0.1535582E+01  -0.3459508E+01  -0.9967738E-01
    3  -0.2303385E+01  -0.9409286E+00  -0.4384164E-03
    4  -0.5111709E+00   0.9867261E+00   0.8017162E-01
    5   0.2063082E+01   0.3870367E+00   0.8510759E-01
    6   0.2852150E+01  -0.2128935E+01   0.8413060E-02
    7   0.5397723E+01  -0.2592740E+01   0.3341791E-01
    8   0.3667476E+01   0.2745759E+01   0.2247678E+00
    9   0.1770269E+01   0.4869607E+01  -0.4648915E+00
   10  -0.8776360E+00   0.3817456E+01   0.2184126E+00
   11  -0.5556941E+01  -0.2153456E+00   0.1357768E-01
   12   0.1624580E+01  -0.6018877E+01  -0.1767309E+00
   13  -0.2935873E+01  -0.4954504E+01  -0.1816669E+00
   14   0.5674299E+01  -0.4402332E+01  -0.5536897E-01
   15   0.4421063E+01   0.2992440E+01   0.2145776E+01
   16   0.5302297E+01   0.2679671E+01  -0.1042596E+01
   17   0.2187568E+01   0.6656235E+01   0.4885282E+00
   18   0.1855074E+01   0.5223454E+01  -0.2504208E+01
   19  -0.2367235E+01   0.4495223E+01  -0.1047430E+01
   20  -0.1442764E+01   0.4365745E+01   0.2141481E+01
 Initial ssvpot =     0.364


 Number of unique UNfrozen centers=   20

 Non-linear optimization requested.
 qchnge =    0.5259398631E-01
 qchnge =    0.6727133386E-02
 qchnge =    0.1441991514E-02
 qchnge =    0.3624422382E-03
 qchnge =    0.9352311281E-04
 qchnge =    0.2430273676E-04
 qchnge =    0.6328854604E-05
 qchnge =    0.1649403161E-05
 qchnge =    0.4299998820E-06

 Convergence in    8 iterations


Resp charges for organic molecule                                               

          Point Charges Before & After Optimization

    no.  At.no.    q(init)       q(opt)     ivary    d(rstr)/dq
    1   6       0.000000      -0.373679      0       0.001293
    2   6       0.000000      -0.061242      0       0.004264
    3   6       0.000000      -0.122076      0       0.003168
    4   6       0.000000       0.100415      0       0.003528
    5   6       0.000000      -0.034233      0       0.004730
    6   6       0.000000       0.294274      0       0.001609
    7   8       0.000000      -0.604076      0       0.000817
    8   6       0.000000      -0.064959      0       0.004193
    9   6       0.000000      -0.107425      0       0.003407
   10   6       0.000000      -0.003412      0       0.004997
   11  17       0.000000      -0.119200      0       0.003214
   12   1       0.000000       0.184937      0       0.000000
   13   1       0.000000       0.162497      0       0.000000
   14   1       0.000000       0.447993      0       0.000000
   15   1       0.000000       0.062673      0       0.000000
   16   1       0.000000       0.068248      0       0.000000
   17   1       0.000000       0.040442      0       0.000000
   18   1       0.000000       0.050904      0       0.000000
   19   1       0.000000       0.038035      0       0.000000
   20   1       0.000000       0.039885      0       0.000000

 Sum over the calculated charges:     -0.000

        Statistics of the fitting:
  The initial sum of squares (ssvpot)                      0.364
  The residual sum of squares (chipot)                     0.008
  The std err of estimate (sqrt(chipot/N))               0.00170
  ESP relative RMS (SQRT(chipot/ssvpot))                 0.14479

 Center of Mass (Angst.):

 X  =   0.00000      Y  =   0.00000      Z  =   0.00000

 Dipole (Debye):

 X  =   1.83385      Y  =  -1.17710      Z  =  -0.05927

 Dipole Moment (Debye)=   2.17993

 Quadrupole (Debye*Angst.):

 Qxx = -21.40708     QYY =  33.98224     QZZ = -12.57515
 Qxy = -26.50790     QXZ = -16.81056     QYZ = -14.53870
